[2025/01/16 14:19:19] - Namespace(model='ResNet18', batch_size=128, data_dir='CIFAR10', epochs=110, lr_schedule='multistep', milestone1=100, milestone2=105, lr_min=0.0, lr_max=0.1, weight_decay=0.0005, momentum=0.9, seed=0, inner_gamma=0.15, outer_gamma=0.15, beta=0.6, lamda=0.65, batch_m=0.75, eta=0.75, epsilon=8, alpha=8, delta_init='random', out_dir='TDAT_CIFAR10', out_path='ETA', log='test.log')
[2025/01/16 14:19:22] - Epoch 	 Seconds 	 LR 	 Inner Loss 	 Train Loss 	 Train Acc 	 Test Loss 	 Test Acc 	 PGD Loss 	 PGD Acc
[2025/01/16 14:20:15] - 0 	 35.9 	 	 0.1000 	 2.2258 	 	 2.2435 	 0.1899 	 1.9919 	 	 0.3103 	 2.0234 	 0.2407
[2025/01/16 14:21:08] - 1 	 35.2 	 	 0.1000 	 1.9772 	 	 1.9838 	 0.2595 	 1.8535 	 	 0.3855 	 1.9147 	 0.2613
[2025/01/16 14:22:01] - 2 	 35.0 	 	 0.1000 	 1.8996 	 	 1.9176 	 0.2974 	 1.7472 	 	 0.4150 	 1.8143 	 0.2808
[2025/01/16 14:22:54] - 3 	 35.0 	 	 0.1000 	 1.8529 	 	 1.8750 	 0.3237 	 1.6598 	 	 0.4550 	 1.7517 	 0.2937
[2025/01/16 14:23:47] - 4 	 35.4 	 	 0.1000 	 1.8082 	 	 1.8337 	 0.3506 	 1.6165 	 	 0.4864 	 1.7177 	 0.3123
[2025/01/16 14:24:40] - 5 	 35.2 	 	 0.1000 	 1.7830 	 	 1.8055 	 0.3750 	 1.5512 	 	 0.5039 	 1.6694 	 0.3411
[2025/01/16 14:25:33] - 6 	 35.2 	 	 0.1000 	 1.7515 	 	 1.7731 	 0.3980 	 1.5005 	 	 0.5440 	 1.6328 	 0.3474
[2025/01/16 14:26:25] - 7 	 35.0 	 	 0.1000 	 1.7319 	 	 1.7474 	 0.4205 	 1.4538 	 	 0.5786 	 1.6065 	 0.3522
[2025/01/16 14:27:18] - 8 	 35.0 	 	 0.1000 	 1.7208 	 	 1.7281 	 0.4409 	 1.3771 	 	 0.6016 	 1.5587 	 0.3698
[2025/01/16 14:28:11] - 9 	 35.0 	 	 0.1000 	 1.7163 	 	 1.7146 	 0.4564 	 1.3483 	 	 0.6306 	 1.5301 	 0.3772
[2025/01/16 14:29:04] - 10 	 35.1 	 	 0.1000 	 1.7170 	 	 1.7047 	 0.4710 	 1.3279 	 	 0.6370 	 1.5137 	 0.3823
[2025/01/16 14:29:56] - 11 	 35.3 	 	 0.1000 	 1.7217 	 	 1.6985 	 0.4831 	 1.3251 	 	 0.6553 	 1.5256 	 0.4001
[2025/01/16 14:30:49] - 12 	 35.0 	 	 0.1000 	 1.7317 	 	 1.6960 	 0.4924 	 1.2845 	 	 0.6719 	 1.4875 	 0.4130
[2025/01/16 14:31:42] - 13 	 35.0 	 	 0.1000 	 1.7449 	 	 1.6971 	 0.5017 	 1.3488 	 	 0.6600 	 1.5536 	 0.4103
[2025/01/16 14:32:34] - 14 	 35.1 	 	 0.1000 	 1.7576 	 	 1.6985 	 0.5086 	 1.3186 	 	 0.6680 	 1.5236 	 0.4192
[2025/01/16 14:33:27] - 15 	 35.2 	 	 0.1000 	 1.7720 	 	 1.7028 	 0.5127 	 1.3129 	 	 0.6871 	 1.5219 	 0.4122
[2025/01/16 14:34:20] - 16 	 35.3 	 	 0.1000 	 1.7857 	 	 1.7050 	 0.5191 	 1.3068 	 	 0.6751 	 1.5074 	 0.3985
[2025/01/16 14:35:13] - 17 	 34.9 	 	 0.1000 	 1.8007 	 	 1.7105 	 0.5219 	 1.3404 	 	 0.6913 	 1.5480 	 0.4202
[2025/01/16 14:36:05] - 18 	 34.9 	 	 0.1000 	 1.8129 	 	 1.7098 	 0.5324 	 1.3250 	 	 0.6847 	 1.5266 	 0.4336
[2025/01/16 14:36:58] - 19 	 35.0 	 	 0.1000 	 1.8284 	 	 1.7168 	 0.5327 	 1.3251 	 	 0.6742 	 1.5316 	 0.4306
[2025/01/16 14:37:50] - 20 	 34.9 	 	 0.1000 	 1.8443 	 	 1.7219 	 0.5374 	 1.3431 	 	 0.6769 	 1.5448 	 0.4120
[2025/01/16 14:38:43] - 21 	 34.8 	 	 0.1000 	 1.8589 	 	 1.7280 	 0.5394 	 1.3750 	 	 0.6940 	 1.5935 	 0.4100
[2025/01/16 14:39:35] - 22 	 35.3 	 	 0.1000 	 1.8743 	 	 1.7338 	 0.5432 	 1.3493 	 	 0.6859 	 1.5547 	 0.4394
[2025/01/16 14:40:28] - 23 	 35.3 	 	 0.1000 	 1.8893 	 	 1.7417 	 0.5431 	 1.3460 	 	 0.6966 	 1.5452 	 0.4315
[2025/01/16 14:41:21] - 24 	 34.9 	 	 0.1000 	 1.8999 	 	 1.7414 	 0.5496 	 1.3687 	 	 0.7048 	 1.5734 	 0.4535
[2025/01/16 14:42:13] - 25 	 34.9 	 	 0.1000 	 1.9139 	 	 1.7482 	 0.5512 	 1.3768 	 	 0.7142 	 1.5813 	 0.4522
[2025/01/16 14:43:06] - 26 	 34.9 	 	 0.1000 	 1.9281 	 	 1.7532 	 0.5548 	 1.3794 	 	 0.7015 	 1.5920 	 0.4268
[2025/01/16 14:43:58] - 27 	 35.0 	 	 0.1000 	 1.9409 	 	 1.7587 	 0.5579 	 1.4235 	 	 0.7043 	 1.6205 	 0.4518
[2025/01/16 14:44:51] - 28 	 34.8 	 	 0.1000 	 1.9538 	 	 1.7648 	 0.5586 	 1.4158 	 	 0.6995 	 1.6126 	 0.4253
[2025/01/16 14:45:43] - 29 	 35.0 	 	 0.1000 	 1.9669 	 	 1.7711 	 0.5585 	 1.4271 	 	 0.7028 	 1.6183 	 0.4660
[2025/01/16 14:46:36] - 30 	 34.7 	 	 0.1000 	 1.9791 	 	 1.7764 	 0.5606 	 1.3990 	 	 0.7144 	 1.5939 	 0.4651
[2025/01/16 14:47:28] - 31 	 34.8 	 	 0.1000 	 1.9901 	 	 1.7803 	 0.5636 	 1.4354 	 	 0.7169 	 1.6328 	 0.4493
[2025/01/16 14:48:21] - 32 	 34.9 	 	 0.1000 	 2.0030 	 	 1.7873 	 0.5626 	 1.3736 	 	 0.7243 	 1.5869 	 0.4681
[2025/01/16 14:49:13] - 33 	 35.0 	 	 0.1000 	 2.0127 	 	 1.7897 	 0.5672 	 1.4501 	 	 0.7198 	 1.6436 	 0.4617
[2025/01/16 14:50:06] - 34 	 34.9 	 	 0.1000 	 2.0252 	 	 1.7975 	 0.5652 	 1.4536 	 	 0.7065 	 1.6499 	 0.4622
[2025/01/16 14:50:58] - 35 	 34.9 	 	 0.1000 	 2.0353 	 	 1.8011 	 0.5685 	 1.4655 	 	 0.7224 	 1.6509 	 0.4669
[2025/01/16 14:51:51] - 36 	 34.9 	 	 0.1000 	 2.0460 	 	 1.8078 	 0.5660 	 1.4689 	 	 0.7000 	 1.6471 	 0.4604
[2025/01/16 14:52:43] - 37 	 34.7 	 	 0.1000 	 2.0556 	 	 1.8102 	 0.5712 	 1.4651 	 	 0.7093 	 1.6518 	 0.4621
[2025/01/16 14:53:35] - 38 	 35.0 	 	 0.1000 	 2.0659 	 	 1.8166 	 0.5698 	 1.4616 	 	 0.7317 	 1.6513 	 0.4642
[2025/01/16 14:54:28] - 39 	 35.2 	 	 0.1000 	 2.0751 	 	 1.8201 	 0.5719 	 1.4858 	 	 0.7348 	 1.6689 	 0.4751
[2025/01/16 14:55:21] - 40 	 35.1 	 	 0.1000 	 2.0843 	 	 1.8244 	 0.5731 	 1.4962 	 	 0.7143 	 1.6779 	 0.4825
[2025/01/16 14:56:13] - 41 	 35.0 	 	 0.1000 	 2.0940 	 	 1.8293 	 0.5739 	 1.4956 	 	 0.7097 	 1.6780 	 0.4654
[2025/01/16 14:57:06] - 42 	 34.7 	 	 0.1000 	 2.1027 	 	 1.8336 	 0.5747 	 1.5320 	 	 0.7192 	 1.7177 	 0.4755
[2025/01/16 14:57:58] - 43 	 34.7 	 	 0.1000 	 2.1115 	 	 1.8382 	 0.5746 	 1.5423 	 	 0.7279 	 1.7228 	 0.4841
[2025/01/16 14:58:51] - 44 	 34.8 	 	 0.1000 	 2.1188 	 	 1.8393 	 0.5798 	 1.5253 	 	 0.7201 	 1.6933 	 0.4762
[2025/01/16 14:59:43] - 45 	 35.0 	 	 0.1000 	 2.1276 	 	 1.8467 	 0.5756 	 1.5294 	 	 0.7475 	 1.7187 	 0.4830
[2025/01/16 15:00:36] - 46 	 35.0 	 	 0.1000 	 2.1352 	 	 1.8499 	 0.5772 	 1.5381 	 	 0.7332 	 1.7190 	 0.4689
[2025/01/16 15:01:28] - 47 	 35.0 	 	 0.1000 	 2.1424 	 	 1.8538 	 0.5769 	 1.5416 	 	 0.7172 	 1.7104 	 0.4736
[2025/01/16 15:02:20] - 48 	 34.9 	 	 0.1000 	 2.1499 	 	 1.8572 	 0.5787 	 1.5427 	 	 0.7333 	 1.7163 	 0.4684
[2025/01/16 15:03:13] - 49 	 34.8 	 	 0.1000 	 2.1573 	 	 1.8603 	 0.5803 	 1.5769 	 	 0.7268 	 1.7490 	 0.4770
[2025/01/16 15:04:05] - 50 	 34.9 	 	 0.1000 	 2.1639 	 	 1.8626 	 0.5826 	 1.5913 	 	 0.7441 	 1.7595 	 0.4873
[2025/01/16 15:04:58] - 51 	 35.0 	 	 0.1000 	 2.1705 	 	 1.8664 	 0.5825 	 1.6156 	 	 0.7381 	 1.7739 	 0.4881
[2025/01/16 15:05:51] - 52 	 35.3 	 	 0.1000 	 2.1775 	 	 1.8711 	 0.5812 	 1.6184 	 	 0.7237 	 1.7817 	 0.4675
[2025/01/16 15:06:44] - 53 	 34.9 	 	 0.1000 	 2.1835 	 	 1.8738 	 0.5821 	 1.6234 	 	 0.7259 	 1.7879 	 0.4701
[2025/01/16 15:07:36] - 54 	 35.1 	 	 0.1000 	 2.1897 	 	 1.8757 	 0.5853 	 1.6216 	 	 0.7473 	 1.7869 	 0.4838
[2025/01/16 15:08:29] - 55 	 35.2 	 	 0.1000 	 2.1955 	 	 1.8802 	 0.5832 	 1.6511 	 	 0.7474 	 1.8190 	 0.4828
[2025/01/16 15:09:22] - 56 	 35.1 	 	 0.1000 	 2.2014 	 	 1.8833 	 0.5836 	 1.6420 	 	 0.7428 	 1.8045 	 0.4870
[2025/01/16 15:10:14] - 57 	 35.0 	 	 0.1000 	 2.2068 	 	 1.8845 	 0.5867 	 1.7082 	 	 0.7474 	 1.8586 	 0.4862
[2025/01/16 15:11:06] - 58 	 34.7 	 	 0.1000 	 2.2119 	 	 1.8863 	 0.5890 	 1.6971 	 	 0.7423 	 1.8510 	 0.4864
[2025/01/16 15:11:59] - 59 	 34.9 	 	 0.1000 	 2.2174 	 	 1.8893 	 0.5892 	 1.6846 	 	 0.7482 	 1.8399 	 0.4761
[2025/01/16 15:12:52] - 60 	 35.2 	 	 0.1000 	 2.2223 	 	 1.8922 	 0.5889 	 1.6856 	 	 0.7470 	 1.8469 	 0.4872
[2025/01/16 15:13:44] - 61 	 35.1 	 	 0.1000 	 2.2272 	 	 1.8945 	 0.5903 	 1.7027 	 	 0.7287 	 1.8501 	 0.4737
[2025/01/16 15:14:37] - 62 	 35.1 	 	 0.1000 	 2.2324 	 	 1.8980 	 0.5897 	 1.6929 	 	 0.7522 	 1.8427 	 0.4996
[2025/01/16 15:15:30] - 63 	 35.2 	 	 0.1000 	 2.2366 	 	 1.9001 	 0.5902 	 1.7556 	 	 0.7496 	 1.8948 	 0.4990
[2025/01/16 15:16:22] - 64 	 34.8 	 	 0.1000 	 2.2411 	 	 1.9024 	 0.5909 	 1.7210 	 	 0.7195 	 1.8607 	 0.4403
[2025/01/16 15:17:15] - 65 	 34.9 	 	 0.1000 	 2.2456 	 	 1.9065 	 0.5891 	 1.7408 	 	 0.7189 	 1.8766 	 0.4628
[2025/01/16 15:18:08] - 66 	 35.0 	 	 0.1000 	 2.2495 	 	 1.9073 	 0.5909 	 1.7512 	 	 0.7303 	 1.8870 	 0.4830
[2025/01/16 15:19:00] - 67 	 35.3 	 	 0.1000 	 2.2535 	 	 1.9099 	 0.5909 	 1.7688 	 	 0.7366 	 1.9000 	 0.4911
[2025/01/16 15:19:53] - 68 	 35.2 	 	 0.1000 	 2.2574 	 	 1.9104 	 0.5945 	 1.7600 	 	 0.7444 	 1.8949 	 0.4864
[2025/01/16 15:20:46] - 69 	 35.0 	 	 0.1000 	 2.2611 	 	 1.9146 	 0.5910 	 1.7911 	 	 0.7443 	 1.9154 	 0.4916
[2025/01/16 15:21:38] - 70 	 34.7 	 	 0.1000 	 2.2648 	 	 1.9162 	 0.5927 	 1.8024 	 	 0.7336 	 1.9320 	 0.4825
[2025/01/16 15:22:31] - 71 	 35.1 	 	 0.1000 	 2.2682 	 	 1.9179 	 0.5934 	 1.8147 	 	 0.7524 	 1.9429 	 0.4871
[2025/01/16 15:23:24] - 72 	 35.2 	 	 0.1000 	 2.2714 	 	 1.9175 	 0.5973 	 1.8219 	 	 0.7365 	 1.9501 	 0.4888
[2025/01/16 15:24:16] - 73 	 35.2 	 	 0.1000 	 2.2747 	 	 1.9216 	 0.5945 	 1.8332 	 	 0.7365 	 1.9607 	 0.4734
[2025/01/16 15:25:09] - 74 	 35.1 	 	 0.1000 	 2.2777 	 	 1.9243 	 0.5928 	 1.8446 	 	 0.7217 	 1.9588 	 0.4800
[2025/01/16 15:26:02] - 75 	 35.0 	 	 0.1000 	 2.2806 	 	 1.9244 	 0.5960 	 1.8421 	 	 0.7509 	 1.9569 	 0.4841
[2025/01/16 15:26:55] - 76 	 35.3 	 	 0.1000 	 2.2834 	 	 1.9258 	 0.5967 	 1.8581 	 	 0.7605 	 1.9690 	 0.4995
[2025/01/16 15:27:47] - 77 	 35.2 	 	 0.1000 	 2.2861 	 	 1.9265 	 0.5983 	 1.8580 	 	 0.7551 	 1.9767 	 0.4975
[2025/01/16 15:28:40] - 78 	 35.1 	 	 0.1000 	 2.2886 	 	 1.9293 	 0.5968 	 1.8694 	 	 0.7713 	 1.9816 	 0.5010
[2025/01/16 15:29:33] - 79 	 34.9 	 	 0.1000 	 2.2910 	 	 1.9279 	 0.6021 	 1.8841 	 	 0.7585 	 1.9908 	 0.4812
[2025/01/16 15:30:26] - 80 	 35.3 	 	 0.1000 	 2.2933 	 	 1.9312 	 0.5991 	 1.9044 	 	 0.7309 	 2.0089 	 0.4991
[2025/01/16 15:31:19] - 81 	 35.5 	 	 0.1000 	 2.2956 	 	 1.9322 	 0.5999 	 1.8987 	 	 0.7369 	 2.0010 	 0.4768
[2025/01/16 15:32:11] - 82 	 34.9 	 	 0.1000 	 2.2976 	 	 1.9327 	 0.6017 	 1.9159 	 	 0.7503 	 2.0179 	 0.5025
[2025/01/16 15:33:04] - 83 	 35.1 	 	 0.1000 	 2.2996 	 	 1.9335 	 0.6025 	 1.9463 	 	 0.7343 	 2.0397 	 0.4963
[2025/01/16 15:33:57] - 84 	 35.0 	 	 0.1000 	 2.2997 	 	 1.9379 	 0.5956 	 1.9477 	 	 0.7257 	 2.0426 	 0.4891
[2025/01/16 15:34:49] - 85 	 35.0 	 	 0.1000 	 2.2996 	 	 1.9400 	 0.5925 	 1.9230 	 	 0.7625 	 2.0272 	 0.5067
[2025/01/16 15:35:42] - 86 	 35.2 	 	 0.1000 	 2.2997 	 	 1.9386 	 0.5948 	 1.9488 	 	 0.7367 	 2.0470 	 0.5046
[2025/01/16 15:36:35] - 87 	 35.2 	 	 0.1000 	 2.2997 	 	 1.9405 	 0.5916 	 1.9386 	 	 0.7572 	 2.0376 	 0.5029
[2025/01/16 15:37:28] - 88 	 35.5 	 	 0.1000 	 2.2997 	 	 1.9407 	 0.5915 	 1.9602 	 	 0.7057 	 2.0501 	 0.4645
[2025/01/16 15:38:21] - 89 	 35.3 	 	 0.1000 	 2.2997 	 	 1.9433 	 0.5873 	 1.9498 	 	 0.7311 	 2.0406 	 0.4900
[2025/01/16 15:39:14] - 90 	 35.3 	 	 0.1000 	 2.2997 	 	 1.9440 	 0.5859 	 1.9495 	 	 0.7347 	 2.0464 	 0.4800
[2025/01/16 15:40:07] - 91 	 35.2 	 	 0.1000 	 2.2997 	 	 1.9439 	 0.5864 	 1.9495 	 	 0.7469 	 2.0476 	 0.4905
[2025/01/16 15:41:00] - 92 	 35.2 	 	 0.1000 	 2.2997 	 	 1.9438 	 0.5866 	 1.9560 	 	 0.7190 	 2.0543 	 0.4900
[2025/01/16 15:41:53] - 93 	 35.3 	 	 0.1000 	 2.2996 	 	 1.9450 	 0.5848 	 1.9370 	 	 0.7358 	 2.0323 	 0.4895
[2025/01/16 15:42:46] - 94 	 35.2 	 	 0.1000 	 2.2997 	 	 1.9431 	 0.5878 	 1.9426 	 	 0.7153 	 2.0379 	 0.4811
[2025/01/16 15:43:39] - 95 	 35.3 	 	 0.1000 	 2.2997 	 	 1.9432 	 0.5877 	 1.9532 	 	 0.7310 	 2.0430 	 0.4979
[2025/01/16 15:44:31] - 96 	 35.3 	 	 0.1000 	 2.2997 	 	 1.9443 	 0.5859 	 1.9409 	 	 0.7396 	 2.0400 	 0.4766
[2025/01/16 15:45:24] - 97 	 35.2 	 	 0.1000 	 2.2997 	 	 1.9447 	 0.5851 	 1.9350 	 	 0.7275 	 2.0327 	 0.4743
[2025/01/16 15:46:17] - 98 	 35.1 	 	 0.1000 	 2.2997 	 	 1.9451 	 0.5845 	 1.9322 	 	 0.7436 	 2.0344 	 0.4864
[2025/01/16 15:47:10] - 99 	 35.3 	 	 0.1000 	 2.2997 	 	 1.9462 	 0.5827 	 1.9390 	 	 0.7051 	 2.0336 	 0.4391
[2025/01/16 15:48:03] - 100 	 35.0 	 	 0.0100 	 2.2994 	 	 1.9183 	 0.6267 	 1.8898 	 	 0.7998 	 1.9972 	 0.5611
[2025/01/16 15:48:56] - 101 	 35.3 	 	 0.0100 	 2.2996 	 	 1.8903 	 0.6703 	 1.8715 	 	 0.8127 	 1.9850 	 0.5675
[2025/01/16 15:49:49] - 102 	 35.2 	 	 0.0100 	 2.3000 	 	 1.8825 	 0.6820 	 1.8705 	 	 0.8112 	 1.9842 	 0.5749
[2025/01/16 15:50:42] - 103 	 35.4 	 	 0.0100 	 2.3001 	 	 1.8794 	 0.6867 	 1.8595 	 	 0.8158 	 1.9781 	 0.5719
[2025/01/16 15:51:35] - 104 	 35.1 	 	 0.0100 	 2.3003 	 	 1.8753 	 0.6929 	 1.8574 	 	 0.8169 	 1.9763 	 0.5707
[2025/01/16 15:52:28] - 105 	 35.4 	 	 0.0010 	 2.3003 	 	 1.8675 	 0.7052 	 1.8453 	 	 0.8272 	 1.9678 	 0.5786
[2025/01/16 15:53:21] - 106 	 35.3 	 	 0.0010 	 2.3003 	 	 1.8634 	 0.7115 	 1.8458 	 	 0.8258 	 1.9683 	 0.5798
[2025/01/16 15:54:14] - 107 	 35.4 	 	 0.0010 	 2.3003 	 	 1.8620 	 0.7134 	 1.8432 	 	 0.8265 	 1.9660 	 0.5789
[2025/01/16 15:55:07] - 108 	 35.1 	 	 0.0010 	 2.3004 	 	 1.8608 	 0.7155 	 1.8421 	 	 0.8281 	 1.9658 	 0.5796
[2025/01/16 15:55:59] - 109 	 35.3 	 	 0.0010 	 2.3004 	 	 1.8597 	 0.7172 	 1.8356 	 	 0.8298 	 1.9605 	 0.5778
[2025/01/16 15:56:00] - [0.3103, 0.3855, 0.415, 0.455, 0.4864, 0.5039, 0.544, 0.5786, 0.6016, 0.6306, 0.637, 0.6553, 0.6719, 0.66, 0.668, 0.6871, 0.6751, 0.6913, 0.6847, 0.6742, 0.6769, 0.694, 0.6859, 0.6966, 0.7048, 0.7142, 0.7015, 0.7043, 0.6995, 0.7028, 0.7144, 0.7169, 0.7243, 0.7198, 0.7065, 0.7224, 0.7, 0.7093, 0.7317, 0.7348, 0.7143, 0.7097, 0.7192, 0.7279, 0.7201, 0.7475, 0.7332, 0.7172, 0.7333, 0.7268, 0.7441, 0.7381, 0.7237, 0.7259, 0.7473, 0.7474, 0.7428, 0.7474, 0.7423, 0.7482, 0.747, 0.7287, 0.7522, 0.7496, 0.7195, 0.7189, 0.7303, 0.7366, 0.7444, 0.7443, 0.7336, 0.7524, 0.7365, 0.7365, 0.7217, 0.7509, 0.7605, 0.7551, 0.7713, 0.7585, 0.7309, 0.7369, 0.7503, 0.7343, 0.7257, 0.7625, 0.7367, 0.7572, 0.7057, 0.7311, 0.7347, 0.7469, 0.719, 0.7358, 0.7153, 0.731, 0.7396, 0.7275, 0.7436, 0.7051, 0.7998, 0.8127, 0.8112, 0.8158, 0.8169, 0.8272, 0.8258, 0.8265, 0.8281, 0.8298]
[2025/01/16 15:56:00] - [0.2407, 0.2613, 0.2808, 0.2937, 0.3123, 0.3411, 0.3474, 0.3522, 0.3698, 0.3772, 0.3823, 0.4001, 0.413, 0.4103, 0.4192, 0.4122, 0.3985, 0.4202, 0.4336, 0.4306, 0.412, 0.41, 0.4394, 0.4315, 0.4535, 0.4522, 0.4268, 0.4518, 0.4253, 0.466, 0.4651, 0.4493, 0.4681, 0.4617, 0.4622, 0.4669, 0.4604, 0.4621, 0.4642, 0.4751, 0.4825, 0.4654, 0.4755, 0.4841, 0.4762, 0.483, 0.4689, 0.4736, 0.4684, 0.477, 0.4873, 0.4881, 0.4675, 0.4701, 0.4838, 0.4828, 0.487, 0.4862, 0.4864, 0.4761, 0.4872, 0.4737, 0.4996, 0.499, 0.4403, 0.4628, 0.483, 0.4911, 0.4864, 0.4916, 0.4825, 0.4871, 0.4888, 0.4734, 0.48, 0.4841, 0.4995, 0.4975, 0.501, 0.4812, 0.4991, 0.4768, 0.5025, 0.4963, 0.4891, 0.5067, 0.5046, 0.5029, 0.4645, 0.49, 0.48, 0.4905, 0.49, 0.4895, 0.4811, 0.4979, 0.4766, 0.4743, 0.4864, 0.4391, 0.5611, 0.5675, 0.5749, 0.5719, 0.5707, 0.5786, 0.5798, 0.5789, 0.5796, 0.5778]
