[2025/01/20 20:00:37] - Namespace(model='ResNet18', batch_size=128, data_dir='CIFAR10', epochs=110, lr_schedule='multistep', milestone1=100, milestone2=105, lr_min=0.0, lr_max=0.1, weight_decay=0.0005, momentum=0.9, seed=0, inner_gamma=0.15, outer_gamma=0.15, beta=0.6, lamda=0.65, batch_m=0.75, eta=0.75, epsilon=8, alpha=8, delta_init='random', out_dir='TDAT_CIFAR10', out_path='ETA2', log='output.log')
[2025/01/20 20:00:39] - Epoch 	 Seconds 	 LR 	 Inner Loss 	 Train Loss 	 Train Acc 	 Test Loss 	 Test Acc 	 PGD Loss 	 PGD Acc
[2025/01/20 20:01:30] - 0 	 34.0 	 	 0.1000 	 2.1863 	 	 2.1859 	 0.1913 	 1.9466 	 	 0.3200 	 1.9834 	 0.2467
[2025/01/20 20:02:24] - 1 	 33.1 	 	 0.1000 	 1.9525 	 	 1.9334 	 0.2694 	 1.7867 	 	 0.3954 	 1.8509 	 0.2623
[2025/01/20 20:03:14] - 2 	 33.1 	 	 0.1000 	 1.8806 	 	 1.8614 	 0.3065 	 1.7223 	 	 0.4269 	 1.7944 	 0.2866
[2025/01/20 20:04:04] - 3 	 33.0 	 	 0.1000 	 1.8344 	 	 1.8128 	 0.3331 	 1.6565 	 	 0.4476 	 1.7508 	 0.2916
[2025/01/20 20:04:55] - 4 	 33.0 	 	 0.1000 	 1.7894 	 	 1.7643 	 0.3609 	 1.5937 	 	 0.5016 	 1.7097 	 0.3161
[2025/01/20 20:05:45] - 5 	 33.0 	 	 0.1000 	 1.7626 	 	 1.7309 	 0.3837 	 1.5151 	 	 0.5240 	 1.6425 	 0.3435
[2025/01/20 20:06:35] - 6 	 32.9 	 	 0.1000 	 1.7300 	 	 1.6890 	 0.4097 	 1.4887 	 	 0.5603 	 1.6267 	 0.3519
[2025/01/20 20:07:26] - 7 	 33.3 	 	 0.1000 	 1.7124 	 	 1.6597 	 0.4311 	 1.4204 	 	 0.5991 	 1.5863 	 0.3564
[2025/01/20 20:08:16] - 8 	 33.0 	 	 0.1000 	 1.7032 	 	 1.6382 	 0.4508 	 1.3607 	 	 0.6114 	 1.5448 	 0.3784
[2025/01/20 20:09:06] - 9 	 33.2 	 	 0.1000 	 1.7018 	 	 1.6261 	 0.4645 	 1.3336 	 	 0.6426 	 1.5229 	 0.3849
[2025/01/20 20:09:57] - 10 	 33.2 	 	 0.1000 	 1.7033 	 	 1.6123 	 0.4803 	 1.3124 	 	 0.6570 	 1.5066 	 0.4021
[2025/01/20 20:10:47] - 11 	 33.0 	 	 0.1000 	 1.7102 	 	 1.6074 	 0.4896 	 1.3186 	 	 0.6634 	 1.5211 	 0.4064
[2025/01/20 20:11:37] - 12 	 33.0 	 	 0.1000 	 1.7217 	 	 1.6062 	 0.4996 	 1.2869 	 	 0.6764 	 1.4965 	 0.4195
[2025/01/20 20:12:28] - 13 	 33.0 	 	 0.1000 	 1.7363 	 	 1.6077 	 0.5061 	 1.3360 	 	 0.6563 	 1.5445 	 0.3998
[2025/01/20 20:13:18] - 14 	 33.0 	 	 0.1000 	 1.7502 	 	 1.6084 	 0.5136 	 1.3126 	 	 0.6657 	 1.5221 	 0.4130
[2025/01/20 20:14:08] - 15 	 33.0 	 	 0.1000 	 1.7640 	 	 1.6094 	 0.5185 	 1.3133 	 	 0.6947 	 1.5274 	 0.4040
[2025/01/20 20:14:58] - 16 	 32.9 	 	 0.1000 	 1.7796 	 	 1.6147 	 0.5217 	 1.3266 	 	 0.6636 	 1.5217 	 0.3923
[2025/01/20 20:15:48] - 17 	 32.9 	 	 0.1000 	 1.7948 	 	 1.6193 	 0.5268 	 1.3376 	 	 0.6967 	 1.5478 	 0.4282
[2025/01/20 20:16:38] - 18 	 33.1 	 	 0.1000 	 1.8083 	 	 1.6210 	 0.5334 	 1.3346 	 	 0.6766 	 1.5356 	 0.4330
[2025/01/20 20:17:29] - 19 	 33.1 	 	 0.1000 	 1.8238 	 	 1.6257 	 0.5341 	 1.3528 	 	 0.6797 	 1.5556 	 0.4252
[2025/01/20 20:18:19] - 20 	 33.3 	 	 0.1000 	 1.8398 	 	 1.6322 	 0.5382 	 1.3536 	 	 0.6840 	 1.5577 	 0.4095
[2025/01/20 20:19:09] - 21 	 33.2 	 	 0.1000 	 1.8545 	 	 1.6371 	 0.5415 	 1.3339 	 	 0.6964 	 1.5604 	 0.4105
[2025/01/20 20:20:00] - 22 	 33.3 	 	 0.1000 	 1.8701 	 	 1.6435 	 0.5432 	 1.3631 	 	 0.6876 	 1.5696 	 0.4319
[2025/01/20 20:20:50] - 23 	 33.3 	 	 0.1000 	 1.8844 	 	 1.6499 	 0.5460 	 1.3643 	 	 0.6737 	 1.5617 	 0.4082
[2025/01/20 20:21:41] - 24 	 33.2 	 	 0.1000 	 1.8969 	 	 1.6518 	 0.5513 	 1.3423 	 	 0.7147 	 1.5559 	 0.4484
[2025/01/20 20:22:31] - 25 	 33.2 	 	 0.1000 	 1.9097 	 	 1.6555 	 0.5550 	 1.3675 	 	 0.7137 	 1.5796 	 0.4405
[2025/01/20 20:23:21] - 26 	 33.1 	 	 0.1000 	 1.9240 	 	 1.6611 	 0.5571 	 1.3511 	 	 0.7246 	 1.5714 	 0.4458
[2025/01/20 20:24:11] - 27 	 33.1 	 	 0.1000 	 1.9383 	 	 1.6695 	 0.5574 	 1.3967 	 	 0.7036 	 1.6008 	 0.4342
[2025/01/20 20:25:02] - 28 	 33.4 	 	 0.1000 	 1.9503 	 	 1.6723 	 0.5592 	 1.3952 	 	 0.7139 	 1.5935 	 0.4485
[2025/01/20 20:25:52] - 29 	 33.1 	 	 0.1000 	 1.9641 	 	 1.6783 	 0.5600 	 1.3957 	 	 0.7072 	 1.5908 	 0.4658
[2025/01/20 20:26:43] - 30 	 33.2 	 	 0.1000 	 1.9760 	 	 1.6838 	 0.5606 	 1.3946 	 	 0.7170 	 1.5963 	 0.4594
[2025/01/20 20:27:33] - 31 	 33.0 	 	 0.1000 	 1.9874 	 	 1.6870 	 0.5636 	 1.4142 	 	 0.7250 	 1.6185 	 0.4557
[2025/01/20 20:28:23] - 32 	 33.1 	 	 0.1000 	 1.9997 	 	 1.6942 	 0.5642 	 1.3841 	 	 0.7211 	 1.5964 	 0.4563
[2025/01/20 20:29:13] - 33 	 33.0 	 	 0.1000 	 2.0107 	 	 1.6981 	 0.5658 	 1.4387 	 	 0.7252 	 1.6322 	 0.4600
[2025/01/20 20:30:03] - 34 	 33.0 	 	 0.1000 	 2.0227 	 	 1.7051 	 0.5657 	 1.4552 	 	 0.7095 	 1.6515 	 0.4563
[2025/01/20 20:30:53] - 35 	 32.9 	 	 0.1000 	 2.0329 	 	 1.7086 	 0.5694 	 1.4490 	 	 0.7231 	 1.6415 	 0.4673
[2025/01/20 20:31:44] - 36 	 32.9 	 	 0.1000 	 2.0435 	 	 1.7128 	 0.5667 	 1.4736 	 	 0.7036 	 1.6514 	 0.4599
[2025/01/20 20:32:34] - 37 	 33.0 	 	 0.1000 	 2.0535 	 	 1.7176 	 0.5712 	 1.4428 	 	 0.7162 	 1.6344 	 0.4578
[2025/01/20 20:33:24] - 38 	 33.1 	 	 0.1000 	 2.0639 	 	 1.7234 	 0.5689 	 1.4629 	 	 0.7299 	 1.6556 	 0.4588
[2025/01/20 20:34:14] - 39 	 33.3 	 	 0.1000 	 2.0731 	 	 1.7272 	 0.5736 	 1.4876 	 	 0.7281 	 1.6698 	 0.4702
[2025/01/20 20:35:05] - 40 	 33.3 	 	 0.1000 	 2.0824 	 	 1.7314 	 0.5728 	 1.4761 	 	 0.7164 	 1.6611 	 0.4717
[2025/01/20 20:35:55] - 41 	 33.2 	 	 0.1000 	 2.0922 	 	 1.7372 	 0.5735 	 1.4896 	 	 0.7096 	 1.6754 	 0.4624
[2025/01/20 20:36:45] - 42 	 33.0 	 	 0.1000 	 2.1005 	 	 1.7411 	 0.5752 	 1.5296 	 	 0.7235 	 1.7114 	 0.4599
[2025/01/20 20:37:35] - 43 	 33.1 	 	 0.1000 	 2.1099 	 	 1.7457 	 0.5738 	 1.5162 	 	 0.7361 	 1.7056 	 0.4735
[2025/01/20 20:38:26] - 44 	 33.0 	 	 0.1000 	 2.1172 	 	 1.7462 	 0.5786 	 1.5232 	 	 0.7312 	 1.6954 	 0.4746
[2025/01/20 20:39:16] - 45 	 33.2 	 	 0.1000 	 2.1259 	 	 1.7537 	 0.5768 	 1.5330 	 	 0.7368 	 1.7168 	 0.4719
[2025/01/20 20:40:06] - 46 	 33.0 	 	 0.1000 	 2.1337 	 	 1.7563 	 0.5778 	 1.5296 	 	 0.7249 	 1.7107 	 0.4688
[2025/01/20 20:40:57] - 47 	 33.1 	 	 0.1000 	 2.1411 	 	 1.7597 	 0.5792 	 1.5479 	 	 0.7322 	 1.7194 	 0.4787
[2025/01/20 20:41:47] - 48 	 33.1 	 	 0.1000 	 2.1486 	 	 1.7624 	 0.5781 	 1.5497 	 	 0.7311 	 1.7263 	 0.4631
[2025/01/20 20:42:37] - 49 	 33.3 	 	 0.1000 	 2.1562 	 	 1.7681 	 0.5784 	 1.5800 	 	 0.7240 	 1.7443 	 0.4701
[2025/01/20 20:43:28] - 50 	 33.3 	 	 0.1000 	 2.1625 	 	 1.7692 	 0.5814 	 1.5887 	 	 0.7381 	 1.7544 	 0.4762
[2025/01/20 20:44:18] - 51 	 33.3 	 	 0.1000 	 2.1694 	 	 1.7733 	 0.5823 	 1.6062 	 	 0.7344 	 1.7596 	 0.4855
[2025/01/20 20:45:09] - 52 	 33.1 	 	 0.1000 	 2.1763 	 	 1.7769 	 0.5804 	 1.6053 	 	 0.7143 	 1.7679 	 0.4613
[2025/01/20 20:45:59] - 53 	 33.1 	 	 0.1000 	 2.1826 	 	 1.7803 	 0.5813 	 1.6008 	 	 0.7234 	 1.7697 	 0.4604
[2025/01/20 20:46:49] - 54 	 33.0 	 	 0.1000 	 2.1885 	 	 1.7819 	 0.5843 	 1.6092 	 	 0.7448 	 1.7759 	 0.4833
[2025/01/20 20:47:39] - 55 	 33.0 	 	 0.1000 	 2.1945 	 	 1.7854 	 0.5857 	 1.6473 	 	 0.7465 	 1.8108 	 0.4833
[2025/01/20 20:48:29] - 56 	 33.0 	 	 0.1000 	 2.2005 	 	 1.7892 	 0.5826 	 1.6510 	 	 0.7405 	 1.8081 	 0.4896
[2025/01/20 20:49:19] - 57 	 33.1 	 	 0.1000 	 2.2058 	 	 1.7919 	 0.5868 	 1.7014 	 	 0.7328 	 1.8471 	 0.4888
[2025/01/20 20:50:09] - 58 	 32.9 	 	 0.1000 	 2.2112 	 	 1.7939 	 0.5871 	 1.6887 	 	 0.7420 	 1.8437 	 0.4788
[2025/01/20 20:51:00] - 59 	 33.0 	 	 0.1000 	 2.2166 	 	 1.7964 	 0.5911 	 1.6804 	 	 0.7433 	 1.8386 	 0.4736
[2025/01/20 20:51:50] - 60 	 33.1 	 	 0.1000 	 2.2215 	 	 1.7981 	 0.5905 	 1.6780 	 	 0.7519 	 1.8396 	 0.4816
[2025/01/20 20:52:40] - 61 	 32.9 	 	 0.1000 	 2.2265 	 	 1.7992 	 0.5892 	 1.7044 	 	 0.7299 	 1.8491 	 0.4732
[2025/01/20 20:53:30] - 62 	 32.9 	 	 0.1000 	 2.2317 	 	 1.8042 	 0.5884 	 1.6819 	 	 0.7493 	 1.8339 	 0.4925
[2025/01/20 20:54:20] - 63 	 33.0 	 	 0.1000 	 2.2362 	 	 1.8063 	 0.5894 	 1.7405 	 	 0.7491 	 1.8804 	 0.4957
[2025/01/20 20:55:11] - 64 	 33.0 	 	 0.1000 	 2.2405 	 	 1.8083 	 0.5911 	 1.7195 	 	 0.7300 	 1.8618 	 0.4407
[2025/01/20 20:56:01] - 65 	 32.9 	 	 0.1000 	 2.2451 	 	 1.8114 	 0.5900 	 1.7438 	 	 0.7082 	 1.8801 	 0.4499
[2025/01/20 20:56:51] - 66 	 33.0 	 	 0.1000 	 2.2491 	 	 1.8138 	 0.5908 	 1.7524 	 	 0.7201 	 1.8874 	 0.4691
[2025/01/20 20:57:41] - 67 	 33.1 	 	 0.1000 	 2.2530 	 	 1.8153 	 0.5923 	 1.7719 	 	 0.7507 	 1.9060 	 0.4874
[2025/01/20 20:58:31] - 68 	 33.2 	 	 0.1000 	 2.2570 	 	 1.8164 	 0.5935 	 1.7752 	 	 0.7243 	 1.9067 	 0.4779
[2025/01/20 20:59:22] - 69 	 33.2 	 	 0.1000 	 2.2607 	 	 1.8185 	 0.5940 	 1.7845 	 	 0.7379 	 1.9081 	 0.4770
[2025/01/20 21:00:12] - 70 	 33.2 	 	 0.1000 	 2.2645 	 	 1.8223 	 0.5934 	 1.8148 	 	 0.7237 	 1.9385 	 0.4787
[2025/01/20 21:01:02] - 71 	 33.4 	 	 0.1000 	 2.2679 	 	 1.8251 	 0.5933 	 1.7917 	 	 0.7534 	 1.9250 	 0.4915
[2025/01/20 21:01:53] - 72 	 33.0 	 	 0.1000 	 2.2712 	 	 1.8245 	 0.5962 	 1.8249 	 	 0.7240 	 1.9534 	 0.4689
[2025/01/20 21:02:43] - 73 	 33.0 	 	 0.1000 	 2.2745 	 	 1.8274 	 0.5956 	 1.8301 	 	 0.7458 	 1.9557 	 0.4912
[2025/01/20 21:03:33] - 74 	 32.9 	 	 0.1000 	 2.2775 	 	 1.8281 	 0.5964 	 1.8350 	 	 0.7311 	 1.9540 	 0.4903
[2025/01/20 21:04:23] - 75 	 33.1 	 	 0.1000 	 2.2804 	 	 1.8297 	 0.5966 	 1.8454 	 	 0.7500 	 1.9593 	 0.4735
[2025/01/20 21:05:13] - 76 	 33.1 	 	 0.1000 	 2.2833 	 	 1.8314 	 0.5967 	 1.8635 	 	 0.7524 	 1.9709 	 0.4950
[2025/01/20 21:06:03] - 77 	 33.1 	 	 0.1000 	 2.2860 	 	 1.8331 	 0.5981 	 1.8439 	 	 0.7492 	 1.9679 	 0.4828
[2025/01/20 21:06:53] - 78 	 33.0 	 	 0.1000 	 2.2886 	 	 1.8345 	 0.6000 	 1.8506 	 	 0.7597 	 1.9683 	 0.4785
[2025/01/20 21:07:44] - 79 	 33.1 	 	 0.1000 	 2.2910 	 	 1.8346 	 0.6026 	 1.8937 	 	 0.7361 	 1.9969 	 0.4872
[2025/01/20 21:08:34] - 80 	 33.0 	 	 0.1000 	 2.2934 	 	 1.8369 	 0.6016 	 1.8782 	 	 0.7425 	 1.9871 	 0.5044
[2025/01/20 21:09:24] - 81 	 33.1 	 	 0.1000 	 2.2956 	 	 1.8380 	 0.6035 	 1.8882 	 	 0.7332 	 1.9925 	 0.4778
[2025/01/20 21:10:14] - 82 	 33.0 	 	 0.1000 	 2.2977 	 	 1.8386 	 0.6011 	 1.9100 	 	 0.7458 	 2.0142 	 0.4878
[2025/01/20 21:11:04] - 83 	 33.1 	 	 0.1000 	 2.2997 	 	 1.8407 	 0.6033 	 1.9305 	 	 0.7491 	 2.0322 	 0.4895
[2025/01/20 21:11:55] - 84 	 33.3 	 	 0.1000 	 2.2998 	 	 1.8416 	 0.5996 	 1.9588 	 	 0.7198 	 2.0509 	 0.4841
[2025/01/20 21:12:45] - 85 	 33.3 	 	 0.1000 	 2.2998 	 	 1.8440 	 0.5943 	 1.9175 	 	 0.7575 	 2.0247 	 0.4881
[2025/01/20 21:13:36] - 86 	 33.2 	 	 0.1000 	 2.2997 	 	 1.8429 	 0.5955 	 1.9377 	 	 0.7287 	 2.0355 	 0.4971
[2025/01/20 21:14:26] - 87 	 33.1 	 	 0.1000 	 2.2997 	 	 1.8436 	 0.5941 	 1.9310 	 	 0.7518 	 2.0337 	 0.4901
[2025/01/20 21:15:16] - 88 	 33.2 	 	 0.1000 	 2.2998 	 	 1.8452 	 0.5939 	 1.9472 	 	 0.7077 	 2.0401 	 0.4674
[2025/01/20 21:16:06] - 89 	 32.9 	 	 0.1000 	 2.2997 	 	 1.8472 	 0.5908 	 1.9474 	 	 0.7160 	 2.0406 	 0.4832
[2025/01/20 21:16:56] - 90 	 32.9 	 	 0.1000 	 2.2998 	 	 1.8474 	 0.5875 	 1.9544 	 	 0.7292 	 2.0493 	 0.4843
[2025/01/20 21:17:46] - 91 	 32.9 	 	 0.1000 	 2.2997 	 	 1.8478 	 0.5870 	 1.9431 	 	 0.7431 	 2.0423 	 0.4877
[2025/01/20 21:18:37] - 92 	 33.0 	 	 0.1000 	 2.2997 	 	 1.8493 	 0.5850 	 1.9328 	 	 0.7354 	 2.0355 	 0.4956
[2025/01/20 21:19:26] - 93 	 32.9 	 	 0.1000 	 2.2997 	 	 1.8499 	 0.5857 	 1.9382 	 	 0.7242 	 2.0339 	 0.4759
[2025/01/20 21:20:16] - 94 	 32.8 	 	 0.1000 	 2.2998 	 	 1.8480 	 0.5892 	 1.9356 	 	 0.7206 	 2.0333 	 0.4824
[2025/01/20 21:21:06] - 95 	 32.9 	 	 0.1000 	 2.2998 	 	 1.8485 	 0.5853 	 1.9461 	 	 0.7322 	 2.0376 	 0.4902
[2025/01/20 21:21:56] - 96 	 32.9 	 	 0.1000 	 2.2997 	 	 1.8485 	 0.5850 	 1.9229 	 	 0.7366 	 2.0250 	 0.4781
[2025/01/20 21:22:46] - 97 	 32.9 	 	 0.1000 	 2.2998 	 	 1.8506 	 0.5856 	 1.9378 	 	 0.7309 	 2.0298 	 0.4800
[2025/01/20 21:23:37] - 98 	 33.0 	 	 0.1000 	 2.2998 	 	 1.8486 	 0.5874 	 1.9510 	 	 0.7440 	 2.0498 	 0.4981
[2025/01/20 21:24:27] - 99 	 33.2 	 	 0.1000 	 2.2997 	 	 1.8496 	 0.5866 	 1.9347 	 	 0.7072 	 2.0298 	 0.4421
[2025/01/20 21:25:18] - 100 	 33.4 	 	 0.0100 	 2.2996 	 	 1.8266 	 0.6293 	 1.8792 	 	 0.7971 	 1.9889 	 0.5557
[2025/01/20 21:26:08] - 101 	 33.1 	 	 0.0100 	 2.2999 	 	 1.8038 	 0.6736 	 1.8584 	 	 0.8095 	 1.9737 	 0.5576
[2025/01/20 21:26:58] - 102 	 33.1 	 	 0.0100 	 2.3002 	 	 1.7976 	 0.6831 	 1.8570 	 	 0.8095 	 1.9728 	 0.5653
[2025/01/20 21:27:49] - 103 	 33.2 	 	 0.0100 	 2.3003 	 	 1.7932 	 0.6880 	 1.8461 	 	 0.8146 	 1.9663 	 0.5651
[2025/01/20 21:28:39] - 104 	 32.9 	 	 0.0100 	 2.3004 	 	 1.7903 	 0.6930 	 1.8506 	 	 0.8164 	 1.9697 	 0.5635
[2025/01/20 21:29:29] - 105 	 32.9 	 	 0.0010 	 2.3005 	 	 1.7859 	 0.7049 	 1.8372 	 	 0.8193 	 1.9604 	 0.5694
[2025/01/20 21:30:19] - 106 	 33.1 	 	 0.0010 	 2.3005 	 	 1.7827 	 0.7110 	 1.8359 	 	 0.8231 	 1.9597 	 0.5724
[2025/01/20 21:31:10] - 107 	 33.0 	 	 0.0010 	 2.3005 	 	 1.7796 	 0.7130 	 1.8334 	 	 0.8227 	 1.9576 	 0.5679
[2025/01/20 21:31:59] - 108 	 32.8 	 	 0.0010 	 2.3006 	 	 1.7801 	 0.7138 	 1.8320 	 	 0.8226 	 1.9574 	 0.5731
[2025/01/20 21:32:50] - 109 	 33.0 	 	 0.0010 	 2.3006 	 	 1.7790 	 0.7191 	 1.8276 	 	 0.8236 	 1.9534 	 0.5699
[2025/01/20 21:32:52] - [0.32, 0.3954, 0.4269, 0.4476, 0.5016, 0.524, 0.5603, 0.5991, 0.6114, 0.6426, 0.657, 0.6634, 0.6764, 0.6563, 0.6657, 0.6947, 0.6636, 0.6967, 0.6766, 0.6797, 0.684, 0.6964, 0.6876, 0.6737, 0.7147, 0.7137, 0.7246, 0.7036, 0.7139, 0.7072, 0.717, 0.725, 0.7211, 0.7252, 0.7095, 0.7231, 0.7036, 0.7162, 0.7299, 0.7281, 0.7164, 0.7096, 0.7235, 0.7361, 0.7312, 0.7368, 0.7249, 0.7322, 0.7311, 0.724, 0.7381, 0.7344, 0.7143, 0.7234, 0.7448, 0.7465, 0.7405, 0.7328, 0.742, 0.7433, 0.7519, 0.7299, 0.7493, 0.7491, 0.73, 0.7082, 0.7201, 0.7507, 0.7243, 0.7379, 0.7237, 0.7534, 0.724, 0.7458, 0.7311, 0.75, 0.7524, 0.7492, 0.7597, 0.7361, 0.7425, 0.7332, 0.7458, 0.7491, 0.7198, 0.7575, 0.7287, 0.7518, 0.7077, 0.716, 0.7292, 0.7431, 0.7354, 0.7242, 0.7206, 0.7322, 0.7366, 0.7309, 0.744, 0.7072, 0.7971, 0.8095, 0.8095, 0.8146, 0.8164, 0.8193, 0.8231, 0.8227, 0.8226, 0.8236]
[2025/01/20 21:32:52] - [0.2467, 0.2623, 0.2866, 0.2916, 0.3161, 0.3435, 0.3519, 0.3564, 0.3784, 0.3849, 0.4021, 0.4064, 0.4195, 0.3998, 0.413, 0.404, 0.3923, 0.4282, 0.433, 0.4252, 0.4095, 0.4105, 0.4319, 0.4082, 0.4484, 0.4405, 0.4458, 0.4342, 0.4485, 0.4658, 0.4594, 0.4557, 0.4563, 0.46, 0.4563, 0.4673, 0.4599, 0.4578, 0.4588, 0.4702, 0.4717, 0.4624, 0.4599, 0.4735, 0.4746, 0.4719, 0.4688, 0.4787, 0.4631, 0.4701, 0.4762, 0.4855, 0.4613, 0.4604, 0.4833, 0.4833, 0.4896, 0.4888, 0.4788, 0.4736, 0.4816, 0.4732, 0.4925, 0.4957, 0.4407, 0.4499, 0.4691, 0.4874, 0.4779, 0.477, 0.4787, 0.4915, 0.4689, 0.4912, 0.4903, 0.4735, 0.495, 0.4828, 0.4785, 0.4872, 0.5044, 0.4778, 0.4878, 0.4895, 0.4841, 0.4881, 0.4971, 0.4901, 0.4674, 0.4832, 0.4843, 0.4877, 0.4956, 0.4759, 0.4824, 0.4902, 0.4781, 0.48, 0.4981, 0.4421, 0.5557, 0.5576, 0.5653, 0.5651, 0.5635, 0.5694, 0.5724, 0.5679, 0.5731, 0.5699]
