[2025/01/17 13:06:44] - Namespace(model='ResNet18', batch_size=128, data_dir='CIFAR10', epochs=110, lr_schedule='multistep', milestone1=100, milestone2=105, lr_min=0.0, lr_max=0.1, weight_decay=0.0005, momentum=0.9, seed=0, inner_gamma=0.15, outer_gamma=0.15, beta=0.6, lamda=0.65, batch_m=0.75, epsilon=8, alpha=8, delta_init='random', out_dir='TDAT_CIFAR10', out_path='TDAT', log='output.log')
[2025/01/17 13:06:58] - Epoch 	 Seconds 	 LR 	 Inner Loss 	 Train Loss 	 Train Acc 	 Test Loss 	 Test Acc 	 PGD Loss 	 PGD Acc
[2025/01/17 13:08:39] - 0 	 61.5 	 	 0.1000 	 2.1632 	 	 2.2774 	 0.1989 	 1.9044 	 	 0.3313 	 1.9513 	 0.2491
[2025/01/17 13:10:21] - 1 	 59.8 	 	 0.1000 	 1.9236 	 	 2.0627 	 0.2742 	 1.7814 	 	 0.3943 	 1.8530 	 0.2744
[2025/01/17 13:11:59] - 2 	 59.7 	 	 0.1000 	 1.8508 	 	 2.0113 	 0.3075 	 1.6660 	 	 0.4441 	 1.7520 	 0.2957
[2025/01/17 13:13:38] - 3 	 59.9 	 	 0.1000 	 1.7984 	 	 1.9736 	 0.3371 	 1.5858 	 	 0.4684 	 1.6971 	 0.3019
[2025/01/17 13:15:17] - 4 	 59.9 	 	 0.1000 	 1.7523 	 	 1.9395 	 0.3649 	 1.5409 	 	 0.4972 	 1.6587 	 0.3237
[2025/01/17 13:16:56] - 5 	 59.8 	 	 0.1000 	 1.7241 	 	 1.9178 	 0.3887 	 1.4784 	 	 0.5131 	 1.6193 	 0.3410
[2025/01/17 13:18:35] - 6 	 59.8 	 	 0.1000 	 1.6939 	 	 1.8933 	 0.4144 	 1.4212 	 	 0.5627 	 1.5769 	 0.3621
[2025/01/17 13:20:14] - 7 	 59.9 	 	 0.1000 	 1.6798 	 	 1.8785 	 0.4327 	 1.3565 	 	 0.6057 	 1.5378 	 0.3705
[2025/01/17 13:21:53] - 8 	 60.1 	 	 0.1000 	 1.6729 	 	 1.8698 	 0.4543 	 1.2841 	 	 0.6135 	 1.4796 	 0.3831
[2025/01/17 13:23:32] - 9 	 60.2 	 	 0.1000 	 1.6742 	 	 1.8668 	 0.4662 	 1.2818 	 	 0.6415 	 1.4820 	 0.3776
[2025/01/17 13:25:11] - 10 	 60.1 	 	 0.1000 	 1.6783 	 	 1.8654 	 0.4803 	 1.2616 	 	 0.6543 	 1.4683 	 0.3914
[2025/01/17 13:26:51] - 11 	 60.1 	 	 0.1000 	 1.6880 	 	 1.8684 	 0.4909 	 1.2775 	 	 0.6583 	 1.4898 	 0.3969
[2025/01/17 13:28:30] - 12 	 60.0 	 	 0.1000 	 1.7002 	 	 1.8731 	 0.4988 	 1.2363 	 	 0.6709 	 1.4555 	 0.4091
[2025/01/17 13:30:08] - 13 	 59.9 	 	 0.1000 	 1.7162 	 	 1.8817 	 0.5070 	 1.2926 	 	 0.6545 	 1.5033 	 0.4133
[2025/01/17 13:31:47] - 14 	 60.0 	 	 0.1000 	 1.7313 	 	 1.8899 	 0.5116 	 1.2914 	 	 0.6501 	 1.5007 	 0.4082
[2025/01/17 13:33:26] - 15 	 59.8 	 	 0.1000 	 1.7466 	 	 1.8980 	 0.5178 	 1.2566 	 	 0.6930 	 1.4718 	 0.4127
[2025/01/17 13:35:05] - 16 	 59.8 	 	 0.1000 	 1.7620 	 	 1.9063 	 0.5212 	 1.2971 	 	 0.6585 	 1.4955 	 0.3825
[2025/01/17 13:36:43] - 17 	 59.7 	 	 0.1000 	 1.7784 	 	 1.9161 	 0.5246 	 1.2953 	 	 0.6903 	 1.5110 	 0.4171
[2025/01/17 13:38:22] - 18 	 59.8 	 	 0.1000 	 1.7918 	 	 1.9226 	 0.5341 	 1.2828 	 	 0.6709 	 1.4939 	 0.4265
[2025/01/17 13:40:01] - 19 	 59.9 	 	 0.1000 	 1.8092 	 	 1.9337 	 0.5333 	 1.3321 	 	 0.6639 	 1.5320 	 0.4146
[2025/01/17 13:41:39] - 20 	 59.8 	 	 0.1000 	 1.8259 	 	 1.9436 	 0.5377 	 1.3133 	 	 0.6803 	 1.5246 	 0.4014
[2025/01/17 13:43:18] - 21 	 59.9 	 	 0.1000 	 1.8407 	 	 1.9526 	 0.5415 	 1.3422 	 	 0.6748 	 1.5586 	 0.4012
[2025/01/17 13:44:56] - 22 	 59.8 	 	 0.1000 	 1.8579 	 	 1.9634 	 0.5418 	 1.3244 	 	 0.6750 	 1.5337 	 0.4278
[2025/01/17 13:46:35] - 23 	 59.8 	 	 0.1000 	 1.8723 	 	 1.9727 	 0.5448 	 1.3265 	 	 0.6856 	 1.5278 	 0.4154
[2025/01/17 13:48:14] - 24 	 59.8 	 	 0.1000 	 1.8844 	 	 1.9783 	 0.5508 	 1.3110 	 	 0.7113 	 1.5282 	 0.4481
[2025/01/17 13:49:52] - 25 	 59.8 	 	 0.1000 	 1.8991 	 	 1.9885 	 0.5514 	 1.3541 	 	 0.7048 	 1.5653 	 0.4385
[2025/01/17 13:51:31] - 26 	 59.7 	 	 0.1000 	 1.9136 	 	 1.9975 	 0.5539 	 1.3405 	 	 0.7065 	 1.5555 	 0.4236
[2025/01/17 13:53:09] - 27 	 59.9 	 	 0.1000 	 1.9282 	 	 2.0076 	 0.5562 	 1.3803 	 	 0.6962 	 1.5813 	 0.4424
[2025/01/17 13:54:47] - 28 	 59.8 	 	 0.1000 	 1.9410 	 	 2.0158 	 0.5583 	 1.3806 	 	 0.6958 	 1.5860 	 0.4164
[2025/01/17 13:56:26] - 29 	 59.9 	 	 0.1000 	 1.9547 	 	 2.0243 	 0.5573 	 1.3724 	 	 0.7006 	 1.5719 	 0.4621
[2025/01/17 13:58:04] - 30 	 59.9 	 	 0.1000 	 1.9672 	 	 2.0326 	 0.5600 	 1.3636 	 	 0.7177 	 1.5620 	 0.4552
[2025/01/17 13:59:43] - 31 	 59.8 	 	 0.1000 	 1.9795 	 	 2.0407 	 0.5625 	 1.3916 	 	 0.7217 	 1.5965 	 0.4546
[2025/01/17 14:01:21] - 32 	 59.8 	 	 0.1000 	 1.9924 	 	 2.0492 	 0.5631 	 1.3550 	 	 0.7167 	 1.5703 	 0.4479
[2025/01/17 14:03:00] - 33 	 59.8 	 	 0.1000 	 2.0035 	 	 2.0566 	 0.5631 	 1.4179 	 	 0.7119 	 1.6120 	 0.4585
[2025/01/17 14:04:38] - 34 	 59.9 	 	 0.1000 	 2.0157 	 	 2.0648 	 0.5640 	 1.4290 	 	 0.7075 	 1.6246 	 0.4605
[2025/01/17 14:06:17] - 35 	 59.8 	 	 0.1000 	 2.0258 	 	 2.0713 	 0.5695 	 1.4021 	 	 0.7288 	 1.6010 	 0.4635
[2025/01/17 14:07:55] - 36 	 59.8 	 	 0.1000 	 2.0372 	 	 2.0793 	 0.5662 	 1.4529 	 	 0.6963 	 1.6329 	 0.4505
[2025/01/17 14:09:34] - 37 	 59.8 	 	 0.1000 	 2.0470 	 	 2.0856 	 0.5695 	 1.4214 	 	 0.7039 	 1.6144 	 0.4466
[2025/01/17 14:11:12] - 38 	 59.7 	 	 0.1000 	 2.0580 	 	 2.0932 	 0.5704 	 1.4316 	 	 0.7299 	 1.6285 	 0.4519
[2025/01/17 14:12:50] - 39 	 59.7 	 	 0.1000 	 2.0679 	 	 2.1002 	 0.5680 	 1.4544 	 	 0.7350 	 1.6447 	 0.4652
[2025/01/17 14:14:29] - 40 	 59.8 	 	 0.1000 	 2.0778 	 	 2.1069 	 0.5696 	 1.4510 	 	 0.7143 	 1.6398 	 0.4614
[2025/01/17 14:16:07] - 41 	 59.7 	 	 0.1000 	 2.0875 	 	 2.1137 	 0.5708 	 1.4697 	 	 0.6973 	 1.6545 	 0.4545
[2025/01/17 14:17:46] - 42 	 60.1 	 	 0.1000 	 2.0962 	 	 2.1194 	 0.5714 	 1.5025 	 	 0.7150 	 1.6905 	 0.4559
[2025/01/17 14:19:24] - 43 	 59.8 	 	 0.1000 	 2.1054 	 	 2.1258 	 0.5708 	 1.4950 	 	 0.7367 	 1.6851 	 0.4740
[2025/01/17 14:21:03] - 44 	 59.9 	 	 0.1000 	 2.1130 	 	 2.1311 	 0.5756 	 1.4987 	 	 0.7173 	 1.6729 	 0.4687
[2025/01/17 14:22:42] - 45 	 60.2 	 	 0.1000 	 2.1224 	 	 2.1382 	 0.5712 	 1.5137 	 	 0.7328 	 1.7031 	 0.4704
[2025/01/17 14:24:21] - 46 	 59.9 	 	 0.1000 	 2.1303 	 	 2.1434 	 0.5747 	 1.4962 	 	 0.7255 	 1.6800 	 0.4654
[2025/01/17 14:25:59] - 47 	 59.9 	 	 0.1000 	 2.1379 	 	 2.1486 	 0.5754 	 1.5172 	 	 0.7203 	 1.6896 	 0.4658
[2025/01/17 14:27:39] - 48 	 60.3 	 	 0.1000 	 2.1455 	 	 2.1540 	 0.5753 	 1.5361 	 	 0.7288 	 1.7088 	 0.4685
[2025/01/17 14:29:18] - 49 	 60.2 	 	 0.1000 	 2.1530 	 	 2.1594 	 0.5776 	 1.5434 	 	 0.7101 	 1.7154 	 0.4646
[2025/01/17 14:30:57] - 50 	 60.2 	 	 0.1000 	 2.1599 	 	 2.1641 	 0.5791 	 1.5525 	 	 0.7378 	 1.7285 	 0.4757
[2025/01/17 14:32:36] - 51 	 60.3 	 	 0.1000 	 2.1669 	 	 2.1694 	 0.5778 	 1.5845 	 	 0.7333 	 1.7422 	 0.4858
[2025/01/17 14:34:15] - 52 	 60.3 	 	 0.1000 	 2.1739 	 	 2.1744 	 0.5788 	 1.5929 	 	 0.7246 	 1.7590 	 0.4592
[2025/01/17 14:35:54] - 53 	 60.2 	 	 0.1000 	 2.1801 	 	 2.1786 	 0.5772 	 1.5843 	 	 0.7305 	 1.7572 	 0.4664
[2025/01/17 14:37:33] - 54 	 60.4 	 	 0.1000 	 2.1863 	 	 2.1831 	 0.5802 	 1.5870 	 	 0.7307 	 1.7563 	 0.4680
[2025/01/17 14:39:12] - 55 	 60.3 	 	 0.1000 	 2.1927 	 	 2.1880 	 0.5794 	 1.6305 	 	 0.7445 	 1.8003 	 0.4892
[2025/01/17 14:40:52] - 56 	 60.4 	 	 0.1000 	 2.1986 	 	 2.1920 	 0.5796 	 1.6259 	 	 0.7345 	 1.7836 	 0.4850
[2025/01/17 14:42:31] - 57 	 60.3 	 	 0.1000 	 2.2042 	 	 2.1962 	 0.5810 	 1.6557 	 	 0.7387 	 1.8145 	 0.4791
[2025/01/17 14:44:10] - 58 	 60.4 	 	 0.1000 	 2.2097 	 	 2.2002 	 0.5833 	 1.6645 	 	 0.7372 	 1.8258 	 0.4680
[2025/01/17 14:45:49] - 59 	 60.4 	 	 0.1000 	 2.2152 	 	 2.2044 	 0.5846 	 1.6673 	 	 0.7406 	 1.8236 	 0.4791
[2025/01/17 14:47:28] - 60 	 60.5 	 	 0.1000 	 2.2203 	 	 2.2080 	 0.5846 	 1.6735 	 	 0.7389 	 1.8333 	 0.4782
[2025/01/17 14:49:07] - 61 	 60.2 	 	 0.1000 	 2.2253 	 	 2.2122 	 0.5858 	 1.6838 	 	 0.7142 	 1.8312 	 0.4631
[2025/01/17 14:50:46] - 62 	 60.3 	 	 0.1000 	 2.2306 	 	 2.2161 	 0.5846 	 1.6777 	 	 0.7381 	 1.8271 	 0.4878
[2025/01/17 14:52:25] - 63 	 60.2 	 	 0.1000 	 2.2351 	 	 2.2194 	 0.5868 	 1.7244 	 	 0.7454 	 1.8676 	 0.4906
[2025/01/17 14:54:04] - 64 	 60.1 	 	 0.1000 	 2.2398 	 	 2.2230 	 0.5851 	 1.7091 	 	 0.7070 	 1.8519 	 0.4296
[2025/01/17 14:55:43] - 65 	 60.1 	 	 0.1000 	 2.2443 	 	 2.2268 	 0.5857 	 1.7147 	 	 0.7155 	 1.8552 	 0.4616
[2025/01/17 14:57:22] - 66 	 60.2 	 	 0.1000 	 2.2484 	 	 2.2297 	 0.5859 	 1.7353 	 	 0.7149 	 1.8748 	 0.4597
[2025/01/17 14:59:00] - 67 	 60.2 	 	 0.1000 	 2.2525 	 	 2.2329 	 0.5879 	 1.7545 	 	 0.7372 	 1.8910 	 0.4842
[2025/01/17 15:00:39] - 68 	 60.1 	 	 0.1000 	 2.2565 	 	 2.2363 	 0.5882 	 1.7497 	 	 0.7315 	 1.8847 	 0.4809
[2025/01/17 15:02:18] - 69 	 60.3 	 	 0.1000 	 2.2603 	 	 2.2392 	 0.5884 	 1.7488 	 	 0.7371 	 1.8808 	 0.4767
[2025/01/17 15:03:57] - 70 	 60.1 	 	 0.1000 	 2.2641 	 	 2.2425 	 0.5873 	 1.7865 	 	 0.7138 	 1.9166 	 0.4671
[2025/01/17 15:05:36] - 71 	 60.2 	 	 0.1000 	 2.2677 	 	 2.2454 	 0.5884 	 1.7713 	 	 0.7553 	 1.9090 	 0.4853
[2025/01/17 15:07:16] - 72 	 60.5 	 	 0.1000 	 2.2710 	 	 2.2478 	 0.5895 	 1.7993 	 	 0.7340 	 1.9292 	 0.4812
[2025/01/17 15:08:54] - 73 	 60.2 	 	 0.1000 	 2.2743 	 	 2.2509 	 0.5896 	 1.8120 	 	 0.7333 	 1.9411 	 0.4739
[2025/01/17 15:10:33] - 74 	 60.2 	 	 0.1000 	 2.2775 	 	 2.2532 	 0.5920 	 1.8179 	 	 0.7211 	 1.9404 	 0.4762
[2025/01/17 15:12:12] - 75 	 60.1 	 	 0.1000 	 2.2805 	 	 2.2560 	 0.5902 	 1.8320 	 	 0.7383 	 1.9458 	 0.4636
[2025/01/17 15:13:51] - 76 	 60.1 	 	 0.1000 	 2.2834 	 	 2.2582 	 0.5934 	 1.8384 	 	 0.7462 	 1.9504 	 0.4854
[2025/01/17 15:15:30] - 77 	 60.1 	 	 0.1000 	 2.2861 	 	 2.2606 	 0.5930 	 1.8320 	 	 0.7420 	 1.9521 	 0.4804
[2025/01/17 15:17:09] - 78 	 60.2 	 	 0.1000 	 2.2887 	 	 2.2629 	 0.5931 	 1.8585 	 	 0.7484 	 1.9691 	 0.4776
[2025/01/17 15:18:48] - 79 	 60.1 	 	 0.1000 	 2.2912 	 	 2.2649 	 0.5967 	 1.8668 	 	 0.7383 	 1.9780 	 0.4755
[2025/01/17 15:20:26] - 80 	 60.2 	 	 0.1000 	 2.2936 	 	 2.2672 	 0.5953 	 1.8767 	 	 0.7294 	 1.9852 	 0.4856
[2025/01/17 15:22:05] - 81 	 60.1 	 	 0.1000 	 2.2959 	 	 2.2691 	 0.5961 	 1.8832 	 	 0.7270 	 1.9882 	 0.4733
[2025/01/17 15:23:44] - 82 	 60.2 	 	 0.1000 	 2.2981 	 	 2.2710 	 0.5964 	 1.9048 	 	 0.7272 	 2.0087 	 0.4652
[2025/01/17 15:25:23] - 83 	 60.2 	 	 0.1000 	 2.3001 	 	 2.2727 	 0.5964 	 1.9164 	 	 0.7469 	 2.0194 	 0.5002
[2025/01/17 15:27:03] - 84 	 60.3 	 	 0.1000 	 2.3002 	 	 2.2733 	 0.5915 	 1.9606 	 	 0.7217 	 2.0558 	 0.4850
[2025/01/17 15:28:41] - 85 	 60.2 	 	 0.1000 	 2.3001 	 	 2.2737 	 0.5874 	 1.9047 	 	 0.7580 	 2.0188 	 0.4880
[2025/01/17 15:30:20] - 86 	 60.1 	 	 0.1000 	 2.3001 	 	 2.2738 	 0.5890 	 1.9186 	 	 0.7230 	 2.0222 	 0.4902
[2025/01/17 15:32:00] - 87 	 60.3 	 	 0.1000 	 2.3002 	 	 2.2738 	 0.5861 	 1.9234 	 	 0.7424 	 2.0246 	 0.4828
[2025/01/17 15:33:39] - 88 	 60.2 	 	 0.1000 	 2.3002 	 	 2.2740 	 0.5858 	 1.9275 	 	 0.7155 	 2.0274 	 0.4657
[2025/01/17 15:35:17] - 89 	 60.1 	 	 0.1000 	 2.3001 	 	 2.2742 	 0.5826 	 1.9371 	 	 0.7049 	 2.0308 	 0.4739
[2025/01/17 15:36:56] - 90 	 60.2 	 	 0.1000 	 2.3002 	 	 2.2742 	 0.5822 	 1.9238 	 	 0.7357 	 2.0232 	 0.4821
[2025/01/17 15:38:35] - 91 	 60.2 	 	 0.1000 	 2.3001 	 	 2.2743 	 0.5819 	 1.9407 	 	 0.7274 	 2.0396 	 0.4715
[2025/01/17 15:40:14] - 92 	 60.2 	 	 0.1000 	 2.3002 	 	 2.2744 	 0.5786 	 1.9361 	 	 0.7076 	 2.0364 	 0.4666
[2025/01/17 15:41:53] - 93 	 60.1 	 	 0.1000 	 2.3001 	 	 2.2745 	 0.5787 	 1.9298 	 	 0.7398 	 2.0293 	 0.4887
[2025/01/17 15:43:32] - 94 	 60.1 	 	 0.1000 	 2.3002 	 	 2.2744 	 0.5799 	 1.9318 	 	 0.7108 	 2.0256 	 0.4834
[2025/01/17 15:45:11] - 95 	 60.2 	 	 0.1000 	 2.3002 	 	 2.2744 	 0.5803 	 1.9317 	 	 0.7142 	 2.0237 	 0.4706
[2025/01/17 15:46:50] - 96 	 60.2 	 	 0.1000 	 2.3002 	 	 2.2744 	 0.5798 	 1.9181 	 	 0.7445 	 2.0246 	 0.4841
[2025/01/17 15:48:29] - 97 	 60.3 	 	 0.1000 	 2.3001 	 	 2.2745 	 0.5797 	 1.9246 	 	 0.7266 	 2.0188 	 0.4756
[2025/01/17 15:50:08] - 98 	 60.4 	 	 0.1000 	 2.3002 	 	 2.2746 	 0.5802 	 1.9112 	 	 0.7385 	 2.0165 	 0.4722
[2025/01/17 15:51:47] - 99 	 60.1 	 	 0.1000 	 2.3001 	 	 2.2745 	 0.5794 	 1.9223 	 	 0.7226 	 2.0209 	 0.4572
[2025/01/17 15:53:25] - 100 	 60.2 	 	 0.0100 	 2.3000 	 	 2.2709 	 0.6211 	 1.8718 	 	 0.7928 	 1.9821 	 0.5522
[2025/01/17 15:55:05] - 101 	 60.2 	 	 0.0100 	 2.3003 	 	 2.2669 	 0.6672 	 1.8492 	 	 0.8058 	 1.9670 	 0.5527
[2025/01/17 15:56:44] - 102 	 60.1 	 	 0.0100 	 2.3006 	 	 2.2656 	 0.6788 	 1.8492 	 	 0.8049 	 1.9661 	 0.5648
[2025/01/17 15:58:23] - 103 	 60.1 	 	 0.0100 	 2.3008 	 	 2.2650 	 0.6833 	 1.8452 	 	 0.8043 	 1.9651 	 0.5621
[2025/01/17 16:00:01] - 104 	 60.0 	 	 0.0100 	 2.3009 	 	 2.2645 	 0.6875 	 1.8342 	 	 0.8161 	 1.9585 	 0.5600
[2025/01/17 16:01:40] - 105 	 60.1 	 	 0.0010 	 2.3009 	 	 2.2634 	 0.7025 	 1.8283 	 	 0.8187 	 1.9534 	 0.5695
[2025/01/17 16:03:19] - 106 	 60.3 	 	 0.0010 	 2.3009 	 	 2.2628 	 0.7076 	 1.8272 	 	 0.8221 	 1.9532 	 0.5694
[2025/01/17 16:04:58] - 107 	 60.0 	 	 0.0010 	 2.3009 	 	 2.2624 	 0.7100 	 1.8246 	 	 0.8213 	 1.9514 	 0.5693
[2025/01/17 16:06:37] - 108 	 60.2 	 	 0.0010 	 2.3010 	 	 2.2624 	 0.7125 	 1.8245 	 	 0.8202 	 1.9512 	 0.5695
[2025/01/17 16:08:16] - 109 	 60.1 	 	 0.0010 	 2.3010 	 	 2.2622 	 0.7136 	 1.8185 	 	 0.8219 	 1.9467 	 0.5705
[2025/01/17 16:08:19] - [0.3313, 0.3943, 0.4441, 0.4684, 0.4972, 0.5131, 0.5627, 0.6057, 0.6135, 0.6415, 0.6543, 0.6583, 0.6709, 0.6545, 0.6501, 0.693, 0.6585, 0.6903, 0.6709, 0.6639, 0.6803, 0.6748, 0.675, 0.6856, 0.7113, 0.7048, 0.7065, 0.6962, 0.6958, 0.7006, 0.7177, 0.7217, 0.7167, 0.7119, 0.7075, 0.7288, 0.6963, 0.7039, 0.7299, 0.735, 0.7143, 0.6973, 0.715, 0.7367, 0.7173, 0.7328, 0.7255, 0.7203, 0.7288, 0.7101, 0.7378, 0.7333, 0.7246, 0.7305, 0.7307, 0.7445, 0.7345, 0.7387, 0.7372, 0.7406, 0.7389, 0.7142, 0.7381, 0.7454, 0.707, 0.7155, 0.7149, 0.7372, 0.7315, 0.7371, 0.7138, 0.7553, 0.734, 0.7333, 0.7211, 0.7383, 0.7462, 0.742, 0.7484, 0.7383, 0.7294, 0.727, 0.7272, 0.7469, 0.7217, 0.758, 0.723, 0.7424, 0.7155, 0.7049, 0.7357, 0.7274, 0.7076, 0.7398, 0.7108, 0.7142, 0.7445, 0.7266, 0.7385, 0.7226, 0.7928, 0.8058, 0.8049, 0.8043, 0.8161, 0.8187, 0.8221, 0.8213, 0.8202, 0.8219]
[2025/01/17 16:08:19] - [0.2491, 0.2744, 0.2957, 0.3019, 0.3237, 0.341, 0.3621, 0.3705, 0.3831, 0.3776, 0.3914, 0.3969, 0.4091, 0.4133, 0.4082, 0.4127, 0.3825, 0.4171, 0.4265, 0.4146, 0.4014, 0.4012, 0.4278, 0.4154, 0.4481, 0.4385, 0.4236, 0.4424, 0.4164, 0.4621, 0.4552, 0.4546, 0.4479, 0.4585, 0.4605, 0.4635, 0.4505, 0.4466, 0.4519, 0.4652, 0.4614, 0.4545, 0.4559, 0.474, 0.4687, 0.4704, 0.4654, 0.4658, 0.4685, 0.4646, 0.4757, 0.4858, 0.4592, 0.4664, 0.468, 0.4892, 0.485, 0.4791, 0.468, 0.4791, 0.4782, 0.4631, 0.4878, 0.4906, 0.4296, 0.4616, 0.4597, 0.4842, 0.4809, 0.4767, 0.4671, 0.4853, 0.4812, 0.4739, 0.4762, 0.4636, 0.4854, 0.4804, 0.4776, 0.4755, 0.4856, 0.4733, 0.4652, 0.5002, 0.485, 0.488, 0.4902, 0.4828, 0.4657, 0.4739, 0.4821, 0.4715, 0.4666, 0.4887, 0.4834, 0.4706, 0.4841, 0.4756, 0.4722, 0.4572, 0.5522, 0.5527, 0.5648, 0.5621, 0.56, 0.5695, 0.5694, 0.5693, 0.5695, 0.5705]
