[2025/01/20 11:28:23] - Namespace(model='ResNet18', batch_size=128, data_dir='CIFAR10', epochs=110, lr_schedule='multistep', milestone1=100, milestone2=105, lr_min=0.0, lr_max=0.1, weight_decay=0.0005, momentum=0.9, seed=0, factor=0.5, inner_gamma=0.15, outer_gamma=0.15, beta=0.6, lamda=0.65, batch_m=0.75, eta=0.75, epochs_reset=10, momentum_decay=0.3, EMA_value=0.82, epsilon=8, alpha=8, delta_init='random', out_dir='TDAT_CIFAR10', out_path='WMEP_Ltd_COLA', log='output.log')
[2025/01/20 11:29:04] - Epoch 	 Seconds 	 LR 	 	 Update 	 Gamma 	 	 Inner Loss 	 Train Loss 	 Train Acc
[2025/01/20 11:29:04] - 0 	 23.5 	 	 0.1000 	 0.3248  	 0.5000 	 2.2641 	 2.1733 	 0.2131
[2025/01/20 11:29:21] - Test Loss 	 Test Acc 	 PGD Loss 	 PGD Acc
[2025/01/20 11:29:21] - 1.9782 	 	 0.3715 	 2.0188 	 0.2631
[2025/01/20 11:29:44] - Epoch 	 Seconds 	 LR 	 	 Update 	 Gamma 	 	 Inner Loss 	 Train Loss 	 Train Acc
[2025/01/20 11:29:44] - 1 	 22.4 	 	 0.1000 	 0.6829  	 0.5000 	 2.2192 	 2.1047 	 0.2596
[2025/01/20 11:30:01] - Test Loss 	 Test Acc 	 PGD Loss 	 PGD Acc
[2025/01/20 11:30:01] - 1.9911 	 	 0.3988 	 2.0268 	 0.2970
[2025/01/20 11:30:22] - Epoch 	 Seconds 	 LR 	 	 Update 	 Gamma 	 	 Inner Loss 	 Train Loss 	 Train Acc
[2025/01/20 11:30:22] - 2 	 21.3 	 	 0.1000 	 0.4271  	 0.5000 	 2.2033 	 2.0645 	 0.2917
[2025/01/20 11:30:39] - Test Loss 	 Test Acc 	 PGD Loss 	 PGD Acc
[2025/01/20 11:30:39] - 1.9121 	 	 0.4435 	 1.9635 	 0.3186
[2025/01/20 11:31:01] - Epoch 	 Seconds 	 LR 	 	 Update 	 Gamma 	 	 Inner Loss 	 Train Loss 	 Train Acc
[2025/01/20 11:31:01] - 3 	 21.5 	 	 0.1000 	 0.4859  	 0.5000 	 2.1858 	 2.0391 	 0.3172
[2025/01/20 11:31:18] - Test Loss 	 Test Acc 	 PGD Loss 	 PGD Acc
[2025/01/20 11:31:18] - 1.8727 	 	 0.4781 	 1.9329 	 0.3429
[2025/01/20 11:31:40] - Epoch 	 Seconds 	 LR 	 	 Update 	 Gamma 	 	 Inner Loss 	 Train Loss 	 Train Acc
[2025/01/20 11:31:40] - 4 	 21.8 	 	 0.1000 	 0.5729  	 0.5000 	 2.1670 	 2.0096 	 0.3468
[2025/01/20 11:31:57] - Test Loss 	 Test Acc 	 PGD Loss 	 PGD Acc
[2025/01/20 11:31:57] - 1.8184 	 	 0.5227 	 1.8931 	 0.3614
[2025/01/20 11:32:19] - Epoch 	 Seconds 	 LR 	 	 Update 	 Gamma 	 	 Inner Loss 	 Train Loss 	 Train Acc
[2025/01/20 11:32:19] - 5 	 22.5 	 	 0.1000 	 0.6982  	 0.5000 	 2.1488 	 1.9846 	 0.3705
[2025/01/20 11:32:36] - Test Loss 	 Test Acc 	 PGD Loss 	 PGD Acc
[2025/01/20 11:32:36] - 1.7681 	 	 0.5612 	 1.8582 	 0.3864
[2025/01/20 11:32:59] - Epoch 	 Seconds 	 LR 	 	 Update 	 Gamma 	 	 Inner Loss 	 Train Loss 	 Train Acc
[2025/01/20 11:32:59] - 6 	 22.6 	 	 0.1000 	 0.7494  	 0.5000 	 2.1311 	 1.9586 	 0.3972
[2025/01/20 11:33:16] - Test Loss 	 Test Acc 	 PGD Loss 	 PGD Acc
[2025/01/20 11:33:16] - 1.7304 	 	 0.5905 	 1.8332 	 0.4065
[2025/01/20 11:33:39] - Epoch 	 Seconds 	 LR 	 	 Update 	 Gamma 	 	 Inner Loss 	 Train Loss 	 Train Acc
[2025/01/20 11:33:39] - 7 	 22.7 	 	 0.1000 	 0.7775  	 0.5000 	 2.1156 	 1.9353 	 0.4215
[2025/01/20 11:33:56] - Test Loss 	 Test Acc 	 PGD Loss 	 PGD Acc
[2025/01/20 11:33:56] - 1.6959 	 	 0.6196 	 1.8096 	 0.4239
[2025/01/20 11:34:18] - Epoch 	 Seconds 	 LR 	 	 Update 	 Gamma 	 	 Inner Loss 	 Train Loss 	 Train Acc
[2025/01/20 11:34:18] - 8 	 22.6 	 	 0.1000 	 0.7647  	 0.5000 	 2.1015 	 1.9137 	 0.4428
[2025/01/20 11:34:36] - Test Loss 	 Test Acc 	 PGD Loss 	 PGD Acc
[2025/01/20 11:34:36] - 1.6791 	 	 0.6338 	 1.7989 	 0.4416
[2025/01/20 11:34:59] - Epoch 	 Seconds 	 LR 	 	 Update 	 Gamma 	 	 Inner Loss 	 Train Loss 	 Train Acc
[2025/01/20 11:34:59] - 9 	 22.9 	 	 0.1000 	 0.8286  	 0.5000 	 2.0912 	 1.8988 	 0.4570
[2025/01/20 11:35:15] - Test Loss 	 Test Acc 	 PGD Loss 	 PGD Acc
[2025/01/20 11:35:15] - 1.6710 	 	 0.6478 	 1.7957 	 0.4500
[2025/01/20 11:35:40] - Epoch 	 Seconds 	 LR 	 	 Update 	 Gamma 	 	 Inner Loss 	 Train Loss 	 Train Acc
[2025/01/20 11:35:40] - 10 	 24.3 	 	 0.1000 	 0.7621  	 0.5000 	 2.0468 	 1.8272 	 0.5272
[2025/01/20 11:35:57] - Test Loss 	 Test Acc 	 PGD Loss 	 PGD Acc
[2025/01/20 11:35:57] - 1.6240 	 	 0.6686 	 1.7659 	 0.4560
[2025/01/20 11:36:20] - Epoch 	 Seconds 	 LR 	 	 Update 	 Gamma 	 	 Inner Loss 	 Train Loss 	 Train Acc
[2025/01/20 11:36:20] - 11 	 23.4 	 	 0.1000 	 0.9642  	 0.5000 	 2.0784 	 1.9008 	 0.4642
[2025/01/20 11:36:37] - Test Loss 	 Test Acc 	 PGD Loss 	 PGD Acc
[2025/01/20 11:36:37] - 1.6886 	 	 0.6548 	 1.8088 	 0.4722
[2025/01/20 11:37:00] - Epoch 	 Seconds 	 LR 	 	 Update 	 Gamma 	 	 Inner Loss 	 Train Loss 	 Train Acc
[2025/01/20 11:37:00] - 12 	 22.7 	 	 0.1000 	 0.8056  	 0.5000 	 2.0621 	 1.8532 	 0.5017
[2025/01/20 11:37:17] - Test Loss 	 Test Acc 	 PGD Loss 	 PGD Acc
[2025/01/20 11:37:17] - 1.6719 	 	 0.6649 	 1.7981 	 0.4759
[2025/01/20 11:37:40] - Epoch 	 Seconds 	 LR 	 	 Update 	 Gamma 	 	 Inner Loss 	 Train Loss 	 Train Acc
[2025/01/20 11:37:40] - 13 	 22.9 	 	 0.1000 	 0.8159  	 0.5000 	 2.0636 	 1.8584 	 0.4986
[2025/01/20 11:37:57] - Test Loss 	 Test Acc 	 PGD Loss 	 PGD Acc
[2025/01/20 11:37:57] - 1.6484 	 	 0.6750 	 1.7798 	 0.4830
[2025/01/20 11:38:20] - Epoch 	 Seconds 	 LR 	 	 Update 	 Gamma 	 	 Inner Loss 	 Train Loss 	 Train Acc
[2025/01/20 11:38:20] - 14 	 22.9 	 	 0.1000 	 0.8031  	 0.5000 	 2.0591 	 1.8502 	 0.5048
[2025/01/20 11:38:37] - Test Loss 	 Test Acc 	 PGD Loss 	 PGD Acc
[2025/01/20 11:38:37] - 1.6080 	 	 0.6919 	 1.7489 	 0.4918
[2025/01/20 11:39:00] - Epoch 	 Seconds 	 LR 	 	 Update 	 Gamma 	 	 Inner Loss 	 Train Loss 	 Train Acc
[2025/01/20 11:39:00] - 15 	 22.7 	 	 0.1000 	 0.7698  	 0.5000 	 2.0553 	 1.8428 	 0.5133
[2025/01/20 11:39:17] - Test Loss 	 Test Acc 	 PGD Loss 	 PGD Acc
[2025/01/20 11:39:17] - 1.5687 	 	 0.7058 	 1.7185 	 0.5029
[2025/01/20 11:39:40] - Epoch 	 Seconds 	 LR 	 	 Update 	 Gamma 	 	 Inner Loss 	 Train Loss 	 Train Acc
[2025/01/20 11:39:40] - 16 	 22.8 	 	 0.1000 	 0.8005  	 0.5000 	 2.0532 	 1.8400 	 0.5154
[2025/01/20 11:39:57] - Test Loss 	 Test Acc 	 PGD Loss 	 PGD Acc
[2025/01/20 11:39:57] - 1.5286 	 	 0.7153 	 1.6869 	 0.5074
[2025/01/20 11:40:20] - Epoch 	 Seconds 	 LR 	 	 Update 	 Gamma 	 	 Inner Loss 	 Train Loss 	 Train Acc
[2025/01/20 11:40:20] - 17 	 22.7 	 	 0.1000 	 0.7826  	 0.5000 	 2.0491 	 1.8331 	 0.5226
[2025/01/20 11:40:37] - Test Loss 	 Test Acc 	 PGD Loss 	 PGD Acc
[2025/01/20 11:40:37] - 1.4920 	 	 0.7238 	 1.6577 	 0.5098
[2025/01/20 11:41:00] - Epoch 	 Seconds 	 LR 	 	 Update 	 Gamma 	 	 Inner Loss 	 Train Loss 	 Train Acc
[2025/01/20 11:41:00] - 18 	 22.7 	 	 0.1000 	 0.7877  	 0.5000 	 2.0465 	 1.8299 	 0.5246
[2025/01/20 11:41:17] - Test Loss 	 Test Acc 	 PGD Loss 	 PGD Acc
[2025/01/20 11:41:17] - 1.4655 	 	 0.7309 	 1.6370 	 0.5148
[2025/01/20 11:41:40] - Epoch 	 Seconds 	 LR 	 	 Update 	 Gamma 	 	 Inner Loss 	 Train Loss 	 Train Acc
[2025/01/20 11:41:40] - 19 	 22.7 	 	 0.1000 	 0.7903  	 0.5000 	 2.0446 	 1.8263 	 0.5280
[2025/01/20 11:41:57] - Test Loss 	 Test Acc 	 PGD Loss 	 PGD Acc
[2025/01/20 11:41:57] - 1.4480 	 	 0.7374 	 1.6234 	 0.5162
[2025/01/20 11:42:21] - Epoch 	 Seconds 	 LR 	 	 Update 	 Gamma 	 	 Inner Loss 	 Train Loss 	 Train Acc
[2025/01/20 11:42:21] - 20 	 23.9 	 	 0.1000 	 0.6266  	 0.5000 	 2.0100 	 1.7637 	 0.5891
[2025/01/20 11:42:38] - Test Loss 	 Test Acc 	 PGD Loss 	 PGD Acc
[2025/01/20 11:42:38] - 1.4140 	 	 0.7477 	 1.5997 	 0.5147
[2025/01/20 11:43:01] - Epoch 	 Seconds 	 LR 	 	 Update 	 Gamma 	 	 Inner Loss 	 Train Loss 	 Train Acc
[2025/01/20 11:43:01] - 21 	 23.3 	 	 0.1000 	 0.9335  	 0.5000 	 2.0465 	 1.8499 	 0.5154
[2025/01/20 11:43:18] - Test Loss 	 Test Acc 	 PGD Loss 	 PGD Acc
[2025/01/20 11:43:18] - 1.4462 	 	 0.7401 	 1.6215 	 0.5221
[2025/01/20 11:43:40] - Epoch 	 Seconds 	 LR 	 	 Update 	 Gamma 	 	 Inner Loss 	 Train Loss 	 Train Acc
[2025/01/20 11:43:40] - 22 	 22.4 	 	 0.1000 	 0.7008  	 0.5000 	 2.0325 	 1.8044 	 0.5499
[2025/01/20 11:43:57] - Test Loss 	 Test Acc 	 PGD Loss 	 PGD Acc
[2025/01/20 11:43:57] - 1.4275 	 	 0.7443 	 1.6077 	 0.5246
[2025/01/20 11:44:20] - Epoch 	 Seconds 	 LR 	 	 Update 	 Gamma 	 	 Inner Loss 	 Train Loss 	 Train Acc
[2025/01/20 11:44:20] - 23 	 22.7 	 	 0.1000 	 0.7903  	 0.5000 	 2.0364 	 1.8146 	 0.5422
[2025/01/20 11:44:37] - Test Loss 	 Test Acc 	 PGD Loss 	 PGD Acc
[2025/01/20 11:44:37] - 1.4190 	 	 0.7455 	 1.6010 	 0.5245
[2025/01/20 11:45:00] - Epoch 	 Seconds 	 LR 	 	 Update 	 Gamma 	 	 Inner Loss 	 Train Loss 	 Train Acc
[2025/01/20 11:45:00] - 24 	 22.6 	 	 0.1000 	 0.7673  	 0.5000 	 2.0345 	 1.8108 	 0.5427
[2025/01/20 11:45:17] - Test Loss 	 Test Acc 	 PGD Loss 	 PGD Acc
[2025/01/20 11:45:17] - 1.4104 	 	 0.7498 	 1.5940 	 0.5277
[2025/01/20 11:45:40] - Epoch 	 Seconds 	 LR 	 	 Update 	 Gamma 	 	 Inner Loss 	 Train Loss 	 Train Acc
[2025/01/20 11:45:40] - 25 	 22.7 	 	 0.1000 	 0.7519  	 0.5000 	 2.0333 	 1.8074 	 0.5475
[2025/01/20 11:45:57] - Test Loss 	 Test Acc 	 PGD Loss 	 PGD Acc
[2025/01/20 11:45:57] - 1.4043 	 	 0.7518 	 1.5895 	 0.5294
[2025/01/20 11:46:19] - Epoch 	 Seconds 	 LR 	 	 Update 	 Gamma 	 	 Inner Loss 	 Train Loss 	 Train Acc
[2025/01/20 11:46:19] - 26 	 22.5 	 	 0.1000 	 0.7442  	 0.5000 	 2.0315 	 1.8046 	 0.5500
[2025/01/20 11:46:36] - Test Loss 	 Test Acc 	 PGD Loss 	 PGD Acc
[2025/01/20 11:46:36] - 1.3981 	 	 0.7549 	 1.5847 	 0.5305
[2025/01/20 11:46:59] - Epoch 	 Seconds 	 LR 	 	 Update 	 Gamma 	 	 Inner Loss 	 Train Loss 	 Train Acc
[2025/01/20 11:46:59] - 27 	 22.5 	 	 0.1000 	 0.7161  	 0.5000 	 2.0309 	 1.8033 	 0.5517
[2025/01/20 11:47:16] - Test Loss 	 Test Acc 	 PGD Loss 	 PGD Acc
[2025/01/20 11:47:16] - 1.3940 	 	 0.7579 	 1.5815 	 0.5320
[2025/01/20 11:47:38] - Epoch 	 Seconds 	 LR 	 	 Update 	 Gamma 	 	 Inner Loss 	 Train Loss 	 Train Acc
[2025/01/20 11:47:38] - 28 	 22.4 	 	 0.1000 	 0.7340  	 0.5000 	 2.0288 	 1.8001 	 0.5546
[2025/01/20 11:47:55] - Test Loss 	 Test Acc 	 PGD Loss 	 PGD Acc
[2025/01/20 11:47:55] - 1.3900 	 	 0.7586 	 1.5786 	 0.5358
[2025/01/20 11:48:18] - Epoch 	 Seconds 	 LR 	 	 Update 	 Gamma 	 	 Inner Loss 	 Train Loss 	 Train Acc
[2025/01/20 11:48:18] - 29 	 22.6 	 	 0.1000 	 0.7570  	 0.5000 	 2.0287 	 1.8009 	 0.5526
[2025/01/20 11:48:35] - Test Loss 	 Test Acc 	 PGD Loss 	 PGD Acc
[2025/01/20 11:48:35] - 1.3872 	 	 0.7587 	 1.5765 	 0.5371
[2025/01/20 11:48:59] - Epoch 	 Seconds 	 LR 	 	 Update 	 Gamma 	 	 Inner Loss 	 Train Loss 	 Train Acc
[2025/01/20 11:48:59] - 30 	 23.6 	 	 0.1000 	 0.5575  	 0.5000 	 1.9956 	 1.7393 	 0.6112
[2025/01/20 11:49:16] - Test Loss 	 Test Acc 	 PGD Loss 	 PGD Acc
[2025/01/20 11:49:16] - 1.3690 	 	 0.7642 	 1.5635 	 0.5347
[2025/01/20 11:49:39] - Epoch 	 Seconds 	 LR 	 	 Update 	 Gamma 	 	 Inner Loss 	 Train Loss 	 Train Acc
[2025/01/20 11:49:39] - 31 	 23.3 	 	 0.1000 	 0.9361  	 0.5000 	 2.0346 	 1.8284 	 0.5362
[2025/01/20 11:49:56] - Test Loss 	 Test Acc 	 PGD Loss 	 PGD Acc
[2025/01/20 11:49:56] - 1.3973 	 	 0.7610 	 1.5839 	 0.5390
[2025/01/20 11:50:18] - Epoch 	 Seconds 	 LR 	 	 Update 	 Gamma 	 	 Inner Loss 	 Train Loss 	 Train Acc
[2025/01/20 11:50:18] - 32 	 22.2 	 	 0.1000 	 0.6701  	 0.5000 	 2.0200 	 1.7823 	 0.5725
[2025/01/20 11:50:35] - Test Loss 	 Test Acc 	 PGD Loss 	 PGD Acc
[2025/01/20 11:50:35] - 1.3896 	 	 0.7610 	 1.5778 	 0.5386
[2025/01/20 11:50:58] - Epoch 	 Seconds 	 LR 	 	 Update 	 Gamma 	 	 Inner Loss 	 Train Loss 	 Train Acc
[2025/01/20 11:50:58] - 33 	 22.6 	 	 0.1000 	 0.7647  	 0.5000 	 2.0264 	 1.7986 	 0.5565
[2025/01/20 11:51:15] - Test Loss 	 Test Acc 	 PGD Loss 	 PGD Acc
[2025/01/20 11:51:15] - 1.3874 	 	 0.7630 	 1.5759 	 0.5400
[2025/01/20 11:51:38] - Epoch 	 Seconds 	 LR 	 	 Update 	 Gamma 	 	 Inner Loss 	 Train Loss 	 Train Acc
[2025/01/20 11:51:38] - 34 	 22.5 	 	 0.1000 	 0.7391  	 0.5000 	 2.0233 	 1.7913 	 0.5625
[2025/01/20 11:51:55] - Test Loss 	 Test Acc 	 PGD Loss 	 PGD Acc
[2025/01/20 11:51:55] - 1.3825 	 	 0.7631 	 1.5726 	 0.5422
[2025/01/20 11:52:17] - Epoch 	 Seconds 	 LR 	 	 Update 	 Gamma 	 	 Inner Loss 	 Train Loss 	 Train Acc
[2025/01/20 11:52:17] - 35 	 22.5 	 	 0.1000 	 0.7187  	 0.5000 	 2.0238 	 1.7918 	 0.5623
[2025/01/20 11:52:34] - Test Loss 	 Test Acc 	 PGD Loss 	 PGD Acc
[2025/01/20 11:52:34] - 1.3785 	 	 0.7647 	 1.5697 	 0.5440
[2025/01/20 11:52:57] - Epoch 	 Seconds 	 LR 	 	 Update 	 Gamma 	 	 Inner Loss 	 Train Loss 	 Train Acc
[2025/01/20 11:52:57] - 36 	 22.5 	 	 0.1000 	 0.7161  	 0.5000 	 2.0228 	 1.7897 	 0.5649
[2025/01/20 11:53:14] - Test Loss 	 Test Acc 	 PGD Loss 	 PGD Acc
[2025/01/20 11:53:14] - 1.3739 	 	 0.7674 	 1.5664 	 0.5450
[2025/01/20 11:53:36] - Epoch 	 Seconds 	 LR 	 	 Update 	 Gamma 	 	 Inner Loss 	 Train Loss 	 Train Acc
[2025/01/20 11:53:36] - 37 	 22.5 	 	 0.1000 	 0.7366  	 0.5000 	 2.0231 	 1.7904 	 0.5635
[2025/01/20 11:53:53] - Test Loss 	 Test Acc 	 PGD Loss 	 PGD Acc
[2025/01/20 11:53:53] - 1.3714 	 	 0.7683 	 1.5645 	 0.5449
[2025/01/20 11:54:16] - Epoch 	 Seconds 	 LR 	 	 Update 	 Gamma 	 	 Inner Loss 	 Train Loss 	 Train Acc
[2025/01/20 11:54:16] - 38 	 22.4 	 	 0.1000 	 0.7263  	 0.5000 	 2.0220 	 1.7879 	 0.5663
[2025/01/20 11:54:33] - Test Loss 	 Test Acc 	 PGD Loss 	 PGD Acc
[2025/01/20 11:54:33] - 1.3683 	 	 0.7667 	 1.5623 	 0.5440
[2025/01/20 11:54:55] - Epoch 	 Seconds 	 LR 	 	 Update 	 Gamma 	 	 Inner Loss 	 Train Loss 	 Train Acc
[2025/01/20 11:54:55] - 39 	 22.4 	 	 0.1000 	 0.7161  	 0.5000 	 2.0208 	 1.7856 	 0.5691
[2025/01/20 11:55:12] - Test Loss 	 Test Acc 	 PGD Loss 	 PGD Acc
[2025/01/20 11:55:12] - 1.3648 	 	 0.7682 	 1.5600 	 0.5452
[2025/01/20 11:55:36] - Epoch 	 Seconds 	 LR 	 	 Update 	 Gamma 	 	 Inner Loss 	 Train Loss 	 Train Acc
[2025/01/20 11:55:36] - 40 	 23.4 	 	 0.1000 	 0.5192  	 0.5000 	 1.9890 	 1.7274 	 0.6224
[2025/01/20 11:55:53] - Test Loss 	 Test Acc 	 PGD Loss 	 PGD Acc
[2025/01/20 11:55:53] - 1.3487 	 	 0.7716 	 1.5495 	 0.5449
[2025/01/20 11:56:16] - Epoch 	 Seconds 	 LR 	 	 Update 	 Gamma 	 	 Inner Loss 	 Train Loss 	 Train Acc
[2025/01/20 11:56:16] - 41 	 23.2 	 	 0.1000 	 0.9105  	 0.5000 	 2.0284 	 1.8163 	 0.5499
[2025/01/20 11:56:33] - Test Loss 	 Test Acc 	 PGD Loss 	 PGD Acc
[2025/01/20 11:56:33] - 1.3766 	 	 0.7684 	 1.5696 	 0.5494
[2025/01/20 11:56:55] - Epoch 	 Seconds 	 LR 	 	 Update 	 Gamma 	 	 Inner Loss 	 Train Loss 	 Train Acc
[2025/01/20 11:56:55] - 42 	 22.3 	 	 0.1000 	 0.6905  	 0.5000 	 2.0127 	 1.7703 	 0.5832
[2025/01/20 11:57:12] - Test Loss 	 Test Acc 	 PGD Loss 	 PGD Acc
[2025/01/20 11:57:12] - 1.3667 	 	 0.7716 	 1.5620 	 0.5496
[2025/01/20 11:57:35] - Epoch 	 Seconds 	 LR 	 	 Update 	 Gamma 	 	 Inner Loss 	 Train Loss 	 Train Acc
[2025/01/20 11:57:35] - 43 	 22.6 	 	 0.1000 	 0.7417  	 0.5000 	 2.0183 	 1.7844 	 0.5713
[2025/01/20 11:57:52] - Test Loss 	 Test Acc 	 PGD Loss 	 PGD Acc
[2025/01/20 11:57:52] - 1.3632 	 	 0.7722 	 1.5594 	 0.5490
[2025/01/20 11:58:15] - Epoch 	 Seconds 	 LR 	 	 Update 	 Gamma 	 	 Inner Loss 	 Train Loss 	 Train Acc
[2025/01/20 11:58:15] - 44 	 22.6 	 	 0.1000 	 0.7187  	 0.5000 	 2.0180 	 1.7809 	 0.5736
[2025/01/20 11:58:32] - Test Loss 	 Test Acc 	 PGD Loss 	 PGD Acc
[2025/01/20 11:58:32] - 1.3603 	 	 0.7743 	 1.5568 	 0.5479
[2025/01/20 11:58:54] - Epoch 	 Seconds 	 LR 	 	 Update 	 Gamma 	 	 Inner Loss 	 Train Loss 	 Train Acc
[2025/01/20 11:58:54] - 45 	 22.4 	 	 0.1000 	 0.7263  	 0.5000 	 2.0185 	 1.7815 	 0.5736
[2025/01/20 11:59:11] - Test Loss 	 Test Acc 	 PGD Loss 	 PGD Acc
[2025/01/20 11:59:11] - 1.3575 	 	 0.7743 	 1.5546 	 0.5498
[2025/01/20 11:59:34] - Epoch 	 Seconds 	 LR 	 	 Update 	 Gamma 	 	 Inner Loss 	 Train Loss 	 Train Acc
[2025/01/20 11:59:34] - 46 	 22.4 	 	 0.1000 	 0.7161  	 0.5000 	 2.0180 	 1.7815 	 0.5725
[2025/01/20 11:59:51] - Test Loss 	 Test Acc 	 PGD Loss 	 PGD Acc
[2025/01/20 11:59:51] - 1.3545 	 	 0.7757 	 1.5526 	 0.5489
[2025/01/20 12:00:13] - Epoch 	 Seconds 	 LR 	 	 Update 	 Gamma 	 	 Inner Loss 	 Train Loss 	 Train Acc
[2025/01/20 12:00:13] - 47 	 22.4 	 	 0.1000 	 0.7059  	 0.5000 	 2.0182 	 1.7824 	 0.5715
[2025/01/20 12:00:30] - Test Loss 	 Test Acc 	 PGD Loss 	 PGD Acc
[2025/01/20 12:00:30] - 1.3519 	 	 0.7777 	 1.5506 	 0.5488
[2025/01/20 12:00:53] - Epoch 	 Seconds 	 LR 	 	 Update 	 Gamma 	 	 Inner Loss 	 Train Loss 	 Train Acc
[2025/01/20 12:00:53] - 48 	 22.4 	 	 0.1000 	 0.7136  	 0.5000 	 2.0172 	 1.7817 	 0.5715
[2025/01/20 12:01:10] - Test Loss 	 Test Acc 	 PGD Loss 	 PGD Acc
[2025/01/20 12:01:10] - 1.3488 	 	 0.7789 	 1.5485 	 0.5495
[2025/01/20 12:01:32] - Epoch 	 Seconds 	 LR 	 	 Update 	 Gamma 	 	 Inner Loss 	 Train Loss 	 Train Acc
[2025/01/20 12:01:32] - 49 	 22.6 	 	 0.1000 	 0.7238  	 0.5000 	 2.0165 	 1.7795 	 0.5732
[2025/01/20 12:01:49] - Test Loss 	 Test Acc 	 PGD Loss 	 PGD Acc
[2025/01/20 12:01:49] - 1.3462 	 	 0.7786 	 1.5463 	 0.5499
[2025/01/20 12:02:13] - Epoch 	 Seconds 	 LR 	 	 Update 	 Gamma 	 	 Inner Loss 	 Train Loss 	 Train Acc
[2025/01/20 12:02:13] - 50 	 23.3 	 	 0.1000 	 0.5013  	 0.5000 	 1.9855 	 1.7203 	 0.6308
[2025/01/20 12:02:30] - Test Loss 	 Test Acc 	 PGD Loss 	 PGD Acc
[2025/01/20 12:02:30] - 1.3303 	 	 0.7822 	 1.5351 	 0.5486
[2025/01/20 12:02:53] - Epoch 	 Seconds 	 LR 	 	 Update 	 Gamma 	 	 Inner Loss 	 Train Loss 	 Train Acc
[2025/01/20 12:02:53] - 51 	 23.2 	 	 0.1000 	 0.9028  	 0.5000 	 2.0244 	 1.8101 	 0.5557
[2025/01/20 12:03:10] - Test Loss 	 Test Acc 	 PGD Loss 	 PGD Acc
[2025/01/20 12:03:10] - 1.3577 	 	 0.7775 	 1.5550 	 0.5533
[2025/01/20 12:03:32] - Epoch 	 Seconds 	 LR 	 	 Update 	 Gamma 	 	 Inner Loss 	 Train Loss 	 Train Acc
[2025/01/20 12:03:32] - 52 	 22.3 	 	 0.1000 	 0.6880  	 0.5000 	 2.0097 	 1.7659 	 0.5870
[2025/01/20 12:03:49] - Test Loss 	 Test Acc 	 PGD Loss 	 PGD Acc
[2025/01/20 12:03:49] - 1.3499 	 	 0.7799 	 1.5495 	 0.5531
[2025/01/20 12:04:12] - Epoch 	 Seconds 	 LR 	 	 Update 	 Gamma 	 	 Inner Loss 	 Train Loss 	 Train Acc
[2025/01/20 12:04:12] - 53 	 22.6 	 	 0.1000 	 0.7673  	 0.5000 	 2.0162 	 1.7803 	 0.5745
[2025/01/20 12:04:29] - Test Loss 	 Test Acc 	 PGD Loss 	 PGD Acc
[2025/01/20 12:04:29] - 1.3491 	 	 0.7798 	 1.5489 	 0.5534
[2025/01/20 12:04:51] - Epoch 	 Seconds 	 LR 	 	 Update 	 Gamma 	 	 Inner Loss 	 Train Loss 	 Train Acc
[2025/01/20 12:04:51] - 54 	 22.3 	 	 0.1000 	 0.6777  	 0.5000 	 2.0143 	 1.7748 	 0.5794
[2025/01/20 12:05:08] - Test Loss 	 Test Acc 	 PGD Loss 	 PGD Acc
[2025/01/20 12:05:08] - 1.3454 	 	 0.7815 	 1.5460 	 0.5538
[2025/01/20 12:05:31] - Epoch 	 Seconds 	 LR 	 	 Update 	 Gamma 	 	 Inner Loss 	 Train Loss 	 Train Acc
[2025/01/20 12:05:31] - 55 	 22.4 	 	 0.1000 	 0.7084  	 0.5000 	 2.0149 	 1.7775 	 0.5753
[2025/01/20 12:05:48] - Test Loss 	 Test Acc 	 PGD Loss 	 PGD Acc
[2025/01/20 12:05:48] - 1.3422 	 	 0.7831 	 1.5436 	 0.5539
[2025/01/20 12:06:10] - Epoch 	 Seconds 	 LR 	 	 Update 	 Gamma 	 	 Inner Loss 	 Train Loss 	 Train Acc
[2025/01/20 12:06:10] - 56 	 22.6 	 	 0.1000 	 0.7315  	 0.5000 	 2.0140 	 1.7744 	 0.5799
[2025/01/20 12:06:27] - Test Loss 	 Test Acc 	 PGD Loss 	 PGD Acc
[2025/01/20 12:06:27] - 1.3400 	 	 0.7836 	 1.5421 	 0.5538
[2025/01/20 12:06:50] - Epoch 	 Seconds 	 LR 	 	 Update 	 Gamma 	 	 Inner Loss 	 Train Loss 	 Train Acc
[2025/01/20 12:06:50] - 57 	 22.5 	 	 0.1000 	 0.7391  	 0.5000 	 2.0138 	 1.7753 	 0.5777
[2025/01/20 12:07:07] - Test Loss 	 Test Acc 	 PGD Loss 	 PGD Acc
[2025/01/20 12:07:07] - 1.3375 	 	 0.7842 	 1.5400 	 0.5535
[2025/01/20 12:07:29] - Epoch 	 Seconds 	 LR 	 	 Update 	 Gamma 	 	 Inner Loss 	 Train Loss 	 Train Acc
[2025/01/20 12:07:29] - 58 	 22.4 	 	 0.1000 	 0.7084  	 0.5000 	 2.0137 	 1.7741 	 0.5802
[2025/01/20 12:07:46] - Test Loss 	 Test Acc 	 PGD Loss 	 PGD Acc
[2025/01/20 12:07:46] - 1.3364 	 	 0.7834 	 1.5389 	 0.5539
[2025/01/20 12:08:09] - Epoch 	 Seconds 	 LR 	 	 Update 	 Gamma 	 	 Inner Loss 	 Train Loss 	 Train Acc
[2025/01/20 12:08:09] - 59 	 22.5 	 	 0.1000 	 0.7263  	 0.5000 	 2.0138 	 1.7749 	 0.5779
[2025/01/20 12:08:26] - Test Loss 	 Test Acc 	 PGD Loss 	 PGD Acc
[2025/01/20 12:08:26] - 1.3346 	 	 0.7837 	 1.5375 	 0.5541
[2025/01/20 12:08:49] - Epoch 	 Seconds 	 LR 	 	 Update 	 Gamma 	 	 Inner Loss 	 Train Loss 	 Train Acc
[2025/01/20 12:08:49] - 60 	 23.3 	 	 0.1000 	 0.5166  	 0.5000 	 1.9819 	 1.7147 	 0.6348
[2025/01/20 12:09:06] - Test Loss 	 Test Acc 	 PGD Loss 	 PGD Acc
[2025/01/20 12:09:06] - 1.3197 	 	 0.7877 	 1.5274 	 0.5542
[2025/01/20 12:09:30] - Epoch 	 Seconds 	 LR 	 	 Update 	 Gamma 	 	 Inner Loss 	 Train Loss 	 Train Acc
[2025/01/20 12:09:30] - 61 	 23.3 	 	 0.1000 	 0.9437  	 0.5000 	 2.0227 	 1.8079 	 0.5560
[2025/01/20 12:09:47] - Test Loss 	 Test Acc 	 PGD Loss 	 PGD Acc
[2025/01/20 12:09:47] - 1.3521 	 	 0.7839 	 1.5516 	 0.5580
[2025/01/20 12:10:09] - Epoch 	 Seconds 	 LR 	 	 Update 	 Gamma 	 	 Inner Loss 	 Train Loss 	 Train Acc
[2025/01/20 12:10:09] - 62 	 22.2 	 	 0.1000 	 0.6598  	 0.5000 	 2.0071 	 1.7609 	 0.5925
[2025/01/20 12:10:26] - Test Loss 	 Test Acc 	 PGD Loss 	 PGD Acc
[2025/01/20 12:10:26] - 1.3438 	 	 0.7846 	 1.5450 	 0.5571
[2025/01/20 12:10:49] - Epoch 	 Seconds 	 LR 	 	 Update 	 Gamma 	 	 Inner Loss 	 Train Loss 	 Train Acc
[2025/01/20 12:10:49] - 63 	 22.6 	 	 0.1000 	 0.7852  	 0.5000 	 2.0139 	 1.7768 	 0.5781
[2025/01/20 12:11:06] - Test Loss 	 Test Acc 	 PGD Loss 	 PGD Acc
[2025/01/20 12:11:06] - 1.3427 	 	 0.7860 	 1.5445 	 0.5575
[2025/01/20 12:11:28] - Epoch 	 Seconds 	 LR 	 	 Update 	 Gamma 	 	 Inner Loss 	 Train Loss 	 Train Acc
[2025/01/20 12:11:28] - 64 	 22.5 	 	 0.1000 	 0.7417  	 0.5000 	 2.0125 	 1.7726 	 0.5803
[2025/01/20 12:11:45] - Test Loss 	 Test Acc 	 PGD Loss 	 PGD Acc
[2025/01/20 12:11:45] - 1.3391 	 	 0.7871 	 1.5417 	 0.5573
[2025/01/20 12:12:08] - Epoch 	 Seconds 	 LR 	 	 Update 	 Gamma 	 	 Inner Loss 	 Train Loss 	 Train Acc
[2025/01/20 12:12:08] - 65 	 22.5 	 	 0.1000 	 0.7289  	 0.5000 	 2.0117 	 1.7714 	 0.5814
[2025/01/20 12:12:25] - Test Loss 	 Test Acc 	 PGD Loss 	 PGD Acc
[2025/01/20 12:12:25] - 1.3376 	 	 0.7858 	 1.5411 	 0.5593
[2025/01/20 12:12:47] - Epoch 	 Seconds 	 LR 	 	 Update 	 Gamma 	 	 Inner Loss 	 Train Loss 	 Train Acc
[2025/01/20 12:12:47] - 66 	 22.3 	 	 0.1000 	 0.7110  	 0.5000 	 2.0118 	 1.7708 	 0.5831
[2025/01/20 12:13:04] - Test Loss 	 Test Acc 	 PGD Loss 	 PGD Acc
[2025/01/20 12:13:04] - 1.3352 	 	 0.7872 	 1.5389 	 0.5593
[2025/01/20 12:13:27] - Epoch 	 Seconds 	 LR 	 	 Update 	 Gamma 	 	 Inner Loss 	 Train Loss 	 Train Acc
[2025/01/20 12:13:27] - 67 	 22.6 	 	 0.1000 	 0.7494  	 0.5000 	 2.0123 	 1.7723 	 0.5806
[2025/01/20 12:13:44] - Test Loss 	 Test Acc 	 PGD Loss 	 PGD Acc
[2025/01/20 12:13:44] - 1.3333 	 	 0.7878 	 1.5375 	 0.5602
[2025/01/20 12:14:07] - Epoch 	 Seconds 	 LR 	 	 Update 	 Gamma 	 	 Inner Loss 	 Train Loss 	 Train Acc
[2025/01/20 12:14:07] - 68 	 22.5 	 	 0.1000 	 0.7391  	 0.5000 	 2.0120 	 1.7722 	 0.5808
[2025/01/20 12:14:24] - Test Loss 	 Test Acc 	 PGD Loss 	 PGD Acc
[2025/01/20 12:14:24] - 1.3305 	 	 0.7875 	 1.5352 	 0.5606
[2025/01/20 12:14:46] - Epoch 	 Seconds 	 LR 	 	 Update 	 Gamma 	 	 Inner Loss 	 Train Loss 	 Train Acc
[2025/01/20 12:14:46] - 69 	 22.5 	 	 0.1000 	 0.7340  	 0.5000 	 2.0116 	 1.7711 	 0.5815
[2025/01/20 12:15:03] - Test Loss 	 Test Acc 	 PGD Loss 	 PGD Acc
[2025/01/20 12:15:03] - 1.3280 	 	 0.7879 	 1.5334 	 0.5590
[2025/01/20 12:15:27] - Epoch 	 Seconds 	 LR 	 	 Update 	 Gamma 	 	 Inner Loss 	 Train Loss 	 Train Acc
[2025/01/20 12:15:27] - 70 	 23.4 	 	 0.1000 	 0.5243  	 0.5000 	 1.9809 	 1.7128 	 0.6359
[2025/01/20 12:15:44] - Test Loss 	 Test Acc 	 PGD Loss 	 PGD Acc
[2025/01/20 12:15:44] - 1.3138 	 	 0.7920 	 1.5237 	 0.5579
[2025/01/20 12:16:07] - Epoch 	 Seconds 	 LR 	 	 Update 	 Gamma 	 	 Inner Loss 	 Train Loss 	 Train Acc
[2025/01/20 12:16:07] - 71 	 23.2 	 	 0.1000 	 0.9309  	 0.5000 	 2.0205 	 1.8018 	 0.5631
[2025/01/20 12:16:24] - Test Loss 	 Test Acc 	 PGD Loss 	 PGD Acc
[2025/01/20 12:16:24] - 1.3471 	 	 0.7854 	 1.5484 	 0.5601
[2025/01/20 12:16:46] - Epoch 	 Seconds 	 LR 	 	 Update 	 Gamma 	 	 Inner Loss 	 Train Loss 	 Train Acc
[2025/01/20 12:16:46] - 72 	 22.3 	 	 0.1000 	 0.7008  	 0.5000 	 2.0049 	 1.7577 	 0.5942
[2025/01/20 12:17:03] - Test Loss 	 Test Acc 	 PGD Loss 	 PGD Acc
[2025/01/20 12:17:03] - 1.3390 	 	 0.7873 	 1.5424 	 0.5595
[2025/01/20 12:17:26] - Epoch 	 Seconds 	 LR 	 	 Update 	 Gamma 	 	 Inner Loss 	 Train Loss 	 Train Acc
[2025/01/20 12:17:26] - 73 	 22.7 	 	 0.1000 	 0.7877  	 0.5000 	 2.0121 	 1.7741 	 0.5804
[2025/01/20 12:17:43] - Test Loss 	 Test Acc 	 PGD Loss 	 PGD Acc
[2025/01/20 12:17:43] - 1.3377 	 	 0.7878 	 1.5413 	 0.5588
[2025/01/20 12:18:06] - Epoch 	 Seconds 	 LR 	 	 Update 	 Gamma 	 	 Inner Loss 	 Train Loss 	 Train Acc
[2025/01/20 12:18:06] - 74 	 22.5 	 	 0.1000 	 0.7161  	 0.5000 	 2.0104 	 1.7684 	 0.5854
[2025/01/20 12:18:23] - Test Loss 	 Test Acc 	 PGD Loss 	 PGD Acc
[2025/01/20 12:18:23] - 1.3343 	 	 0.7900 	 1.5386 	 0.5599
[2025/01/20 12:18:45] - Epoch 	 Seconds 	 LR 	 	 Update 	 Gamma 	 	 Inner Loss 	 Train Loss 	 Train Acc
[2025/01/20 12:18:45] - 75 	 22.3 	 	 0.1000 	 0.7059  	 0.5000 	 2.0105 	 1.7699 	 0.5826
[2025/01/20 12:19:02] - Test Loss 	 Test Acc 	 PGD Loss 	 PGD Acc
[2025/01/20 12:19:02] - 1.3323 	 	 0.7913 	 1.5377 	 0.5596
[2025/01/20 12:19:24] - Epoch 	 Seconds 	 LR 	 	 Update 	 Gamma 	 	 Inner Loss 	 Train Loss 	 Train Acc
[2025/01/20 12:19:24] - 76 	 22.3 	 	 0.1000 	 0.6957  	 0.5000 	 2.0111 	 1.7689 	 0.5855
[2025/01/20 12:19:41] - Test Loss 	 Test Acc 	 PGD Loss 	 PGD Acc
[2025/01/20 12:19:41] - 1.3303 	 	 0.7913 	 1.5359 	 0.5584
[2025/01/20 12:20:03] - Epoch 	 Seconds 	 LR 	 	 Update 	 Gamma 	 	 Inner Loss 	 Train Loss 	 Train Acc
[2025/01/20 12:20:03] - 77 	 22.3 	 	 0.1000 	 0.6829  	 0.5000 	 2.0097 	 1.7663 	 0.5877
[2025/01/20 12:20:20] - Test Loss 	 Test Acc 	 PGD Loss 	 PGD Acc
[2025/01/20 12:20:20] - 1.3269 	 	 0.7904 	 1.5329 	 0.5599
[2025/01/20 12:20:43] - Epoch 	 Seconds 	 LR 	 	 Update 	 Gamma 	 	 Inner Loss 	 Train Loss 	 Train Acc
[2025/01/20 12:20:43] - 78 	 22.2 	 	 0.1000 	 0.6777  	 0.5000 	 2.0104 	 1.7677 	 0.5866
[2025/01/20 12:21:00] - Test Loss 	 Test Acc 	 PGD Loss 	 PGD Acc
[2025/01/20 12:21:00] - 1.3254 	 	 0.7908 	 1.5317 	 0.5603
[2025/01/20 12:21:22] - Epoch 	 Seconds 	 LR 	 	 Update 	 Gamma 	 	 Inner Loss 	 Train Loss 	 Train Acc
[2025/01/20 12:21:22] - 79 	 22.3 	 	 0.1000 	 0.7059  	 0.5000 	 2.0094 	 1.7681 	 0.5842
[2025/01/20 12:21:39] - Test Loss 	 Test Acc 	 PGD Loss 	 PGD Acc
[2025/01/20 12:21:39] - 1.3244 	 	 0.7920 	 1.5312 	 0.5617
[2025/01/20 12:22:03] - Epoch 	 Seconds 	 LR 	 	 Update 	 Gamma 	 	 Inner Loss 	 Train Loss 	 Train Acc
[2025/01/20 12:22:03] - 80 	 23.4 	 	 0.1000 	 0.5294  	 0.5000 	 1.9784 	 1.7091 	 0.6394
[2025/01/20 12:22:19] - Test Loss 	 Test Acc 	 PGD Loss 	 PGD Acc
[2025/01/20 12:22:19] - 1.3081 	 	 0.7947 	 1.5200 	 0.5593
[2025/01/20 12:22:43] - Epoch 	 Seconds 	 LR 	 	 Update 	 Gamma 	 	 Inner Loss 	 Train Loss 	 Train Acc
[2025/01/20 12:22:43] - 81 	 23.2 	 	 0.1000 	 0.9207  	 0.5000 	 2.0187 	 1.8009 	 0.5630
[2025/01/20 12:23:00] - Test Loss 	 Test Acc 	 PGD Loss 	 PGD Acc
[2025/01/20 12:23:00] - 1.3400 	 	 0.7907 	 1.5436 	 0.5641
[2025/01/20 12:23:22] - Epoch 	 Seconds 	 LR 	 	 Update 	 Gamma 	 	 Inner Loss 	 Train Loss 	 Train Acc
[2025/01/20 12:23:22] - 82 	 22.4 	 	 0.1000 	 0.6982  	 0.5000 	 2.0040 	 1.7564 	 0.5956
[2025/01/20 12:23:39] - Test Loss 	 Test Acc 	 PGD Loss 	 PGD Acc
[2025/01/20 12:23:39] - 1.3329 	 	 0.7912 	 1.5387 	 0.5652
[2025/01/20 12:24:02] - Epoch 	 Seconds 	 LR 	 	 Update 	 Gamma 	 	 Inner Loss 	 Train Loss 	 Train Acc
[2025/01/20 12:24:02] - 83 	 22.5 	 	 0.1000 	 0.7008  	 0.5000 	 2.0090 	 1.7676 	 0.5877
[2025/01/20 12:24:19] - Test Loss 	 Test Acc 	 PGD Loss 	 PGD Acc
[2025/01/20 12:24:19] - 1.3313 	 	 0.7909 	 1.5370 	 0.5646
[2025/01/20 12:24:41] - Epoch 	 Seconds 	 LR 	 	 Update 	 Gamma 	 	 Inner Loss 	 Train Loss 	 Train Acc
[2025/01/20 12:24:41] - 84 	 22.5 	 	 0.1000 	 0.7161  	 0.5000 	 2.0090 	 1.7658 	 0.5880
[2025/01/20 12:24:58] - Test Loss 	 Test Acc 	 PGD Loss 	 PGD Acc
[2025/01/20 12:24:58] - 1.3290 	 	 0.7920 	 1.5357 	 0.5650
[2025/01/20 12:25:21] - Epoch 	 Seconds 	 LR 	 	 Update 	 Gamma 	 	 Inner Loss 	 Train Loss 	 Train Acc
[2025/01/20 12:25:21] - 85 	 22.4 	 	 0.1000 	 0.7084  	 0.5000 	 2.0099 	 1.7682 	 0.5848
[2025/01/20 12:25:38] - Test Loss 	 Test Acc 	 PGD Loss 	 PGD Acc
[2025/01/20 12:25:38] - 1.3275 	 	 0.7911 	 1.5343 	 0.5648
[2025/01/20 12:26:00] - Epoch 	 Seconds 	 LR 	 	 Update 	 Gamma 	 	 Inner Loss 	 Train Loss 	 Train Acc
[2025/01/20 12:26:00] - 86 	 22.3 	 	 0.1000 	 0.7008  	 0.5000 	 2.0090 	 1.7655 	 0.5884
[2025/01/20 12:26:17] - Test Loss 	 Test Acc 	 PGD Loss 	 PGD Acc
[2025/01/20 12:26:17] - 1.3269 	 	 0.7921 	 1.5341 	 0.5632
[2025/01/20 12:26:40] - Epoch 	 Seconds 	 LR 	 	 Update 	 Gamma 	 	 Inner Loss 	 Train Loss 	 Train Acc
[2025/01/20 12:26:40] - 87 	 22.4 	 	 0.1000 	 0.7033  	 0.5000 	 2.0095 	 1.7671 	 0.5857
[2025/01/20 12:26:57] - Test Loss 	 Test Acc 	 PGD Loss 	 PGD Acc
[2025/01/20 12:26:57] - 1.3251 	 	 0.7919 	 1.5328 	 0.5636
[2025/01/20 12:27:19] - Epoch 	 Seconds 	 LR 	 	 Update 	 Gamma 	 	 Inner Loss 	 Train Loss 	 Train Acc
[2025/01/20 12:27:19] - 88 	 22.4 	 	 0.1000 	 0.7315  	 0.5000 	 2.0093 	 1.7668 	 0.5861
[2025/01/20 12:27:36] - Test Loss 	 Test Acc 	 PGD Loss 	 PGD Acc
[2025/01/20 12:27:36] - 1.3239 	 	 0.7915 	 1.5315 	 0.5635
[2025/01/20 12:27:59] - Epoch 	 Seconds 	 LR 	 	 Update 	 Gamma 	 	 Inner Loss 	 Train Loss 	 Train Acc
[2025/01/20 12:27:59] - 89 	 22.4 	 	 0.1000 	 0.7315  	 0.5000 	 2.0088 	 1.7660 	 0.5874
[2025/01/20 12:28:16] - Test Loss 	 Test Acc 	 PGD Loss 	 PGD Acc
[2025/01/20 12:28:16] - 1.3220 	 	 0.7919 	 1.5298 	 0.5629
[2025/01/20 12:28:39] - Epoch 	 Seconds 	 LR 	 	 Update 	 Gamma 	 	 Inner Loss 	 Train Loss 	 Train Acc
[2025/01/20 12:28:39] - 90 	 23.3 	 	 0.1000 	 0.5013  	 0.5000 	 1.9786 	 1.7082 	 0.6411
[2025/01/20 12:28:56] - Test Loss 	 Test Acc 	 PGD Loss 	 PGD Acc
[2025/01/20 12:28:56] - 1.3075 	 	 0.7958 	 1.5195 	 0.5612
[2025/01/20 12:29:19] - Epoch 	 Seconds 	 LR 	 	 Update 	 Gamma 	 	 Inner Loss 	 Train Loss 	 Train Acc
[2025/01/20 12:29:19] - 91 	 23.3 	 	 0.1000 	 0.9412  	 0.5000 	 2.0182 	 1.7998 	 0.5640
[2025/01/20 12:29:36] - Test Loss 	 Test Acc 	 PGD Loss 	 PGD Acc
[2025/01/20 12:29:36] - 1.3399 	 	 0.7910 	 1.5439 	 0.5641
[2025/01/20 12:29:58] - Epoch 	 Seconds 	 LR 	 	 Update 	 Gamma 	 	 Inner Loss 	 Train Loss 	 Train Acc
[2025/01/20 12:29:58] - 92 	 22.4 	 	 0.1000 	 0.6547  	 0.5000 	 2.0031 	 1.7529 	 0.5998
[2025/01/20 12:30:15] - Test Loss 	 Test Acc 	 PGD Loss 	 PGD Acc
[2025/01/20 12:30:15] - 1.3332 	 	 0.7927 	 1.5387 	 0.5655
[2025/01/20 12:30:38] - Epoch 	 Seconds 	 LR 	 	 Update 	 Gamma 	 	 Inner Loss 	 Train Loss 	 Train Acc
[2025/01/20 12:30:38] - 93 	 22.5 	 	 0.1000 	 0.7366  	 0.5000 	 2.0093 	 1.7678 	 0.5865
[2025/01/20 12:30:55] - Test Loss 	 Test Acc 	 PGD Loss 	 PGD Acc
[2025/01/20 12:30:55] - 1.3325 	 	 0.7919 	 1.5381 	 0.5651
[2025/01/20 12:31:17] - Epoch 	 Seconds 	 LR 	 	 Update 	 Gamma 	 	 Inner Loss 	 Train Loss 	 Train Acc
[2025/01/20 12:31:17] - 94 	 22.4 	 	 0.1000 	 0.7136  	 0.5000 	 2.0081 	 1.7644 	 0.5888
[2025/01/20 12:31:34] - Test Loss 	 Test Acc 	 PGD Loss 	 PGD Acc
[2025/01/20 12:31:34] - 1.3311 	 	 0.7942 	 1.5375 	 0.5641
[2025/01/20 12:31:57] - Epoch 	 Seconds 	 LR 	 	 Update 	 Gamma 	 	 Inner Loss 	 Train Loss 	 Train Acc
[2025/01/20 12:31:57] - 95 	 22.5 	 	 0.1000 	 0.7391  	 0.5000 	 2.0091 	 1.7669 	 0.5863
[2025/01/20 12:32:14] - Test Loss 	 Test Acc 	 PGD Loss 	 PGD Acc
[2025/01/20 12:32:14] - 1.3290 	 	 0.7942 	 1.5360 	 0.5638
[2025/01/20 12:32:36] - Epoch 	 Seconds 	 LR 	 	 Update 	 Gamma 	 	 Inner Loss 	 Train Loss 	 Train Acc
[2025/01/20 12:32:36] - 96 	 22.3 	 	 0.1000 	 0.7161  	 0.5000 	 2.0075 	 1.7631 	 0.5901
[2025/01/20 12:32:53] - Test Loss 	 Test Acc 	 PGD Loss 	 PGD Acc
[2025/01/20 12:32:53] - 1.3254 	 	 0.7937 	 1.5326 	 0.5628
[2025/01/20 12:33:16] - Epoch 	 Seconds 	 LR 	 	 Update 	 Gamma 	 	 Inner Loss 	 Train Loss 	 Train Acc
[2025/01/20 12:33:16] - 97 	 22.4 	 	 0.1000 	 0.7289  	 0.5000 	 2.0086 	 1.7656 	 0.5868
[2025/01/20 12:33:33] - Test Loss 	 Test Acc 	 PGD Loss 	 PGD Acc
[2025/01/20 12:33:33] - 1.3249 	 	 0.7941 	 1.5322 	 0.5624
[2025/01/20 12:33:55] - Epoch 	 Seconds 	 LR 	 	 Update 	 Gamma 	 	 Inner Loss 	 Train Loss 	 Train Acc
[2025/01/20 12:33:55] - 98 	 22.5 	 	 0.1000 	 0.7289  	 0.5000 	 2.0076 	 1.7637 	 0.5898
[2025/01/20 12:34:12] - Test Loss 	 Test Acc 	 PGD Loss 	 PGD Acc
[2025/01/20 12:34:12] - 1.3237 	 	 0.7923 	 1.5313 	 0.5660
[2025/01/20 12:34:35] - Epoch 	 Seconds 	 LR 	 	 Update 	 Gamma 	 	 Inner Loss 	 Train Loss 	 Train Acc
[2025/01/20 12:34:35] - 99 	 22.5 	 	 0.0100 	 0.7238  	 0.5000 	 2.0079 	 1.7650 	 0.5871
[2025/01/20 12:34:52] - Test Loss 	 Test Acc 	 PGD Loss 	 PGD Acc
[2025/01/20 12:34:52] - 1.3220 	 	 0.7933 	 1.5304 	 0.5666
[2025/01/20 12:35:14] - Epoch 	 Seconds 	 LR 	 	 Update 	 Gamma 	 	 Inner Loss 	 Train Loss 	 Train Acc
[2025/01/20 12:35:14] - 100 	 22.1 	 	 0.0100 	 0.1969  	 0.5000 	 1.9416 	 1.6225 	 0.7174
[2025/01/20 12:35:31] - Test Loss 	 Test Acc 	 PGD Loss 	 PGD Acc
[2025/01/20 12:35:31] - 1.3119 	 	 0.7958 	 1.5229 	 0.5674
[2025/01/20 12:35:54] - Epoch 	 Seconds 	 LR 	 	 Update 	 Gamma 	 	 Inner Loss 	 Train Loss 	 Train Acc
[2025/01/20 12:35:54] - 101 	 22.5 	 	 0.0100 	 0.7263  	 0.5000 	 1.9614 	 1.6933 	 0.6612
[2025/01/20 12:36:11] - Test Loss 	 Test Acc 	 PGD Loss 	 PGD Acc
[2025/01/20 12:36:11] - 1.3012 	 	 0.8003 	 1.5164 	 0.5696
[2025/01/20 12:36:31] - Epoch 	 Seconds 	 LR 	 	 Update 	 Gamma 	 	 Inner Loss 	 Train Loss 	 Train Acc
[2025/01/20 12:36:31] - 102 	 20.7 	 	 0.0100 	 0.2302  	 0.5000 	 1.9441 	 1.6310 	 0.7070
[2025/01/20 12:36:48] - Test Loss 	 Test Acc 	 PGD Loss 	 PGD Acc
[2025/01/20 12:36:48] - 1.2928 	 	 0.8021 	 1.5103 	 0.5684
[2025/01/20 12:37:09] - Epoch 	 Seconds 	 LR 	 	 Update 	 Gamma 	 	 Inner Loss 	 Train Loss 	 Train Acc
[2025/01/20 12:37:09] - 103 	 20.8 	 	 0.0100 	 0.2967  	 0.5000 	 1.9440 	 1.6370 	 0.7027
[2025/01/20 12:37:26] - Test Loss 	 Test Acc 	 PGD Loss 	 PGD Acc
[2025/01/20 12:37:26] - 1.2863 	 	 0.8045 	 1.5060 	 0.5676
[2025/01/20 12:37:47] - Epoch 	 Seconds 	 LR 	 	 Update 	 Gamma 	 	 Inner Loss 	 Train Loss 	 Train Acc
[2025/01/20 12:37:47] - 104 	 20.5 	 	 0.0010 	 0.2430  	 0.5000 	 1.9393 	 1.6255 	 0.7116
[2025/01/20 12:38:04] - Test Loss 	 Test Acc 	 PGD Loss 	 PGD Acc
[2025/01/20 12:38:04] - 1.2826 	 	 0.8077 	 1.5036 	 0.5681
[2025/01/20 12:38:24] - Epoch 	 Seconds 	 LR 	 	 Update 	 Gamma 	 	 Inner Loss 	 Train Loss 	 Train Acc
[2025/01/20 12:38:24] - 105 	 20.3 	 	 0.0010 	 0.1714  	 0.5000 	 1.9335 	 1.6088 	 0.7269
[2025/01/20 12:38:41] - Test Loss 	 Test Acc 	 PGD Loss 	 PGD Acc
[2025/01/20 12:38:41] - 1.2808 	 	 0.8095 	 1.5028 	 0.5694
[2025/01/20 12:39:01] - Epoch 	 Seconds 	 LR 	 	 Update 	 Gamma 	 	 Inner Loss 	 Train Loss 	 Train Acc
[2025/01/20 12:39:01] - 106 	 20.5 	 	 0.0010 	 0.1867  	 0.5000 	 1.9297 	 1.6023 	 0.7324
[2025/01/20 12:39:18] - Test Loss 	 Test Acc 	 PGD Loss 	 PGD Acc
[2025/01/20 12:39:18] - 1.2779 	 	 0.8112 	 1.5009 	 0.5700
[2025/01/20 12:39:39] - Epoch 	 Seconds 	 LR 	 	 Update 	 Gamma 	 	 Inner Loss 	 Train Loss 	 Train Acc
[2025/01/20 12:39:39] - 107 	 20.3 	 	 0.0010 	 0.1637  	 0.5000 	 1.9287 	 1.6021 	 0.7304
[2025/01/20 12:39:56] - Test Loss 	 Test Acc 	 PGD Loss 	 PGD Acc
[2025/01/20 12:39:56] - 1.2748 	 	 0.8130 	 1.4991 	 0.5710
[2025/01/20 12:40:17] - Epoch 	 Seconds 	 LR 	 	 Update 	 Gamma 	 	 Inner Loss 	 Train Loss 	 Train Acc
[2025/01/20 12:40:17] - 108 	 20.6 	 	 0.0010 	 0.1995  	 0.5000 	 1.9278 	 1.6001 	 0.7325
[2025/01/20 12:40:34] - Test Loss 	 Test Acc 	 PGD Loss 	 PGD Acc
[2025/01/20 12:40:34] - 1.2708 	 	 0.8149 	 1.4963 	 0.5707
[2025/01/20 12:40:54] - Epoch 	 Seconds 	 LR 	 	 Update 	 Gamma 	 	 Inner Loss 	 Train Loss 	 Train Acc
[2025/01/20 12:40:54] - 109 	 20.2 	 	 0.0010 	 0.1637  	 0.5000 	 1.9270 	 1.5984 	 0.7343
[2025/01/20 12:41:11] - Test Loss 	 Test Acc 	 PGD Loss 	 PGD Acc
[2025/01/20 12:41:11] - 1.2673 	 	 0.8161 	 1.4940 	 0.5697
[2025/01/20 12:41:11] - [0.3715, 0.3988, 0.4435, 0.4781, 0.5227, 0.5612, 0.5905, 0.6196, 0.6338, 0.6478, 0.6686, 0.6548, 0.6649, 0.675, 0.6919, 0.7058, 0.7153, 0.7238, 0.7309, 0.7374, 0.7477, 0.7401, 0.7443, 0.7455, 0.7498, 0.7518, 0.7549, 0.7579, 0.7586, 0.7587, 0.7642, 0.761, 0.761, 0.763, 0.7631, 0.7647, 0.7674, 0.7683, 0.7667, 0.7682, 0.7716, 0.7684, 0.7716, 0.7722, 0.7743, 0.7743, 0.7757, 0.7777, 0.7789, 0.7786, 0.7822, 0.7775, 0.7799, 0.7798, 0.7815, 0.7831, 0.7836, 0.7842, 0.7834, 0.7837, 0.7877, 0.7839, 0.7846, 0.786, 0.7871, 0.7858, 0.7872, 0.7878, 0.7875, 0.7879, 0.792, 0.7854, 0.7873, 0.7878, 0.79, 0.7913, 0.7913, 0.7904, 0.7908, 0.792, 0.7947, 0.7907, 0.7912, 0.7909, 0.792, 0.7911, 0.7921, 0.7919, 0.7915, 0.7919, 0.7958, 0.791, 0.7927, 0.7919, 0.7942, 0.7942, 0.7937, 0.7941, 0.7923, 0.7933, 0.7958, 0.8003, 0.8021, 0.8045, 0.8077, 0.8095, 0.8112, 0.813, 0.8149, 0.8161]
[2025/01/20 12:41:11] - [0.2631, 0.297, 0.3186, 0.3429, 0.3614, 0.3864, 0.4065, 0.4239, 0.4416, 0.45, 0.456, 0.4722, 0.4759, 0.483, 0.4918, 0.5029, 0.5074, 0.5098, 0.5148, 0.5162, 0.5147, 0.5221, 0.5246, 0.5245, 0.5277, 0.5294, 0.5305, 0.532, 0.5358, 0.5371, 0.5347, 0.539, 0.5386, 0.54, 0.5422, 0.544, 0.545, 0.5449, 0.544, 0.5452, 0.5449, 0.5494, 0.5496, 0.549, 0.5479, 0.5498, 0.5489, 0.5488, 0.5495, 0.5499, 0.5486, 0.5533, 0.5531, 0.5534, 0.5538, 0.5539, 0.5538, 0.5535, 0.5539, 0.5541, 0.5542, 0.558, 0.5571, 0.5575, 0.5573, 0.5593, 0.5593, 0.5602, 0.5606, 0.559, 0.5579, 0.5601, 0.5595, 0.5588, 0.5599, 0.5596, 0.5584, 0.5599, 0.5603, 0.5617, 0.5593, 0.5641, 0.5652, 0.5646, 0.565, 0.5648, 0.5632, 0.5636, 0.5635, 0.5629, 0.5612, 0.5641, 0.5655, 0.5651, 0.5641, 0.5638, 0.5628, 0.5624, 0.566, 0.5666, 0.5674, 0.5696, 0.5684, 0.5676, 0.5681, 0.5694, 0.57, 0.571, 0.5707, 0.5697]
[2025/01/20 12:41:11] - 2472.409741640091
