[2025/01/21 13:18:58] - Namespace(model='ResNet18', batch_size=128, data_dir='CIFAR10', epochs=110, lr_schedule='multistep', milestone1=100, milestone2=105, lr_min=0.0, lr_max=0.1, weight_decay=0.0005, momentum=0.9, seed=0, save_epoch=-1, inner_gamma=0.15, outer_gamma=0.15, beta=0.6, lamda=0.65, batch_m=0.75, epochs_reset=10, momentum_decay=0.3, EMA_value=0.82, epsilon=8, alpha=8, delta_init='random', out_dir='TDAT_CIFAR10', out_path='WMEP_DL', log='output.log')
[2025/01/21 13:19:38] - Epoch 	 Seconds 	 LR 	 	 Update 	 Gamma 	 	 Inner Loss 	 Train Loss 	 Train Acc
[2025/01/21 13:19:38] - 0 	 23.0 	 	 0.1000 	 0.2225  	 0.4570 	 2.3064 	 2.3283 	 0.2024
[2025/01/21 13:19:55] - Test Loss 	 Test Acc 	 PGD Loss 	 PGD Acc
[2025/01/21 13:19:55] - 2.0411 	 	 0.3258 	 2.0721 	 0.2429
[2025/01/21 13:20:17] - Epoch 	 Seconds 	 LR 	 	 Update 	 Gamma 	 	 Inner Loss 	 Train Loss 	 Train Acc
[2025/01/21 13:20:17] - 1 	 21.7 	 	 0.1000 	 0.5166  	 0.4546 	 2.2416 	 2.2573 	 0.2485
[2025/01/21 13:20:34] - Test Loss 	 Test Acc 	 PGD Loss 	 PGD Acc
[2025/01/21 13:20:34] - 2.0254 	 	 0.3693 	 2.0556 	 0.2849
[2025/01/21 13:20:55] - Epoch 	 Seconds 	 LR 	 	 Update 	 Gamma 	 	 Inner Loss 	 Train Loss 	 Train Acc
[2025/01/21 13:20:55] - 2 	 20.6 	 	 0.1000 	 0.2711  	 0.4523 	 2.2303 	 2.2367 	 0.2806
[2025/01/21 13:21:12] - Test Loss 	 Test Acc 	 PGD Loss 	 PGD Acc
[2025/01/21 13:21:12] - 1.9650 	 	 0.4053 	 2.0065 	 0.3053
[2025/01/21 13:21:33] - Epoch 	 Seconds 	 LR 	 	 Update 	 Gamma 	 	 Inner Loss 	 Train Loss 	 Train Acc
[2025/01/21 13:21:33] - 3 	 21.1 	 	 0.1000 	 0.3887  	 0.4499 	 2.2198 	 2.2275 	 0.2998
[2025/01/21 13:21:50] - Test Loss 	 Test Acc 	 PGD Loss 	 PGD Acc
[2025/01/21 13:21:50] - 1.9256 	 	 0.4380 	 1.9750 	 0.3263
[2025/01/21 13:22:12] - Epoch 	 Seconds 	 LR 	 	 Update 	 Gamma 	 	 Inner Loss 	 Train Loss 	 Train Acc
[2025/01/21 13:22:12] - 4 	 21.2 	 	 0.1000 	 0.4194  	 0.4475 	 2.2086 	 2.2172 	 0.3251
[2025/01/21 13:22:29] - Test Loss 	 Test Acc 	 PGD Loss 	 PGD Acc
[2025/01/21 13:22:29] - 1.8840 	 	 0.4806 	 1.9441 	 0.3432
[2025/01/21 13:22:50] - Epoch 	 Seconds 	 LR 	 	 Update 	 Gamma 	 	 Inner Loss 	 Train Loss 	 Train Acc
[2025/01/21 13:22:50] - 5 	 21.5 	 	 0.1000 	 0.4885  	 0.4451 	 2.1963 	 2.2071 	 0.3490
[2025/01/21 13:23:07] - Test Loss 	 Test Acc 	 PGD Loss 	 PGD Acc
[2025/01/21 13:23:07] - 1.8465 	 	 0.5171 	 1.9174 	 0.3667
[2025/01/21 13:23:29] - Epoch 	 Seconds 	 LR 	 	 Update 	 Gamma 	 	 Inner Loss 	 Train Loss 	 Train Acc
[2025/01/21 13:23:29] - 6 	 21.9 	 	 0.1000 	 0.5754  	 0.4426 	 2.1840 	 2.1969 	 0.3785
[2025/01/21 13:23:46] - Test Loss 	 Test Acc 	 PGD Loss 	 PGD Acc
[2025/01/21 13:23:46] - 1.8088 	 	 0.5469 	 1.8906 	 0.3882
[2025/01/21 13:24:09] - Epoch 	 Seconds 	 LR 	 	 Update 	 Gamma 	 	 Inner Loss 	 Train Loss 	 Train Acc
[2025/01/21 13:24:09] - 7 	 22.2 	 	 0.1000 	 0.6471  	 0.4401 	 2.1739 	 2.1884 	 0.3983
[2025/01/21 13:24:26] - Test Loss 	 Test Acc 	 PGD Loss 	 PGD Acc
[2025/01/21 13:24:26] - 1.7671 	 	 0.5748 	 1.8593 	 0.4043
[2025/01/21 13:24:48] - Epoch 	 Seconds 	 LR 	 	 Update 	 Gamma 	 	 Inner Loss 	 Train Loss 	 Train Acc
[2025/01/21 13:24:48] - 8 	 22.0 	 	 0.1000 	 0.6036  	 0.4376 	 2.1650 	 2.1807 	 0.4207
[2025/01/21 13:25:05] - Test Loss 	 Test Acc 	 PGD Loss 	 PGD Acc
[2025/01/21 13:25:05] - 1.7517 	 	 0.5982 	 1.8496 	 0.4210
[2025/01/21 13:25:28] - Epoch 	 Seconds 	 LR 	 	 Update 	 Gamma 	 	 Inner Loss 	 Train Loss 	 Train Acc
[2025/01/21 13:25:28] - 9 	 22.5 	 	 0.1000 	 0.6036  	 0.4350 	 2.1584 	 2.1745 	 0.4373
[2025/01/21 13:25:45] - Test Loss 	 Test Acc 	 PGD Loss 	 PGD Acc
[2025/01/21 13:25:45] - 1.7505 	 	 0.6113 	 1.8514 	 0.4314
[2025/01/21 13:26:10] - Epoch 	 Seconds 	 LR 	 	 Update 	 Gamma 	 	 Inner Loss 	 Train Loss 	 Train Acc
[2025/01/21 13:26:10] - 10 	 24.4 	 	 0.1000 	 0.6240  	 0.4324 	 2.1278 	 2.1462 	 0.5104
[2025/01/21 13:26:27] - Test Loss 	 Test Acc 	 PGD Loss 	 PGD Acc
[2025/01/21 13:26:27] - 1.7134 	 	 0.6341 	 1.8277 	 0.4409
[2025/01/21 13:26:51] - Epoch 	 Seconds 	 LR 	 	 Update 	 Gamma 	 	 Inner Loss 	 Train Loss 	 Train Acc
[2025/01/21 13:26:51] - 11 	 23.8 	 	 0.1000 	 0.9182  	 0.4298 	 2.1527 	 2.1844 	 0.4483
[2025/01/21 13:27:08] - Test Loss 	 Test Acc 	 PGD Loss 	 PGD Acc
[2025/01/21 13:27:08] - 1.7742 	 	 0.6250 	 1.8685 	 0.4546
[2025/01/21 13:27:31] - Epoch 	 Seconds 	 LR 	 	 Update 	 Gamma 	 	 Inner Loss 	 Train Loss 	 Train Acc
[2025/01/21 13:27:31] - 12 	 22.3 	 	 0.1000 	 0.6445  	 0.4271 	 2.1432 	 2.1595 	 0.4862
[2025/01/21 13:27:48] - Test Loss 	 Test Acc 	 PGD Loss 	 PGD Acc
[2025/01/21 13:27:48] - 1.7531 	 	 0.6386 	 1.8543 	 0.4620
[2025/01/21 13:28:11] - Epoch 	 Seconds 	 LR 	 	 Update 	 Gamma 	 	 Inner Loss 	 Train Loss 	 Train Acc
[2025/01/21 13:28:11] - 13 	 22.7 	 	 0.1000 	 0.7059  	 0.4244 	 2.1457 	 2.1632 	 0.4823
[2025/01/21 13:28:28] - Test Loss 	 Test Acc 	 PGD Loss 	 PGD Acc
[2025/01/21 13:28:28] - 1.7407 	 	 0.6487 	 1.8446 	 0.4687
[2025/01/21 13:28:51] - Epoch 	 Seconds 	 LR 	 	 Update 	 Gamma 	 	 Inner Loss 	 Train Loss 	 Train Acc
[2025/01/21 13:28:51] - 14 	 22.5 	 	 0.1000 	 0.6522  	 0.4217 	 2.1454 	 2.1610 	 0.4913
[2025/01/21 13:29:08] - Test Loss 	 Test Acc 	 PGD Loss 	 PGD Acc
[2025/01/21 13:29:08] - 1.7183 	 	 0.6572 	 1.8275 	 0.4730
[2025/01/21 13:29:30] - Epoch 	 Seconds 	 LR 	 	 Update 	 Gamma 	 	 Inner Loss 	 Train Loss 	 Train Acc
[2025/01/21 13:29:30] - 15 	 22.3 	 	 0.1000 	 0.6292  	 0.4189 	 2.1453 	 2.1600 	 0.4953
[2025/01/21 13:29:47] - Test Loss 	 Test Acc 	 PGD Loss 	 PGD Acc
[2025/01/21 13:29:47] - 1.6894 	 	 0.6685 	 1.8046 	 0.4830
[2025/01/21 13:30:10] - Epoch 	 Seconds 	 LR 	 	 Update 	 Gamma 	 	 Inner Loss 	 Train Loss 	 Train Acc
[2025/01/21 13:30:10] - 16 	 22.4 	 	 0.1000 	 0.6419  	 0.4161 	 2.1456 	 2.1596 	 0.5009
[2025/01/21 13:30:27] - Test Loss 	 Test Acc 	 PGD Loss 	 PGD Acc
[2025/01/21 13:30:27] - 1.6572 	 	 0.6783 	 1.7789 	 0.4904
[2025/01/21 13:30:49] - Epoch 	 Seconds 	 LR 	 	 Update 	 Gamma 	 	 Inner Loss 	 Train Loss 	 Train Acc
[2025/01/21 13:30:49] - 17 	 22.2 	 	 0.1000 	 0.6164  	 0.4132 	 2.1456 	 2.1591 	 0.5083
[2025/01/21 13:31:06] - Test Loss 	 Test Acc 	 PGD Loss 	 PGD Acc
[2025/01/21 13:31:06] - 1.6272 	 	 0.6882 	 1.7551 	 0.4975
[2025/01/21 13:31:29] - Epoch 	 Seconds 	 LR 	 	 Update 	 Gamma 	 	 Inner Loss 	 Train Loss 	 Train Acc
[2025/01/21 13:31:29] - 18 	 22.2 	 	 0.1000 	 0.6240  	 0.4103 	 2.1465 	 2.1594 	 0.5126
[2025/01/21 13:31:46] - Test Loss 	 Test Acc 	 PGD Loss 	 PGD Acc
[2025/01/21 13:31:46] - 1.6058 	 	 0.6940 	 1.7386 	 0.5005
[2025/01/21 13:32:08] - Epoch 	 Seconds 	 LR 	 	 Update 	 Gamma 	 	 Inner Loss 	 Train Loss 	 Train Acc
[2025/01/21 13:32:08] - 19 	 22.1 	 	 0.1000 	 0.6368  	 0.4074 	 2.1476 	 2.1594 	 0.5168
[2025/01/21 13:32:25] - Test Loss 	 Test Acc 	 PGD Loss 	 PGD Acc
[2025/01/21 13:32:25] - 1.5895 	 	 0.7013 	 1.7264 	 0.5040
[2025/01/21 13:32:48] - Epoch 	 Seconds 	 LR 	 	 Update 	 Gamma 	 	 Inner Loss 	 Train Loss 	 Train Acc
[2025/01/21 13:32:48] - 20 	 23.2 	 	 0.1000 	 0.4834  	 0.4044 	 2.1288 	 2.1379 	 0.5746
[2025/01/21 13:33:06] - Test Loss 	 Test Acc 	 PGD Loss 	 PGD Acc
[2025/01/21 13:33:06] - 1.5634 	 	 0.7121 	 1.7082 	 0.5035
[2025/01/21 13:33:29] - Epoch 	 Seconds 	 LR 	 	 Update 	 Gamma 	 	 Inner Loss 	 Train Loss 	 Train Acc
[2025/01/21 13:33:29] - 21 	 23.5 	 	 0.1000 	 0.9130  	 0.4015 	 2.1548 	 2.1794 	 0.5010
[2025/01/21 13:33:46] - Test Loss 	 Test Acc 	 PGD Loss 	 PGD Acc
[2025/01/21 13:33:46] - 1.6043 	 	 0.7067 	 1.7372 	 0.5108
[2025/01/21 13:34:09] - Epoch 	 Seconds 	 LR 	 	 Update 	 Gamma 	 	 Inner Loss 	 Train Loss 	 Train Acc
[2025/01/21 13:34:09] - 22 	 22.3 	 	 0.1000 	 0.6240  	 0.3984 	 2.1487 	 2.1579 	 0.5351
[2025/01/21 13:34:26] - Test Loss 	 Test Acc 	 PGD Loss 	 PGD Acc
[2025/01/21 13:34:26] - 1.5870 	 	 0.7131 	 1.7243 	 0.5114
[2025/01/21 13:34:49] - Epoch 	 Seconds 	 LR 	 	 Update 	 Gamma 	 	 Inner Loss 	 Train Loss 	 Train Acc
[2025/01/21 13:34:49] - 23 	 22.5 	 	 0.1000 	 0.6752  	 0.3954 	 2.1535 	 2.1641 	 0.5273
[2025/01/21 13:35:06] - Test Loss 	 Test Acc 	 PGD Loss 	 PGD Acc
[2025/01/21 13:35:06] - 1.5801 	 	 0.7156 	 1.7188 	 0.5146
[2025/01/21 13:35:28] - Epoch 	 Seconds 	 LR 	 	 Update 	 Gamma 	 	 Inner Loss 	 Train Loss 	 Train Acc
[2025/01/21 13:35:28] - 24 	 22.2 	 	 0.1000 	 0.6343  	 0.3922 	 2.1555 	 2.1638 	 0.5309
[2025/01/21 13:35:45] - Test Loss 	 Test Acc 	 PGD Loss 	 PGD Acc
[2025/01/21 13:35:45] - 1.5742 	 	 0.7198 	 1.7144 	 0.5173
[2025/01/21 13:36:07] - Epoch 	 Seconds 	 LR 	 	 Update 	 Gamma 	 	 Inner Loss 	 Train Loss 	 Train Acc
[2025/01/21 13:36:07] - 25 	 22.0 	 	 0.1000 	 0.6189  	 0.3891 	 2.1571 	 2.1646 	 0.5344
[2025/01/21 13:36:24] - Test Loss 	 Test Acc 	 PGD Loss 	 PGD Acc
[2025/01/21 13:36:24] - 1.5700 	 	 0.7231 	 1.7114 	 0.5190
[2025/01/21 13:36:47] - Epoch 	 Seconds 	 LR 	 	 Update 	 Gamma 	 	 Inner Loss 	 Train Loss 	 Train Acc
[2025/01/21 13:36:47] - 26 	 22.3 	 	 0.1000 	 0.6803  	 0.3859 	 2.1590 	 2.1657 	 0.5369
[2025/01/21 13:37:04] - Test Loss 	 Test Acc 	 PGD Loss 	 PGD Acc
[2025/01/21 13:37:04] - 1.5668 	 	 0.7238 	 1.7094 	 0.5212
[2025/01/21 13:37:26] - Epoch 	 Seconds 	 LR 	 	 Update 	 Gamma 	 	 Inner Loss 	 Train Loss 	 Train Acc
[2025/01/21 13:37:26] - 27 	 22.1 	 	 0.1000 	 0.6036  	 0.3827 	 2.1620 	 2.1677 	 0.5389
[2025/01/21 13:37:43] - Test Loss 	 Test Acc 	 PGD Loss 	 PGD Acc
[2025/01/21 13:37:43] - 1.5665 	 	 0.7263 	 1.7095 	 0.5215
[2025/01/21 13:38:05] - Epoch 	 Seconds 	 LR 	 	 Update 	 Gamma 	 	 Inner Loss 	 Train Loss 	 Train Acc
[2025/01/21 13:38:05] - 28 	 22.0 	 	 0.1000 	 0.5985  	 0.3795 	 2.1632 	 2.1680 	 0.5426
[2025/01/21 13:38:22] - Test Loss 	 Test Acc 	 PGD Loss 	 PGD Acc
[2025/01/21 13:38:22] - 1.5659 	 	 0.7272 	 1.7093 	 0.5232
[2025/01/21 13:38:45] - Epoch 	 Seconds 	 LR 	 	 Update 	 Gamma 	 	 Inner Loss 	 Train Loss 	 Train Acc
[2025/01/21 13:38:45] - 29 	 22.1 	 	 0.1000 	 0.5908  	 0.3762 	 2.1664 	 2.1703 	 0.5419
[2025/01/21 13:39:02] - Test Loss 	 Test Acc 	 PGD Loss 	 PGD Acc
[2025/01/21 13:39:02] - 1.5675 	 	 0.7285 	 1.7108 	 0.5244
[2025/01/21 13:39:25] - Epoch 	 Seconds 	 LR 	 	 Update 	 Gamma 	 	 Inner Loss 	 Train Loss 	 Train Acc
[2025/01/21 13:39:25] - 30 	 23.3 	 	 0.1000 	 0.4552  	 0.3728 	 2.1521 	 2.1517 	 0.5987
[2025/01/21 13:39:42] - Test Loss 	 Test Acc 	 PGD Loss 	 PGD Acc
[2025/01/21 13:39:42] - 1.5575 	 	 0.7331 	 1.7044 	 0.5247
[2025/01/21 13:40:06] - Epoch 	 Seconds 	 LR 	 	 Update 	 Gamma 	 	 Inner Loss 	 Train Loss 	 Train Acc
[2025/01/21 13:40:06] - 31 	 23.4 	 	 0.1000 	 0.8747  	 0.3695 	 2.1748 	 2.1892 	 0.5267
[2025/01/21 13:40:23] - Test Loss 	 Test Acc 	 PGD Loss 	 PGD Acc
[2025/01/21 13:40:23] - 1.5953 	 	 0.7290 	 1.7331 	 0.5272
[2025/01/21 13:40:45] - Epoch 	 Seconds 	 LR 	 	 Update 	 Gamma 	 	 Inner Loss 	 Train Loss 	 Train Acc
[2025/01/21 13:40:45] - 32 	 21.9 	 	 0.1000 	 0.5882  	 0.3661 	 2.1706 	 2.1712 	 0.5584
[2025/01/21 13:41:02] - Test Loss 	 Test Acc 	 PGD Loss 	 PGD Acc
[2025/01/21 13:41:02] - 1.5923 	 	 0.7310 	 1.7311 	 0.5291
[2025/01/21 13:41:25] - Epoch 	 Seconds 	 LR 	 	 Update 	 Gamma 	 	 Inner Loss 	 Train Loss 	 Train Acc
[2025/01/21 13:41:25] - 33 	 22.3 	 	 0.1000 	 0.6419  	 0.3626 	 2.1763 	 2.1784 	 0.5466
[2025/01/21 13:41:42] - Test Loss 	 Test Acc 	 PGD Loss 	 PGD Acc
[2025/01/21 13:41:42] - 1.5940 	 	 0.7306 	 1.7326 	 0.5302
[2025/01/21 13:42:04] - Epoch 	 Seconds 	 LR 	 	 Update 	 Gamma 	 	 Inner Loss 	 Train Loss 	 Train Acc
[2025/01/21 13:42:04] - 34 	 21.9 	 	 0.1000 	 0.5831  	 0.3591 	 2.1784 	 2.1782 	 0.5532
[2025/01/21 13:42:21] - Test Loss 	 Test Acc 	 PGD Loss 	 PGD Acc
[2025/01/21 13:42:21] - 1.5938 	 	 0.7329 	 1.7328 	 0.5309
[2025/01/21 13:42:43] - Epoch 	 Seconds 	 LR 	 	 Update 	 Gamma 	 	 Inner Loss 	 Train Loss 	 Train Acc
[2025/01/21 13:42:43] - 35 	 22.3 	 	 0.1000 	 0.6240  	 0.3556 	 2.1817 	 2.1807 	 0.5494
[2025/01/21 13:43:00] - Test Loss 	 Test Acc 	 PGD Loss 	 PGD Acc
[2025/01/21 13:43:00] - 1.5953 	 	 0.7317 	 1.7340 	 0.5323
[2025/01/21 13:43:23] - Epoch 	 Seconds 	 LR 	 	 Update 	 Gamma 	 	 Inner Loss 	 Train Loss 	 Train Acc
[2025/01/21 13:43:23] - 36 	 22.3 	 	 0.1000 	 0.6087  	 0.3521 	 2.1840 	 2.1823 	 0.5525
[2025/01/21 13:43:40] - Test Loss 	 Test Acc 	 PGD Loss 	 PGD Acc
[2025/01/21 13:43:40] - 1.5950 	 	 0.7349 	 1.7341 	 0.5329
[2025/01/21 13:44:02] - Epoch 	 Seconds 	 LR 	 	 Update 	 Gamma 	 	 Inner Loss 	 Train Loss 	 Train Acc
[2025/01/21 13:44:02] - 37 	 22.3 	 	 0.1000 	 0.6138  	 0.3485 	 2.1870 	 2.1843 	 0.5511
[2025/01/21 13:44:20] - Test Loss 	 Test Acc 	 PGD Loss 	 PGD Acc
[2025/01/21 13:44:20] - 1.5967 	 	 0.7369 	 1.7359 	 0.5327
[2025/01/21 13:44:42] - Epoch 	 Seconds 	 LR 	 	 Update 	 Gamma 	 	 Inner Loss 	 Train Loss 	 Train Acc
[2025/01/21 13:44:42] - 38 	 22.1 	 	 0.1000 	 0.6138  	 0.3448 	 2.1896 	 2.1860 	 0.5535
[2025/01/21 13:44:59] - Test Loss 	 Test Acc 	 PGD Loss 	 PGD Acc
[2025/01/21 13:44:59] - 1.5993 	 	 0.7352 	 1.7380 	 0.5354
[2025/01/21 13:45:21] - Epoch 	 Seconds 	 LR 	 	 Update 	 Gamma 	 	 Inner Loss 	 Train Loss 	 Train Acc
[2025/01/21 13:45:21] - 39 	 21.8 	 	 0.1000 	 0.5575  	 0.3412 	 2.1923 	 2.1877 	 0.5561
[2025/01/21 13:45:38] - Test Loss 	 Test Acc 	 PGD Loss 	 PGD Acc
[2025/01/21 13:45:38] - 1.6026 	 	 0.7377 	 1.7411 	 0.5365
[2025/01/21 13:46:01] - Epoch 	 Seconds 	 LR 	 	 Update 	 Gamma 	 	 Inner Loss 	 Train Loss 	 Train Acc
[2025/01/21 13:46:01] - 40 	 22.8 	 	 0.1000 	 0.3836  	 0.3375 	 2.1822 	 2.1725 	 0.6127
[2025/01/21 13:46:18] - Test Loss 	 Test Acc 	 PGD Loss 	 PGD Acc
[2025/01/21 13:46:18] - 1.5980 	 	 0.7404 	 1.7385 	 0.5359
[2025/01/21 13:46:41] - Epoch 	 Seconds 	 LR 	 	 Update 	 Gamma 	 	 Inner Loss 	 Train Loss 	 Train Acc
[2025/01/21 13:46:41] - 41 	 23.2 	 	 0.1000 	 0.8721  	 0.3337 	 2.2008 	 2.2059 	 0.5381
[2025/01/21 13:46:58] - Test Loss 	 Test Acc 	 PGD Loss 	 PGD Acc
[2025/01/21 13:46:58] - 1.6303 	 	 0.7346 	 1.7631 	 0.5382
[2025/01/21 13:47:20] - Epoch 	 Seconds 	 LR 	 	 Update 	 Gamma 	 	 Inner Loss 	 Train Loss 	 Train Acc
[2025/01/21 13:47:20] - 42 	 21.8 	 	 0.1000 	 0.5780  	 0.3299 	 2.1984 	 2.1910 	 0.5692
[2025/01/21 13:47:37] - Test Loss 	 Test Acc 	 PGD Loss 	 PGD Acc
[2025/01/21 13:47:37] - 1.6305 	 	 0.7378 	 1.7637 	 0.5387
[2025/01/21 13:47:59] - Epoch 	 Seconds 	 LR 	 	 Update 	 Gamma 	 	 Inner Loss 	 Train Loss 	 Train Acc
[2025/01/21 13:47:59] - 43 	 22.0 	 	 0.1000 	 0.6164  	 0.3261 	 2.2032 	 2.1972 	 0.5601
[2025/01/21 13:48:16] - Test Loss 	 Test Acc 	 PGD Loss 	 PGD Acc
[2025/01/21 13:48:16] - 1.6339 	 	 0.7382 	 1.7666 	 0.5403
[2025/01/21 13:48:38] - Epoch 	 Seconds 	 LR 	 	 Update 	 Gamma 	 	 Inner Loss 	 Train Loss 	 Train Acc
[2025/01/21 13:48:38] - 44 	 21.9 	 	 0.1000 	 0.5754  	 0.3222 	 2.2064 	 2.1983 	 0.5598
[2025/01/21 13:48:55] - Test Loss 	 Test Acc 	 PGD Loss 	 PGD Acc
[2025/01/21 13:48:55] - 1.6361 	 	 0.7403 	 1.7689 	 0.5424
[2025/01/21 13:49:17] - Epoch 	 Seconds 	 LR 	 	 Update 	 Gamma 	 	 Inner Loss 	 Train Loss 	 Train Acc
[2025/01/21 13:49:17] - 45 	 21.9 	 	 0.1000 	 0.5396  	 0.3183 	 2.2095 	 2.2008 	 0.5620
[2025/01/21 13:49:34] - Test Loss 	 Test Acc 	 PGD Loss 	 PGD Acc
[2025/01/21 13:49:34] - 1.6391 	 	 0.7394 	 1.7714 	 0.5422
[2025/01/21 13:49:56] - Epoch 	 Seconds 	 LR 	 	 Update 	 Gamma 	 	 Inner Loss 	 Train Loss 	 Train Acc
[2025/01/21 13:49:56] - 46 	 21.8 	 	 0.1000 	 0.5448  	 0.3144 	 2.2122 	 2.2024 	 0.5618
[2025/01/21 13:50:13] - Test Loss 	 Test Acc 	 PGD Loss 	 PGD Acc
[2025/01/21 13:50:13] - 1.6427 	 	 0.7405 	 1.7746 	 0.5424
[2025/01/21 13:50:35] - Epoch 	 Seconds 	 LR 	 	 Update 	 Gamma 	 	 Inner Loss 	 Train Loss 	 Train Acc
[2025/01/21 13:50:35] - 47 	 21.8 	 	 0.1000 	 0.5703  	 0.3104 	 2.2152 	 2.2049 	 0.5622
[2025/01/21 13:50:52] - Test Loss 	 Test Acc 	 PGD Loss 	 PGD Acc
[2025/01/21 13:50:52] - 1.6479 	 	 0.7396 	 1.7790 	 0.5428
[2025/01/21 13:51:14] - Epoch 	 Seconds 	 LR 	 	 Update 	 Gamma 	 	 Inner Loss 	 Train Loss 	 Train Acc
[2025/01/21 13:51:14] - 48 	 21.7 	 	 0.1000 	 0.5422  	 0.3064 	 2.2180 	 2.2070 	 0.5625
[2025/01/21 13:51:31] - Test Loss 	 Test Acc 	 PGD Loss 	 PGD Acc
[2025/01/21 13:51:31] - 1.6521 	 	 0.7408 	 1.7828 	 0.5440
[2025/01/21 13:51:53] - Epoch 	 Seconds 	 LR 	 	 Update 	 Gamma 	 	 Inner Loss 	 Train Loss 	 Train Acc
[2025/01/21 13:51:53] - 49 	 21.8 	 	 0.1000 	 0.5703  	 0.3024 	 2.2208 	 2.2090 	 0.5629
[2025/01/21 13:52:10] - Test Loss 	 Test Acc 	 PGD Loss 	 PGD Acc
[2025/01/21 13:52:10] - 1.6568 	 	 0.7404 	 1.7867 	 0.5448
[2025/01/21 13:52:33] - Epoch 	 Seconds 	 LR 	 	 Update 	 Gamma 	 	 Inner Loss 	 Train Loss 	 Train Acc
[2025/01/21 13:52:33] - 50 	 22.8 	 	 0.1000 	 0.4143  	 0.2983 	 2.2146 	 2.1977 	 0.6191
[2025/01/21 13:52:50] - Test Loss 	 Test Acc 	 PGD Loss 	 PGD Acc
[2025/01/21 13:52:50] - 1.6527 	 	 0.7451 	 1.7847 	 0.5448
[2025/01/21 13:53:13] - Epoch 	 Seconds 	 LR 	 	 Update 	 Gamma 	 	 Inner Loss 	 Train Loss 	 Train Acc
[2025/01/21 13:53:13] - 51 	 22.8 	 	 0.1000 	 0.8286  	 0.2941 	 2.2283 	 2.2246 	 0.5463
[2025/01/21 13:53:30] - Test Loss 	 Test Acc 	 PGD Loss 	 PGD Acc
[2025/01/21 13:53:30] - 1.6827 	 	 0.7424 	 1.8077 	 0.5461
[2025/01/21 13:53:52] - Epoch 	 Seconds 	 LR 	 	 Update 	 Gamma 	 	 Inner Loss 	 Train Loss 	 Train Acc
[2025/01/21 13:53:52] - 52 	 21.8 	 	 0.1000 	 0.5882  	 0.2900 	 2.2277 	 2.2129 	 0.5759
[2025/01/21 13:54:09] - Test Loss 	 Test Acc 	 PGD Loss 	 PGD Acc
[2025/01/21 13:54:09] - 1.6840 	 	 0.7440 	 1.8094 	 0.5475
[2025/01/21 13:54:31] - Epoch 	 Seconds 	 LR 	 	 Update 	 Gamma 	 	 Inner Loss 	 Train Loss 	 Train Acc
[2025/01/21 13:54:31] - 53 	 21.7 	 	 0.1000 	 0.5729  	 0.2858 	 2.2321 	 2.2184 	 0.5683
[2025/01/21 13:54:48] - Test Loss 	 Test Acc 	 PGD Loss 	 PGD Acc
[2025/01/21 13:54:48] - 1.6894 	 	 0.7431 	 1.8138 	 0.5488
[2025/01/21 13:55:10] - Epoch 	 Seconds 	 LR 	 	 Update 	 Gamma 	 	 Inner Loss 	 Train Loss 	 Train Acc
[2025/01/21 13:55:10] - 54 	 21.7 	 	 0.1000 	 0.5499  	 0.2815 	 2.2350 	 2.2199 	 0.5684
[2025/01/21 13:55:27] - Test Loss 	 Test Acc 	 PGD Loss 	 PGD Acc
[2025/01/21 13:55:27] - 1.6939 	 	 0.7433 	 1.8176 	 0.5502
[2025/01/21 13:55:49] - Epoch 	 Seconds 	 LR 	 	 Update 	 Gamma 	 	 Inner Loss 	 Train Loss 	 Train Acc
[2025/01/21 13:55:49] - 55 	 21.8 	 	 0.1000 	 0.5882  	 0.2773 	 2.2378 	 2.2221 	 0.5650
[2025/01/21 13:56:06] - Test Loss 	 Test Acc 	 PGD Loss 	 PGD Acc
[2025/01/21 13:56:06] - 1.6978 	 	 0.7429 	 1.8210 	 0.5490
[2025/01/21 13:56:27] - Epoch 	 Seconds 	 LR 	 	 Update 	 Gamma 	 	 Inner Loss 	 Train Loss 	 Train Acc
[2025/01/21 13:56:27] - 56 	 21.8 	 	 0.1000 	 0.5934  	 0.2730 	 2.2406 	 2.2243 	 0.5690
[2025/01/21 13:56:44] - Test Loss 	 Test Acc 	 PGD Loss 	 PGD Acc
[2025/01/21 13:56:44] - 1.7032 	 	 0.7444 	 1.8257 	 0.5501
[2025/01/21 13:57:06] - Epoch 	 Seconds 	 LR 	 	 Update 	 Gamma 	 	 Inner Loss 	 Train Loss 	 Train Acc
[2025/01/21 13:57:06] - 57 	 22.0 	 	 0.1000 	 0.5806  	 0.2686 	 2.2433 	 2.2260 	 0.5699
[2025/01/21 13:57:23] - Test Loss 	 Test Acc 	 PGD Loss 	 PGD Acc
[2025/01/21 13:57:23] - 1.7087 	 	 0.7452 	 1.8304 	 0.5500
[2025/01/21 13:57:45] - Epoch 	 Seconds 	 LR 	 	 Update 	 Gamma 	 	 Inner Loss 	 Train Loss 	 Train Acc
[2025/01/21 13:57:45] - 58 	 21.7 	 	 0.1000 	 0.5703  	 0.2642 	 2.2463 	 2.2286 	 0.5677
[2025/01/21 13:58:02] - Test Loss 	 Test Acc 	 PGD Loss 	 PGD Acc
[2025/01/21 13:58:02] - 1.7149 	 	 0.7443 	 1.8354 	 0.5500
[2025/01/21 13:58:24] - Epoch 	 Seconds 	 LR 	 	 Update 	 Gamma 	 	 Inner Loss 	 Train Loss 	 Train Acc
[2025/01/21 13:58:24] - 59 	 21.7 	 	 0.1000 	 0.5422  	 0.2598 	 2.2489 	 2.2306 	 0.5696
[2025/01/21 13:58:41] - Test Loss 	 Test Acc 	 PGD Loss 	 PGD Acc
[2025/01/21 13:58:41] - 1.7210 	 	 0.7443 	 1.8404 	 0.5504
[2025/01/21 13:59:04] - Epoch 	 Seconds 	 LR 	 	 Update 	 Gamma 	 	 Inner Loss 	 Train Loss 	 Train Acc
[2025/01/21 13:59:04] - 60 	 23.1 	 	 0.1000 	 0.4271  	 0.2554 	 2.2459 	 2.2224 	 0.6237
[2025/01/21 13:59:21] - Test Loss 	 Test Acc 	 PGD Loss 	 PGD Acc
[2025/01/21 13:59:21] - 1.7186 	 	 0.7478 	 1.8396 	 0.5510
[2025/01/21 13:59:45] - Epoch 	 Seconds 	 LR 	 	 Update 	 Gamma 	 	 Inner Loss 	 Train Loss 	 Train Acc
[2025/01/21 13:59:45] - 61 	 23.3 	 	 0.1000 	 0.8414  	 0.2509 	 2.2552 	 2.2437 	 0.5493
[2025/01/21 14:00:02] - Test Loss 	 Test Acc 	 PGD Loss 	 PGD Acc
[2025/01/21 14:00:02] - 1.7490 	 	 0.7428 	 1.8629 	 0.5522
[2025/01/21 14:00:24] - Epoch 	 Seconds 	 LR 	 	 Update 	 Gamma 	 	 Inner Loss 	 Train Loss 	 Train Acc
[2025/01/21 14:00:24] - 62 	 22.0 	 	 0.1000 	 0.5345  	 0.2464 	 2.2559 	 2.2351 	 0.5848
[2025/01/21 14:00:41] - Test Loss 	 Test Acc 	 PGD Loss 	 PGD Acc
[2025/01/21 14:00:41] - 1.7526 	 	 0.7430 	 1.8660 	 0.5521
[2025/01/21 14:01:03] - Epoch 	 Seconds 	 LR 	 	 Update 	 Gamma 	 	 Inner Loss 	 Train Loss 	 Train Acc
[2025/01/21 14:01:03] - 63 	 22.3 	 	 0.1000 	 0.6010  	 0.2418 	 2.2595 	 2.2400 	 0.5703
[2025/01/21 14:01:21] - Test Loss 	 Test Acc 	 PGD Loss 	 PGD Acc
[2025/01/21 14:01:21] - 1.7596 	 	 0.7442 	 1.8718 	 0.5519
[2025/01/21 14:01:42] - Epoch 	 Seconds 	 LR 	 	 Update 	 Gamma 	 	 Inner Loss 	 Train Loss 	 Train Acc
[2025/01/21 14:01:42] - 64 	 21.9 	 	 0.1000 	 0.5269  	 0.2372 	 2.2620 	 2.2412 	 0.5725
[2025/01/21 14:02:00] - Test Loss 	 Test Acc 	 PGD Loss 	 PGD Acc
[2025/01/21 14:02:00] - 1.7655 	 	 0.7445 	 1.8770 	 0.5530
[2025/01/21 14:02:22] - Epoch 	 Seconds 	 LR 	 	 Update 	 Gamma 	 	 Inner Loss 	 Train Loss 	 Train Acc
[2025/01/21 14:02:22] - 65 	 22.0 	 	 0.1000 	 0.5524  	 0.2326 	 2.2646 	 2.2434 	 0.5742
[2025/01/21 14:02:39] - Test Loss 	 Test Acc 	 PGD Loss 	 PGD Acc
[2025/01/21 14:02:39] - 1.7721 	 	 0.7445 	 1.8826 	 0.5539
[2025/01/21 14:03:01] - Epoch 	 Seconds 	 LR 	 	 Update 	 Gamma 	 	 Inner Loss 	 Train Loss 	 Train Acc
[2025/01/21 14:03:01] - 66 	 22.2 	 	 0.1000 	 0.5806  	 0.2280 	 2.2672 	 2.2454 	 0.5722
[2025/01/21 14:03:18] - Test Loss 	 Test Acc 	 PGD Loss 	 PGD Acc
[2025/01/21 14:03:18] - 1.7806 	 	 0.7434 	 1.8895 	 0.5542
[2025/01/21 14:03:41] - Epoch 	 Seconds 	 LR 	 	 Update 	 Gamma 	 	 Inner Loss 	 Train Loss 	 Train Acc
[2025/01/21 14:03:41] - 67 	 22.4 	 	 0.1000 	 0.6138  	 0.2233 	 2.2697 	 2.2476 	 0.5707
[2025/01/21 14:03:58] - Test Loss 	 Test Acc 	 PGD Loss 	 PGD Acc
[2025/01/21 14:03:58] - 1.7893 	 	 0.7439 	 1.8966 	 0.5542
[2025/01/21 14:04:20] - Epoch 	 Seconds 	 LR 	 	 Update 	 Gamma 	 	 Inner Loss 	 Train Loss 	 Train Acc
[2025/01/21 14:04:20] - 68 	 21.9 	 	 0.1000 	 0.5524  	 0.2186 	 2.2721 	 2.2495 	 0.5726
[2025/01/21 14:04:37] - Test Loss 	 Test Acc 	 PGD Loss 	 PGD Acc
[2025/01/21 14:04:37] - 1.7980 	 	 0.7432 	 1.9039 	 0.5528
[2025/01/21 14:04:59] - Epoch 	 Seconds 	 LR 	 	 Update 	 Gamma 	 	 Inner Loss 	 Train Loss 	 Train Acc
[2025/01/21 14:04:59] - 69 	 21.6 	 	 0.1000 	 0.5192  	 0.2138 	 2.2745 	 2.2515 	 0.5753
[2025/01/21 14:05:16] - Test Loss 	 Test Acc 	 PGD Loss 	 PGD Acc
[2025/01/21 14:05:16] - 1.8062 	 	 0.7432 	 1.9105 	 0.5539
[2025/01/21 14:05:39] - Epoch 	 Seconds 	 LR 	 	 Update 	 Gamma 	 	 Inner Loss 	 Train Loss 	 Train Acc
[2025/01/21 14:05:39] - 70 	 22.6 	 	 0.1000 	 0.3632  	 0.2090 	 2.2741 	 2.2460 	 0.6303
[2025/01/21 14:05:56] - Test Loss 	 Test Acc 	 PGD Loss 	 PGD Acc
[2025/01/21 14:05:56] - 1.8063 	 	 0.7448 	 1.9114 	 0.5541
[2025/01/21 14:06:19] - Epoch 	 Seconds 	 LR 	 	 Update 	 Gamma 	 	 Inner Loss 	 Train Loss 	 Train Acc
[2025/01/21 14:06:19] - 71 	 23.1 	 	 0.1000 	 0.8568  	 0.2042 	 2.2788 	 2.2615 	 0.5561
[2025/01/21 14:06:36] - Test Loss 	 Test Acc 	 PGD Loss 	 PGD Acc
[2025/01/21 14:06:36] - 1.8386 	 	 0.7401 	 1.9366 	 0.5534
[2025/01/21 14:06:57] - Epoch 	 Seconds 	 LR 	 	 Update 	 Gamma 	 	 Inner Loss 	 Train Loss 	 Train Acc
[2025/01/21 14:06:57] - 72 	 21.6 	 	 0.1000 	 0.4936  	 0.1994 	 2.2808 	 2.2558 	 0.5881
[2025/01/21 14:07:14] - Test Loss 	 Test Acc 	 PGD Loss 	 PGD Acc
[2025/01/21 14:07:14] - 1.8439 	 	 0.7397 	 1.9410 	 0.5548
[2025/01/21 14:07:37] - Epoch 	 Seconds 	 LR 	 	 Update 	 Gamma 	 	 Inner Loss 	 Train Loss 	 Train Acc
[2025/01/21 14:07:37] - 73 	 22.1 	 	 0.1000 	 0.6113  	 0.1945 	 2.2835 	 2.2600 	 0.5750
[2025/01/21 14:07:54] - Test Loss 	 Test Acc 	 PGD Loss 	 PGD Acc
[2025/01/21 14:07:54] - 1.8539 	 	 0.7396 	 1.9491 	 0.5541
[2025/01/21 14:08:16] - Epoch 	 Seconds 	 LR 	 	 Update 	 Gamma 	 	 Inner Loss 	 Train Loss 	 Train Acc
[2025/01/21 14:08:16] - 74 	 21.9 	 	 0.1000 	 0.5166  	 0.1896 	 2.2856 	 2.2609 	 0.5809
[2025/01/21 14:08:33] - Test Loss 	 Test Acc 	 PGD Loss 	 PGD Acc
[2025/01/21 14:08:33] - 1.8613 	 	 0.7395 	 1.9553 	 0.5543
[2025/01/21 14:08:55] - Epoch 	 Seconds 	 LR 	 	 Update 	 Gamma 	 	 Inner Loss 	 Train Loss 	 Train Acc
[2025/01/21 14:08:55] - 75 	 22.0 	 	 0.1000 	 0.5575  	 0.1847 	 2.2878 	 2.2630 	 0.5749
[2025/01/21 14:09:12] - Test Loss 	 Test Acc 	 PGD Loss 	 PGD Acc
[2025/01/21 14:09:12] - 1.8704 	 	 0.7377 	 1.9628 	 0.5554
[2025/01/21 14:09:34] - Epoch 	 Seconds 	 LR 	 	 Update 	 Gamma 	 	 Inner Loss 	 Train Loss 	 Train Acc
[2025/01/21 14:09:34] - 76 	 21.8 	 	 0.1000 	 0.4987  	 0.1798 	 2.2898 	 2.2648 	 0.5790
[2025/01/21 14:09:51] - Test Loss 	 Test Acc 	 PGD Loss 	 PGD Acc
[2025/01/21 14:09:51] - 1.8798 	 	 0.7369 	 1.9704 	 0.5550
[2025/01/21 14:10:13] - Epoch 	 Seconds 	 LR 	 	 Update 	 Gamma 	 	 Inner Loss 	 Train Loss 	 Train Acc
[2025/01/21 14:10:13] - 77 	 21.6 	 	 0.1000 	 0.5192  	 0.1748 	 2.2917 	 2.2663 	 0.5802
[2025/01/21 14:10:30] - Test Loss 	 Test Acc 	 PGD Loss 	 PGD Acc
[2025/01/21 14:10:30] - 1.8902 	 	 0.7359 	 1.9789 	 0.5547
[2025/01/21 14:10:52] - Epoch 	 Seconds 	 LR 	 	 Update 	 Gamma 	 	 Inner Loss 	 Train Loss 	 Train Acc
[2025/01/21 14:10:52] - 78 	 21.7 	 	 0.1000 	 0.5371  	 0.1698 	 2.2937 	 2.2682 	 0.5804
[2025/01/21 14:11:09] - Test Loss 	 Test Acc 	 PGD Loss 	 PGD Acc
[2025/01/21 14:11:09] - 1.9010 	 	 0.7348 	 1.9877 	 0.5532
[2025/01/21 14:11:30] - Epoch 	 Seconds 	 LR 	 	 Update 	 Gamma 	 	 Inner Loss 	 Train Loss 	 Train Acc
[2025/01/21 14:11:30] - 79 	 21.8 	 	 0.1000 	 0.5371  	 0.1648 	 2.2955 	 2.2697 	 0.5805
[2025/01/21 14:11:48] - Test Loss 	 Test Acc 	 PGD Loss 	 PGD Acc
[2025/01/21 14:11:48] - 1.9117 	 	 0.7339 	 1.9964 	 0.5511
[2025/01/21 14:12:10] - Epoch 	 Seconds 	 LR 	 	 Update 	 Gamma 	 	 Inner Loss 	 Train Loss 	 Train Acc
[2025/01/21 14:12:10] - 80 	 22.7 	 	 0.1000 	 0.3427  	 0.1597 	 2.2971 	 2.2666 	 0.6401
[2025/01/21 14:12:27] - Test Loss 	 Test Acc 	 PGD Loss 	 PGD Acc
[2025/01/21 14:12:27] - 1.9146 	 	 0.7351 	 1.9994 	 0.5511
[2025/01/21 14:12:50] - Epoch 	 Seconds 	 LR 	 	 Update 	 Gamma 	 	 Inner Loss 	 Train Loss 	 Train Acc
[2025/01/21 14:12:50] - 81 	 23.0 	 	 0.1000 	 0.8082  	 0.1546 	 2.2979 	 2.2769 	 0.5629
[2025/01/21 14:13:07] - Test Loss 	 Test Acc 	 PGD Loss 	 PGD Acc
[2025/01/21 14:13:07] - 1.9457 	 	 0.7287 	 2.0235 	 0.5488
[2025/01/21 14:13:29] - Epoch 	 Seconds 	 LR 	 	 Update 	 Gamma 	 	 Inner Loss 	 Train Loss 	 Train Acc
[2025/01/21 14:13:29] - 82 	 21.7 	 	 0.1000 	 0.4910  	 0.1500 	 2.3005 	 2.2736 	 0.5937
[2025/01/21 14:13:46] - Test Loss 	 Test Acc 	 PGD Loss 	 PGD Acc
[2025/01/21 14:13:46] - 1.9525 	 	 0.7283 	 2.0294 	 0.5473
[2025/01/21 14:14:08] - Epoch 	 Seconds 	 LR 	 	 Update 	 Gamma 	 	 Inner Loss 	 Train Loss 	 Train Acc
[2025/01/21 14:14:08] - 83 	 22.0 	 	 0.1000 	 0.5754  	 0.1500 	 2.3003 	 2.2750 	 0.5782
[2025/01/21 14:14:25] - Test Loss 	 Test Acc 	 PGD Loss 	 PGD Acc
[2025/01/21 14:14:25] - 1.9594 	 	 0.7273 	 2.0352 	 0.5477
[2025/01/21 14:14:47] - Epoch 	 Seconds 	 LR 	 	 Update 	 Gamma 	 	 Inner Loss 	 Train Loss 	 Train Acc
[2025/01/21 14:14:47] - 84 	 22.0 	 	 0.1000 	 0.5524  	 0.1500 	 2.3005 	 2.2747 	 0.5785
[2025/01/21 14:15:05] - Test Loss 	 Test Acc 	 PGD Loss 	 PGD Acc
[2025/01/21 14:15:05] - 1.9611 	 	 0.7301 	 2.0371 	 0.5493
[2025/01/21 14:15:26] - Epoch 	 Seconds 	 LR 	 	 Update 	 Gamma 	 	 Inner Loss 	 Train Loss 	 Train Acc
[2025/01/21 14:15:26] - 85 	 21.8 	 	 0.1000 	 0.5345  	 0.1500 	 2.3005 	 2.2749 	 0.5754
[2025/01/21 14:15:44] - Test Loss 	 Test Acc 	 PGD Loss 	 PGD Acc
[2025/01/21 14:15:44] - 1.9605 	 	 0.7308 	 2.0369 	 0.5513
[2025/01/21 14:16:05] - Epoch 	 Seconds 	 LR 	 	 Update 	 Gamma 	 	 Inner Loss 	 Train Loss 	 Train Acc
[2025/01/21 14:16:05] - 86 	 21.9 	 	 0.1000 	 0.5422  	 0.1500 	 2.3005 	 2.2750 	 0.5751
[2025/01/21 14:16:23] - Test Loss 	 Test Acc 	 PGD Loss 	 PGD Acc
[2025/01/21 14:16:23] - 1.9586 	 	 0.7330 	 2.0359 	 0.5532
[2025/01/21 14:16:45] - Epoch 	 Seconds 	 LR 	 	 Update 	 Gamma 	 	 Inner Loss 	 Train Loss 	 Train Acc
[2025/01/21 14:16:45] - 87 	 21.9 	 	 0.1000 	 0.5371  	 0.1500 	 2.3005 	 2.2752 	 0.5741
[2025/01/21 14:17:02] - Test Loss 	 Test Acc 	 PGD Loss 	 PGD Acc
[2025/01/21 14:17:02] - 1.9553 	 	 0.7368 	 2.0335 	 0.5559
[2025/01/21 14:17:24] - Epoch 	 Seconds 	 LR 	 	 Update 	 Gamma 	 	 Inner Loss 	 Train Loss 	 Train Acc
[2025/01/21 14:17:24] - 88 	 21.9 	 	 0.1000 	 0.5703  	 0.1500 	 2.3006 	 2.2753 	 0.5708
[2025/01/21 14:17:41] - Test Loss 	 Test Acc 	 PGD Loss 	 PGD Acc
[2025/01/21 14:17:41] - 1.9498 	 	 0.7403 	 2.0295 	 0.5568
[2025/01/21 14:18:03] - Epoch 	 Seconds 	 LR 	 	 Update 	 Gamma 	 	 Inner Loss 	 Train Loss 	 Train Acc
[2025/01/21 14:18:03] - 89 	 22.1 	 	 0.1000 	 0.6036  	 0.1500 	 2.3005 	 2.2752 	 0.5696
[2025/01/21 14:18:20] - Test Loss 	 Test Acc 	 PGD Loss 	 PGD Acc
[2025/01/21 14:18:20] - 1.9444 	 	 0.7427 	 2.0256 	 0.5592
[2025/01/21 14:18:43] - Epoch 	 Seconds 	 LR 	 	 Update 	 Gamma 	 	 Inner Loss 	 Train Loss 	 Train Acc
[2025/01/21 14:18:43] - 90 	 22.6 	 	 0.1000 	 0.3453  	 0.1500 	 2.3005 	 2.2713 	 0.6284
[2025/01/21 14:19:00] - Test Loss 	 Test Acc 	 PGD Loss 	 PGD Acc
[2025/01/21 14:19:00] - 1.9362 	 	 0.7483 	 2.0198 	 0.5607
[2025/01/21 14:19:23] - Epoch 	 Seconds 	 LR 	 	 Update 	 Gamma 	 	 Inner Loss 	 Train Loss 	 Train Acc
[2025/01/21 14:19:23] - 91 	 22.9 	 	 0.1000 	 0.8593  	 0.1500 	 2.2994 	 2.2793 	 0.5451
[2025/01/21 14:19:40] - Test Loss 	 Test Acc 	 PGD Loss 	 PGD Acc
[2025/01/21 14:19:40] - 1.9453 	 	 0.7444 	 2.0258 	 0.5634
[2025/01/21 14:20:02] - Epoch 	 Seconds 	 LR 	 	 Update 	 Gamma 	 	 Inner Loss 	 Train Loss 	 Train Acc
[2025/01/21 14:20:02] - 92 	 21.5 	 	 0.1000 	 0.4910  	 0.1500 	 2.3004 	 2.2748 	 0.5844
[2025/01/21 14:20:19] - Test Loss 	 Test Acc 	 PGD Loss 	 PGD Acc
[2025/01/21 14:20:19] - 1.9397 	 	 0.7483 	 2.0218 	 0.5637
[2025/01/21 14:20:41] - Epoch 	 Seconds 	 LR 	 	 Update 	 Gamma 	 	 Inner Loss 	 Train Loss 	 Train Acc
[2025/01/21 14:20:41] - 93 	 22.1 	 	 0.1000 	 0.6240  	 0.1500 	 2.3004 	 2.2759 	 0.5675
[2025/01/21 14:20:58] - Test Loss 	 Test Acc 	 PGD Loss 	 PGD Acc
[2025/01/21 14:20:58] - 1.9354 	 	 0.7509 	 2.0187 	 0.5642
[2025/01/21 14:21:20] - Epoch 	 Seconds 	 LR 	 	 Update 	 Gamma 	 	 Inner Loss 	 Train Loss 	 Train Acc
[2025/01/21 14:21:20] - 94 	 22.0 	 	 0.1000 	 0.5985  	 0.1500 	 2.3005 	 2.2755 	 0.5711
[2025/01/21 14:21:37] - Test Loss 	 Test Acc 	 PGD Loss 	 PGD Acc
[2025/01/21 14:21:37] - 1.9318 	 	 0.7523 	 2.0163 	 0.5652
[2025/01/21 14:21:59] - Epoch 	 Seconds 	 LR 	 	 Update 	 Gamma 	 	 Inner Loss 	 Train Loss 	 Train Acc
[2025/01/21 14:21:59] - 95 	 22.0 	 	 0.1000 	 0.5831  	 0.1500 	 2.3005 	 2.2755 	 0.5685
[2025/01/21 14:22:17] - Test Loss 	 Test Acc 	 PGD Loss 	 PGD Acc
[2025/01/21 14:22:17] - 1.9284 	 	 0.7538 	 2.0140 	 0.5661
[2025/01/21 14:22:38] - Epoch 	 Seconds 	 LR 	 	 Update 	 Gamma 	 	 Inner Loss 	 Train Loss 	 Train Acc
[2025/01/21 14:22:38] - 96 	 21.8 	 	 0.1000 	 0.5575  	 0.1500 	 2.3005 	 2.2755 	 0.5703
[2025/01/21 14:22:56] - Test Loss 	 Test Acc 	 PGD Loss 	 PGD Acc
[2025/01/21 14:22:56] - 1.9259 	 	 0.7554 	 2.0122 	 0.5652
[2025/01/21 14:23:17] - Epoch 	 Seconds 	 LR 	 	 Update 	 Gamma 	 	 Inner Loss 	 Train Loss 	 Train Acc
[2025/01/21 14:23:17] - 97 	 21.8 	 	 0.1000 	 0.5678  	 0.1500 	 2.3006 	 2.2755 	 0.5693
[2025/01/21 14:23:34] - Test Loss 	 Test Acc 	 PGD Loss 	 PGD Acc
[2025/01/21 14:23:34] - 1.9233 	 	 0.7567 	 2.0103 	 0.5665
[2025/01/21 14:23:57] - Epoch 	 Seconds 	 LR 	 	 Update 	 Gamma 	 	 Inner Loss 	 Train Loss 	 Train Acc
[2025/01/21 14:23:57] - 98 	 21.9 	 	 0.1000 	 0.5831  	 0.1500 	 2.3005 	 2.2754 	 0.5708
[2025/01/21 14:24:14] - Test Loss 	 Test Acc 	 PGD Loss 	 PGD Acc
[2025/01/21 14:24:14] - 1.9205 	 	 0.7582 	 2.0081 	 0.5652
[2025/01/21 14:24:36] - Epoch 	 Seconds 	 LR 	 	 Update 	 Gamma 	 	 Inner Loss 	 Train Loss 	 Train Acc
[2025/01/21 14:24:36] - 99 	 22.0 	 	 0.0100 	 0.6061  	 0.1500 	 2.3006 	 2.2754 	 0.5691
[2025/01/21 14:24:53] - Test Loss 	 Test Acc 	 PGD Loss 	 PGD Acc
[2025/01/21 14:24:53] - 1.9182 	 	 0.7589 	 2.0066 	 0.5663
[2025/01/21 14:25:15] - Epoch 	 Seconds 	 LR 	 	 Update 	 Gamma 	 	 Inner Loss 	 Train Loss 	 Train Acc
[2025/01/21 14:25:15] - 100 	 21.9 	 	 0.0100 	 0.1586  	 0.1500 	 2.3002 	 2.2660 	 0.6916
[2025/01/21 14:25:32] - Test Loss 	 Test Acc 	 PGD Loss 	 PGD Acc
[2025/01/21 14:25:32] - 1.9146 	 	 0.7611 	 2.0040 	 0.5671
[2025/01/21 14:25:54] - Epoch 	 Seconds 	 LR 	 	 Update 	 Gamma 	 	 Inner Loss 	 Train Loss 	 Train Acc
[2025/01/21 14:25:54] - 101 	 22.1 	 	 0.0100 	 0.6368  	 0.1500 	 2.2999 	 2.2719 	 0.6325
[2025/01/21 14:26:11] - Test Loss 	 Test Acc 	 PGD Loss 	 PGD Acc
[2025/01/21 14:26:11] - 1.9119 	 	 0.7648 	 2.0023 	 0.5690
[2025/01/21 14:26:32] - Epoch 	 Seconds 	 LR 	 	 Update 	 Gamma 	 	 Inner Loss 	 Train Loss 	 Train Acc
[2025/01/21 14:26:32] - 102 	 20.4 	 	 0.0100 	 0.1995  	 0.1500 	 2.3007 	 2.2663 	 0.6762
[2025/01/21 14:26:49] - Test Loss 	 Test Acc 	 PGD Loss 	 PGD Acc
[2025/01/21 14:26:49] - 1.9081 	 	 0.7686 	 1.9996 	 0.5706
[2025/01/21 14:27:09] - Epoch 	 Seconds 	 LR 	 	 Update 	 Gamma 	 	 Inner Loss 	 Train Loss 	 Train Acc
[2025/01/21 14:27:09] - 103 	 20.6 	 	 0.0100 	 0.2609  	 0.1500 	 2.3010 	 2.2666 	 0.6681
[2025/01/21 14:27:26] - Test Loss 	 Test Acc 	 PGD Loss 	 PGD Acc
[2025/01/21 14:27:26] - 1.9037 	 	 0.7734 	 1.9967 	 0.5723
[2025/01/21 14:27:47] - Epoch 	 Seconds 	 LR 	 	 Update 	 Gamma 	 	 Inner Loss 	 Train Loss 	 Train Acc
[2025/01/21 14:27:47] - 104 	 20.3 	 	 0.0010 	 0.1918  	 0.1500 	 2.3013 	 2.2654 	 0.6771
[2025/01/21 14:28:04] - Test Loss 	 Test Acc 	 PGD Loss 	 PGD Acc
[2025/01/21 14:28:04] - 1.9003 	 	 0.7768 	 1.9944 	 0.5730
[2025/01/21 14:28:24] - Epoch 	 Seconds 	 LR 	 	 Update 	 Gamma 	 	 Inner Loss 	 Train Loss 	 Train Acc
[2025/01/21 14:28:24] - 105 	 20.2 	 	 0.0010 	 0.1560  	 0.1500 	 2.3011 	 2.2645 	 0.6892
[2025/01/21 14:28:41] - Test Loss 	 Test Acc 	 PGD Loss 	 PGD Acc
[2025/01/21 14:28:41] - 1.8978 	 	 0.7785 	 1.9927 	 0.5734
[2025/01/21 14:29:01] - Epoch 	 Seconds 	 LR 	 	 Update 	 Gamma 	 	 Inner Loss 	 Train Loss 	 Train Acc
[2025/01/21 14:29:01] - 106 	 20.1 	 	 0.0010 	 0.1407  	 0.1500 	 2.3013 	 2.2639 	 0.6959
[2025/01/21 14:29:19] - Test Loss 	 Test Acc 	 PGD Loss 	 PGD Acc
[2025/01/21 14:29:19] - 1.8953 	 	 0.7813 	 1.9910 	 0.5741
[2025/01/21 14:29:39] - Epoch 	 Seconds 	 LR 	 	 Update 	 Gamma 	 	 Inner Loss 	 Train Loss 	 Train Acc
[2025/01/21 14:29:39] - 107 	 20.1 	 	 0.0010 	 0.1304  	 0.1500 	 2.3014 	 2.2637 	 0.6941
[2025/01/21 14:29:56] - Test Loss 	 Test Acc 	 PGD Loss 	 PGD Acc
[2025/01/21 14:29:56] - 1.8929 	 	 0.7827 	 1.9895 	 0.5749
[2025/01/21 14:30:16] - Epoch 	 Seconds 	 LR 	 	 Update 	 Gamma 	 	 Inner Loss 	 Train Loss 	 Train Acc
[2025/01/21 14:30:16] - 108 	 20.2 	 	 0.0010 	 0.1458  	 0.1500 	 2.3014 	 2.2635 	 0.6973
[2025/01/21 14:30:33] - Test Loss 	 Test Acc 	 PGD Loss 	 PGD Acc
[2025/01/21 14:30:33] - 1.8904 	 	 0.7841 	 1.9878 	 0.5743
[2025/01/21 14:30:53] - Epoch 	 Seconds 	 LR 	 	 Update 	 Gamma 	 	 Inner Loss 	 Train Loss 	 Train Acc
[2025/01/21 14:30:53] - 109 	 19.9 	 	 0.0010 	 0.1023  	 0.1500 	 2.3015 	 2.2633 	 0.6999
[2025/01/21 14:31:10] - Test Loss 	 Test Acc 	 PGD Loss 	 PGD Acc
[2025/01/21 14:31:10] - 1.8886 	 	 0.7848 	 1.9867 	 0.5756
[2025/01/21 14:31:11] - [0.3258, 0.3693, 0.4053, 0.438, 0.4806, 0.5171, 0.5469, 0.5748, 0.5982, 0.6113, 0.6341, 0.625, 0.6386, 0.6487, 0.6572, 0.6685, 0.6783, 0.6882, 0.694, 0.7013, 0.7121, 0.7067, 0.7131, 0.7156, 0.7198, 0.7231, 0.7238, 0.7263, 0.7272, 0.7285, 0.7331, 0.729, 0.731, 0.7306, 0.7329, 0.7317, 0.7349, 0.7369, 0.7352, 0.7377, 0.7404, 0.7346, 0.7378, 0.7382, 0.7403, 0.7394, 0.7405, 0.7396, 0.7408, 0.7404, 0.7451, 0.7424, 0.744, 0.7431, 0.7433, 0.7429, 0.7444, 0.7452, 0.7443, 0.7443, 0.7478, 0.7428, 0.743, 0.7442, 0.7445, 0.7445, 0.7434, 0.7439, 0.7432, 0.7432, 0.7448, 0.7401, 0.7397, 0.7396, 0.7395, 0.7377, 0.7369, 0.7359, 0.7348, 0.7339, 0.7351, 0.7287, 0.7283, 0.7273, 0.7301, 0.7308, 0.733, 0.7368, 0.7403, 0.7427, 0.7483, 0.7444, 0.7483, 0.7509, 0.7523, 0.7538, 0.7554, 0.7567, 0.7582, 0.7589, 0.7611, 0.7648, 0.7686, 0.7734, 0.7768, 0.7785, 0.7813, 0.7827, 0.7841, 0.7848]
[2025/01/21 14:31:11] - [0.2429, 0.2849, 0.3053, 0.3263, 0.3432, 0.3667, 0.3882, 0.4043, 0.421, 0.4314, 0.4409, 0.4546, 0.462, 0.4687, 0.473, 0.483, 0.4904, 0.4975, 0.5005, 0.504, 0.5035, 0.5108, 0.5114, 0.5146, 0.5173, 0.519, 0.5212, 0.5215, 0.5232, 0.5244, 0.5247, 0.5272, 0.5291, 0.5302, 0.5309, 0.5323, 0.5329, 0.5327, 0.5354, 0.5365, 0.5359, 0.5382, 0.5387, 0.5403, 0.5424, 0.5422, 0.5424, 0.5428, 0.544, 0.5448, 0.5448, 0.5461, 0.5475, 0.5488, 0.5502, 0.549, 0.5501, 0.55, 0.55, 0.5504, 0.551, 0.5522, 0.5521, 0.5519, 0.553, 0.5539, 0.5542, 0.5542, 0.5528, 0.5539, 0.5541, 0.5534, 0.5548, 0.5541, 0.5543, 0.5554, 0.555, 0.5547, 0.5532, 0.5511, 0.5511, 0.5488, 0.5473, 0.5477, 0.5493, 0.5513, 0.5532, 0.5559, 0.5568, 0.5592, 0.5607, 0.5634, 0.5637, 0.5642, 0.5652, 0.5661, 0.5652, 0.5665, 0.5652, 0.5663, 0.5671, 0.569, 0.5706, 0.5723, 0.573, 0.5734, 0.5741, 0.5749, 0.5743, 0.5756]
