[2025/01/09 02:19:25] - Namespace(batch_size=128, data_dir='CIFAR10', epochs=110, epochs_reset=10, lr_schedule='multistep', lr_min=0.0, lr_max=0.1, weight_decay=0.0005, momentum=0.9, model='ResNet18', epsilon=8, alpha=8, delta_init='random', normal_mean=0, normal_std=1, out_dir='FGSM_PGK', seed=0, early_stop=False, factor=0.5, lamda=5.6, momentum_decay=0.3, EMA_value=0.82)
[2025/01/09 02:19:28] - ==> Building model..
[2025/01/09 02:21:44] - Epoch 	 Seconds 	 LR 	 	 Train Loss 	 Train Acc
[2025/01/09 02:21:44] - 0 	 	 118.1 	 	 0.1000 	 2.3101 	 0.2022
[2025/01/09 02:21:44] - ==> Building model..
[2025/01/09 02:23:16] - Test Loss 	 Test Acc 	 PGD Loss 	 PGD Acc
[2025/01/09 02:23:16] - 2.0702 	 	 0.3283 	 2.0996 	 0.2410
[2025/01/09 02:25:16] - Epoch 	 Seconds 	 LR 	 	 Train Loss 	 Train Acc
[2025/01/09 02:25:16] - 1 	 	 115.4 	 	 0.1000 	 2.2613 	 0.2472
[2025/01/09 02:25:16] - ==> Building model..
[2025/01/09 02:26:48] - Test Loss 	 Test Acc 	 PGD Loss 	 PGD Acc
[2025/01/09 02:26:48] - 2.0423 	 	 0.3696 	 2.0718 	 0.2740
[2025/01/09 02:28:43] - Epoch 	 Seconds 	 LR 	 	 Train Loss 	 Train Acc
[2025/01/09 02:28:43] - 2 	 	 115.6 	 	 0.1000 	 2.2397 	 0.2796
[2025/01/09 02:28:43] - ==> Building model..
[2025/01/09 02:30:15] - Test Loss 	 Test Acc 	 PGD Loss 	 PGD Acc
[2025/01/09 02:30:15] - 1.9528 	 	 0.4159 	 1.9975 	 0.3053
[2025/01/09 02:32:11] - Epoch 	 Seconds 	 LR 	 	 Train Loss 	 Train Acc
[2025/01/09 02:32:11] - 3 	 	 115.5 	 	 0.1000 	 2.2287 	 0.3020
[2025/01/09 02:32:11] - ==> Building model..
[2025/01/09 02:33:43] - Test Loss 	 Test Acc 	 PGD Loss 	 PGD Acc
[2025/01/09 02:33:43] - 1.9137 	 	 0.4485 	 1.9665 	 0.3250
[2025/01/09 02:35:39] - Epoch 	 Seconds 	 LR 	 	 Train Loss 	 Train Acc
[2025/01/09 02:35:39] - 4 	 	 115.6 	 	 0.1000 	 2.2175 	 0.3267
[2025/01/09 02:35:39] - ==> Building model..
[2025/01/09 02:37:10] - Test Loss 	 Test Acc 	 PGD Loss 	 PGD Acc
[2025/01/09 02:37:10] - 1.8782 	 	 0.4841 	 1.9405 	 0.3443
[2025/01/09 02:39:06] - Epoch 	 Seconds 	 LR 	 	 Train Loss 	 Train Acc
[2025/01/09 02:39:06] - 5 	 	 115.4 	 	 0.1000 	 2.2056 	 0.3547
[2025/01/09 02:39:06] - ==> Building model..
[2025/01/09 02:40:38] - Test Loss 	 Test Acc 	 PGD Loss 	 PGD Acc
[2025/01/09 02:40:38] - 1.8498 	 	 0.5067 	 1.9200 	 0.3605
[2025/01/09 02:42:34] - Epoch 	 Seconds 	 LR 	 	 Train Loss 	 Train Acc
[2025/01/09 02:42:34] - 6 	 	 115.4 	 	 0.1000 	 2.1955 	 0.3757
[2025/01/09 02:42:34] - ==> Building model..
[2025/01/09 02:44:06] - Test Loss 	 Test Acc 	 PGD Loss 	 PGD Acc
[2025/01/09 02:44:06] - 1.8312 	 	 0.5303 	 1.9084 	 0.3758
[2025/01/09 02:46:01] - Epoch 	 Seconds 	 LR 	 	 Train Loss 	 Train Acc
[2025/01/09 02:46:01] - 7 	 	 115.4 	 	 0.1000 	 2.1854 	 0.4008
[2025/01/09 02:46:01] - ==> Building model..
[2025/01/09 02:47:33] - Test Loss 	 Test Acc 	 PGD Loss 	 PGD Acc
[2025/01/09 02:47:33] - 1.8221 	 	 0.5515 	 1.9046 	 0.3906
[2025/01/09 02:49:29] - Epoch 	 Seconds 	 LR 	 	 Train Loss 	 Train Acc
[2025/01/09 02:49:29] - 8 	 	 115.4 	 	 0.1000 	 2.1755 	 0.4194
[2025/01/09 02:49:29] - ==> Building model..
[2025/01/09 02:51:01] - Test Loss 	 Test Acc 	 PGD Loss 	 PGD Acc
[2025/01/09 02:51:01] - 1.8171 	 	 0.5684 	 1.9029 	 0.4009
[2025/01/09 02:52:57] - Epoch 	 Seconds 	 LR 	 	 Train Loss 	 Train Acc
[2025/01/09 02:52:57] - 9 	 	 115.4 	 	 0.1000 	 2.1679 	 0.4378
[2025/01/09 02:52:57] - ==> Building model..
[2025/01/09 02:54:29] - Test Loss 	 Test Acc 	 PGD Loss 	 PGD Acc
[2025/01/09 02:54:29] - 1.8148 	 	 0.5792 	 1.9022 	 0.4058
[2025/01/09 02:56:26] - Epoch 	 Seconds 	 LR 	 	 Train Loss 	 Train Acc
[2025/01/09 02:56:26] - 10 	 	 117.5 	 	 0.1000 	 2.1357 	 0.5077
[2025/01/09 02:56:26] - ==> Building model..
[2025/01/09 02:57:58] - Test Loss 	 Test Acc 	 PGD Loss 	 PGD Acc
[2025/01/09 02:57:58] - 1.7948 	 	 0.5968 	 1.8906 	 0.4126
[2025/01/09 02:59:53] - Epoch 	 Seconds 	 LR 	 	 Train Loss 	 Train Acc
[2025/01/09 02:59:53] - 11 	 	 115.2 	 	 0.1000 	 2.1717 	 0.4525
[2025/01/09 02:59:53] - ==> Building model..
[2025/01/09 03:01:25] - Test Loss 	 Test Acc 	 PGD Loss 	 PGD Acc
[2025/01/09 03:01:25] - 1.8443 	 	 0.5846 	 1.9257 	 0.4180
[2025/01/09 03:03:21] - Epoch 	 Seconds 	 LR 	 	 Train Loss 	 Train Acc
[2025/01/09 03:03:21] - 12 	 	 115.3 	 	 0.1000 	 2.1468 	 0.4853
[2025/01/09 03:03:21] - ==> Building model..
[2025/01/09 03:04:52] - Test Loss 	 Test Acc 	 PGD Loss 	 PGD Acc
[2025/01/09 03:04:52] - 1.8544 	 	 0.5830 	 1.9341 	 0.4162
[2025/01/09 03:06:47] - Epoch 	 Seconds 	 LR 	 	 Train Loss 	 Train Acc
[2025/01/09 03:06:47] - 13 	 	 115.2 	 	 0.1000 	 2.1479 	 0.4855
[2025/01/09 03:06:47] - ==> Building model..
[2025/01/09 03:08:19] - Test Loss 	 Test Acc 	 PGD Loss 	 PGD Acc
[2025/01/09 03:08:19] - 1.8463 	 	 0.5916 	 1.9275 	 0.4239
[2025/01/09 03:10:14] - Epoch 	 Seconds 	 LR 	 	 Train Loss 	 Train Acc
[2025/01/09 03:10:14] - 14 	 	 115.3 	 	 0.1000 	 2.1428 	 0.4939
[2025/01/09 03:10:14] - ==> Building model..
[2025/01/09 03:11:46] - Test Loss 	 Test Acc 	 PGD Loss 	 PGD Acc
[2025/01/09 03:11:46] - 1.8128 	 	 0.6103 	 1.9017 	 0.4406
[2025/01/09 03:13:42] - Epoch 	 Seconds 	 LR 	 	 Train Loss 	 Train Acc
[2025/01/09 03:13:42] - 15 	 	 115.2 	 	 0.1000 	 2.1403 	 0.4989
[2025/01/09 03:13:42] - ==> Building model..
[2025/01/09 03:15:13] - Test Loss 	 Test Acc 	 PGD Loss 	 PGD Acc
[2025/01/09 03:15:13] - 1.7621 	 	 0.6380 	 1.8616 	 0.4597
[2025/01/09 03:17:08] - Epoch 	 Seconds 	 LR 	 	 Train Loss 	 Train Acc
[2025/01/09 03:17:08] - 16 	 	 114.9 	 	 0.1000 	 2.1377 	 0.5046
[2025/01/09 03:17:08] - ==> Building model..
[2025/01/09 03:18:40] - Test Loss 	 Test Acc 	 PGD Loss 	 PGD Acc
[2025/01/09 03:18:40] - 1.7073 	 	 0.6608 	 1.8185 	 0.4717
[2025/01/09 03:20:35] - Epoch 	 Seconds 	 LR 	 	 Train Loss 	 Train Acc
[2025/01/09 03:20:35] - 17 	 	 115.0 	 	 0.1000 	 2.1355 	 0.5114
[2025/01/09 03:20:35] - ==> Building model..
[2025/01/09 03:22:07] - Test Loss 	 Test Acc 	 PGD Loss 	 PGD Acc
[2025/01/09 03:22:07] - 1.6537 	 	 0.6772 	 1.7764 	 0.4833
[2025/01/09 03:24:02] - Epoch 	 Seconds 	 LR 	 	 Train Loss 	 Train Acc
[2025/01/09 03:24:02] - 18 	 	 115.0 	 	 0.1000 	 2.1341 	 0.5139
[2025/01/09 03:24:02] - ==> Building model..
[2025/01/09 03:25:34] - Test Loss 	 Test Acc 	 PGD Loss 	 PGD Acc
[2025/01/09 03:25:34] - 1.6084 	 	 0.6890 	 1.7403 	 0.4895
[2025/01/09 03:27:30] - Epoch 	 Seconds 	 LR 	 	 Train Loss 	 Train Acc
[2025/01/09 03:27:30] - 19 	 	 115.1 	 	 0.1000 	 2.1314 	 0.5182
[2025/01/09 03:27:30] - ==> Building model..
[2025/01/09 03:29:02] - Test Loss 	 Test Acc 	 PGD Loss 	 PGD Acc
[2025/01/09 03:29:02] - 1.5698 	 	 0.6984 	 1.7100 	 0.4948
[2025/01/09 03:31:00] - Epoch 	 Seconds 	 LR 	 	 Train Loss 	 Train Acc
[2025/01/09 03:31:00] - 20 	 	 117.9 	 	 0.1000 	 2.1024 	 0.5754
[2025/01/09 03:31:00] - ==> Building model..
[2025/01/09 03:32:31] - Test Loss 	 Test Acc 	 PGD Loss 	 PGD Acc
[2025/01/09 03:32:31] - 1.5186 	 	 0.7147 	 1.6722 	 0.4989
[2025/01/09 03:34:26] - Epoch 	 Seconds 	 LR 	 	 Train Loss 	 Train Acc
[2025/01/09 03:34:26] - 21 	 	 114.7 	 	 0.1000 	 2.1484 	 0.5066
[2025/01/09 03:34:26] - ==> Building model..
[2025/01/09 03:35:58] - Test Loss 	 Test Acc 	 PGD Loss 	 PGD Acc
[2025/01/09 03:35:58] - 1.5362 	 	 0.7105 	 1.6840 	 0.5046
[2025/01/09 03:37:53] - Epoch 	 Seconds 	 LR 	 	 Train Loss 	 Train Acc
[2025/01/09 03:37:53] - 22 	 	 115.2 	 	 0.1000 	 2.1221 	 0.5390
[2025/01/09 03:37:53] - ==> Building model..
[2025/01/09 03:39:25] - Test Loss 	 Test Acc 	 PGD Loss 	 PGD Acc
[2025/01/09 03:39:25] - 1.5185 	 	 0.7157 	 1.6700 	 0.5070
[2025/01/09 03:41:20] - Epoch 	 Seconds 	 LR 	 	 Train Loss 	 Train Acc
[2025/01/09 03:41:20] - 23 	 	 115.1 	 	 0.1000 	 2.1270 	 0.5311
[2025/01/09 03:41:20] - ==> Building model..
[2025/01/09 03:42:52] - Test Loss 	 Test Acc 	 PGD Loss 	 PGD Acc
[2025/01/09 03:42:52] - 1.5087 	 	 0.7188 	 1.6620 	 0.5102
[2025/01/09 03:44:47] - Epoch 	 Seconds 	 LR 	 	 Train Loss 	 Train Acc
[2025/01/09 03:44:47] - 24 	 	 115.1 	 	 0.1000 	 2.1238 	 0.5352
[2025/01/09 03:44:47] - ==> Building model..
[2025/01/09 03:46:19] - Test Loss 	 Test Acc 	 PGD Loss 	 PGD Acc
[2025/01/09 03:46:19] - 1.4969 	 	 0.7213 	 1.6527 	 0.5122
[2025/01/09 03:48:14] - Epoch 	 Seconds 	 LR 	 	 Train Loss 	 Train Acc
[2025/01/09 03:48:14] - 25 	 	 115.1 	 	 0.1000 	 2.1232 	 0.5353
[2025/01/09 03:48:14] - ==> Building model..
[2025/01/09 03:49:46] - Test Loss 	 Test Acc 	 PGD Loss 	 PGD Acc
[2025/01/09 03:49:46] - 1.4881 	 	 0.7259 	 1.6463 	 0.5142
[2025/01/09 03:51:41] - Epoch 	 Seconds 	 LR 	 	 Train Loss 	 Train Acc
[2025/01/09 03:51:41] - 26 	 	 114.9 	 	 0.1000 	 2.1212 	 0.5406
[2025/01/09 03:51:41] - ==> Building model..
[2025/01/09 03:53:13] - Test Loss 	 Test Acc 	 PGD Loss 	 PGD Acc
[2025/01/09 03:53:13] - 1.4800 	 	 0.7288 	 1.6399 	 0.5174
[2025/01/09 03:55:09] - Epoch 	 Seconds 	 LR 	 	 Train Loss 	 Train Acc
[2025/01/09 03:55:09] - 27 	 	 115.5 	 	 0.1000 	 2.1202 	 0.5414
[2025/01/09 03:55:09] - ==> Building model..
[2025/01/09 03:56:40] - Test Loss 	 Test Acc 	 PGD Loss 	 PGD Acc
[2025/01/09 03:56:40] - 1.4732 	 	 0.7321 	 1.6343 	 0.5179
[2025/01/09 03:58:35] - Epoch 	 Seconds 	 LR 	 	 Train Loss 	 Train Acc
[2025/01/09 03:58:35] - 28 	 	 115.3 	 	 0.1000 	 2.1193 	 0.5426
[2025/01/09 03:58:35] - ==> Building model..
[2025/01/09 04:00:07] - Test Loss 	 Test Acc 	 PGD Loss 	 PGD Acc
[2025/01/09 04:00:07] - 1.4679 	 	 0.7320 	 1.6302 	 0.5224
[2025/01/09 04:02:02] - Epoch 	 Seconds 	 LR 	 	 Train Loss 	 Train Acc
[2025/01/09 04:02:02] - 29 	 	 115.2 	 	 0.1000 	 2.1183 	 0.5461
[2025/01/09 04:02:02] - ==> Building model..
[2025/01/09 04:03:34] - Test Loss 	 Test Acc 	 PGD Loss 	 PGD Acc
[2025/01/09 04:03:34] - 1.4637 	 	 0.7361 	 1.6267 	 0.5239
[2025/01/09 04:05:31] - Epoch 	 Seconds 	 LR 	 	 Train Loss 	 Train Acc
[2025/01/09 04:05:31] - 30 	 	 117.1 	 	 0.1000 	 2.0900 	 0.6016
[2025/01/09 04:05:31] - ==> Building model..
[2025/01/09 04:07:02] - Test Loss 	 Test Acc 	 PGD Loss 	 PGD Acc
[2025/01/09 04:07:02] - 1.4407 	 	 0.7418 	 1.6108 	 0.5222
[2025/01/09 04:08:57] - Epoch 	 Seconds 	 LR 	 	 Train Loss 	 Train Acc
[2025/01/09 04:08:57] - 31 	 	 114.9 	 	 0.1000 	 2.1381 	 0.5285
[2025/01/09 04:08:57] - ==> Building model..
[2025/01/09 04:10:28] - Test Loss 	 Test Acc 	 PGD Loss 	 PGD Acc
[2025/01/09 04:10:28] - 1.4700 	 	 0.7352 	 1.6318 	 0.5239
[2025/01/09 04:12:23] - Epoch 	 Seconds 	 LR 	 	 Train Loss 	 Train Acc
[2025/01/09 04:12:23] - 32 	 	 114.9 	 	 0.1000 	 2.1125 	 0.5590
[2025/01/09 04:12:23] - ==> Building model..
[2025/01/09 04:13:55] - Test Loss 	 Test Acc 	 PGD Loss 	 PGD Acc
[2025/01/09 04:13:55] - 1.4610 	 	 0.7389 	 1.6253 	 0.5237
[2025/01/09 04:15:50] - Epoch 	 Seconds 	 LR 	 	 Train Loss 	 Train Acc
[2025/01/09 04:15:50] - 33 	 	 114.9 	 	 0.1000 	 2.1171 	 0.5492
[2025/01/09 04:15:50] - ==> Building model..
[2025/01/09 04:17:22] - Test Loss 	 Test Acc 	 PGD Loss 	 PGD Acc
[2025/01/09 04:17:22] - 1.4578 	 	 0.7388 	 1.6224 	 0.5270
[2025/01/09 04:19:17] - Epoch 	 Seconds 	 LR 	 	 Train Loss 	 Train Acc
[2025/01/09 04:19:17] - 34 	 	 114.9 	 	 0.1000 	 2.1149 	 0.5522
[2025/01/09 04:19:17] - ==> Building model..
[2025/01/09 04:20:48] - Test Loss 	 Test Acc 	 PGD Loss 	 PGD Acc
[2025/01/09 04:20:48] - 1.4522 	 	 0.7415 	 1.6179 	 0.5265
[2025/01/09 04:22:43] - Epoch 	 Seconds 	 LR 	 	 Train Loss 	 Train Acc
[2025/01/09 04:22:43] - 35 	 	 114.9 	 	 0.1000 	 2.1144 	 0.5523
[2025/01/09 04:22:43] - ==> Building model..
[2025/01/09 04:24:15] - Test Loss 	 Test Acc 	 PGD Loss 	 PGD Acc
[2025/01/09 04:24:15] - 1.4489 	 	 0.7435 	 1.6157 	 0.5289
[2025/01/09 04:26:10] - Epoch 	 Seconds 	 LR 	 	 Train Loss 	 Train Acc
[2025/01/09 04:26:10] - 36 	 	 115.0 	 	 0.1000 	 2.1136 	 0.5558
[2025/01/09 04:26:10] - ==> Building model..
[2025/01/09 04:27:41] - Test Loss 	 Test Acc 	 PGD Loss 	 PGD Acc
[2025/01/09 04:27:41] - 1.4459 	 	 0.7451 	 1.6135 	 0.5306
[2025/01/09 04:29:36] - Epoch 	 Seconds 	 LR 	 	 Train Loss 	 Train Acc
[2025/01/09 04:29:36] - 37 	 	 115.1 	 	 0.1000 	 2.1131 	 0.5566
[2025/01/09 04:29:36] - ==> Building model..
[2025/01/09 04:31:08] - Test Loss 	 Test Acc 	 PGD Loss 	 PGD Acc
[2025/01/09 04:31:08] - 1.4435 	 	 0.7459 	 1.6114 	 0.5310
[2025/01/09 04:33:03] - Epoch 	 Seconds 	 LR 	 	 Train Loss 	 Train Acc
[2025/01/09 04:33:03] - 38 	 	 115.0 	 	 0.1000 	 2.1129 	 0.5569
[2025/01/09 04:33:03] - ==> Building model..
[2025/01/09 04:34:35] - Test Loss 	 Test Acc 	 PGD Loss 	 PGD Acc
[2025/01/09 04:34:35] - 1.4411 	 	 0.7474 	 1.6093 	 0.5306
[2025/01/09 04:36:30] - Epoch 	 Seconds 	 LR 	 	 Train Loss 	 Train Acc
[2025/01/09 04:36:30] - 39 	 	 114.9 	 	 0.1000 	 2.1120 	 0.5591
[2025/01/09 04:36:30] - ==> Building model..
[2025/01/09 04:38:01] - Test Loss 	 Test Acc 	 PGD Loss 	 PGD Acc
[2025/01/09 04:38:01] - 1.4385 	 	 0.7479 	 1.6074 	 0.5330
[2025/01/09 04:39:59] - Epoch 	 Seconds 	 LR 	 	 Train Loss 	 Train Acc
[2025/01/09 04:39:59] - 40 	 	 117.3 	 	 0.1000 	 2.0843 	 0.6126
[2025/01/09 04:39:59] - ==> Building model..
[2025/01/09 04:41:31] - Test Loss 	 Test Acc 	 PGD Loss 	 PGD Acc
[2025/01/09 04:41:31] - 1.4198 	 	 0.7532 	 1.5945 	 0.5320
[2025/01/09 04:43:26] - Epoch 	 Seconds 	 LR 	 	 Train Loss 	 Train Acc
[2025/01/09 04:43:26] - 41 	 	 115.1 	 	 0.1000 	 2.1319 	 0.5430
[2025/01/09 04:43:26] - ==> Building model..
[2025/01/09 04:44:57] - Test Loss 	 Test Acc 	 PGD Loss 	 PGD Acc
[2025/01/09 04:44:57] - 1.4503 	 	 0.7478 	 1.6173 	 0.5349
[2025/01/09 04:46:53] - Epoch 	 Seconds 	 LR 	 	 Train Loss 	 Train Acc
[2025/01/09 04:46:53] - 42 	 	 115.0 	 	 0.1000 	 2.1077 	 0.5672
[2025/01/09 04:46:53] - ==> Building model..
[2025/01/09 04:48:24] - Test Loss 	 Test Acc 	 PGD Loss 	 PGD Acc
[2025/01/09 04:48:24] - 1.4434 	 	 0.7496 	 1.6125 	 0.5363
[2025/01/09 04:50:20] - Epoch 	 Seconds 	 LR 	 	 Train Loss 	 Train Acc
[2025/01/09 04:50:20] - 43 	 	 115.1 	 	 0.1000 	 2.1127 	 0.5603
[2025/01/09 04:50:20] - ==> Building model..
[2025/01/09 04:51:51] - Test Loss 	 Test Acc 	 PGD Loss 	 PGD Acc
[2025/01/09 04:51:51] - 1.4421 	 	 0.7512 	 1.6116 	 0.5376
[2025/01/09 04:53:46] - Epoch 	 Seconds 	 LR 	 	 Train Loss 	 Train Acc
[2025/01/09 04:53:46] - 44 	 	 115.1 	 	 0.1000 	 2.1103 	 0.5598
[2025/01/09 04:53:46] - ==> Building model..
[2025/01/09 04:55:17] - Test Loss 	 Test Acc 	 PGD Loss 	 PGD Acc
[2025/01/09 04:55:17] - 1.4375 	 	 0.7544 	 1.6079 	 0.5389
[2025/01/09 04:57:13] - Epoch 	 Seconds 	 LR 	 	 Train Loss 	 Train Acc
[2025/01/09 04:57:13] - 45 	 	 115.3 	 	 0.1000 	 2.1106 	 0.5608
[2025/01/09 04:57:13] - ==> Building model..
[2025/01/09 04:58:44] - Test Loss 	 Test Acc 	 PGD Loss 	 PGD Acc
[2025/01/09 04:58:44] - 1.4347 	 	 0.7555 	 1.6057 	 0.5394
[2025/01/09 05:00:39] - Epoch 	 Seconds 	 LR 	 	 Train Loss 	 Train Acc
[2025/01/09 05:00:39] - 46 	 	 115.1 	 	 0.1000 	 2.1101 	 0.5629
[2025/01/09 05:00:39] - ==> Building model..
[2025/01/09 05:02:10] - Test Loss 	 Test Acc 	 PGD Loss 	 PGD Acc
[2025/01/09 05:02:10] - 1.4344 	 	 0.7558 	 1.6061 	 0.5389
[2025/01/09 05:04:05] - Epoch 	 Seconds 	 LR 	 	 Train Loss 	 Train Acc
[2025/01/09 05:04:05] - 47 	 	 114.9 	 	 0.1000 	 2.1090 	 0.5656
[2025/01/09 05:04:05] - ==> Building model..
[2025/01/09 05:05:37] - Test Loss 	 Test Acc 	 PGD Loss 	 PGD Acc
[2025/01/09 05:05:37] - 1.4301 	 	 0.7562 	 1.6028 	 0.5408
[2025/01/09 05:07:33] - Epoch 	 Seconds 	 LR 	 	 Train Loss 	 Train Acc
[2025/01/09 05:07:33] - 48 	 	 115.3 	 	 0.1000 	 2.1089 	 0.5651
[2025/01/09 05:07:33] - ==> Building model..
[2025/01/09 05:09:04] - Test Loss 	 Test Acc 	 PGD Loss 	 PGD Acc
[2025/01/09 05:09:04] - 1.4277 	 	 0.7564 	 1.6007 	 0.5409
[2025/01/09 05:11:00] - Epoch 	 Seconds 	 LR 	 	 Train Loss 	 Train Acc
[2025/01/09 05:11:00] - 49 	 	 115.2 	 	 0.1000 	 2.1095 	 0.5649
[2025/01/09 05:11:00] - ==> Building model..
[2025/01/09 05:12:31] - Test Loss 	 Test Acc 	 PGD Loss 	 PGD Acc
[2025/01/09 05:12:31] - 1.4262 	 	 0.7568 	 1.5994 	 0.5398
[2025/01/09 05:14:29] - Epoch 	 Seconds 	 LR 	 	 Train Loss 	 Train Acc
[2025/01/09 05:14:29] - 50 	 	 117.3 	 	 0.1000 	 2.0805 	 0.6199
[2025/01/09 05:14:29] - ==> Building model..
[2025/01/09 05:16:00] - Test Loss 	 Test Acc 	 PGD Loss 	 PGD Acc
[2025/01/09 05:16:00] - 1.4085 	 	 0.7632 	 1.5873 	 0.5378
[2025/01/09 05:17:55] - Epoch 	 Seconds 	 LR 	 	 Train Loss 	 Train Acc
[2025/01/09 05:17:55] - 51 	 	 114.9 	 	 0.1000 	 2.1290 	 0.5472
[2025/01/09 05:17:55] - ==> Building model..
[2025/01/09 05:19:27] - Test Loss 	 Test Acc 	 PGD Loss 	 PGD Acc
[2025/01/09 05:19:27] - 1.4397 	 	 0.7576 	 1.6103 	 0.5405
[2025/01/09 05:21:21] - Epoch 	 Seconds 	 LR 	 	 Train Loss 	 Train Acc
[2025/01/09 05:21:21] - 52 	 	 114.9 	 	 0.1000 	 2.1029 	 0.5773
[2025/01/09 05:21:21] - ==> Building model..
[2025/01/09 05:22:53] - Test Loss 	 Test Acc 	 PGD Loss 	 PGD Acc
[2025/01/09 05:22:53] - 1.4323 	 	 0.7600 	 1.6049 	 0.5415
[2025/01/09 05:24:48] - Epoch 	 Seconds 	 LR 	 	 Train Loss 	 Train Acc
[2025/01/09 05:24:48] - 53 	 	 114.8 	 	 0.1000 	 2.1086 	 0.5687
[2025/01/09 05:24:48] - ==> Building model..
[2025/01/09 05:26:19] - Test Loss 	 Test Acc 	 PGD Loss 	 PGD Acc
[2025/01/09 05:26:19] - 1.4298 	 	 0.7604 	 1.6025 	 0.5420
[2025/01/09 05:28:14] - Epoch 	 Seconds 	 LR 	 	 Train Loss 	 Train Acc
[2025/01/09 05:28:14] - 54 	 	 114.8 	 	 0.1000 	 2.1070 	 0.5712
[2025/01/09 05:28:14] - ==> Building model..
[2025/01/09 05:29:46] - Test Loss 	 Test Acc 	 PGD Loss 	 PGD Acc
[2025/01/09 05:29:46] - 1.4265 	 	 0.7609 	 1.6003 	 0.5413
[2025/01/09 05:31:40] - Epoch 	 Seconds 	 LR 	 	 Train Loss 	 Train Acc
[2025/01/09 05:31:40] - 55 	 	 114.8 	 	 0.1000 	 2.1068 	 0.5693
[2025/01/09 05:31:40] - ==> Building model..
[2025/01/09 05:33:12] - Test Loss 	 Test Acc 	 PGD Loss 	 PGD Acc
[2025/01/09 05:33:12] - 1.4239 	 	 0.7621 	 1.5983 	 0.5429
[2025/01/09 05:35:07] - Epoch 	 Seconds 	 LR 	 	 Train Loss 	 Train Acc
[2025/01/09 05:35:07] - 56 	 	 115.1 	 	 0.1000 	 2.1070 	 0.5685
[2025/01/09 05:35:07] - ==> Building model..
[2025/01/09 05:36:39] - Test Loss 	 Test Acc 	 PGD Loss 	 PGD Acc
[2025/01/09 05:36:39] - 1.4219 	 	 0.7621 	 1.5971 	 0.5433
[2025/01/09 05:38:34] - Epoch 	 Seconds 	 LR 	 	 Train Loss 	 Train Acc
[2025/01/09 05:38:34] - 57 	 	 114.9 	 	 0.1000 	 2.1053 	 0.5729
[2025/01/09 05:38:34] - ==> Building model..
[2025/01/09 05:40:05] - Test Loss 	 Test Acc 	 PGD Loss 	 PGD Acc
[2025/01/09 05:40:05] - 1.4211 	 	 0.7630 	 1.5967 	 0.5452
[2025/01/09 05:42:01] - Epoch 	 Seconds 	 LR 	 	 Train Loss 	 Train Acc
[2025/01/09 05:42:01] - 58 	 	 115.1 	 	 0.1000 	 2.1057 	 0.5712
[2025/01/09 05:42:01] - ==> Building model..
[2025/01/09 05:43:32] - Test Loss 	 Test Acc 	 PGD Loss 	 PGD Acc
[2025/01/09 05:43:32] - 1.4192 	 	 0.7630 	 1.5948 	 0.5452
[2025/01/09 05:45:27] - Epoch 	 Seconds 	 LR 	 	 Train Loss 	 Train Acc
[2025/01/09 05:45:27] - 59 	 	 114.9 	 	 0.1000 	 2.1053 	 0.5724
[2025/01/09 05:45:27] - ==> Building model..
[2025/01/09 05:46:58] - Test Loss 	 Test Acc 	 PGD Loss 	 PGD Acc
[2025/01/09 05:46:58] - 1.4170 	 	 0.7632 	 1.5928 	 0.5450
[2025/01/09 05:48:55] - Epoch 	 Seconds 	 LR 	 	 Train Loss 	 Train Acc
[2025/01/09 05:48:55] - 60 	 	 116.9 	 	 0.1000 	 2.0773 	 0.6268
[2025/01/09 05:48:55] - ==> Building model..
[2025/01/09 05:50:26] - Test Loss 	 Test Acc 	 PGD Loss 	 PGD Acc
[2025/01/09 05:50:26] - 1.4006 	 	 0.7678 	 1.5816 	 0.5447
[2025/01/09 05:52:21] - Epoch 	 Seconds 	 LR 	 	 Train Loss 	 Train Acc
[2025/01/09 05:52:21] - 61 	 	 114.9 	 	 0.1000 	 2.1252 	 0.5544
[2025/01/09 05:52:21] - ==> Building model..
[2025/01/09 05:53:52] - Test Loss 	 Test Acc 	 PGD Loss 	 PGD Acc
[2025/01/09 05:53:52] - 1.4308 	 	 0.7619 	 1.6045 	 0.5439
[2025/01/09 05:55:47] - Epoch 	 Seconds 	 LR 	 	 Train Loss 	 Train Acc
[2025/01/09 05:55:47] - 62 	 	 115.0 	 	 0.1000 	 2.1012 	 0.5805
[2025/01/09 05:55:47] - ==> Building model..
[2025/01/09 05:57:19] - Test Loss 	 Test Acc 	 PGD Loss 	 PGD Acc
[2025/01/09 05:57:19] - 1.4264 	 	 0.7621 	 1.6014 	 0.5447
[2025/01/09 05:59:14] - Epoch 	 Seconds 	 LR 	 	 Train Loss 	 Train Acc
[2025/01/09 05:59:14] - 63 	 	 115.3 	 	 0.1000 	 2.1068 	 0.5709
[2025/01/09 05:59:14] - ==> Building model..
[2025/01/09 06:00:46] - Test Loss 	 Test Acc 	 PGD Loss 	 PGD Acc
[2025/01/09 06:00:46] - 1.4250 	 	 0.7627 	 1.6001 	 0.5445
[2025/01/09 06:02:41] - Epoch 	 Seconds 	 LR 	 	 Train Loss 	 Train Acc
[2025/01/09 06:02:41] - 64 	 	 115.2 	 	 0.1000 	 2.1049 	 0.5747
[2025/01/09 06:02:41] - ==> Building model..
[2025/01/09 06:04:13] - Test Loss 	 Test Acc 	 PGD Loss 	 PGD Acc
[2025/01/09 06:04:13] - 1.4217 	 	 0.7647 	 1.5974 	 0.5467
[2025/01/09 06:06:08] - Epoch 	 Seconds 	 LR 	 	 Train Loss 	 Train Acc
[2025/01/09 06:06:08] - 65 	 	 115.2 	 	 0.1000 	 2.1043 	 0.5740
[2025/01/09 06:06:08] - ==> Building model..
[2025/01/09 06:07:40] - Test Loss 	 Test Acc 	 PGD Loss 	 PGD Acc
[2025/01/09 06:07:40] - 1.4196 	 	 0.7647 	 1.5960 	 0.5447
[2025/01/09 06:09:35] - Epoch 	 Seconds 	 LR 	 	 Train Loss 	 Train Acc
[2025/01/09 06:09:35] - 66 	 	 115.0 	 	 0.1000 	 2.1043 	 0.5741
[2025/01/09 06:09:35] - ==> Building model..
[2025/01/09 06:11:06] - Test Loss 	 Test Acc 	 PGD Loss 	 PGD Acc
[2025/01/09 06:11:06] - 1.4168 	 	 0.7639 	 1.5937 	 0.5453
[2025/01/09 06:13:01] - Epoch 	 Seconds 	 LR 	 	 Train Loss 	 Train Acc
[2025/01/09 06:13:01] - 67 	 	 115.3 	 	 0.1000 	 2.1039 	 0.5730
[2025/01/09 06:13:01] - ==> Building model..
[2025/01/09 06:14:33] - Test Loss 	 Test Acc 	 PGD Loss 	 PGD Acc
[2025/01/09 06:14:33] - 1.4154 	 	 0.7667 	 1.5927 	 0.5441
[2025/01/09 06:16:28] - Epoch 	 Seconds 	 LR 	 	 Train Loss 	 Train Acc
[2025/01/09 06:16:28] - 68 	 	 115.1 	 	 0.1000 	 2.1040 	 0.5760
[2025/01/09 06:16:28] - ==> Building model..
[2025/01/09 06:17:59] - Test Loss 	 Test Acc 	 PGD Loss 	 PGD Acc
[2025/01/09 06:17:59] - 1.4137 	 	 0.7655 	 1.5916 	 0.5452
[2025/01/09 06:19:54] - Epoch 	 Seconds 	 LR 	 	 Train Loss 	 Train Acc
[2025/01/09 06:19:54] - 69 	 	 114.8 	 	 0.1000 	 2.1032 	 0.5769
[2025/01/09 06:19:54] - ==> Building model..
[2025/01/09 06:21:26] - Test Loss 	 Test Acc 	 PGD Loss 	 PGD Acc
[2025/01/09 06:21:26] - 1.4128 	 	 0.7657 	 1.5910 	 0.5465
[2025/01/09 06:23:23] - Epoch 	 Seconds 	 LR 	 	 Train Loss 	 Train Acc
[2025/01/09 06:23:23] - 70 	 	 117.0 	 	 0.1000 	 2.0760 	 0.6260
[2025/01/09 06:23:23] - ==> Building model..
[2025/01/09 06:24:54] - Test Loss 	 Test Acc 	 PGD Loss 	 PGD Acc
[2025/01/09 06:24:54] - 1.3988 	 	 0.7711 	 1.5818 	 0.5458
[2025/01/09 06:26:49] - Epoch 	 Seconds 	 LR 	 	 Train Loss 	 Train Acc
[2025/01/09 06:26:49] - 71 	 	 114.9 	 	 0.1000 	 2.1238 	 0.5568
[2025/01/09 06:26:49] - ==> Building model..
[2025/01/09 06:28:21] - Test Loss 	 Test Acc 	 PGD Loss 	 PGD Acc
[2025/01/09 06:28:21] - 1.4271 	 	 0.7664 	 1.6032 	 0.5489
[2025/01/09 06:30:16] - Epoch 	 Seconds 	 LR 	 	 Train Loss 	 Train Acc
[2025/01/09 06:30:16] - 72 	 	 115.2 	 	 0.1000 	 2.0996 	 0.5839
[2025/01/09 06:30:16] - ==> Building model..
[2025/01/09 06:31:47] - Test Loss 	 Test Acc 	 PGD Loss 	 PGD Acc
[2025/01/09 06:31:47] - 1.4209 	 	 0.7669 	 1.5982 	 0.5495
[2025/01/09 06:33:43] - Epoch 	 Seconds 	 LR 	 	 Train Loss 	 Train Acc
[2025/01/09 06:33:43] - 73 	 	 115.1 	 	 0.1000 	 2.1047 	 0.5760
[2025/01/09 06:33:43] - ==> Building model..
[2025/01/09 06:35:14] - Test Loss 	 Test Acc 	 PGD Loss 	 PGD Acc
[2025/01/09 06:35:14] - 1.4185 	 	 0.7692 	 1.5965 	 0.5485
[2025/01/09 06:37:09] - Epoch 	 Seconds 	 LR 	 	 Train Loss 	 Train Acc
[2025/01/09 06:37:09] - 74 	 	 114.8 	 	 0.1000 	 2.1025 	 0.5792
[2025/01/09 06:37:09] - ==> Building model..
[2025/01/09 06:38:40] - Test Loss 	 Test Acc 	 PGD Loss 	 PGD Acc
[2025/01/09 06:38:40] - 1.4149 	 	 0.7695 	 1.5934 	 0.5517
[2025/01/09 06:40:35] - Epoch 	 Seconds 	 LR 	 	 Train Loss 	 Train Acc
[2025/01/09 06:40:35] - 75 	 	 115.1 	 	 0.1000 	 2.1023 	 0.5751
[2025/01/09 06:40:35] - ==> Building model..
[2025/01/09 06:42:06] - Test Loss 	 Test Acc 	 PGD Loss 	 PGD Acc
[2025/01/09 06:42:06] - 1.4128 	 	 0.7681 	 1.5915 	 0.5495
[2025/01/09 06:44:01] - Epoch 	 Seconds 	 LR 	 	 Train Loss 	 Train Acc
[2025/01/09 06:44:01] - 76 	 	 114.9 	 	 0.1000 	 2.1030 	 0.5778
[2025/01/09 06:44:01] - ==> Building model..
[2025/01/09 06:45:33] - Test Loss 	 Test Acc 	 PGD Loss 	 PGD Acc
[2025/01/09 06:45:33] - 1.4111 	 	 0.7685 	 1.5901 	 0.5497
[2025/01/09 06:47:28] - Epoch 	 Seconds 	 LR 	 	 Train Loss 	 Train Acc
[2025/01/09 06:47:28] - 77 	 	 115.1 	 	 0.1000 	 2.1023 	 0.5783
[2025/01/09 06:47:28] - ==> Building model..
[2025/01/09 06:49:00] - Test Loss 	 Test Acc 	 PGD Loss 	 PGD Acc
[2025/01/09 06:49:00] - 1.4094 	 	 0.7681 	 1.5888 	 0.5500
[2025/01/09 06:50:54] - Epoch 	 Seconds 	 LR 	 	 Train Loss 	 Train Acc
[2025/01/09 06:50:54] - 78 	 	 114.7 	 	 0.1000 	 2.1035 	 0.5741
[2025/01/09 06:50:54] - ==> Building model..
[2025/01/09 06:52:25] - Test Loss 	 Test Acc 	 PGD Loss 	 PGD Acc
[2025/01/09 06:52:25] - 1.4082 	 	 0.7682 	 1.5872 	 0.5505
[2025/01/09 06:54:20] - Epoch 	 Seconds 	 LR 	 	 Train Loss 	 Train Acc
[2025/01/09 06:54:20] - 79 	 	 115.0 	 	 0.1000 	 2.1019 	 0.5769
[2025/01/09 06:54:20] - ==> Building model..
[2025/01/09 06:55:52] - Test Loss 	 Test Acc 	 PGD Loss 	 PGD Acc
[2025/01/09 06:55:52] - 1.4072 	 	 0.7695 	 1.5865 	 0.5508
[2025/01/09 06:57:49] - Epoch 	 Seconds 	 LR 	 	 Train Loss 	 Train Acc
[2025/01/09 06:57:49] - 80 	 	 117.2 	 	 0.1000 	 2.0743 	 0.6322
[2025/01/09 06:57:49] - ==> Building model..
[2025/01/09 06:59:20] - Test Loss 	 Test Acc 	 PGD Loss 	 PGD Acc
[2025/01/09 06:59:20] - 1.3937 	 	 0.7740 	 1.5774 	 0.5491
[2025/01/09 07:01:15] - Epoch 	 Seconds 	 LR 	 	 Train Loss 	 Train Acc
[2025/01/09 07:01:15] - 81 	 	 114.8 	 	 0.1000 	 2.1221 	 0.5584
[2025/01/09 07:01:15] - ==> Building model..
[2025/01/09 07:02:46] - Test Loss 	 Test Acc 	 PGD Loss 	 PGD Acc
[2025/01/09 07:02:46] - 1.4218 	 	 0.7699 	 1.5988 	 0.5516
[2025/01/09 07:04:41] - Epoch 	 Seconds 	 LR 	 	 Train Loss 	 Train Acc
[2025/01/09 07:04:41] - 82 	 	 115.1 	 	 0.1000 	 2.0974 	 0.5886
[2025/01/09 07:04:41] - ==> Building model..
[2025/01/09 07:06:13] - Test Loss 	 Test Acc 	 PGD Loss 	 PGD Acc
[2025/01/09 07:06:13] - 1.4163 	 	 0.7708 	 1.5947 	 0.5506
[2025/01/09 07:08:07] - Epoch 	 Seconds 	 LR 	 	 Train Loss 	 Train Acc
[2025/01/09 07:08:07] - 83 	 	 114.8 	 	 0.1000 	 2.1038 	 0.5770
[2025/01/09 07:08:07] - ==> Building model..
[2025/01/09 07:09:39] - Test Loss 	 Test Acc 	 PGD Loss 	 PGD Acc
[2025/01/09 07:09:39] - 1.4166 	 	 0.7699 	 1.5948 	 0.5517
[2025/01/09 07:11:34] - Epoch 	 Seconds 	 LR 	 	 Train Loss 	 Train Acc
[2025/01/09 07:11:34] - 84 	 	 114.8 	 	 0.1000 	 2.1026 	 0.5772
[2025/01/09 07:11:34] - ==> Building model..
[2025/01/09 07:13:06] - Test Loss 	 Test Acc 	 PGD Loss 	 PGD Acc
[2025/01/09 07:13:06] - 1.4149 	 	 0.7709 	 1.5934 	 0.5519
[2025/01/09 07:15:01] - Epoch 	 Seconds 	 LR 	 	 Train Loss 	 Train Acc
[2025/01/09 07:15:01] - 85 	 	 114.8 	 	 0.1000 	 2.1024 	 0.5803
[2025/01/09 07:15:01] - ==> Building model..
[2025/01/09 07:16:32] - Test Loss 	 Test Acc 	 PGD Loss 	 PGD Acc
[2025/01/09 07:16:32] - 1.4124 	 	 0.7705 	 1.5915 	 0.5515
[2025/01/09 07:18:27] - Epoch 	 Seconds 	 LR 	 	 Train Loss 	 Train Acc
[2025/01/09 07:18:27] - 86 	 	 114.8 	 	 0.1000 	 2.1023 	 0.5784
[2025/01/09 07:18:27] - ==> Building model..
[2025/01/09 07:19:58] - Test Loss 	 Test Acc 	 PGD Loss 	 PGD Acc
[2025/01/09 07:19:58] - 1.4104 	 	 0.7719 	 1.5902 	 0.5525
[2025/01/09 07:21:53] - Epoch 	 Seconds 	 LR 	 	 Train Loss 	 Train Acc
[2025/01/09 07:21:53] - 87 	 	 114.9 	 	 0.1000 	 2.1025 	 0.5781
[2025/01/09 07:21:53] - ==> Building model..
[2025/01/09 07:23:24] - Test Loss 	 Test Acc 	 PGD Loss 	 PGD Acc
[2025/01/09 07:23:24] - 1.4095 	 	 0.7723 	 1.5897 	 0.5520
[2025/01/09 07:25:19] - Epoch 	 Seconds 	 LR 	 	 Train Loss 	 Train Acc
[2025/01/09 07:25:19] - 88 	 	 114.9 	 	 0.1000 	 2.1014 	 0.5796
[2025/01/09 07:25:19] - ==> Building model..
[2025/01/09 07:26:50] - Test Loss 	 Test Acc 	 PGD Loss 	 PGD Acc
[2025/01/09 07:26:50] - 1.4081 	 	 0.7727 	 1.5885 	 0.5509
[2025/01/09 07:28:45] - Epoch 	 Seconds 	 LR 	 	 Train Loss 	 Train Acc
[2025/01/09 07:28:45] - 89 	 	 115.1 	 	 0.1000 	 2.1017 	 0.5796
[2025/01/09 07:28:45] - ==> Building model..
[2025/01/09 07:30:17] - Test Loss 	 Test Acc 	 PGD Loss 	 PGD Acc
[2025/01/09 07:30:17] - 1.4069 	 	 0.7726 	 1.5876 	 0.5515
[2025/01/09 07:32:14] - Epoch 	 Seconds 	 LR 	 	 Train Loss 	 Train Acc
[2025/01/09 07:32:14] - 90 	 	 117.2 	 	 0.1000 	 2.0718 	 0.6356
[2025/01/09 07:32:14] - ==> Building model..
[2025/01/09 07:33:46] - Test Loss 	 Test Acc 	 PGD Loss 	 PGD Acc
[2025/01/09 07:33:46] - 1.3912 	 	 0.7767 	 1.5765 	 0.5507
[2025/01/09 07:35:41] - Epoch 	 Seconds 	 LR 	 	 Train Loss 	 Train Acc
[2025/01/09 07:35:41] - 91 	 	 115.1 	 	 0.1000 	 2.1221 	 0.5616
[2025/01/09 07:35:41] - ==> Building model..
[2025/01/09 07:37:12] - Test Loss 	 Test Acc 	 PGD Loss 	 PGD Acc
[2025/01/09 07:37:12] - 1.4212 	 	 0.7698 	 1.5995 	 0.5520
[2025/01/09 07:39:07] - Epoch 	 Seconds 	 LR 	 	 Train Loss 	 Train Acc
[2025/01/09 07:39:07] - 92 	 	 115.0 	 	 0.1000 	 2.0966 	 0.5915
[2025/01/09 07:39:07] - ==> Building model..
[2025/01/09 07:40:38] - Test Loss 	 Test Acc 	 PGD Loss 	 PGD Acc
[2025/01/09 07:40:38] - 1.4146 	 	 0.7710 	 1.5943 	 0.5524
[2025/01/09 07:42:33] - Epoch 	 Seconds 	 LR 	 	 Train Loss 	 Train Acc
[2025/01/09 07:42:33] - 93 	 	 115.1 	 	 0.1000 	 2.1035 	 0.5792
[2025/01/09 07:42:33] - ==> Building model..
[2025/01/09 07:44:05] - Test Loss 	 Test Acc 	 PGD Loss 	 PGD Acc
[2025/01/09 07:44:05] - 1.4144 	 	 0.7708 	 1.5941 	 0.5513
[2025/01/09 07:46:00] - Epoch 	 Seconds 	 LR 	 	 Train Loss 	 Train Acc
[2025/01/09 07:46:00] - 94 	 	 115.1 	 	 0.1000 	 2.1004 	 0.5809
[2025/01/09 07:46:00] - ==> Building model..
[2025/01/09 07:47:32] - Test Loss 	 Test Acc 	 PGD Loss 	 PGD Acc
[2025/01/09 07:47:32] - 1.4108 	 	 0.7714 	 1.5912 	 0.5513
[2025/01/09 07:49:27] - Epoch 	 Seconds 	 LR 	 	 Train Loss 	 Train Acc
[2025/01/09 07:49:27] - 95 	 	 114.8 	 	 0.1000 	 2.1013 	 0.5810
[2025/01/09 07:49:27] - ==> Building model..
[2025/01/09 07:50:58] - Test Loss 	 Test Acc 	 PGD Loss 	 PGD Acc
[2025/01/09 07:50:58] - 1.4088 	 	 0.7715 	 1.5894 	 0.5507
[2025/01/09 07:52:54] - Epoch 	 Seconds 	 LR 	 	 Train Loss 	 Train Acc
[2025/01/09 07:52:54] - 96 	 	 115.1 	 	 0.1000 	 2.1006 	 0.5809
[2025/01/09 07:52:54] - ==> Building model..
[2025/01/09 07:54:25] - Test Loss 	 Test Acc 	 PGD Loss 	 PGD Acc
[2025/01/09 07:54:25] - 1.4074 	 	 0.7716 	 1.5887 	 0.5499
[2025/01/09 07:56:20] - Epoch 	 Seconds 	 LR 	 	 Train Loss 	 Train Acc
[2025/01/09 07:56:20] - 97 	 	 115.0 	 	 0.1000 	 2.1002 	 0.5808
[2025/01/09 07:56:20] - ==> Building model..
[2025/01/09 07:57:51] - Test Loss 	 Test Acc 	 PGD Loss 	 PGD Acc
[2025/01/09 07:57:51] - 1.4049 	 	 0.7720 	 1.5863 	 0.5495
[2025/01/09 07:59:46] - Epoch 	 Seconds 	 LR 	 	 Train Loss 	 Train Acc
[2025/01/09 07:59:46] - 98 	 	 115.0 	 	 0.1000 	 2.1002 	 0.5800
[2025/01/09 07:59:46] - ==> Building model..
[2025/01/09 08:01:17] - Test Loss 	 Test Acc 	 PGD Loss 	 PGD Acc
[2025/01/09 08:01:17] - 1.4032 	 	 0.7733 	 1.5851 	 0.5516
[2025/01/09 08:03:12] - Epoch 	 Seconds 	 LR 	 	 Train Loss 	 Train Acc
[2025/01/09 08:03:12] - 99 	 	 114.7 	 	 0.0010 	 2.0999 	 0.5831
[2025/01/09 08:03:12] - ==> Building model..
[2025/01/09 08:04:43] - Test Loss 	 Test Acc 	 PGD Loss 	 PGD Acc
[2025/01/09 08:04:43] - 1.4026 	 	 0.7724 	 1.5845 	 0.5509
[2025/01/09 08:06:40] - Epoch 	 Seconds 	 LR 	 	 Train Loss 	 Train Acc
[2025/01/09 08:06:40] - 100 	 	 116.7 	 	 0.0100 	 2.0292 	 0.7065
[2025/01/09 08:06:40] - ==> Building model..
[2025/01/09 08:08:10] - Test Loss 	 Test Acc 	 PGD Loss 	 PGD Acc
[2025/01/09 08:08:10] - 1.3871 	 	 0.7781 	 1.5730 	 0.5518
[2025/01/09 08:10:05] - Epoch 	 Seconds 	 LR 	 	 Train Loss 	 Train Acc
[2025/01/09 08:10:05] - 101 	 	 114.9 	 	 0.0100 	 2.0674 	 0.6524
[2025/01/09 08:10:05] - ==> Building model..
[2025/01/09 08:11:37] - Test Loss 	 Test Acc 	 PGD Loss 	 PGD Acc
[2025/01/09 08:11:37] - 1.3818 	 	 0.7839 	 1.5710 	 0.5551
[2025/01/09 08:13:32] - Epoch 	 Seconds 	 LR 	 	 Train Loss 	 Train Acc
[2025/01/09 08:13:32] - 102 	 	 115.0 	 	 0.0100 	 2.0336 	 0.6928
[2025/01/09 08:13:32] - ==> Building model..
[2025/01/09 08:15:03] - Test Loss 	 Test Acc 	 PGD Loss 	 PGD Acc
[2025/01/09 08:15:03] - 1.3718 	 	 0.7877 	 1.5640 	 0.5555
[2025/01/09 08:16:58] - Epoch 	 Seconds 	 LR 	 	 Train Loss 	 Train Acc
[2025/01/09 08:16:58] - 103 	 	 114.5 	 	 0.0100 	 2.0345 	 0.6910
[2025/01/09 08:16:58] - ==> Building model..
[2025/01/09 08:18:29] - Test Loss 	 Test Acc 	 PGD Loss 	 PGD Acc
[2025/01/09 08:18:29] - 1.3649 	 	 0.7927 	 1.5599 	 0.5555
[2025/01/09 08:20:24] - Epoch 	 Seconds 	 LR 	 	 Train Loss 	 Train Acc
[2025/01/09 08:20:24] - 104 	 	 114.5 	 	 0.0001 	 2.0292 	 0.6998
[2025/01/09 08:20:24] - ==> Building model..
[2025/01/09 08:21:55] - Test Loss 	 Test Acc 	 PGD Loss 	 PGD Acc
[2025/01/09 08:21:55] - 1.3604 	 	 0.7952 	 1.5572 	 0.5577
[2025/01/09 08:23:51] - Epoch 	 Seconds 	 LR 	 	 Train Loss 	 Train Acc
[2025/01/09 08:23:51] - 105 	 	 115.2 	 	 0.0010 	 2.0204 	 0.7138
[2025/01/09 08:23:51] - ==> Building model..
[2025/01/09 08:25:22] - Test Loss 	 Test Acc 	 PGD Loss 	 PGD Acc
[2025/01/09 08:25:22] - 1.3558 	 	 0.7976 	 1.5546 	 0.5596
[2025/01/09 08:27:18] - Epoch 	 Seconds 	 LR 	 	 Train Loss 	 Train Acc
[2025/01/09 08:27:18] - 106 	 	 115.3 	 	 0.0010 	 2.0176 	 0.7158
[2025/01/09 08:27:18] - ==> Building model..
[2025/01/09 08:28:49] - Test Loss 	 Test Acc 	 PGD Loss 	 PGD Acc
[2025/01/09 08:28:49] - 1.3497 	 	 0.8013 	 1.5509 	 0.5605
[2025/01/09 08:30:44] - Epoch 	 Seconds 	 LR 	 	 Train Loss 	 Train Acc
[2025/01/09 08:30:44] - 107 	 	 115.0 	 	 0.0010 	 2.0160 	 0.7204
[2025/01/09 08:30:44] - ==> Building model..
[2025/01/09 08:32:15] - Test Loss 	 Test Acc 	 PGD Loss 	 PGD Acc
[2025/01/09 08:32:15] - 1.3440 	 	 0.8036 	 1.5472 	 0.5604
[2025/01/09 08:34:10] - Epoch 	 Seconds 	 LR 	 	 Train Loss 	 Train Acc
[2025/01/09 08:34:10] - 108 	 	 115.0 	 	 0.0010 	 2.0149 	 0.7197
[2025/01/09 08:34:10] - ==> Building model..
[2025/01/09 08:35:41] - Test Loss 	 Test Acc 	 PGD Loss 	 PGD Acc
[2025/01/09 08:35:41] - 1.3378 	 	 0.8064 	 1.5435 	 0.5611
[2025/01/09 08:37:37] - Epoch 	 Seconds 	 LR 	 	 Train Loss 	 Train Acc
[2025/01/09 08:37:37] - 109 	 	 115.0 	 	 0.0010 	 2.0142 	 0.7221
[2025/01/09 08:37:37] - ==> Building model..
[2025/01/09 08:39:08] - Test Loss 	 Test Acc 	 PGD Loss 	 PGD Acc
[2025/01/09 08:39:08] - 1.3320 	 	 0.8099 	 1.5396 	 0.5595
[2025/01/09 08:39:12] - [0.3283, 0.3696, 0.4159, 0.4485, 0.4841, 0.5067, 0.5303, 0.5515, 0.5684, 0.5792, 0.5968, 0.5846, 0.583, 0.5916, 0.6103, 0.638, 0.6608, 0.6772, 0.689, 0.6984, 0.7147, 0.7105, 0.7157, 0.7188, 0.7213, 0.7259, 0.7288, 0.7321, 0.732, 0.7361, 0.7418, 0.7352, 0.7389, 0.7388, 0.7415, 0.7435, 0.7451, 0.7459, 0.7474, 0.7479, 0.7532, 0.7478, 0.7496, 0.7512, 0.7544, 0.7555, 0.7558, 0.7562, 0.7564, 0.7568, 0.7632, 0.7576, 0.76, 0.7604, 0.7609, 0.7621, 0.7621, 0.763, 0.763, 0.7632, 0.7678, 0.7619, 0.7621, 0.7627, 0.7647, 0.7647, 0.7639, 0.7667, 0.7655, 0.7657, 0.7711, 0.7664, 0.7669, 0.7692, 0.7695, 0.7681, 0.7685, 0.7681, 0.7682, 0.7695, 0.774, 0.7699, 0.7708, 0.7699, 0.7709, 0.7705, 0.7719, 0.7723, 0.7727, 0.7726, 0.7767, 0.7698, 0.771, 0.7708, 0.7714, 0.7715, 0.7716, 0.772, 0.7733, 0.7724, 0.7781, 0.7839, 0.7877, 0.7927, 0.7952, 0.7976, 0.8013, 0.8036, 0.8064, 0.8099]
[2025/01/09 08:39:12] - [0.241, 0.274, 0.3053, 0.325, 0.3443, 0.3605, 0.3758, 0.3906, 0.4009, 0.4058, 0.4126, 0.418, 0.4162, 0.4239, 0.4406, 0.4597, 0.4717, 0.4833, 0.4895, 0.4948, 0.4989, 0.5046, 0.507, 0.5102, 0.5122, 0.5142, 0.5174, 0.5179, 0.5224, 0.5239, 0.5222, 0.5239, 0.5237, 0.527, 0.5265, 0.5289, 0.5306, 0.531, 0.5306, 0.533, 0.532, 0.5349, 0.5363, 0.5376, 0.5389, 0.5394, 0.5389, 0.5408, 0.5409, 0.5398, 0.5378, 0.5405, 0.5415, 0.542, 0.5413, 0.5429, 0.5433, 0.5452, 0.5452, 0.545, 0.5447, 0.5439, 0.5447, 0.5445, 0.5467, 0.5447, 0.5453, 0.5441, 0.5452, 0.5465, 0.5458, 0.5489, 0.5495, 0.5485, 0.5517, 0.5495, 0.5497, 0.55, 0.5505, 0.5508, 0.5491, 0.5516, 0.5506, 0.5517, 0.5519, 0.5515, 0.5525, 0.552, 0.5509, 0.5515, 0.5507, 0.552, 0.5524, 0.5513, 0.5513, 0.5507, 0.5499, 0.5495, 0.5516, 0.5509, 0.5518, 0.5551, 0.5555, 0.5555, 0.5577, 0.5596, 0.5605, 0.5604, 0.5611, 0.5595]
[2025/01/09 08:39:12] - [0.20224489795918368, 0.24720408163265306, 0.2796326530612245, 0.3019795918367347, 0.3266734693877551, 0.3546530612244898, 0.3756734693877551, 0.40077551020408164, 0.4193877551020408, 0.43779591836734694, 0.5076530612244898, 0.45248979591836735, 0.4853265306122449, 0.48551020408163265, 0.4938571428571429, 0.49889795918367347, 0.5046326530612245, 0.5114489795918368, 0.5138571428571429, 0.5181836734693878, 0.5753877551020408, 0.5066326530612245, 0.5389795918367347, 0.5311428571428571, 0.5352448979591836, 0.5352857142857143, 0.5405714285714286, 0.5414285714285715, 0.5425918367346939, 0.5460612244897959, 0.6015918367346939, 0.528530612244898, 0.559, 0.5491632653061225, 0.5521632653061225, 0.5522857142857143, 0.555795918367347, 0.5565714285714286, 0.5568979591836735, 0.5590612244897959, 0.6125918367346939, 0.5429795918367347, 0.567204081632653, 0.5603265306122449, 0.5598367346938775, 0.5608367346938775, 0.5629183673469388, 0.5656122448979591, 0.5651428571428572, 0.5649183673469388, 0.6198571428571429, 0.5472040816326531, 0.5773469387755102, 0.5686734693877551, 0.5711632653061225, 0.569265306122449, 0.5685102040816327, 0.5728571428571428, 0.5712448979591837, 0.5723877551020408, 0.6268367346938776, 0.5544081632653062, 0.5804897959183674, 0.5708775510204082, 0.5746938775510204, 0.5739591836734694, 0.5741020408163265, 0.5729591836734694, 0.5759591836734694, 0.5769183673469388, 0.6260204081632653, 0.556795918367347, 0.5838979591836735, 0.5760204081632653, 0.5792244897959183, 0.5750612244897959, 0.5777551020408164, 0.5783265306122449, 0.5740816326530612, 0.5768571428571428, 0.6322040816326531, 0.5584081632653061, 0.5886122448979592, 0.5770204081632653, 0.5772448979591837, 0.5803061224489796, 0.5783877551020408, 0.5781224489795919, 0.5795918367346938, 0.5795510204081633, 0.6356122448979592, 0.5615918367346939, 0.591530612244898, 0.5792244897959183, 0.5808979591836735, 0.581, 0.5808571428571428, 0.5807551020408164, 0.5799795918367346, 0.5830816326530612, 0.706530612244898, 0.6523673469387755, 0.6927551020408164, 0.6909591836734694, 0.6997959183673469, 0.7137959183673469, 0.7158367346938775, 0.7204285714285714, 0.7196530612244898, 0.7221224489795919]
