[2025/01/20 11:25:38] - Namespace(model='ResNet18', batch_size=128, data_dir='CIFAR10', epochs=110, lr_schedule='multistep', milestone1=100, milestone2=105, lr_min=0.0, lr_max=0.1, weight_decay=0.0005, momentum=0.9, seed=0, factor=0.5, inner_gamma=0.15, outer_gamma=0.15, beta=0.6, lamda=0.65, batch_m=0.75, eta=0.75, epochs_reset=10, momentum_decay=0.3, EMA_value=0.82, epsilon=8, alpha=8, delta_init='random', out_dir='TDAT_CIFAR10', out_path='WMEP_COLA', log='output.log')
[2025/01/20 11:26:54] - Epoch 	 Seconds 	 LR 	 	 Update 	 Gamma 	 	 Inner Loss 	 Train Loss 	 Train Acc
[2025/01/20 11:26:54] - 0 	 25.0 	 	 0.1000 	 0.2455  	 0.5000 	 2.2841 	 2.1991 	 0.1995
[2025/01/20 11:27:11] - Test Loss 	 Test Acc 	 PGD Loss 	 PGD Acc
[2025/01/20 11:27:11] - 2.0355 	 	 0.3394 	 2.0666 	 0.2492
[2025/01/20 11:27:34] - Epoch 	 Seconds 	 LR 	 	 Update 	 Gamma 	 	 Inner Loss 	 Train Loss 	 Train Acc
[2025/01/20 11:27:34] - 1 	 22.9 	 	 0.1000 	 0.5882  	 0.5000 	 2.2297 	 2.1176 	 0.2490
[2025/01/20 11:27:52] - Test Loss 	 Test Acc 	 PGD Loss 	 PGD Acc
[2025/01/20 11:27:52] - 2.0276 	 	 0.3822 	 2.0565 	 0.2900
[2025/01/20 11:28:14] - Epoch 	 Seconds 	 LR 	 	 Update 	 Gamma 	 	 Inner Loss 	 Train Loss 	 Train Acc
[2025/01/20 11:28:14] - 2 	 21.9 	 	 0.1000 	 0.3197  	 0.5000 	 2.2134 	 2.0784 	 0.2807
[2025/01/20 11:28:31] - Test Loss 	 Test Acc 	 PGD Loss 	 PGD Acc
[2025/01/20 11:28:31] - 1.9531 	 	 0.4148 	 1.9954 	 0.3064
[2025/01/20 11:28:54] - Epoch 	 Seconds 	 LR 	 	 Update 	 Gamma 	 	 Inner Loss 	 Train Loss 	 Train Acc
[2025/01/20 11:28:54] - 3 	 22.1 	 	 0.1000 	 0.4246  	 0.5000 	 2.1976 	 2.0546 	 0.3042
[2025/01/20 11:29:11] - Test Loss 	 Test Acc 	 PGD Loss 	 PGD Acc
[2025/01/20 11:29:11] - 1.9109 	 	 0.4549 	 1.9615 	 0.3309
[2025/01/20 11:29:34] - Epoch 	 Seconds 	 LR 	 	 Update 	 Gamma 	 	 Inner Loss 	 Train Loss 	 Train Acc
[2025/01/20 11:29:34] - 4 	 22.4 	 	 0.1000 	 0.4987  	 0.5000 	 2.1818 	 2.0291 	 0.3295
[2025/01/20 11:29:51] - Test Loss 	 Test Acc 	 PGD Loss 	 PGD Acc
[2025/01/20 11:29:51] - 1.8622 	 	 0.4955 	 1.9250 	 0.3517
[2025/01/20 11:30:14] - Epoch 	 Seconds 	 LR 	 	 Update 	 Gamma 	 	 Inner Loss 	 Train Loss 	 Train Acc
[2025/01/20 11:30:14] - 5 	 22.9 	 	 0.1000 	 0.6010  	 0.5000 	 2.1649 	 2.0040 	 0.3549
[2025/01/20 11:30:32] - Test Loss 	 Test Acc 	 PGD Loss 	 PGD Acc
[2025/01/20 11:30:32] - 1.8177 	 	 0.5334 	 1.8921 	 0.3759
[2025/01/20 11:30:55] - Epoch 	 Seconds 	 LR 	 	 Update 	 Gamma 	 	 Inner Loss 	 Train Loss 	 Train Acc
[2025/01/20 11:30:55] - 6 	 23.0 	 	 0.1000 	 0.5908  	 0.5000 	 2.1469 	 1.9767 	 0.3834
[2025/01/20 11:31:12] - Test Loss 	 Test Acc 	 PGD Loss 	 PGD Acc
[2025/01/20 11:31:12] - 1.7929 	 	 0.5583 	 1.8766 	 0.3943
[2025/01/20 11:31:35] - Epoch 	 Seconds 	 LR 	 	 Update 	 Gamma 	 	 Inner Loss 	 Train Loss 	 Train Acc
[2025/01/20 11:31:35] - 7 	 23.1 	 	 0.1000 	 0.6138  	 0.5000 	 2.1331 	 1.9565 	 0.4042
[2025/01/20 11:31:53] - Test Loss 	 Test Acc 	 PGD Loss 	 PGD Acc
[2025/01/20 11:31:53] - 1.7630 	 	 0.5842 	 1.8552 	 0.4085
[2025/01/20 11:32:16] - Epoch 	 Seconds 	 LR 	 	 Update 	 Gamma 	 	 Inner Loss 	 Train Loss 	 Train Acc
[2025/01/20 11:32:16] - 8 	 23.1 	 	 0.1000 	 0.6803  	 0.5000 	 2.1192 	 1.9352 	 0.4256
[2025/01/20 11:32:34] - Test Loss 	 Test Acc 	 PGD Loss 	 PGD Acc
[2025/01/20 11:32:34] - 1.7482 	 	 0.6048 	 1.8468 	 0.4256
[2025/01/20 11:32:57] - Epoch 	 Seconds 	 LR 	 	 Update 	 Gamma 	 	 Inner Loss 	 Train Loss 	 Train Acc
[2025/01/20 11:32:57] - 9 	 23.5 	 	 0.1000 	 0.7059  	 0.5000 	 2.1094 	 1.9204 	 0.4403
[2025/01/20 11:33:15] - Test Loss 	 Test Acc 	 PGD Loss 	 PGD Acc
[2025/01/20 11:33:15] - 1.7300 	 	 0.6228 	 1.8352 	 0.4389
[2025/01/20 11:33:40] - Epoch 	 Seconds 	 LR 	 	 Update 	 Gamma 	 	 Inner Loss 	 Train Loss 	 Train Acc
[2025/01/20 11:33:40] - 10 	 25.0 	 	 0.1000 	 0.6701  	 0.5000 	 2.0658 	 1.8500 	 0.5130
[2025/01/20 11:33:57] - Test Loss 	 Test Acc 	 PGD Loss 	 PGD Acc
[2025/01/20 11:33:57] - 1.6903 	 	 0.6479 	 1.8102 	 0.4507
[2025/01/20 11:34:22] - Epoch 	 Seconds 	 LR 	 	 Update 	 Gamma 	 	 Inner Loss 	 Train Loss 	 Train Acc
[2025/01/20 11:34:22] - 11 	 24.4 	 	 0.1000 	 0.9386  	 0.5000 	 2.0982 	 1.9213 	 0.4521
[2025/01/20 11:34:39] - Test Loss 	 Test Acc 	 PGD Loss 	 PGD Acc
[2025/01/20 11:34:39] - 1.7525 	 	 0.6362 	 1.8526 	 0.4636
[2025/01/20 11:35:03] - Epoch 	 Seconds 	 LR 	 	 Update 	 Gamma 	 	 Inner Loss 	 Train Loss 	 Train Acc
[2025/01/20 11:35:03] - 12 	 23.2 	 	 0.1000 	 0.6675  	 0.5000 	 2.0802 	 1.8730 	 0.4896
[2025/01/20 11:35:20] - Test Loss 	 Test Acc 	 PGD Loss 	 PGD Acc
[2025/01/20 11:35:20] - 1.7277 	 	 0.6458 	 1.8350 	 0.4672
[2025/01/20 11:35:44] - Epoch 	 Seconds 	 LR 	 	 Update 	 Gamma 	 	 Inner Loss 	 Train Loss 	 Train Acc
[2025/01/20 11:35:44] - 13 	 23.5 	 	 0.1000 	 0.7289  	 0.5000 	 2.0810 	 1.8777 	 0.4862
[2025/01/20 11:36:01] - Test Loss 	 Test Acc 	 PGD Loss 	 PGD Acc
[2025/01/20 11:36:01] - 1.7060 	 	 0.6564 	 1.8176 	 0.4766
[2025/01/20 11:36:25] - Epoch 	 Seconds 	 LR 	 	 Update 	 Gamma 	 	 Inner Loss 	 Train Loss 	 Train Acc
[2025/01/20 11:36:25] - 14 	 23.6 	 	 0.1000 	 0.7391  	 0.5000 	 2.0768 	 1.8700 	 0.4923
[2025/01/20 11:36:42] - Test Loss 	 Test Acc 	 PGD Loss 	 PGD Acc
[2025/01/20 11:36:42] - 1.6687 	 	 0.6675 	 1.7885 	 0.4830
[2025/01/20 11:37:06] - Epoch 	 Seconds 	 LR 	 	 Update 	 Gamma 	 	 Inner Loss 	 Train Loss 	 Train Acc
[2025/01/20 11:37:06] - 15 	 23.4 	 	 0.1000 	 0.7059  	 0.5000 	 2.0730 	 1.8635 	 0.4994
[2025/01/20 11:37:23] - Test Loss 	 Test Acc 	 PGD Loss 	 PGD Acc
[2025/01/20 11:37:23] - 1.6240 	 	 0.6828 	 1.7532 	 0.4938
[2025/01/20 11:37:47] - Epoch 	 Seconds 	 LR 	 	 Update 	 Gamma 	 	 Inner Loss 	 Train Loss 	 Train Acc
[2025/01/20 11:37:47] - 16 	 23.3 	 	 0.1000 	 0.6752  	 0.5000 	 2.0696 	 1.8570 	 0.5064
[2025/01/20 11:38:04] - Test Loss 	 Test Acc 	 PGD Loss 	 PGD Acc
[2025/01/20 11:38:04] - 1.5856 	 	 0.6955 	 1.7230 	 0.5010
[2025/01/20 11:38:28] - Epoch 	 Seconds 	 LR 	 	 Update 	 Gamma 	 	 Inner Loss 	 Train Loss 	 Train Acc
[2025/01/20 11:38:28] - 17 	 23.1 	 	 0.1000 	 0.6675  	 0.5000 	 2.0667 	 1.8519 	 0.5124
[2025/01/20 11:38:45] - Test Loss 	 Test Acc 	 PGD Loss 	 PGD Acc
[2025/01/20 11:38:45] - 1.5551 	 	 0.7059 	 1.6993 	 0.5067
[2025/01/20 11:39:09] - Epoch 	 Seconds 	 LR 	 	 Update 	 Gamma 	 	 Inner Loss 	 Train Loss 	 Train Acc
[2025/01/20 11:39:09] - 18 	 23.6 	 	 0.1000 	 0.7263  	 0.5000 	 2.0633 	 1.8484 	 0.5142
[2025/01/20 11:39:26] - Test Loss 	 Test Acc 	 PGD Loss 	 PGD Acc
[2025/01/20 11:39:26] - 1.5280 	 	 0.7151 	 1.6778 	 0.5093
[2025/01/20 11:39:49] - Epoch 	 Seconds 	 LR 	 	 Update 	 Gamma 	 	 Inner Loss 	 Train Loss 	 Train Acc
[2025/01/20 11:39:49] - 19 	 23.2 	 	 0.1000 	 0.6496  	 0.5000 	 2.0604 	 1.8417 	 0.5218
[2025/01/20 11:40:07] - Test Loss 	 Test Acc 	 PGD Loss 	 PGD Acc
[2025/01/20 11:40:07] - 1.5100 	 	 0.7197 	 1.6636 	 0.5115
[2025/01/20 11:40:32] - Epoch 	 Seconds 	 LR 	 	 Update 	 Gamma 	 	 Inner Loss 	 Train Loss 	 Train Acc
[2025/01/20 11:40:32] - 20 	 24.6 	 	 0.1000 	 0.5524  	 0.5000 	 2.0269 	 1.7850 	 0.5771
[2025/01/20 11:40:49] - Test Loss 	 Test Acc 	 PGD Loss 	 PGD Acc
[2025/01/20 11:40:49] - 1.4783 	 	 0.7291 	 1.6408 	 0.5095
[2025/01/20 11:41:13] - Epoch 	 Seconds 	 LR 	 	 Update 	 Gamma 	 	 Inner Loss 	 Train Loss 	 Train Acc
[2025/01/20 11:41:13] - 21 	 24.2 	 	 0.1000 	 0.8900  	 0.5000 	 2.0663 	 1.8682 	 0.5077
[2025/01/20 11:41:31] - Test Loss 	 Test Acc 	 PGD Loss 	 PGD Acc
[2025/01/20 11:41:31] - 1.5167 	 	 0.7222 	 1.6680 	 0.5198
[2025/01/20 11:41:54] - Epoch 	 Seconds 	 LR 	 	 Update 	 Gamma 	 	 Inner Loss 	 Train Loss 	 Train Acc
[2025/01/20 11:41:54] - 22 	 23.1 	 	 0.1000 	 0.6573  	 0.5000 	 2.0500 	 1.8234 	 0.5402
[2025/01/20 11:42:11] - Test Loss 	 Test Acc 	 PGD Loss 	 PGD Acc
[2025/01/20 11:42:11] - 1.4965 	 	 0.7298 	 1.6533 	 0.5209
[2025/01/20 11:42:35] - Epoch 	 Seconds 	 LR 	 	 Update 	 Gamma 	 	 Inner Loss 	 Train Loss 	 Train Acc
[2025/01/20 11:42:35] - 23 	 23.4 	 	 0.1000 	 0.7161  	 0.5000 	 2.0545 	 1.8342 	 0.5315
[2025/01/20 11:42:52] - Test Loss 	 Test Acc 	 PGD Loss 	 PGD Acc
[2025/01/20 11:42:52] - 1.4865 	 	 0.7313 	 1.6449 	 0.5226
[2025/01/20 11:43:16] - Epoch 	 Seconds 	 LR 	 	 Update 	 Gamma 	 	 Inner Loss 	 Train Loss 	 Train Acc
[2025/01/20 11:43:16] - 24 	 23.0 	 	 0.1000 	 0.6292  	 0.5000 	 2.0521 	 1.8290 	 0.5341
[2025/01/20 11:43:33] - Test Loss 	 Test Acc 	 PGD Loss 	 PGD Acc
[2025/01/20 11:43:33] - 1.4775 	 	 0.7338 	 1.6378 	 0.5246
[2025/01/20 11:43:57] - Epoch 	 Seconds 	 LR 	 	 Update 	 Gamma 	 	 Inner Loss 	 Train Loss 	 Train Acc
[2025/01/20 11:43:57] - 25 	 23.3 	 	 0.1000 	 0.6701  	 0.5000 	 2.0502 	 1.8260 	 0.5373
[2025/01/20 11:44:14] - Test Loss 	 Test Acc 	 PGD Loss 	 PGD Acc
[2025/01/20 11:44:14] - 1.4683 	 	 0.7356 	 1.6304 	 0.5257
[2025/01/20 11:44:37] - Epoch 	 Seconds 	 LR 	 	 Update 	 Gamma 	 	 Inner Loss 	 Train Loss 	 Train Acc
[2025/01/20 11:44:37] - 26 	 23.2 	 	 0.1000 	 0.6777  	 0.5000 	 2.0482 	 1.8214 	 0.5424
[2025/01/20 11:44:55] - Test Loss 	 Test Acc 	 PGD Loss 	 PGD Acc
[2025/01/20 11:44:55] - 1.4614 	 	 0.7394 	 1.6254 	 0.5281
[2025/01/20 11:45:18] - Epoch 	 Seconds 	 LR 	 	 Update 	 Gamma 	 	 Inner Loss 	 Train Loss 	 Train Acc
[2025/01/20 11:45:18] - 27 	 23.1 	 	 0.1000 	 0.6496  	 0.5000 	 2.0485 	 1.8225 	 0.5405
[2025/01/20 11:45:36] - Test Loss 	 Test Acc 	 PGD Loss 	 PGD Acc
[2025/01/20 11:45:36] - 1.4580 	 	 0.7415 	 1.6226 	 0.5291
[2025/01/20 11:45:59] - Epoch 	 Seconds 	 LR 	 	 Update 	 Gamma 	 	 Inner Loss 	 Train Loss 	 Train Acc
[2025/01/20 11:45:59] - 28 	 23.2 	 	 0.1000 	 0.6419  	 0.5000 	 2.0459 	 1.8187 	 0.5444
[2025/01/20 11:46:16] - Test Loss 	 Test Acc 	 PGD Loss 	 PGD Acc
[2025/01/20 11:46:16] - 1.4534 	 	 0.7434 	 1.6189 	 0.5316
[2025/01/20 11:46:40] - Epoch 	 Seconds 	 LR 	 	 Update 	 Gamma 	 	 Inner Loss 	 Train Loss 	 Train Acc
[2025/01/20 11:46:40] - 29 	 23.3 	 	 0.1000 	 0.6726  	 0.5000 	 2.0460 	 1.8180 	 0.5454
[2025/01/20 11:46:57] - Test Loss 	 Test Acc 	 PGD Loss 	 PGD Acc
[2025/01/20 11:46:57] - 1.4497 	 	 0.7446 	 1.6157 	 0.5315
[2025/01/20 11:47:21] - Epoch 	 Seconds 	 LR 	 	 Update 	 Gamma 	 	 Inner Loss 	 Train Loss 	 Train Acc
[2025/01/20 11:47:21] - 30 	 23.9 	 	 0.1000 	 0.4552  	 0.5000 	 2.0128 	 1.7593 	 0.6028
[2025/01/20 11:47:39] - Test Loss 	 Test Acc 	 PGD Loss 	 PGD Acc
[2025/01/20 11:47:39] - 1.4354 	 	 0.7497 	 1.6059 	 0.5326
[2025/01/20 11:48:03] - Epoch 	 Seconds 	 LR 	 	 Update 	 Gamma 	 	 Inner Loss 	 Train Loss 	 Train Acc
[2025/01/20 11:48:03] - 31 	 24.0 	 	 0.1000 	 0.8875  	 0.5000 	 2.0548 	 1.8472 	 0.5294
[2025/01/20 11:48:20] - Test Loss 	 Test Acc 	 PGD Loss 	 PGD Acc
[2025/01/20 11:48:20] - 1.4694 	 	 0.7444 	 1.6308 	 0.5355
[2025/01/20 11:48:43] - Epoch 	 Seconds 	 LR 	 	 Update 	 Gamma 	 	 Inner Loss 	 Train Loss 	 Train Acc
[2025/01/20 11:48:43] - 32 	 22.9 	 	 0.1000 	 0.6138  	 0.5000 	 2.0380 	 1.8037 	 0.5595
[2025/01/20 11:49:01] - Test Loss 	 Test Acc 	 PGD Loss 	 PGD Acc
[2025/01/20 11:49:01] - 1.4598 	 	 0.7458 	 1.6234 	 0.5380
[2025/01/20 11:49:24] - Epoch 	 Seconds 	 LR 	 	 Update 	 Gamma 	 	 Inner Loss 	 Train Loss 	 Train Acc
[2025/01/20 11:49:24] - 33 	 23.3 	 	 0.1000 	 0.6803  	 0.5000 	 2.0438 	 1.8159 	 0.5493
[2025/01/20 11:49:42] - Test Loss 	 Test Acc 	 PGD Loss 	 PGD Acc
[2025/01/20 11:49:42] - 1.4569 	 	 0.7464 	 1.6212 	 0.5379
[2025/01/20 11:50:05] - Epoch 	 Seconds 	 LR 	 	 Update 	 Gamma 	 	 Inner Loss 	 Train Loss 	 Train Acc
[2025/01/20 11:50:05] - 34 	 23.3 	 	 0.1000 	 0.6624  	 0.5000 	 2.0408 	 1.8095 	 0.5532
[2025/01/20 11:50:22] - Test Loss 	 Test Acc 	 PGD Loss 	 PGD Acc
[2025/01/20 11:50:22] - 1.4508 	 	 0.7486 	 1.6166 	 0.5398
[2025/01/20 11:50:46] - Epoch 	 Seconds 	 LR 	 	 Update 	 Gamma 	 	 Inner Loss 	 Train Loss 	 Train Acc
[2025/01/20 11:50:46] - 35 	 23.0 	 	 0.1000 	 0.6292  	 0.5000 	 2.0409 	 1.8096 	 0.5538
[2025/01/20 11:51:03] - Test Loss 	 Test Acc 	 PGD Loss 	 PGD Acc
[2025/01/20 11:51:03] - 1.4472 	 	 0.7499 	 1.6136 	 0.5403
[2025/01/20 11:51:26] - Epoch 	 Seconds 	 LR 	 	 Update 	 Gamma 	 	 Inner Loss 	 Train Loss 	 Train Acc
[2025/01/20 11:51:26] - 36 	 22.9 	 	 0.1000 	 0.6113  	 0.5000 	 2.0412 	 1.8093 	 0.5550
[2025/01/20 11:51:43] - Test Loss 	 Test Acc 	 PGD Loss 	 PGD Acc
[2025/01/20 11:51:43] - 1.4444 	 	 0.7499 	 1.6116 	 0.5415
[2025/01/20 11:52:07] - Epoch 	 Seconds 	 LR 	 	 Update 	 Gamma 	 	 Inner Loss 	 Train Loss 	 Train Acc
[2025/01/20 11:52:07] - 37 	 23.0 	 	 0.1000 	 0.6317  	 0.5000 	 2.0398 	 1.8072 	 0.5563
[2025/01/20 11:52:24] - Test Loss 	 Test Acc 	 PGD Loss 	 PGD Acc
[2025/01/20 11:52:24] - 1.4417 	 	 0.7506 	 1.6094 	 0.5432
[2025/01/20 11:52:47] - Epoch 	 Seconds 	 LR 	 	 Update 	 Gamma 	 	 Inner Loss 	 Train Loss 	 Train Acc
[2025/01/20 11:52:47] - 38 	 23.0 	 	 0.1000 	 0.6292  	 0.5000 	 2.0397 	 1.8075 	 0.5559
[2025/01/20 11:53:05] - Test Loss 	 Test Acc 	 PGD Loss 	 PGD Acc
[2025/01/20 11:53:05] - 1.4398 	 	 0.7519 	 1.6082 	 0.5433
[2025/01/20 11:53:28] - Epoch 	 Seconds 	 LR 	 	 Update 	 Gamma 	 	 Inner Loss 	 Train Loss 	 Train Acc
[2025/01/20 11:53:28] - 39 	 23.2 	 	 0.1000 	 0.6803  	 0.5000 	 2.0389 	 1.8070 	 0.5552
[2025/01/20 11:53:45] - Test Loss 	 Test Acc 	 PGD Loss 	 PGD Acc
[2025/01/20 11:53:45] - 1.4370 	 	 0.7535 	 1.6061 	 0.5452
[2025/01/20 11:54:09] - Epoch 	 Seconds 	 LR 	 	 Update 	 Gamma 	 	 Inner Loss 	 Train Loss 	 Train Acc
[2025/01/20 11:54:09] - 40 	 23.9 	 	 0.1000 	 0.4220  	 0.5000 	 2.0056 	 1.7465 	 0.6148
[2025/01/20 11:54:27] - Test Loss 	 Test Acc 	 PGD Loss 	 PGD Acc
[2025/01/20 11:54:27] - 1.4241 	 	 0.7566 	 1.5970 	 0.5448
[2025/01/20 11:54:51] - Epoch 	 Seconds 	 LR 	 	 Update 	 Gamma 	 	 Inner Loss 	 Train Loss 	 Train Acc
[2025/01/20 11:54:51] - 41 	 24.1 	 	 0.1000 	 0.8747  	 0.5000 	 2.0491 	 1.8368 	 0.5398
[2025/01/20 11:55:08] - Test Loss 	 Test Acc 	 PGD Loss 	 PGD Acc
[2025/01/20 11:55:08] - 1.4536 	 	 0.7553 	 1.6191 	 0.5470
[2025/01/20 11:55:31] - Epoch 	 Seconds 	 LR 	 	 Update 	 Gamma 	 	 Inner Loss 	 Train Loss 	 Train Acc
[2025/01/20 11:55:31] - 42 	 22.9 	 	 0.1000 	 0.6087  	 0.5000 	 2.0311 	 1.7911 	 0.5723
[2025/01/20 11:55:49] - Test Loss 	 Test Acc 	 PGD Loss 	 PGD Acc
[2025/01/20 11:55:49] - 1.4440 	 	 0.7581 	 1.6120 	 0.5499
[2025/01/20 11:56:12] - Epoch 	 Seconds 	 LR 	 	 Update 	 Gamma 	 	 Inner Loss 	 Train Loss 	 Train Acc
[2025/01/20 11:56:12] - 43 	 23.1 	 	 0.1000 	 0.6368  	 0.5000 	 2.0367 	 1.8027 	 0.5637
[2025/01/20 11:56:30] - Test Loss 	 Test Acc 	 PGD Loss 	 PGD Acc
[2025/01/20 11:56:30] - 1.4424 	 	 0.7574 	 1.6114 	 0.5496
[2025/01/20 11:56:53] - Epoch 	 Seconds 	 LR 	 	 Update 	 Gamma 	 	 Inner Loss 	 Train Loss 	 Train Acc
[2025/01/20 11:56:53] - 44 	 23.2 	 	 0.1000 	 0.6496  	 0.5000 	 2.0365 	 1.8022 	 0.5606
[2025/01/20 11:57:10] - Test Loss 	 Test Acc 	 PGD Loss 	 PGD Acc
[2025/01/20 11:57:10] - 1.4370 	 	 0.7585 	 1.6073 	 0.5518
[2025/01/20 11:57:33] - Epoch 	 Seconds 	 LR 	 	 Update 	 Gamma 	 	 Inner Loss 	 Train Loss 	 Train Acc
[2025/01/20 11:57:33] - 45 	 23.3 	 	 0.1000 	 0.6598  	 0.5000 	 2.0363 	 1.8017 	 0.5613
[2025/01/20 11:57:51] - Test Loss 	 Test Acc 	 PGD Loss 	 PGD Acc
[2025/01/20 11:57:51] - 1.4342 	 	 0.7578 	 1.6051 	 0.5531
[2025/01/20 11:58:14] - Epoch 	 Seconds 	 LR 	 	 Update 	 Gamma 	 	 Inner Loss 	 Train Loss 	 Train Acc
[2025/01/20 11:58:14] - 46 	 23.1 	 	 0.1000 	 0.6496  	 0.5000 	 2.0361 	 1.8022 	 0.5601
[2025/01/20 11:58:32] - Test Loss 	 Test Acc 	 PGD Loss 	 PGD Acc
[2025/01/20 11:58:32] - 1.4309 	 	 0.7598 	 1.6025 	 0.5523
[2025/01/20 11:58:55] - Epoch 	 Seconds 	 LR 	 	 Update 	 Gamma 	 	 Inner Loss 	 Train Loss 	 Train Acc
[2025/01/20 11:58:55] - 47 	 23.0 	 	 0.1000 	 0.6189  	 0.5000 	 2.0355 	 1.8005 	 0.5628
[2025/01/20 11:59:12] - Test Loss 	 Test Acc 	 PGD Loss 	 PGD Acc
[2025/01/20 11:59:12] - 1.4276 	 	 0.7594 	 1.6002 	 0.5544
[2025/01/20 11:59:35] - Epoch 	 Seconds 	 LR 	 	 Update 	 Gamma 	 	 Inner Loss 	 Train Loss 	 Train Acc
[2025/01/20 11:59:35] - 48 	 23.2 	 	 0.1000 	 0.6240  	 0.5000 	 2.0348 	 1.7992 	 0.5643
[2025/01/20 11:59:53] - Test Loss 	 Test Acc 	 PGD Loss 	 PGD Acc
[2025/01/20 11:59:53] - 1.4264 	 	 0.7598 	 1.5995 	 0.5536
[2025/01/20 12:00:16] - Epoch 	 Seconds 	 LR 	 	 Update 	 Gamma 	 	 Inner Loss 	 Train Loss 	 Train Acc
[2025/01/20 12:00:16] - 49 	 22.9 	 	 0.1000 	 0.6113  	 0.5000 	 2.0343 	 1.7979 	 0.5645
[2025/01/20 12:00:33] - Test Loss 	 Test Acc 	 PGD Loss 	 PGD Acc
[2025/01/20 12:00:33] - 1.4240 	 	 0.7595 	 1.5977 	 0.5538
[2025/01/20 12:00:57] - Epoch 	 Seconds 	 LR 	 	 Update 	 Gamma 	 	 Inner Loss 	 Train Loss 	 Train Acc
[2025/01/20 12:00:57] - 50 	 24.0 	 	 0.1000 	 0.4578  	 0.5000 	 2.0034 	 1.7416 	 0.6196
[2025/01/20 12:01:15] - Test Loss 	 Test Acc 	 PGD Loss 	 PGD Acc
[2025/01/20 12:01:15] - 1.4103 	 	 0.7633 	 1.5879 	 0.5537
[2025/01/20 12:01:39] - Epoch 	 Seconds 	 LR 	 	 Update 	 Gamma 	 	 Inner Loss 	 Train Loss 	 Train Acc
[2025/01/20 12:01:39] - 51 	 24.0 	 	 0.1000 	 0.8772  	 0.5000 	 2.0441 	 1.8280 	 0.5483
[2025/01/20 12:01:56] - Test Loss 	 Test Acc 	 PGD Loss 	 PGD Acc
[2025/01/20 12:01:56] - 1.4387 	 	 0.7601 	 1.6089 	 0.5549
[2025/01/20 12:02:19] - Epoch 	 Seconds 	 LR 	 	 Update 	 Gamma 	 	 Inner Loss 	 Train Loss 	 Train Acc
[2025/01/20 12:02:19] - 52 	 22.9 	 	 0.1000 	 0.5908  	 0.5000 	 2.0276 	 1.7855 	 0.5770
[2025/01/20 12:02:37] - Test Loss 	 Test Acc 	 PGD Loss 	 PGD Acc
[2025/01/20 12:02:37] - 1.4305 	 	 0.7621 	 1.6028 	 0.5539
[2025/01/20 12:03:00] - Epoch 	 Seconds 	 LR 	 	 Update 	 Gamma 	 	 Inner Loss 	 Train Loss 	 Train Acc
[2025/01/20 12:03:00] - 53 	 23.1 	 	 0.1000 	 0.6292  	 0.5000 	 2.0339 	 1.7984 	 0.5666
[2025/01/20 12:03:17] - Test Loss 	 Test Acc 	 PGD Loss 	 PGD Acc
[2025/01/20 12:03:17] - 1.4284 	 	 0.7612 	 1.6008 	 0.5534
[2025/01/20 12:03:40] - Epoch 	 Seconds 	 LR 	 	 Update 	 Gamma 	 	 Inner Loss 	 Train Loss 	 Train Acc
[2025/01/20 12:03:40] - 54 	 23.0 	 	 0.1000 	 0.6292  	 0.5000 	 2.0319 	 1.7940 	 0.5688
[2025/01/20 12:03:58] - Test Loss 	 Test Acc 	 PGD Loss 	 PGD Acc
[2025/01/20 12:03:58] - 1.4228 	 	 0.7627 	 1.5964 	 0.5522
[2025/01/20 12:04:21] - Epoch 	 Seconds 	 LR 	 	 Update 	 Gamma 	 	 Inner Loss 	 Train Loss 	 Train Acc
[2025/01/20 12:04:21] - 55 	 22.9 	 	 0.1000 	 0.6240  	 0.5000 	 2.0326 	 1.7951 	 0.5683
[2025/01/20 12:04:38] - Test Loss 	 Test Acc 	 PGD Loss 	 PGD Acc
[2025/01/20 12:04:38] - 1.4203 	 	 0.7636 	 1.5949 	 0.5539
[2025/01/20 12:05:01] - Epoch 	 Seconds 	 LR 	 	 Update 	 Gamma 	 	 Inner Loss 	 Train Loss 	 Train Acc
[2025/01/20 12:05:01] - 56 	 23.0 	 	 0.1000 	 0.6368  	 0.5000 	 2.0320 	 1.7937 	 0.5695
[2025/01/20 12:05:19] - Test Loss 	 Test Acc 	 PGD Loss 	 PGD Acc
[2025/01/20 12:05:19] - 1.4173 	 	 0.7635 	 1.5927 	 0.5540
[2025/01/20 12:05:42] - Epoch 	 Seconds 	 LR 	 	 Update 	 Gamma 	 	 Inner Loss 	 Train Loss 	 Train Acc
[2025/01/20 12:05:42] - 57 	 23.0 	 	 0.1000 	 0.6164  	 0.5000 	 2.0315 	 1.7936 	 0.5686
[2025/01/20 12:05:59] - Test Loss 	 Test Acc 	 PGD Loss 	 PGD Acc
[2025/01/20 12:05:59] - 1.4142 	 	 0.7640 	 1.5899 	 0.5545
[2025/01/20 12:06:22] - Epoch 	 Seconds 	 LR 	 	 Update 	 Gamma 	 	 Inner Loss 	 Train Loss 	 Train Acc
[2025/01/20 12:06:22] - 58 	 23.0 	 	 0.1000 	 0.6445  	 0.5000 	 2.0313 	 1.7937 	 0.5683
[2025/01/20 12:06:39] - Test Loss 	 Test Acc 	 PGD Loss 	 PGD Acc
[2025/01/20 12:06:39] - 1.4118 	 	 0.7646 	 1.5880 	 0.5550
[2025/01/20 12:07:03] - Epoch 	 Seconds 	 LR 	 	 Update 	 Gamma 	 	 Inner Loss 	 Train Loss 	 Train Acc
[2025/01/20 12:07:03] - 59 	 23.1 	 	 0.1000 	 0.6036  	 0.5000 	 2.0318 	 1.7936 	 0.5693
[2025/01/20 12:07:20] - Test Loss 	 Test Acc 	 PGD Loss 	 PGD Acc
[2025/01/20 12:07:20] - 1.4101 	 	 0.7654 	 1.5871 	 0.5539
[2025/01/20 12:07:44] - Epoch 	 Seconds 	 LR 	 	 Update 	 Gamma 	 	 Inner Loss 	 Train Loss 	 Train Acc
[2025/01/20 12:07:44] - 60 	 24.1 	 	 0.1000 	 0.4501  	 0.5000 	 1.9991 	 1.7340 	 0.6265
[2025/01/20 12:08:02] - Test Loss 	 Test Acc 	 PGD Loss 	 PGD Acc
[2025/01/20 12:08:02] - 1.3968 	 	 0.7692 	 1.5780 	 0.5544
[2025/01/20 12:08:26] - Epoch 	 Seconds 	 LR 	 	 Update 	 Gamma 	 	 Inner Loss 	 Train Loss 	 Train Acc
[2025/01/20 12:08:26] - 61 	 24.5 	 	 0.1000 	 0.8900  	 0.5000 	 2.0428 	 1.8254 	 0.5497
[2025/01/20 12:08:44] - Test Loss 	 Test Acc 	 PGD Loss 	 PGD Acc
[2025/01/20 12:08:44] - 1.4290 	 	 0.7648 	 1.6021 	 0.5565
[2025/01/20 12:09:07] - Epoch 	 Seconds 	 LR 	 	 Update 	 Gamma 	 	 Inner Loss 	 Train Loss 	 Train Acc
[2025/01/20 12:09:07] - 62 	 23.0 	 	 0.1000 	 0.5934  	 0.5000 	 2.0253 	 1.7815 	 0.5809
[2025/01/20 12:09:24] - Test Loss 	 Test Acc 	 PGD Loss 	 PGD Acc
[2025/01/20 12:09:24] - 1.4207 	 	 0.7654 	 1.5960 	 0.5570
[2025/01/20 12:09:48] - Epoch 	 Seconds 	 LR 	 	 Update 	 Gamma 	 	 Inner Loss 	 Train Loss 	 Train Acc
[2025/01/20 12:09:48] - 63 	 23.4 	 	 0.1000 	 0.6829  	 0.5000 	 2.0317 	 1.7947 	 0.5697
[2025/01/20 12:10:05] - Test Loss 	 Test Acc 	 PGD Loss 	 PGD Acc
[2025/01/20 12:10:05] - 1.4200 	 	 0.7649 	 1.5956 	 0.5580
[2025/01/20 12:10:28] - Epoch 	 Seconds 	 LR 	 	 Update 	 Gamma 	 	 Inner Loss 	 Train Loss 	 Train Acc
[2025/01/20 12:10:28] - 64 	 22.8 	 	 0.1000 	 0.5678  	 0.5000 	 2.0299 	 1.7900 	 0.5733
[2025/01/20 12:10:46] - Test Loss 	 Test Acc 	 PGD Loss 	 PGD Acc
[2025/01/20 12:10:46] - 1.4167 	 	 0.7660 	 1.5930 	 0.5590
[2025/01/20 12:11:09] - Epoch 	 Seconds 	 LR 	 	 Update 	 Gamma 	 	 Inner Loss 	 Train Loss 	 Train Acc
[2025/01/20 12:11:09] - 65 	 23.0 	 	 0.1000 	 0.6266  	 0.5000 	 2.0298 	 1.7902 	 0.5724
[2025/01/20 12:11:26] - Test Loss 	 Test Acc 	 PGD Loss 	 PGD Acc
[2025/01/20 12:11:26] - 1.4139 	 	 0.7665 	 1.5912 	 0.5581
[2025/01/20 12:11:49] - Epoch 	 Seconds 	 LR 	 	 Update 	 Gamma 	 	 Inner Loss 	 Train Loss 	 Train Acc
[2025/01/20 12:11:49] - 66 	 23.0 	 	 0.1000 	 0.6240  	 0.5000 	 2.0294 	 1.7891 	 0.5738
[2025/01/20 12:12:07] - Test Loss 	 Test Acc 	 PGD Loss 	 PGD Acc
[2025/01/20 12:12:07] - 1.4102 	 	 0.7682 	 1.5882 	 0.5584
[2025/01/20 12:12:30] - Epoch 	 Seconds 	 LR 	 	 Update 	 Gamma 	 	 Inner Loss 	 Train Loss 	 Train Acc
[2025/01/20 12:12:30] - 67 	 22.8 	 	 0.1000 	 0.5882  	 0.5000 	 2.0290 	 1.7879 	 0.5749
[2025/01/20 12:12:47] - Test Loss 	 Test Acc 	 PGD Loss 	 PGD Acc
[2025/01/20 12:12:47] - 1.4073 	 	 0.7679 	 1.5860 	 0.5577
[2025/01/20 12:13:10] - Epoch 	 Seconds 	 LR 	 	 Update 	 Gamma 	 	 Inner Loss 	 Train Loss 	 Train Acc
[2025/01/20 12:13:10] - 68 	 22.9 	 	 0.1000 	 0.5754  	 0.5000 	 2.0293 	 1.7893 	 0.5727
[2025/01/20 12:13:27] - Test Loss 	 Test Acc 	 PGD Loss 	 PGD Acc
[2025/01/20 12:13:27] - 1.4064 	 	 0.7693 	 1.5857 	 0.5581
[2025/01/20 12:13:51] - Epoch 	 Seconds 	 LR 	 	 Update 	 Gamma 	 	 Inner Loss 	 Train Loss 	 Train Acc
[2025/01/20 12:13:51] - 69 	 23.0 	 	 0.1000 	 0.6368  	 0.5000 	 2.0290 	 1.7895 	 0.5721
[2025/01/20 12:14:08] - Test Loss 	 Test Acc 	 PGD Loss 	 PGD Acc
[2025/01/20 12:14:08] - 1.4051 	 	 0.7705 	 1.5845 	 0.5583
[2025/01/20 12:14:32] - Epoch 	 Seconds 	 LR 	 	 Update 	 Gamma 	 	 Inner Loss 	 Train Loss 	 Train Acc
[2025/01/20 12:14:32] - 70 	 24.0 	 	 0.1000 	 0.4450  	 0.5000 	 1.9968 	 1.7292 	 0.6310
[2025/01/20 12:14:49] - Test Loss 	 Test Acc 	 PGD Loss 	 PGD Acc
[2025/01/20 12:14:49] - 1.3921 	 	 0.7730 	 1.5754 	 0.5572
[2025/01/20 12:15:14] - Epoch 	 Seconds 	 LR 	 	 Update 	 Gamma 	 	 Inner Loss 	 Train Loss 	 Train Acc
[2025/01/20 12:15:14] - 71 	 24.2 	 	 0.1000 	 0.8798  	 0.5000 	 2.0398 	 1.8187 	 0.5565
[2025/01/20 12:15:31] - Test Loss 	 Test Acc 	 PGD Loss 	 PGD Acc
[2025/01/20 12:15:31] - 1.4211 	 	 0.7697 	 1.5974 	 0.5583
[2025/01/20 12:15:54] - Epoch 	 Seconds 	 LR 	 	 Update 	 Gamma 	 	 Inner Loss 	 Train Loss 	 Train Acc
[2025/01/20 12:15:54] - 72 	 22.5 	 	 0.1000 	 0.5473  	 0.5000 	 2.0221 	 1.7745 	 0.5884
[2025/01/20 12:16:11] - Test Loss 	 Test Acc 	 PGD Loss 	 PGD Acc
[2025/01/20 12:16:11] - 1.4141 	 	 0.7712 	 1.5920 	 0.5584
[2025/01/20 12:16:34] - Epoch 	 Seconds 	 LR 	 	 Update 	 Gamma 	 	 Inner Loss 	 Train Loss 	 Train Acc
[2025/01/20 12:16:34] - 73 	 23.2 	 	 0.1000 	 0.6726  	 0.5000 	 2.0292 	 1.7904 	 0.5740
[2025/01/20 12:16:52] - Test Loss 	 Test Acc 	 PGD Loss 	 PGD Acc
[2025/01/20 12:16:52] - 1.4125 	 	 0.7694 	 1.5906 	 0.5589
[2025/01/20 12:17:15] - Epoch 	 Seconds 	 LR 	 	 Update 	 Gamma 	 	 Inner Loss 	 Train Loss 	 Train Acc
[2025/01/20 12:17:15] - 74 	 23.0 	 	 0.1000 	 0.6240  	 0.5000 	 2.0273 	 1.7848 	 0.5786
[2025/01/20 12:17:32] - Test Loss 	 Test Acc 	 PGD Loss 	 PGD Acc
[2025/01/20 12:17:32] - 1.4082 	 	 0.7703 	 1.5875 	 0.5596
[2025/01/20 12:17:55] - Epoch 	 Seconds 	 LR 	 	 Update 	 Gamma 	 	 Inner Loss 	 Train Loss 	 Train Acc
[2025/01/20 12:17:55] - 75 	 23.0 	 	 0.1000 	 0.6240  	 0.5000 	 2.0279 	 1.7875 	 0.5746
[2025/01/20 12:18:13] - Test Loss 	 Test Acc 	 PGD Loss 	 PGD Acc
[2025/01/20 12:18:13] - 1.4058 	 	 0.7713 	 1.5858 	 0.5606
[2025/01/20 12:18:36] - Epoch 	 Seconds 	 LR 	 	 Update 	 Gamma 	 	 Inner Loss 	 Train Loss 	 Train Acc
[2025/01/20 12:18:36] - 76 	 23.1 	 	 0.1000 	 0.6010  	 0.5000 	 2.0289 	 1.7888 	 0.5734
[2025/01/20 12:18:53] - Test Loss 	 Test Acc 	 PGD Loss 	 PGD Acc
[2025/01/20 12:18:53] - 1.4036 	 	 0.7721 	 1.5842 	 0.5600
[2025/01/20 12:19:16] - Epoch 	 Seconds 	 LR 	 	 Update 	 Gamma 	 	 Inner Loss 	 Train Loss 	 Train Acc
[2025/01/20 12:19:16] - 77 	 22.9 	 	 0.1000 	 0.6189  	 0.5000 	 2.0272 	 1.7844 	 0.5790
[2025/01/20 12:19:34] - Test Loss 	 Test Acc 	 PGD Loss 	 PGD Acc
[2025/01/20 12:19:34] - 1.4010 	 	 0.7730 	 1.5823 	 0.5615
[2025/01/20 12:19:57] - Epoch 	 Seconds 	 LR 	 	 Update 	 Gamma 	 	 Inner Loss 	 Train Loss 	 Train Acc
[2025/01/20 12:19:57] - 78 	 23.0 	 	 0.1000 	 0.6496  	 0.5000 	 2.0283 	 1.7884 	 0.5733
[2025/01/20 12:20:14] - Test Loss 	 Test Acc 	 PGD Loss 	 PGD Acc
[2025/01/20 12:20:14] - 1.4002 	 	 0.7722 	 1.5819 	 0.5611
[2025/01/20 12:20:37] - Epoch 	 Seconds 	 LR 	 	 Update 	 Gamma 	 	 Inner Loss 	 Train Loss 	 Train Acc
[2025/01/20 12:20:37] - 79 	 22.8 	 	 0.1000 	 0.6036  	 0.5000 	 2.0267 	 1.7844 	 0.5778
[2025/01/20 12:20:55] - Test Loss 	 Test Acc 	 PGD Loss 	 PGD Acc
[2025/01/20 12:20:55] - 1.3996 	 	 0.7718 	 1.5817 	 0.5628
[2025/01/20 12:21:19] - Epoch 	 Seconds 	 LR 	 	 Update 	 Gamma 	 	 Inner Loss 	 Train Loss 	 Train Acc
[2025/01/20 12:21:19] - 80 	 23.9 	 	 0.1000 	 0.4271  	 0.5000 	 1.9952 	 1.7273 	 0.6324
[2025/01/20 12:21:36] - Test Loss 	 Test Acc 	 PGD Loss 	 PGD Acc
[2025/01/20 12:21:36] - 1.3882 	 	 0.7765 	 1.5740 	 0.5618
[2025/01/20 12:22:00] - Epoch 	 Seconds 	 LR 	 	 Update 	 Gamma 	 	 Inner Loss 	 Train Loss 	 Train Acc
[2025/01/20 12:22:00] - 81 	 24.0 	 	 0.1000 	 0.8619  	 0.5000 	 2.0384 	 1.8169 	 0.5578
[2025/01/20 12:22:18] - Test Loss 	 Test Acc 	 PGD Loss 	 PGD Acc
[2025/01/20 12:22:18] - 1.4172 	 	 0.7723 	 1.5962 	 0.5646
[2025/01/20 12:22:41] - Epoch 	 Seconds 	 LR 	 	 Update 	 Gamma 	 	 Inner Loss 	 Train Loss 	 Train Acc
[2025/01/20 12:22:41] - 82 	 22.9 	 	 0.1000 	 0.6061  	 0.5000 	 2.0216 	 1.7746 	 0.5876
[2025/01/20 12:22:58] - Test Loss 	 Test Acc 	 PGD Loss 	 PGD Acc
[2025/01/20 12:22:58] - 1.4109 	 	 0.7732 	 1.5913 	 0.5638
[2025/01/20 12:23:22] - Epoch 	 Seconds 	 LR 	 	 Update 	 Gamma 	 	 Inner Loss 	 Train Loss 	 Train Acc
[2025/01/20 12:23:22] - 83 	 23.2 	 	 0.1000 	 0.6957  	 0.5000 	 2.0274 	 1.7883 	 0.5746
[2025/01/20 12:23:39] - Test Loss 	 Test Acc 	 PGD Loss 	 PGD Acc
[2025/01/20 12:23:39] - 1.4086 	 	 0.7730 	 1.5894 	 0.5637
[2025/01/20 12:24:02] - Epoch 	 Seconds 	 LR 	 	 Update 	 Gamma 	 	 Inner Loss 	 Train Loss 	 Train Acc
[2025/01/20 12:24:02] - 84 	 23.0 	 	 0.1000 	 0.6368  	 0.5000 	 2.0257 	 1.7830 	 0.5799
[2025/01/20 12:24:19] - Test Loss 	 Test Acc 	 PGD Loss 	 PGD Acc
[2025/01/20 12:24:19] - 1.4050 	 	 0.7729 	 1.5870 	 0.5635
[2025/01/20 12:24:42] - Epoch 	 Seconds 	 LR 	 	 Update 	 Gamma 	 	 Inner Loss 	 Train Loss 	 Train Acc
[2025/01/20 12:24:42] - 85 	 23.1 	 	 0.1000 	 0.6445  	 0.5000 	 2.0273 	 1.7861 	 0.5765
[2025/01/20 12:25:00] - Test Loss 	 Test Acc 	 PGD Loss 	 PGD Acc
[2025/01/20 12:25:00] - 1.4018 	 	 0.7754 	 1.5846 	 0.5635
[2025/01/20 12:25:23] - Epoch 	 Seconds 	 LR 	 	 Update 	 Gamma 	 	 Inner Loss 	 Train Loss 	 Train Acc
[2025/01/20 12:25:23] - 86 	 23.0 	 	 0.1000 	 0.6445  	 0.5000 	 2.0260 	 1.7844 	 0.5772
[2025/01/20 12:25:40] - Test Loss 	 Test Acc 	 PGD Loss 	 PGD Acc
[2025/01/20 12:25:40] - 1.3997 	 	 0.7765 	 1.5832 	 0.5638
[2025/01/20 12:26:04] - Epoch 	 Seconds 	 LR 	 	 Update 	 Gamma 	 	 Inner Loss 	 Train Loss 	 Train Acc
[2025/01/20 12:26:04] - 87 	 23.1 	 	 0.1000 	 0.6419  	 0.5000 	 2.0267 	 1.7845 	 0.5775
[2025/01/20 12:26:21] - Test Loss 	 Test Acc 	 PGD Loss 	 PGD Acc
[2025/01/20 12:26:21] - 1.3973 	 	 0.7773 	 1.5810 	 0.5632
[2025/01/20 12:26:44] - Epoch 	 Seconds 	 LR 	 	 Update 	 Gamma 	 	 Inner Loss 	 Train Loss 	 Train Acc
[2025/01/20 12:26:44] - 88 	 22.9 	 	 0.1000 	 0.5806  	 0.5000 	 2.0261 	 1.7838 	 0.5779
[2025/01/20 12:27:01] - Test Loss 	 Test Acc 	 PGD Loss 	 PGD Acc
[2025/01/20 12:27:01] - 1.3954 	 	 0.7776 	 1.5793 	 0.5637
[2025/01/20 12:27:24] - Epoch 	 Seconds 	 LR 	 	 Update 	 Gamma 	 	 Inner Loss 	 Train Loss 	 Train Acc
[2025/01/20 12:27:24] - 89 	 22.8 	 	 0.1000 	 0.6036  	 0.5000 	 2.0268 	 1.7846 	 0.5789
[2025/01/20 12:27:42] - Test Loss 	 Test Acc 	 PGD Loss 	 PGD Acc
[2025/01/20 12:27:42] - 1.3942 	 	 0.7778 	 1.5782 	 0.5625
[2025/01/20 12:28:06] - Epoch 	 Seconds 	 LR 	 	 Update 	 Gamma 	 	 Inner Loss 	 Train Loss 	 Train Acc
[2025/01/20 12:28:06] - 90 	 24.3 	 	 0.1000 	 0.4885  	 0.5000 	 1.9949 	 1.7272 	 0.6313
[2025/01/20 12:28:23] - Test Loss 	 Test Acc 	 PGD Loss 	 PGD Acc
[2025/01/20 12:28:23] - 1.3799 	 	 0.7796 	 1.5681 	 0.5626
[2025/01/20 12:28:47] - Epoch 	 Seconds 	 LR 	 	 Update 	 Gamma 	 	 Inner Loss 	 Train Loss 	 Train Acc
[2025/01/20 12:28:47] - 91 	 24.0 	 	 0.1000 	 0.8772  	 0.5000 	 2.0377 	 1.8171 	 0.5565
[2025/01/20 12:29:05] - Test Loss 	 Test Acc 	 PGD Loss 	 PGD Acc
[2025/01/20 12:29:05] - 1.4100 	 	 0.7742 	 1.5911 	 0.5647
[2025/01/20 12:29:27] - Epoch 	 Seconds 	 LR 	 	 Update 	 Gamma 	 	 Inner Loss 	 Train Loss 	 Train Acc
[2025/01/20 12:29:27] - 92 	 22.6 	 	 0.1000 	 0.5678  	 0.5000 	 2.0199 	 1.7709 	 0.5916
[2025/01/20 12:29:45] - Test Loss 	 Test Acc 	 PGD Loss 	 PGD Acc
[2025/01/20 12:29:45] - 1.4031 	 	 0.7747 	 1.5859 	 0.5645
[2025/01/20 12:30:08] - Epoch 	 Seconds 	 LR 	 	 Update 	 Gamma 	 	 Inner Loss 	 Train Loss 	 Train Acc
[2025/01/20 12:30:08] - 93 	 22.9 	 	 0.1000 	 0.6317  	 0.5000 	 2.0272 	 1.7864 	 0.5779
[2025/01/20 12:30:25] - Test Loss 	 Test Acc 	 PGD Loss 	 PGD Acc
[2025/01/20 12:30:25] - 1.4030 	 	 0.7748 	 1.5860 	 0.5650
[2025/01/20 12:30:48] - Epoch 	 Seconds 	 LR 	 	 Update 	 Gamma 	 	 Inner Loss 	 Train Loss 	 Train Acc
[2025/01/20 12:30:48] - 94 	 22.9 	 	 0.1000 	 0.6215  	 0.5000 	 2.0251 	 1.7817 	 0.5808
[2025/01/20 12:31:06] - Test Loss 	 Test Acc 	 PGD Loss 	 PGD Acc
[2025/01/20 12:31:06] - 1.4009 	 	 0.7753 	 1.5842 	 0.5649
[2025/01/20 12:31:29] - Epoch 	 Seconds 	 LR 	 	 Update 	 Gamma 	 	 Inner Loss 	 Train Loss 	 Train Acc
[2025/01/20 12:31:29] - 95 	 23.1 	 	 0.1000 	 0.6368  	 0.5000 	 2.0259 	 1.7832 	 0.5792
[2025/01/20 12:31:46] - Test Loss 	 Test Acc 	 PGD Loss 	 PGD Acc
[2025/01/20 12:31:46] - 1.3994 	 	 0.7747 	 1.5829 	 0.5642
[2025/01/20 12:32:09] - Epoch 	 Seconds 	 LR 	 	 Update 	 Gamma 	 	 Inner Loss 	 Train Loss 	 Train Acc
[2025/01/20 12:32:09] - 96 	 22.9 	 	 0.1000 	 0.6240  	 0.5000 	 2.0244 	 1.7811 	 0.5807
[2025/01/20 12:32:26] - Test Loss 	 Test Acc 	 PGD Loss 	 PGD Acc
[2025/01/20 12:32:26] - 1.3965 	 	 0.7763 	 1.5807 	 0.5646
[2025/01/20 12:32:50] - Epoch 	 Seconds 	 LR 	 	 Update 	 Gamma 	 	 Inner Loss 	 Train Loss 	 Train Acc
[2025/01/20 12:32:50] - 97 	 23.1 	 	 0.1000 	 0.6573  	 0.5000 	 2.0257 	 1.7832 	 0.5783
[2025/01/20 12:33:07] - Test Loss 	 Test Acc 	 PGD Loss 	 PGD Acc
[2025/01/20 12:33:07] - 1.3936 	 	 0.7756 	 1.5781 	 0.5657
[2025/01/20 12:33:30] - Epoch 	 Seconds 	 LR 	 	 Update 	 Gamma 	 	 Inner Loss 	 Train Loss 	 Train Acc
[2025/01/20 12:33:30] - 98 	 23.0 	 	 0.1000 	 0.6266  	 0.5000 	 2.0248 	 1.7826 	 0.5790
[2025/01/20 12:33:47] - Test Loss 	 Test Acc 	 PGD Loss 	 PGD Acc
[2025/01/20 12:33:47] - 1.3916 	 	 0.7751 	 1.5763 	 0.5653
[2025/01/20 12:34:10] - Epoch 	 Seconds 	 LR 	 	 Update 	 Gamma 	 	 Inner Loss 	 Train Loss 	 Train Acc
[2025/01/20 12:34:10] - 99 	 22.8 	 	 0.0100 	 0.5806  	 0.5000 	 2.0253 	 1.7812 	 0.5821
[2025/01/20 12:34:28] - Test Loss 	 Test Acc 	 PGD Loss 	 PGD Acc
[2025/01/20 12:34:28] - 1.3896 	 	 0.7758 	 1.5750 	 0.5644
[2025/01/20 12:34:50] - Epoch 	 Seconds 	 LR 	 	 Update 	 Gamma 	 	 Inner Loss 	 Train Loss 	 Train Acc
[2025/01/20 12:34:50] - 100 	 22.6 	 	 0.0100 	 0.1458  	 0.5000 	 1.9597 	 1.6453 	 0.7074
[2025/01/20 12:35:08] - Test Loss 	 Test Acc 	 PGD Loss 	 PGD Acc
[2025/01/20 12:35:08] - 1.3825 	 	 0.7778 	 1.5694 	 0.5644
[2025/01/20 12:35:31] - Epoch 	 Seconds 	 LR 	 	 Update 	 Gamma 	 	 Inner Loss 	 Train Loss 	 Train Acc
[2025/01/20 12:35:31] - 101 	 23.1 	 	 0.0100 	 0.6522  	 0.5000 	 1.9817 	 1.7137 	 0.6519
[2025/01/20 12:35:48] - Test Loss 	 Test Acc 	 PGD Loss 	 PGD Acc
[2025/01/20 12:35:48] - 1.3732 	 	 0.7839 	 1.5642 	 0.5668
[2025/01/20 12:36:10] - Epoch 	 Seconds 	 LR 	 	 Update 	 Gamma 	 	 Inner Loss 	 Train Loss 	 Train Acc
[2025/01/20 12:36:10] - 102 	 21.1 	 	 0.0100 	 0.1867  	 0.5000 	 1.9625 	 1.6531 	 0.6966
[2025/01/20 12:36:27] - Test Loss 	 Test Acc 	 PGD Loss 	 PGD Acc
[2025/01/20 12:36:27] - 1.3664 	 	 0.7858 	 1.5593 	 0.5668
[2025/01/20 12:36:49] - Epoch 	 Seconds 	 LR 	 	 Update 	 Gamma 	 	 Inner Loss 	 Train Loss 	 Train Acc
[2025/01/20 12:36:49] - 103 	 21.6 	 	 0.0100 	 0.2788  	 0.5000 	 1.9632 	 1.6606 	 0.6895
[2025/01/20 12:37:06] - Test Loss 	 Test Acc 	 PGD Loss 	 PGD Acc
[2025/01/20 12:37:06] - 1.3600 	 	 0.7898 	 1.5551 	 0.5675
[2025/01/20 12:37:28] - Epoch 	 Seconds 	 LR 	 	 Update 	 Gamma 	 	 Inner Loss 	 Train Loss 	 Train Acc
[2025/01/20 12:37:28] - 104 	 21.2 	 	 0.0010 	 0.1893  	 0.5000 	 1.9579 	 1.6479 	 0.7004
[2025/01/20 12:37:45] - Test Loss 	 Test Acc 	 PGD Loss 	 PGD Acc
[2025/01/20 12:37:45] - 1.3570 	 	 0.7926 	 1.5532 	 0.5701
[2025/01/20 12:38:06] - Epoch 	 Seconds 	 LR 	 	 Update 	 Gamma 	 	 Inner Loss 	 Train Loss 	 Train Acc
[2025/01/20 12:38:06] - 105 	 21.0 	 	 0.0010 	 0.1509  	 0.5000 	 1.9522 	 1.6331 	 0.7133
[2025/01/20 12:38:24] - Test Loss 	 Test Acc 	 PGD Loss 	 PGD Acc
[2025/01/20 12:38:24] - 1.3552 	 	 0.7944 	 1.5522 	 0.5709
[2025/01/20 12:38:45] - Epoch 	 Seconds 	 LR 	 	 Update 	 Gamma 	 	 Inner Loss 	 Train Loss 	 Train Acc
[2025/01/20 12:38:45] - 106 	 20.9 	 	 0.0010 	 0.1432  	 0.5000 	 1.9487 	 1.6265 	 0.7191
[2025/01/20 12:39:02] - Test Loss 	 Test Acc 	 PGD Loss 	 PGD Acc
[2025/01/20 12:39:02] - 1.3531 	 	 0.7971 	 1.5510 	 0.5716
[2025/01/20 12:39:23] - Epoch 	 Seconds 	 LR 	 	 Update 	 Gamma 	 	 Inner Loss 	 Train Loss 	 Train Acc
[2025/01/20 12:39:23] - 107 	 20.8 	 	 0.0010 	 0.1151  	 0.5000 	 1.9477 	 1.6249 	 0.7201
[2025/01/20 12:39:41] - Test Loss 	 Test Acc 	 PGD Loss 	 PGD Acc
[2025/01/20 12:39:41] - 1.3512 	 	 0.7980 	 1.5498 	 0.5715
[2025/01/20 12:40:01] - Epoch 	 Seconds 	 LR 	 	 Update 	 Gamma 	 	 Inner Loss 	 Train Loss 	 Train Acc
[2025/01/20 12:40:01] - 108 	 20.8 	 	 0.0010 	 0.1330  	 0.5000 	 1.9464 	 1.6231 	 0.7208
[2025/01/20 12:40:19] - Test Loss 	 Test Acc 	 PGD Loss 	 PGD Acc
[2025/01/20 12:40:19] - 1.3488 	 	 0.7994 	 1.5482 	 0.5728
[2025/01/20 12:40:40] - Epoch 	 Seconds 	 LR 	 	 Update 	 Gamma 	 	 Inner Loss 	 Train Loss 	 Train Acc
[2025/01/20 12:40:40] - 109 	 20.9 	 	 0.0010 	 0.1228  	 0.5000 	 1.9452 	 1.6197 	 0.7247
[2025/01/20 12:40:57] - Test Loss 	 Test Acc 	 PGD Loss 	 PGD Acc
[2025/01/20 12:40:57] - 1.3465 	 	 0.8008 	 1.5469 	 0.5731
[2025/01/20 12:40:58] - [0.3394, 0.3822, 0.4148, 0.4549, 0.4955, 0.5334, 0.5583, 0.5842, 0.6048, 0.6228, 0.6479, 0.6362, 0.6458, 0.6564, 0.6675, 0.6828, 0.6955, 0.7059, 0.7151, 0.7197, 0.7291, 0.7222, 0.7298, 0.7313, 0.7338, 0.7356, 0.7394, 0.7415, 0.7434, 0.7446, 0.7497, 0.7444, 0.7458, 0.7464, 0.7486, 0.7499, 0.7499, 0.7506, 0.7519, 0.7535, 0.7566, 0.7553, 0.7581, 0.7574, 0.7585, 0.7578, 0.7598, 0.7594, 0.7598, 0.7595, 0.7633, 0.7601, 0.7621, 0.7612, 0.7627, 0.7636, 0.7635, 0.764, 0.7646, 0.7654, 0.7692, 0.7648, 0.7654, 0.7649, 0.766, 0.7665, 0.7682, 0.7679, 0.7693, 0.7705, 0.773, 0.7697, 0.7712, 0.7694, 0.7703, 0.7713, 0.7721, 0.773, 0.7722, 0.7718, 0.7765, 0.7723, 0.7732, 0.773, 0.7729, 0.7754, 0.7765, 0.7773, 0.7776, 0.7778, 0.7796, 0.7742, 0.7747, 0.7748, 0.7753, 0.7747, 0.7763, 0.7756, 0.7751, 0.7758, 0.7778, 0.7839, 0.7858, 0.7898, 0.7926, 0.7944, 0.7971, 0.798, 0.7994, 0.8008]
[2025/01/20 12:40:58] - [0.2492, 0.29, 0.3064, 0.3309, 0.3517, 0.3759, 0.3943, 0.4085, 0.4256, 0.4389, 0.4507, 0.4636, 0.4672, 0.4766, 0.483, 0.4938, 0.501, 0.5067, 0.5093, 0.5115, 0.5095, 0.5198, 0.5209, 0.5226, 0.5246, 0.5257, 0.5281, 0.5291, 0.5316, 0.5315, 0.5326, 0.5355, 0.538, 0.5379, 0.5398, 0.5403, 0.5415, 0.5432, 0.5433, 0.5452, 0.5448, 0.547, 0.5499, 0.5496, 0.5518, 0.5531, 0.5523, 0.5544, 0.5536, 0.5538, 0.5537, 0.5549, 0.5539, 0.5534, 0.5522, 0.5539, 0.554, 0.5545, 0.555, 0.5539, 0.5544, 0.5565, 0.557, 0.558, 0.559, 0.5581, 0.5584, 0.5577, 0.5581, 0.5583, 0.5572, 0.5583, 0.5584, 0.5589, 0.5596, 0.5606, 0.56, 0.5615, 0.5611, 0.5628, 0.5618, 0.5646, 0.5638, 0.5637, 0.5635, 0.5635, 0.5638, 0.5632, 0.5637, 0.5625, 0.5626, 0.5647, 0.5645, 0.565, 0.5649, 0.5642, 0.5646, 0.5657, 0.5653, 0.5644, 0.5644, 0.5668, 0.5668, 0.5675, 0.5701, 0.5709, 0.5716, 0.5715, 0.5728, 0.5731]
[2025/01/20 12:40:58] - 2539.479742050171
