[2025/01/16 17:20:55] - Namespace(model='ResNet18', batch_size=128, data_dir='CIFAR100', epochs=110, lr_schedule='multistep', milestone1=100, milestone2=105, lr_min=0.0, lr_max=0.1, weight_decay=0.0005, momentum=0.9, seed=0, inner_gamma=0.05, outer_gamma=0.05, beta=0.6, lamda=0.05, batch_m=0.75, eta=0.75, epsilon=8, alpha=8, delta_init='random', out_dir='TDAT_CIFAR100', out_path='ETA', log='test.log')
[2025/01/16 17:21:07] - Epoch 	 Seconds 	 LR 	 Inner Loss 	 Train Loss 	 Train Acc 	 Test Loss 	 Test Acc 	 PGD Loss 	 PGD Acc
[2025/01/16 17:21:53] - 0 	 30.3 	 	 0.1000 	 4.3090 	 	 4.4027 	 0.0434 	 4.0374 	 	 0.0867 	 4.0581 	 0.0583
[2025/01/16 17:22:38] - 1 	 29.4 	 	 0.1000 	 4.0145 	 	 4.1300 	 0.0805 	 3.8074 	 	 0.1295 	 3.8442 	 0.0794
[2025/01/16 17:23:24] - 2 	 29.5 	 	 0.1000 	 3.8497 	 	 3.9983 	 0.1056 	 3.5722 	 	 0.1673 	 3.6305 	 0.1028
[2025/01/16 17:24:09] - 3 	 29.4 	 	 0.1000 	 3.7395 	 	 3.9099 	 0.1287 	 3.5201 	 	 0.1757 	 3.5853 	 0.1029
[2025/01/16 17:24:53] - 4 	 29.1 	 	 0.1000 	 3.6417 	 	 3.8295 	 0.1489 	 3.3078 	 	 0.2262 	 3.4168 	 0.1056
[2025/01/16 17:25:38] - 5 	 29.3 	 	 0.1000 	 3.5644 	 	 3.7642 	 0.1681 	 3.2356 	 	 0.2643 	 3.3524 	 0.1532
[2025/01/16 17:26:23] - 6 	 29.2 	 	 0.1000 	 3.5088 	 	 3.7127 	 0.1877 	 3.0948 	 	 0.2946 	 3.2359 	 0.1595
[2025/01/16 17:27:08] - 7 	 29.2 	 	 0.1000 	 3.4608 	 	 3.6683 	 0.2035 	 2.9789 	 	 0.3089 	 3.1449 	 0.1592
[2025/01/16 17:27:53] - 8 	 29.3 	 	 0.1000 	 3.4300 	 	 3.6356 	 0.2186 	 2.9390 	 	 0.3274 	 3.1145 	 0.1726
[2025/01/16 17:28:38] - 9 	 29.5 	 	 0.1000 	 3.4101 	 	 3.6121 	 0.2310 	 2.8456 	 	 0.3493 	 3.0547 	 0.1679
[2025/01/16 17:29:22] - 10 	 29.3 	 	 0.1000 	 3.4014 	 	 3.5967 	 0.2412 	 2.8588 	 	 0.3557 	 3.0562 	 0.1857
[2025/01/16 17:30:07] - 11 	 29.2 	 	 0.1000 	 3.4026 	 	 3.5895 	 0.2493 	 2.8214 	 	 0.3652 	 3.0314 	 0.1836
[2025/01/16 17:30:52] - 12 	 29.2 	 	 0.1000 	 3.4092 	 	 3.5857 	 0.2578 	 2.8031 	 	 0.3829 	 3.0309 	 0.1866
[2025/01/16 17:31:37] - 13 	 29.2 	 	 0.1000 	 3.4197 	 	 3.5858 	 0.2636 	 2.8009 	 	 0.3804 	 3.0363 	 0.1887
[2025/01/16 17:32:22] - 14 	 29.3 	 	 0.1000 	 3.4306 	 	 3.5834 	 0.2728 	 2.7099 	 	 0.3968 	 2.9522 	 0.1983
[2025/01/16 17:33:07] - 15 	 29.7 	 	 0.1000 	 3.4477 	 	 3.5914 	 0.2755 	 2.7260 	 	 0.4051 	 2.9802 	 0.1935
[2025/01/16 17:33:52] - 16 	 29.2 	 	 0.1000 	 3.4665 	 	 3.5978 	 0.2818 	 2.6687 	 	 0.4114 	 2.9428 	 0.2011
[2025/01/16 17:34:36] - 17 	 29.2 	 	 0.1000 	 3.4785 	 	 3.5964 	 0.2888 	 2.7117 	 	 0.4216 	 2.9847 	 0.2061
[2025/01/16 17:35:21] - 18 	 29.4 	 	 0.1000 	 3.4994 	 	 3.6068 	 0.2928 	 2.7005 	 	 0.4142 	 2.9596 	 0.2054
[2025/01/16 17:36:06] - 19 	 29.4 	 	 0.1000 	 3.5216 	 	 3.6165 	 0.2953 	 2.6948 	 	 0.4214 	 2.9615 	 0.2101
[2025/01/16 17:36:51] - 20 	 29.3 	 	 0.1000 	 3.5393 	 	 3.6219 	 0.3003 	 2.6570 	 	 0.4203 	 2.9296 	 0.2144
[2025/01/16 17:37:36] - 21 	 29.4 	 	 0.1000 	 3.5604 	 	 3.6322 	 0.3031 	 2.7035 	 	 0.4373 	 2.9854 	 0.2153
[2025/01/16 17:38:21] - 22 	 29.5 	 	 0.1000 	 3.5826 	 	 3.6438 	 0.3047 	 2.8093 	 	 0.4083 	 3.0833 	 0.2032
[2025/01/16 17:39:06] - 23 	 29.3 	 	 0.1000 	 3.5988 	 	 3.6434 	 0.3134 	 2.7083 	 	 0.4199 	 2.9905 	 0.2096
[2025/01/16 17:39:51] - 24 	 29.3 	 	 0.1000 	 3.6234 	 	 3.6590 	 0.3131 	 2.6771 	 	 0.4498 	 2.9782 	 0.2207
[2025/01/16 17:40:36] - 25 	 29.5 	 	 0.1000 	 3.6445 	 	 3.6656 	 0.3191 	 2.6759 	 	 0.4460 	 2.9728 	 0.2249
[2025/01/16 17:41:21] - 26 	 29.5 	 	 0.1000 	 3.6677 	 	 3.6786 	 0.3195 	 2.6342 	 	 0.4655 	 2.9618 	 0.2225
[2025/01/16 17:42:06] - 27 	 29.4 	 	 0.1000 	 3.6899 	 	 3.6905 	 0.3209 	 2.6792 	 	 0.4575 	 2.9893 	 0.2241
[2025/01/16 17:42:51] - 28 	 29.4 	 	 0.1000 	 3.7082 	 	 3.6971 	 0.3263 	 2.7305 	 	 0.4454 	 3.0255 	 0.2236
[2025/01/16 17:43:36] - 29 	 29.5 	 	 0.1000 	 3.7288 	 	 3.7092 	 0.3253 	 2.7199 	 	 0.4591 	 3.0281 	 0.2233
[2025/01/16 17:44:21] - 30 	 29.2 	 	 0.1000 	 3.7490 	 	 3.7188 	 0.3281 	 2.7254 	 	 0.4740 	 3.0470 	 0.2383
[2025/01/16 17:45:05] - 31 	 29.3 	 	 0.1000 	 3.7693 	 	 3.7266 	 0.3322 	 2.7602 	 	 0.4572 	 3.0698 	 0.2288
[2025/01/16 17:45:50] - 32 	 29.3 	 	 0.1000 	 3.7926 	 	 3.7406 	 0.3318 	 2.7167 	 	 0.4668 	 3.0355 	 0.2280
[2025/01/16 17:46:35] - 33 	 29.3 	 	 0.1000 	 3.8098 	 	 3.7467 	 0.3357 	 2.7049 	 	 0.4600 	 3.0357 	 0.2195
[2025/01/16 17:47:20] - 34 	 29.3 	 	 0.1000 	 3.8285 	 	 3.7542 	 0.3391 	 2.7010 	 	 0.4813 	 3.0285 	 0.2260
[2025/01/16 17:48:04] - 35 	 29.2 	 	 0.1000 	 3.8496 	 	 3.7672 	 0.3388 	 2.7527 	 	 0.4656 	 3.0715 	 0.2369
[2025/01/16 17:48:49] - 36 	 29.4 	 	 0.1000 	 3.8711 	 	 3.7793 	 0.3395 	 2.7824 	 	 0.4563 	 3.0941 	 0.2213
[2025/01/16 17:49:34] - 37 	 29.4 	 	 0.1000 	 3.8899 	 	 3.7878 	 0.3420 	 2.7846 	 	 0.4701 	 3.1196 	 0.2305
[2025/01/16 17:50:19] - 38 	 29.3 	 	 0.1000 	 3.9082 	 	 3.7983 	 0.3419 	 2.8381 	 	 0.4628 	 3.1481 	 0.2238
[2025/01/16 17:51:04] - 39 	 29.3 	 	 0.1000 	 3.9283 	 	 3.8121 	 0.3408 	 2.8197 	 	 0.4629 	 3.1383 	 0.2304
[2025/01/16 17:51:48] - 40 	 29.2 	 	 0.1000 	 3.9445 	 	 3.8143 	 0.3478 	 2.8520 	 	 0.4530 	 3.1656 	 0.2250
[2025/01/16 17:52:33] - 41 	 29.3 	 	 0.1000 	 3.9615 	 	 3.8235 	 0.3487 	 2.8148 	 	 0.4821 	 3.1426 	 0.2475
[2025/01/16 17:53:18] - 42 	 29.2 	 	 0.1000 	 3.9809 	 	 3.8382 	 0.3463 	 2.8608 	 	 0.4623 	 3.1657 	 0.2312
[2025/01/16 17:54:03] - 43 	 29.3 	 	 0.1000 	 3.9991 	 	 3.8447 	 0.3494 	 2.8751 	 	 0.4684 	 3.1978 	 0.2295
[2025/01/16 17:54:47] - 44 	 29.3 	 	 0.1000 	 4.0150 	 	 3.8502 	 0.3536 	 2.9329 	 	 0.4627 	 3.2547 	 0.2277
[2025/01/16 17:55:32] - 45 	 29.3 	 	 0.1000 	 4.0313 	 	 3.8587 	 0.3543 	 2.8694 	 	 0.4852 	 3.1937 	 0.2491
[2025/01/16 17:56:17] - 46 	 29.3 	 	 0.1000 	 4.0479 	 	 3.8686 	 0.3539 	 2.8628 	 	 0.4790 	 3.1915 	 0.2382
[2025/01/16 17:57:02] - 47 	 29.2 	 	 0.1000 	 4.0638 	 	 3.8780 	 0.3543 	 2.9089 	 	 0.4604 	 3.2198 	 0.2305
[2025/01/16 17:57:46] - 48 	 29.1 	 	 0.1000 	 4.0805 	 	 3.8893 	 0.3533 	 2.8918 	 	 0.4704 	 3.2160 	 0.2389
[2025/01/16 17:58:31] - 49 	 29.1 	 	 0.1000 	 4.0967 	 	 3.8977 	 0.3541 	 2.8983 	 	 0.4782 	 3.2385 	 0.2362
[2025/01/16 17:59:15] - 50 	 29.2 	 	 0.1000 	 4.1113 	 	 3.9030 	 0.3572 	 2.9208 	 	 0.4844 	 3.2510 	 0.2434
[2025/01/16 18:00:00] - 51 	 29.2 	 	 0.1000 	 4.1258 	 	 3.9091 	 0.3594 	 2.9163 	 	 0.4830 	 3.2599 	 0.2454
[2025/01/16 18:00:45] - 52 	 29.3 	 	 0.1000 	 4.1423 	 	 3.9220 	 0.3566 	 2.9791 	 	 0.4764 	 3.3023 	 0.2383
[2025/01/16 18:01:30] - 53 	 29.3 	 	 0.1000 	 4.1565 	 	 3.9266 	 0.3599 	 2.9850 	 	 0.4741 	 3.2999 	 0.2425
[2025/01/16 18:02:14] - 54 	 29.2 	 	 0.1000 	 4.1718 	 	 3.9375 	 0.3581 	 2.9593 	 	 0.4875 	 3.3035 	 0.2343
[2025/01/16 18:02:59] - 55 	 29.1 	 	 0.1000 	 4.1850 	 	 3.9428 	 0.3605 	 2.9429 	 	 0.4901 	 3.2742 	 0.2496
[2025/01/16 18:03:44] - 56 	 29.5 	 	 0.1000 	 4.1976 	 	 3.9461 	 0.3639 	 2.9511 	 	 0.4847 	 3.2846 	 0.2419
[2025/01/16 18:04:28] - 57 	 29.0 	 	 0.1000 	 4.2119 	 	 3.9565 	 0.3621 	 3.0644 	 	 0.4723 	 3.3713 	 0.2404
[2025/01/16 18:05:13] - 58 	 29.2 	 	 0.1000 	 4.2256 	 	 3.9617 	 0.3648 	 3.0488 	 	 0.4809 	 3.3698 	 0.2471
[2025/01/16 18:05:57] - 59 	 29.2 	 	 0.1000 	 4.2389 	 	 3.9730 	 0.3617 	 3.0407 	 	 0.4922 	 3.3664 	 0.2494
[2025/01/16 18:06:42] - 60 	 28.9 	 	 0.1000 	 4.2516 	 	 3.9766 	 0.3650 	 3.0741 	 	 0.4792 	 3.3898 	 0.2484
[2025/01/16 18:07:26] - 61 	 29.0 	 	 0.1000 	 4.2652 	 	 3.9860 	 0.3642 	 3.0709 	 	 0.4864 	 3.3986 	 0.2540
[2025/01/16 18:08:11] - 62 	 29.1 	 	 0.1000 	 4.2770 	 	 3.9932 	 0.3636 	 3.1109 	 	 0.4843 	 3.4311 	 0.2419
[2025/01/16 18:08:55] - 63 	 29.0 	 	 0.1000 	 4.2878 	 	 3.9957 	 0.3668 	 3.1500 	 	 0.4890 	 3.4606 	 0.2428
[2025/01/16 18:09:40] - 64 	 29.1 	 	 0.1000 	 4.3004 	 	 4.0039 	 0.3661 	 3.1476 	 	 0.4756 	 3.4536 	 0.2499
[2025/01/16 18:10:24] - 65 	 29.0 	 	 0.1000 	 4.3133 	 	 4.0102 	 0.3673 	 3.1781 	 	 0.4805 	 3.4800 	 0.2495
[2025/01/16 18:11:09] - 66 	 29.3 	 	 0.1000 	 4.3243 	 	 4.0156 	 0.3684 	 3.1611 	 	 0.4889 	 3.4769 	 0.2392
[2025/01/16 18:11:54] - 67 	 29.3 	 	 0.1000 	 4.3355 	 	 4.0218 	 0.3686 	 3.1884 	 	 0.4830 	 3.4947 	 0.2526
[2025/01/16 18:12:39] - 68 	 29.2 	 	 0.1000 	 4.3461 	 	 4.0265 	 0.3698 	 3.1905 	 	 0.4721 	 3.4967 	 0.2366
[2025/01/16 18:13:23] - 69 	 29.2 	 	 0.1000 	 4.3572 	 	 4.0332 	 0.3697 	 3.2407 	 	 0.4674 	 3.5475 	 0.2267
[2025/01/16 18:14:08] - 70 	 29.3 	 	 0.1000 	 4.3682 	 	 4.0415 	 0.3680 	 3.1883 	 	 0.4947 	 3.5054 	 0.2608
[2025/01/16 18:14:53] - 71 	 29.3 	 	 0.1000 	 4.3783 	 	 4.0468 	 0.3683 	 3.2427 	 	 0.4919 	 3.5434 	 0.2546
[2025/01/16 18:15:38] - 72 	 29.3 	 	 0.1000 	 4.3882 	 	 4.0472 	 0.3731 	 3.3359 	 	 0.4718 	 3.6217 	 0.2419
[2025/01/16 18:16:22] - 73 	 29.3 	 	 0.1000 	 4.3981 	 	 4.0547 	 0.3717 	 3.3715 	 	 0.4581 	 3.6417 	 0.2285
[2025/01/16 18:17:07] - 74 	 29.4 	 	 0.1000 	 4.4082 	 	 4.0586 	 0.3732 	 3.3009 	 	 0.4853 	 3.5994 	 0.2549
[2025/01/16 18:17:52] - 75 	 29.3 	 	 0.1000 	 4.4171 	 	 4.0617 	 0.3751 	 3.3286 	 	 0.4750 	 3.6190 	 0.2488
[2025/01/16 18:18:37] - 76 	 29.2 	 	 0.1000 	 4.4274 	 	 4.0698 	 0.3734 	 3.3632 	 	 0.4809 	 3.6541 	 0.2433
[2025/01/16 18:19:21] - 77 	 29.3 	 	 0.1000 	 4.4357 	 	 4.0726 	 0.3751 	 3.3717 	 	 0.4973 	 3.6707 	 0.2516
[2025/01/16 18:20:06] - 78 	 29.2 	 	 0.1000 	 4.4450 	 	 4.0769 	 0.3759 	 3.3844 	 	 0.4956 	 3.6826 	 0.2491
[2025/01/16 18:20:51] - 79 	 29.5 	 	 0.1000 	 4.4534 	 	 4.0828 	 0.3749 	 3.4623 	 	 0.4644 	 3.7248 	 0.2389
[2025/01/16 18:21:36] - 80 	 29.3 	 	 0.1000 	 4.4621 	 	 4.0863 	 0.3763 	 3.4119 	 	 0.4923 	 3.6937 	 0.2576
[2025/01/16 18:22:21] - 81 	 29.5 	 	 0.1000 	 4.4706 	 	 4.0923 	 0.3753 	 3.4312 	 	 0.4999 	 3.7156 	 0.2598
[2025/01/16 18:23:06] - 82 	 29.3 	 	 0.1000 	 4.4782 	 	 4.0907 	 0.3805 	 3.4471 	 	 0.4877 	 3.7279 	 0.2569
[2025/01/16 18:23:51] - 83 	 29.5 	 	 0.1000 	 4.4864 	 	 4.1002 	 0.3765 	 3.5351 	 	 0.4782 	 3.7852 	 0.2622
[2025/01/16 18:24:36] - 84 	 29.4 	 	 0.1000 	 4.4940 	 	 4.1004 	 0.3801 	 3.5267 	 	 0.4924 	 3.7908 	 0.2600
[2025/01/16 18:25:21] - 85 	 29.4 	 	 0.1000 	 4.5014 	 	 4.1047 	 0.3800 	 3.5253 	 	 0.4932 	 3.7882 	 0.2622
[2025/01/16 18:26:06] - 86 	 29.7 	 	 0.1000 	 4.5086 	 	 4.1070 	 0.3817 	 3.6218 	 	 0.4722 	 3.8605 	 0.2507
[2025/01/16 18:26:52] - 87 	 29.6 	 	 0.1000 	 4.5157 	 	 4.1074 	 0.3849 	 3.5879 	 	 0.4943 	 3.8341 	 0.2668
[2025/01/16 18:27:37] - 88 	 29.6 	 	 0.1000 	 4.5225 	 	 4.1120 	 0.3842 	 3.6146 	 	 0.4995 	 3.8686 	 0.2641
[2025/01/16 18:28:22] - 89 	 29.4 	 	 0.1000 	 4.5291 	 	 4.1141 	 0.3858 	 3.7176 	 	 0.4848 	 3.9476 	 0.2557
[2025/01/16 18:29:07] - 90 	 29.3 	 	 0.1000 	 4.5356 	 	 4.1150 	 0.3882 	 3.6709 	 	 0.4864 	 3.9060 	 0.2617
[2025/01/16 18:29:51] - 91 	 29.4 	 	 0.1000 	 4.5417 	 	 4.1176 	 0.3890 	 3.7063 	 	 0.4884 	 3.9419 	 0.2493
[2025/01/16 18:30:36] - 92 	 29.5 	 	 0.1000 	 4.5477 	 	 4.1193 	 0.3905 	 3.7440 	 	 0.4995 	 3.9698 	 0.2602
[2025/01/16 18:31:21] - 93 	 29.3 	 	 0.1000 	 4.5536 	 	 4.1243 	 0.3892 	 3.7886 	 	 0.4848 	 3.9981 	 0.2600
[2025/01/16 18:32:06] - 94 	 29.3 	 	 0.1000 	 4.5591 	 	 4.1246 	 0.3917 	 3.8563 	 	 0.4854 	 4.0556 	 0.2568
[2025/01/16 18:32:51] - 95 	 29.3 	 	 0.1000 	 4.5642 	 	 4.1242 	 0.3946 	 3.8091 	 	 0.4998 	 4.0223 	 0.2655
[2025/01/16 18:33:35] - 96 	 29.1 	 	 0.1000 	 4.5692 	 	 4.1240 	 0.3973 	 3.9059 	 	 0.4717 	 4.0834 	 0.2518
[2025/01/16 18:34:20] - 97 	 29.4 	 	 0.1000 	 4.5739 	 	 4.1238 	 0.3999 	 3.9060 	 	 0.4869 	 4.0921 	 0.2595
[2025/01/16 18:35:05] - 98 	 29.4 	 	 0.1000 	 4.5785 	 	 4.1194 	 0.4060 	 3.9573 	 	 0.4908 	 4.1285 	 0.2572
[2025/01/16 18:35:50] - 99 	 29.5 	 	 0.1000 	 4.5827 	 	 4.1196 	 0.4081 	 4.0100 	 	 0.4987 	 4.1693 	 0.2721
[2025/01/16 18:36:35] - 100 	 29.4 	 	 0.0100 	 4.5854 	 	 4.0723 	 0.4500 	 3.9493 	 	 0.5664 	 4.1313 	 0.3329
[2025/01/16 18:37:20] - 101 	 29.6 	 	 0.0100 	 4.5871 	 	 4.0206 	 0.4954 	 3.9710 	 	 0.5672 	 4.1477 	 0.3362
[2025/01/16 18:38:05] - 102 	 29.3 	 	 0.0100 	 4.5868 	 	 4.0076 	 0.5065 	 3.9747 	 	 0.5737 	 4.1535 	 0.3374
[2025/01/16 18:38:51] - 103 	 29.4 	 	 0.0100 	 4.5867 	 	 4.0012 	 0.5119 	 3.9679 	 	 0.5727 	 4.1493 	 0.3411
[2025/01/16 18:39:36] - 104 	 29.5 	 	 0.0100 	 4.5865 	 	 3.9966 	 0.5157 	 3.9589 	 	 0.5725 	 4.1417 	 0.3391
[2025/01/16 18:40:20] - 105 	 29.3 	 	 0.0010 	 4.5863 	 	 3.9879 	 0.5231 	 3.9620 	 	 0.5785 	 4.1464 	 0.3394
[2025/01/16 18:41:05] - 106 	 29.3 	 	 0.0010 	 4.5862 	 	 3.9790 	 0.5307 	 3.9596 	 	 0.5779 	 4.1458 	 0.3388
[2025/01/16 18:41:50] - 107 	 29.4 	 	 0.0010 	 4.5861 	 	 3.9813 	 0.5287 	 3.9620 	 	 0.5826 	 4.1468 	 0.3412
[2025/01/16 18:42:35] - 108 	 29.4 	 	 0.0010 	 4.5861 	 	 3.9792 	 0.5305 	 3.9591 	 	 0.5799 	 4.1457 	 0.3402
[2025/01/16 18:43:20] - 109 	 29.4 	 	 0.0010 	 4.5861 	 	 3.9782 	 0.5313 	 3.9568 	 	 0.5775 	 4.1436 	 0.3383
[2025/01/16 18:43:20] - [0.0867, 0.1295, 0.1673, 0.1757, 0.2262, 0.2643, 0.2946, 0.3089, 0.3274, 0.3493, 0.3557, 0.3652, 0.3829, 0.3804, 0.3968, 0.4051, 0.4114, 0.4216, 0.4142, 0.4214, 0.4203, 0.4373, 0.4083, 0.4199, 0.4498, 0.446, 0.4655, 0.4575, 0.4454, 0.4591, 0.474, 0.4572, 0.4668, 0.46, 0.4813, 0.4656, 0.4563, 0.4701, 0.4628, 0.4629, 0.453, 0.4821, 0.4623, 0.4684, 0.4627, 0.4852, 0.479, 0.4604, 0.4704, 0.4782, 0.4844, 0.483, 0.4764, 0.4741, 0.4875, 0.4901, 0.4847, 0.4723, 0.4809, 0.4922, 0.4792, 0.4864, 0.4843, 0.489, 0.4756, 0.4805, 0.4889, 0.483, 0.4721, 0.4674, 0.4947, 0.4919, 0.4718, 0.4581, 0.4853, 0.475, 0.4809, 0.4973, 0.4956, 0.4644, 0.4923, 0.4999, 0.4877, 0.4782, 0.4924, 0.4932, 0.4722, 0.4943, 0.4995, 0.4848, 0.4864, 0.4884, 0.4995, 0.4848, 0.4854, 0.4998, 0.4717, 0.4869, 0.4908, 0.4987, 0.5664, 0.5672, 0.5737, 0.5727, 0.5725, 0.5785, 0.5779, 0.5826, 0.5799, 0.5775]
[2025/01/16 18:43:20] - [0.0583, 0.0794, 0.1028, 0.1029, 0.1056, 0.1532, 0.1595, 0.1592, 0.1726, 0.1679, 0.1857, 0.1836, 0.1866, 0.1887, 0.1983, 0.1935, 0.2011, 0.2061, 0.2054, 0.2101, 0.2144, 0.2153, 0.2032, 0.2096, 0.2207, 0.2249, 0.2225, 0.2241, 0.2236, 0.2233, 0.2383, 0.2288, 0.228, 0.2195, 0.226, 0.2369, 0.2213, 0.2305, 0.2238, 0.2304, 0.225, 0.2475, 0.2312, 0.2295, 0.2277, 0.2491, 0.2382, 0.2305, 0.2389, 0.2362, 0.2434, 0.2454, 0.2383, 0.2425, 0.2343, 0.2496, 0.2419, 0.2404, 0.2471, 0.2494, 0.2484, 0.254, 0.2419, 0.2428, 0.2499, 0.2495, 0.2392, 0.2526, 0.2366, 0.2267, 0.2608, 0.2546, 0.2419, 0.2285, 0.2549, 0.2488, 0.2433, 0.2516, 0.2491, 0.2389, 0.2576, 0.2598, 0.2569, 0.2622, 0.26, 0.2622, 0.2507, 0.2668, 0.2641, 0.2557, 0.2617, 0.2493, 0.2602, 0.26, 0.2568, 0.2655, 0.2518, 0.2595, 0.2572, 0.2721, 0.3329, 0.3362, 0.3374, 0.3411, 0.3391, 0.3394, 0.3388, 0.3412, 0.3402, 0.3383]
