[2025/01/17 13:11:58] - Namespace(model='ResNet18', batch_size=128, data_dir='CIFAR100', epochs=110, lr_schedule='multistep', milestone1=100, milestone2=105, lr_min=0.0, lr_max=0.1, weight_decay=0.0005, momentum=0.9, seed=0, inner_gamma=0.05, outer_gamma=0.05, beta=0.6, lamda=0.05, batch_m=0.75, eta=0.75, epochs_reset=40, momentum_decay=0.1, EMA_value=0.82, epsilon=8, alpha=8, delta_init='random', out_dir='TDAT_CIFAR100', out_path='ETA_WMEP', log='output.log')
[2025/01/17 13:13:22] - Epoch 	 Seconds 	 LR 	 	 Update 	 Gamma 	 	 Inner Loss 	 Train Loss 	 Train Acc
[2025/01/17 13:13:22] - 0 	 55.2 	 	 0.1000 	 0.7391  	 0.9344 	 4.3051 	 4.3771 	 0.0430
[2025/01/17 13:14:02] - Test Loss 	 Test Acc 	 PGD Loss 	 PGD Acc
[2025/01/17 13:14:02] - 3.9911 	 	 0.1000 	 4.0135 	 0.0638
[2025/01/17 13:14:55] - Epoch 	 Seconds 	 LR 	 	 Update 	 Gamma 	 	 Inner Loss 	 Train Loss 	 Train Acc
[2025/01/17 13:14:55] - 1 	 52.8 	 	 0.1000 	 0.8977  	 0.9160 	 4.0665 	 4.1783 	 0.0712
[2025/01/17 13:15:35] - Test Loss 	 Test Acc 	 PGD Loss 	 PGD Acc
[2025/01/17 13:15:35] - 3.8050 	 	 0.1458 	 3.8397 	 0.0960
[2025/01/17 13:16:27] - Epoch 	 Seconds 	 LR 	 	 Update 	 Gamma 	 	 Inner Loss 	 Train Loss 	 Train Acc
[2025/01/17 13:16:27] - 2 	 52.2 	 	 0.1000 	 0.7494  	 0.8981 	 3.9661 	 4.0345 	 0.0965
[2025/01/17 13:17:06] - Test Loss 	 Test Acc 	 PGD Loss 	 PGD Acc
[2025/01/17 13:17:06] - 3.6063 	 	 0.1908 	 3.6615 	 0.1195
[2025/01/17 13:17:59] - Epoch 	 Seconds 	 LR 	 	 Update 	 Gamma 	 	 Inner Loss 	 Train Loss 	 Train Acc
[2025/01/17 13:17:59] - 3 	 52.5 	 	 0.1000 	 0.8235  	 0.8807 	 3.8580 	 3.9511 	 0.1172
[2025/01/17 13:18:39] - Test Loss 	 Test Acc 	 PGD Loss 	 PGD Acc
[2025/01/17 13:18:39] - 3.4620 	 	 0.2268 	 3.5352 	 0.1380
[2025/01/17 13:19:31] - Epoch 	 Seconds 	 LR 	 	 Update 	 Gamma 	 	 Inner Loss 	 Train Loss 	 Train Acc
[2025/01/17 13:19:31] - 4 	 52.4 	 	 0.1000 	 0.8491  	 0.8637 	 3.7649 	 3.8679 	 0.1381
[2025/01/17 13:20:11] - Test Loss 	 Test Acc 	 PGD Loss 	 PGD Acc
[2025/01/17 13:20:11] - 3.3258 	 	 0.2632 	 3.4216 	 0.1593
[2025/01/17 13:21:04] - Epoch 	 Seconds 	 LR 	 	 Update 	 Gamma 	 	 Inner Loss 	 Train Loss 	 Train Acc
[2025/01/17 13:21:04] - 5 	 52.9 	 	 0.1000 	 0.9105  	 0.8471 	 3.6868 	 3.8036 	 0.1576
[2025/01/17 13:21:43] - Test Loss 	 Test Acc 	 PGD Loss 	 PGD Acc
[2025/01/17 13:21:43] - 3.2171 	 	 0.2959 	 3.3341 	 0.1760
[2025/01/17 13:22:37] - Epoch 	 Seconds 	 LR 	 	 Update 	 Gamma 	 	 Inner Loss 	 Train Loss 	 Train Acc
[2025/01/17 13:22:37] - 6 	 52.9 	 	 0.1000 	 0.9437  	 0.8310 	 3.6179 	 3.7432 	 0.1763
[2025/01/17 13:23:16] - Test Loss 	 Test Acc 	 PGD Loss 	 PGD Acc
[2025/01/17 13:23:16] - 3.1195 	 	 0.3214 	 3.2545 	 0.1931
[2025/01/17 13:24:09] - Epoch 	 Seconds 	 LR 	 	 Update 	 Gamma 	 	 Inner Loss 	 Train Loss 	 Train Acc
[2025/01/17 13:24:09] - 7 	 53.1 	 	 0.1000 	 0.9386  	 0.8153 	 3.5574 	 3.6914 	 0.1962
[2025/01/17 13:24:49] - Test Loss 	 Test Acc 	 PGD Loss 	 PGD Acc
[2025/01/17 13:24:49] - 3.0352 	 	 0.3476 	 3.1888 	 0.2037
[2025/01/17 13:25:42] - Epoch 	 Seconds 	 LR 	 	 Update 	 Gamma 	 	 Inner Loss 	 Train Loss 	 Train Acc
[2025/01/17 13:25:42] - 8 	 52.7 	 	 0.1000 	 0.9616  	 0.8000 	 3.5191 	 3.6555 	 0.2110
[2025/01/17 13:26:21] - Test Loss 	 Test Acc 	 PGD Loss 	 PGD Acc
[2025/01/17 13:26:21] - 2.9612 	 	 0.3725 	 3.1329 	 0.2147
[2025/01/17 13:27:14] - Epoch 	 Seconds 	 LR 	 	 Update 	 Gamma 	 	 Inner Loss 	 Train Loss 	 Train Acc
[2025/01/17 13:27:14] - 9 	 52.9 	 	 0.1000 	 0.9795  	 0.7850 	 3.4994 	 3.6343 	 0.2230
[2025/01/17 13:27:54] - Test Loss 	 Test Acc 	 PGD Loss 	 PGD Acc
[2025/01/17 13:27:54] - 2.8978 	 	 0.3904 	 3.0849 	 0.2267
[2025/01/17 13:28:47] - Epoch 	 Seconds 	 LR 	 	 Update 	 Gamma 	 	 Inner Loss 	 Train Loss 	 Train Acc
[2025/01/17 13:28:47] - 10 	 53.4 	 	 0.1000 	 0.9616  	 0.7704 	 3.4898 	 3.6216 	 0.2313
[2025/01/17 13:29:27] - Test Loss 	 Test Acc 	 PGD Loss 	 PGD Acc
[2025/01/17 13:29:27] - 2.8367 	 	 0.4045 	 3.0383 	 0.2383
[2025/01/17 13:30:20] - Epoch 	 Seconds 	 LR 	 	 Update 	 Gamma 	 	 Inner Loss 	 Train Loss 	 Train Acc
[2025/01/17 13:30:20] - 11 	 52.9 	 	 0.1000 	 0.9821  	 0.7561 	 3.4871 	 3.6131 	 0.2410
[2025/01/17 13:30:59] - Test Loss 	 Test Acc 	 PGD Loss 	 PGD Acc
[2025/01/17 13:30:59] - 2.7738 	 	 0.4181 	 2.9880 	 0.2448
[2025/01/17 13:31:52] - Epoch 	 Seconds 	 LR 	 	 Update 	 Gamma 	 	 Inner Loss 	 Train Loss 	 Train Acc
[2025/01/17 13:31:52] - 12 	 52.9 	 	 0.1000 	 0.9693  	 0.7421 	 3.4932 	 3.6093 	 0.2498
[2025/01/17 13:32:32] - Test Loss 	 Test Acc 	 PGD Loss 	 PGD Acc
[2025/01/17 13:32:32] - 2.7093 	 	 0.4335 	 2.9370 	 0.2523
[2025/01/17 13:33:25] - Epoch 	 Seconds 	 LR 	 	 Update 	 Gamma 	 	 Inner Loss 	 Train Loss 	 Train Acc
[2025/01/17 13:33:25] - 13 	 53.1 	 	 0.1000 	 0.9821  	 0.7285 	 3.5006 	 3.6107 	 0.2536
[2025/01/17 13:34:05] - Test Loss 	 Test Acc 	 PGD Loss 	 PGD Acc
[2025/01/17 13:34:05] - 2.6593 	 	 0.4423 	 2.8983 	 0.2584
[2025/01/17 13:34:58] - Epoch 	 Seconds 	 LR 	 	 Update 	 Gamma 	 	 Inner Loss 	 Train Loss 	 Train Acc
[2025/01/17 13:34:58] - 14 	 52.7 	 	 0.1000 	 0.9821  	 0.7151 	 3.5083 	 3.6098 	 0.2603
[2025/01/17 13:35:37] - Test Loss 	 Test Acc 	 PGD Loss 	 PGD Acc
[2025/01/17 13:35:37] - 2.6144 	 	 0.4535 	 2.8638 	 0.2626
[2025/01/17 13:36:30] - Epoch 	 Seconds 	 LR 	 	 Update 	 Gamma 	 	 Inner Loss 	 Train Loss 	 Train Acc
[2025/01/17 13:36:30] - 15 	 52.8 	 	 0.1000 	 0.9898  	 0.7021 	 3.5230 	 3.6157 	 0.2656
[2025/01/17 13:37:09] - Test Loss 	 Test Acc 	 PGD Loss 	 PGD Acc
[2025/01/17 13:37:09] - 2.5816 	 	 0.4616 	 2.8406 	 0.2648
[2025/01/17 13:38:02] - Epoch 	 Seconds 	 LR 	 	 Update 	 Gamma 	 	 Inner Loss 	 Train Loss 	 Train Acc
[2025/01/17 13:38:02] - 16 	 52.8 	 	 0.1000 	 0.9847  	 0.6893 	 3.5343 	 3.6151 	 0.2734
[2025/01/17 13:38:41] - Test Loss 	 Test Acc 	 PGD Loss 	 PGD Acc
[2025/01/17 13:38:41] - 2.5573 	 	 0.4684 	 2.8226 	 0.2668
[2025/01/17 13:39:35] - Epoch 	 Seconds 	 LR 	 	 Update 	 Gamma 	 	 Inner Loss 	 Train Loss 	 Train Acc
[2025/01/17 13:39:35] - 17 	 53.1 	 	 0.1000 	 0.9923  	 0.6768 	 3.5490 	 3.6198 	 0.2783
[2025/01/17 13:40:14] - Test Loss 	 Test Acc 	 PGD Loss 	 PGD Acc
[2025/01/17 13:40:14] - 2.5382 	 	 0.4759 	 2.8105 	 0.2731
[2025/01/17 13:41:07] - Epoch 	 Seconds 	 LR 	 	 Update 	 Gamma 	 	 Inner Loss 	 Train Loss 	 Train Acc
[2025/01/17 13:41:07] - 18 	 52.8 	 	 0.1000 	 0.9898  	 0.6645 	 3.5664 	 3.6265 	 0.2835
[2025/01/17 13:41:46] - Test Loss 	 Test Acc 	 PGD Loss 	 PGD Acc
[2025/01/17 13:41:46] - 2.5256 	 	 0.4808 	 2.8043 	 0.2757
[2025/01/17 13:42:39] - Epoch 	 Seconds 	 LR 	 	 Update 	 Gamma 	 	 Inner Loss 	 Train Loss 	 Train Acc
[2025/01/17 13:42:39] - 19 	 52.9 	 	 0.1000 	 0.9898  	 0.6525 	 3.5810 	 3.6308 	 0.2882
[2025/01/17 13:43:19] - Test Loss 	 Test Acc 	 PGD Loss 	 PGD Acc
[2025/01/17 13:43:19] - 2.5176 	 	 0.4868 	 2.8016 	 0.2781
[2025/01/17 13:44:12] - Epoch 	 Seconds 	 LR 	 	 Update 	 Gamma 	 	 Inner Loss 	 Train Loss 	 Train Acc
[2025/01/17 13:44:12] - 20 	 52.9 	 	 0.1000 	 0.9744  	 0.6407 	 3.6038 	 3.6404 	 0.2938
[2025/01/17 13:44:51] - Test Loss 	 Test Acc 	 PGD Loss 	 PGD Acc
[2025/01/17 13:44:51] - 2.5114 	 	 0.4915 	 2.8009 	 0.2816
[2025/01/17 13:45:45] - Epoch 	 Seconds 	 LR 	 	 Update 	 Gamma 	 	 Inner Loss 	 Train Loss 	 Train Acc
[2025/01/17 13:45:45] - 21 	 53.3 	 	 0.1000 	 0.9949  	 0.6291 	 3.6208 	 3.6511 	 0.2944
[2025/01/17 13:46:24] - Test Loss 	 Test Acc 	 PGD Loss 	 PGD Acc
[2025/01/17 13:46:24] - 2.5079 	 	 0.4963 	 2.8025 	 0.2832
[2025/01/17 13:47:17] - Epoch 	 Seconds 	 LR 	 	 Update 	 Gamma 	 	 Inner Loss 	 Train Loss 	 Train Acc
[2025/01/17 13:47:17] - 22 	 52.9 	 	 0.1000 	 0.9949  	 0.6178 	 3.6403 	 3.6602 	 0.2969
[2025/01/17 13:47:56] - Test Loss 	 Test Acc 	 PGD Loss 	 PGD Acc
[2025/01/17 13:47:56] - 2.5044 	 	 0.5018 	 2.8031 	 0.2850
[2025/01/17 13:48:50] - Epoch 	 Seconds 	 LR 	 	 Update 	 Gamma 	 	 Inner Loss 	 Train Loss 	 Train Acc
[2025/01/17 13:48:50] - 23 	 52.9 	 	 0.1000 	 0.9949  	 0.6066 	 3.6591 	 3.6708 	 0.2989
[2025/01/17 13:49:29] - Test Loss 	 Test Acc 	 PGD Loss 	 PGD Acc
[2025/01/17 13:49:29] - 2.5016 	 	 0.5025 	 2.8036 	 0.2889
[2025/01/17 13:50:22] - Epoch 	 Seconds 	 LR 	 	 Update 	 Gamma 	 	 Inner Loss 	 Train Loss 	 Train Acc
[2025/01/17 13:50:22] - 24 	 52.7 	 	 0.1000 	 0.9847  	 0.5957 	 3.6745 	 3.6717 	 0.3073
[2025/01/17 13:51:01] - Test Loss 	 Test Acc 	 PGD Loss 	 PGD Acc
[2025/01/17 13:51:01] - 2.4975 	 	 0.5058 	 2.8030 	 0.2925
[2025/01/17 13:51:54] - Epoch 	 Seconds 	 LR 	 	 Update 	 Gamma 	 	 Inner Loss 	 Train Loss 	 Train Acc
[2025/01/17 13:51:54] - 25 	 52.9 	 	 0.1000 	 0.9923  	 0.5850 	 3.6976 	 3.6843 	 0.3095
[2025/01/17 13:52:33] - Test Loss 	 Test Acc 	 PGD Loss 	 PGD Acc
[2025/01/17 13:52:33] - 2.4984 	 	 0.5107 	 2.8078 	 0.2952
[2025/01/17 13:53:26] - Epoch 	 Seconds 	 LR 	 	 Update 	 Gamma 	 	 Inner Loss 	 Train Loss 	 Train Acc
[2025/01/17 13:53:26] - 26 	 52.8 	 	 0.1000 	 1.0000  	 0.5744 	 3.7159 	 3.6957 	 0.3093
[2025/01/17 13:54:06] - Test Loss 	 Test Acc 	 PGD Loss 	 PGD Acc
[2025/01/17 13:54:06] - 2.5024 	 	 0.5165 	 2.8148 	 0.2947
[2025/01/17 13:54:59] - Epoch 	 Seconds 	 LR 	 	 Update 	 Gamma 	 	 Inner Loss 	 Train Loss 	 Train Acc
[2025/01/17 13:54:59] - 27 	 53.0 	 	 0.1000 	 0.9949  	 0.5641 	 3.7375 	 3.7075 	 0.3114
[2025/01/17 13:55:38] - Test Loss 	 Test Acc 	 PGD Loss 	 PGD Acc
[2025/01/17 13:55:38] - 2.5068 	 	 0.5191 	 2.8222 	 0.2956
[2025/01/17 13:56:31] - Epoch 	 Seconds 	 LR 	 	 Update 	 Gamma 	 	 Inner Loss 	 Train Loss 	 Train Acc
[2025/01/17 13:56:31] - 28 	 53.1 	 	 0.1000 	 0.9974  	 0.5539 	 3.7559 	 3.7136 	 0.3165
[2025/01/17 13:57:10] - Test Loss 	 Test Acc 	 PGD Loss 	 PGD Acc
[2025/01/17 13:57:10] - 2.5083 	 	 0.5215 	 2.8282 	 0.2977
[2025/01/17 13:58:03] - Epoch 	 Seconds 	 LR 	 	 Update 	 Gamma 	 	 Inner Loss 	 Train Loss 	 Train Acc
[2025/01/17 13:58:03] - 29 	 52.9 	 	 0.1000 	 0.9974  	 0.5439 	 3.7743 	 3.7243 	 0.3171
[2025/01/17 13:58:43] - Test Loss 	 Test Acc 	 PGD Loss 	 PGD Acc
[2025/01/17 13:58:43] - 2.5142 	 	 0.5219 	 2.8361 	 0.2977
[2025/01/17 13:59:36] - Epoch 	 Seconds 	 LR 	 	 Update 	 Gamma 	 	 Inner Loss 	 Train Loss 	 Train Acc
[2025/01/17 13:59:36] - 30 	 52.9 	 	 0.1000 	 1.0000  	 0.5340 	 3.7956 	 3.7356 	 0.3195
[2025/01/17 14:00:15] - Test Loss 	 Test Acc 	 PGD Loss 	 PGD Acc
[2025/01/17 14:00:15] - 2.5179 	 	 0.5241 	 2.8425 	 0.3009
[2025/01/17 14:01:08] - Epoch 	 Seconds 	 LR 	 	 Update 	 Gamma 	 	 Inner Loss 	 Train Loss 	 Train Acc
[2025/01/17 14:01:08] - 31 	 53.0 	 	 0.1000 	 0.9923  	 0.5243 	 3.8123 	 3.7400 	 0.3250
[2025/01/17 14:01:48] - Test Loss 	 Test Acc 	 PGD Loss 	 PGD Acc
[2025/01/17 14:01:48] - 2.5209 	 	 0.5277 	 2.8477 	 0.3038
[2025/01/17 14:02:41] - Epoch 	 Seconds 	 LR 	 	 Update 	 Gamma 	 	 Inner Loss 	 Train Loss 	 Train Acc
[2025/01/17 14:02:41] - 32 	 52.9 	 	 0.1000 	 0.9872  	 0.5148 	 3.8344 	 3.7565 	 0.3231
[2025/01/17 14:03:20] - Test Loss 	 Test Acc 	 PGD Loss 	 PGD Acc
[2025/01/17 14:03:20] - 2.5225 	 	 0.5282 	 2.8518 	 0.3060
[2025/01/17 14:04:13] - Epoch 	 Seconds 	 LR 	 	 Update 	 Gamma 	 	 Inner Loss 	 Train Loss 	 Train Acc
[2025/01/17 14:04:13] - 33 	 53.0 	 	 0.1000 	 0.9923  	 0.5054 	 3.8521 	 3.7624 	 0.3268
[2025/01/17 14:04:53] - Test Loss 	 Test Acc 	 PGD Loss 	 PGD Acc
[2025/01/17 14:04:53] - 2.5278 	 	 0.5291 	 2.8604 	 0.3069
[2025/01/17 14:05:46] - Epoch 	 Seconds 	 LR 	 	 Update 	 Gamma 	 	 Inner Loss 	 Train Loss 	 Train Acc
[2025/01/17 14:05:46] - 34 	 53.0 	 	 0.1000 	 0.9847  	 0.4961 	 3.8710 	 3.7747 	 0.3279
[2025/01/17 14:06:25] - Test Loss 	 Test Acc 	 PGD Loss 	 PGD Acc
[2025/01/17 14:06:25] - 2.5323 	 	 0.5311 	 2.8666 	 0.3084
[2025/01/17 14:07:18] - Epoch 	 Seconds 	 LR 	 	 Update 	 Gamma 	 	 Inner Loss 	 Train Loss 	 Train Acc
[2025/01/17 14:07:18] - 35 	 52.8 	 	 0.1000 	 0.9923  	 0.4870 	 3.8896 	 3.7863 	 0.3272
[2025/01/17 14:07:57] - Test Loss 	 Test Acc 	 PGD Loss 	 PGD Acc
[2025/01/17 14:07:57] - 2.5413 	 	 0.5318 	 2.8773 	 0.3090
[2025/01/17 14:08:50] - Epoch 	 Seconds 	 LR 	 	 Update 	 Gamma 	 	 Inner Loss 	 Train Loss 	 Train Acc
[2025/01/17 14:08:50] - 36 	 52.9 	 	 0.1000 	 0.9974  	 0.4780 	 3.9103 	 3.7976 	 0.3294
[2025/01/17 14:09:30] - Test Loss 	 Test Acc 	 PGD Loss 	 PGD Acc
[2025/01/17 14:09:30] - 2.5491 	 	 0.5348 	 2.8855 	 0.3108
[2025/01/17 14:10:23] - Epoch 	 Seconds 	 LR 	 	 Update 	 Gamma 	 	 Inner Loss 	 Train Loss 	 Train Acc
[2025/01/17 14:10:23] - 37 	 52.9 	 	 0.1000 	 0.9923  	 0.4692 	 3.9257 	 3.8045 	 0.3318
[2025/01/17 14:11:02] - Test Loss 	 Test Acc 	 PGD Loss 	 PGD Acc
[2025/01/17 14:11:02] - 2.5574 	 	 0.5352 	 2.8957 	 0.3124
[2025/01/17 14:11:55] - Epoch 	 Seconds 	 LR 	 	 Update 	 Gamma 	 	 Inner Loss 	 Train Loss 	 Train Acc
[2025/01/17 14:11:55] - 38 	 52.9 	 	 0.1000 	 0.9974  	 0.4604 	 3.9448 	 3.8147 	 0.3329
[2025/01/17 14:12:35] - Test Loss 	 Test Acc 	 PGD Loss 	 PGD Acc
[2025/01/17 14:12:35] - 2.5657 	 	 0.5380 	 2.9059 	 0.3155
[2025/01/17 14:13:27] - Epoch 	 Seconds 	 LR 	 	 Update 	 Gamma 	 	 Inner Loss 	 Train Loss 	 Train Acc
[2025/01/17 14:13:27] - 39 	 52.8 	 	 0.1000 	 0.9923  	 0.4518 	 3.9617 	 3.8243 	 0.3344
[2025/01/17 14:14:07] - Test Loss 	 Test Acc 	 PGD Loss 	 PGD Acc
[2025/01/17 14:14:07] - 2.5757 	 	 0.5385 	 2.9177 	 0.3140
[2025/01/17 14:15:01] - Epoch 	 Seconds 	 LR 	 	 Update 	 Gamma 	 	 Inner Loss 	 Train Loss 	 Train Acc
[2025/01/17 14:15:01] - 40 	 54.4 	 	 0.1000 	 0.9847  	 0.4433 	 3.9121 	 3.7160 	 0.3896
[2025/01/17 14:15:41] - Test Loss 	 Test Acc 	 PGD Loss 	 PGD Acc
[2025/01/17 14:15:41] - 2.5441 	 	 0.5482 	 2.8996 	 0.3124
[2025/01/17 14:16:34] - Epoch 	 Seconds 	 LR 	 	 Update 	 Gamma 	 	 Inner Loss 	 Train Loss 	 Train Acc
[2025/01/17 14:16:34] - 41 	 53.0 	 	 0.1000 	 1.0000  	 0.4350 	 3.9866 	 3.8810 	 0.3223
[2025/01/17 14:17:13] - Test Loss 	 Test Acc 	 PGD Loss 	 PGD Acc
[2025/01/17 14:17:13] - 2.5863 	 	 0.5436 	 2.9323 	 0.3134
[2025/01/17 14:18:06] - Epoch 	 Seconds 	 LR 	 	 Update 	 Gamma 	 	 Inner Loss 	 Train Loss 	 Train Acc
[2025/01/17 14:18:06] - 42 	 52.8 	 	 0.1000 	 0.9795  	 0.4267 	 4.0014 	 3.8279 	 0.3491
[2025/01/17 14:18:45] - Test Loss 	 Test Acc 	 PGD Loss 	 PGD Acc
[2025/01/17 14:18:45] - 2.5932 	 	 0.5466 	 2.9410 	 0.3136
[2025/01/17 14:19:38] - Epoch 	 Seconds 	 LR 	 	 Update 	 Gamma 	 	 Inner Loss 	 Train Loss 	 Train Acc
[2025/01/17 14:19:38] - 43 	 52.9 	 	 0.1000 	 0.9974  	 0.4185 	 4.0287 	 3.8682 	 0.3356
[2025/01/17 14:20:17] - Test Loss 	 Test Acc 	 PGD Loss 	 PGD Acc
[2025/01/17 14:20:17] - 2.6103 	 	 0.5467 	 2.9564 	 0.3162
[2025/01/17 14:21:10] - Epoch 	 Seconds 	 LR 	 	 Update 	 Gamma 	 	 Inner Loss 	 Train Loss 	 Train Acc
[2025/01/17 14:21:10] - 44 	 53.0 	 	 0.1000 	 0.9949  	 0.4105 	 4.0429 	 3.8670 	 0.3407
[2025/01/17 14:21:50] - Test Loss 	 Test Acc 	 PGD Loss 	 PGD Acc
[2025/01/17 14:21:50] - 2.6223 	 	 0.5454 	 2.9694 	 0.3179
[2025/01/17 14:22:43] - Epoch 	 Seconds 	 LR 	 	 Update 	 Gamma 	 	 Inner Loss 	 Train Loss 	 Train Acc
[2025/01/17 14:22:43] - 45 	 52.7 	 	 0.1000 	 0.9974  	 0.4025 	 4.0598 	 3.8747 	 0.3442
[2025/01/17 14:23:22] - Test Loss 	 Test Acc 	 PGD Loss 	 PGD Acc
[2025/01/17 14:23:22] - 2.6336 	 	 0.5462 	 2.9808 	 0.3209
[2025/01/17 14:24:15] - Epoch 	 Seconds 	 LR 	 	 Update 	 Gamma 	 	 Inner Loss 	 Train Loss 	 Train Acc
[2025/01/17 14:24:15] - 46 	 52.8 	 	 0.1000 	 0.9949  	 0.3947 	 4.0756 	 3.8857 	 0.3424
[2025/01/17 14:24:54] - Test Loss 	 Test Acc 	 PGD Loss 	 PGD Acc
[2025/01/17 14:24:54] - 2.6477 	 	 0.5465 	 2.9943 	 0.3201
[2025/01/17 14:25:47] - Epoch 	 Seconds 	 LR 	 	 Update 	 Gamma 	 	 Inner Loss 	 Train Loss 	 Train Acc
[2025/01/17 14:25:47] - 47 	 52.8 	 	 0.1000 	 0.9974  	 0.3869 	 4.0908 	 3.8960 	 0.3419
[2025/01/17 14:26:26] - Test Loss 	 Test Acc 	 PGD Loss 	 PGD Acc
[2025/01/17 14:26:26] - 2.6604 	 	 0.5459 	 3.0079 	 0.3214
[2025/01/17 14:27:19] - Epoch 	 Seconds 	 LR 	 	 Update 	 Gamma 	 	 Inner Loss 	 Train Loss 	 Train Acc
[2025/01/17 14:27:19] - 48 	 52.9 	 	 0.1000 	 0.9949  	 0.3792 	 4.1079 	 3.9038 	 0.3446
[2025/01/17 14:27:59] - Test Loss 	 Test Acc 	 PGD Loss 	 PGD Acc
[2025/01/17 14:27:59] - 2.6725 	 	 0.5500 	 3.0200 	 0.3244
[2025/01/17 14:28:52] - Epoch 	 Seconds 	 LR 	 	 Update 	 Gamma 	 	 Inner Loss 	 Train Loss 	 Train Acc
[2025/01/17 14:28:52] - 49 	 52.9 	 	 0.1000 	 0.9847  	 0.3716 	 4.1208 	 3.9094 	 0.3465
[2025/01/17 14:29:31] - Test Loss 	 Test Acc 	 PGD Loss 	 PGD Acc
[2025/01/17 14:29:31] - 2.6843 	 	 0.5509 	 3.0328 	 0.3234
[2025/01/17 14:30:24] - Epoch 	 Seconds 	 LR 	 	 Update 	 Gamma 	 	 Inner Loss 	 Train Loss 	 Train Acc
[2025/01/17 14:30:24] - 50 	 53.0 	 	 0.1000 	 0.9923  	 0.3641 	 4.1351 	 3.9154 	 0.3490
[2025/01/17 14:31:03] - Test Loss 	 Test Acc 	 PGD Loss 	 PGD Acc
[2025/01/17 14:31:03] - 2.6958 	 	 0.5532 	 3.0455 	 0.3249
[2025/01/17 14:31:56] - Epoch 	 Seconds 	 LR 	 	 Update 	 Gamma 	 	 Inner Loss 	 Train Loss 	 Train Acc
[2025/01/17 14:31:56] - 51 	 52.9 	 	 0.1000 	 0.9872  	 0.3567 	 4.1502 	 3.9280 	 0.3459
[2025/01/17 14:32:36] - Test Loss 	 Test Acc 	 PGD Loss 	 PGD Acc
[2025/01/17 14:32:36] - 2.7087 	 	 0.5537 	 3.0573 	 0.3232
[2025/01/17 14:33:29] - Epoch 	 Seconds 	 LR 	 	 Update 	 Gamma 	 	 Inner Loss 	 Train Loss 	 Train Acc
[2025/01/17 14:33:29] - 52 	 52.8 	 	 0.1000 	 0.9949  	 0.3494 	 4.1652 	 3.9357 	 0.3479
[2025/01/17 14:34:08] - Test Loss 	 Test Acc 	 PGD Loss 	 PGD Acc
[2025/01/17 14:34:08] - 2.7198 	 	 0.5534 	 3.0695 	 0.3238
[2025/01/17 14:35:00] - Epoch 	 Seconds 	 LR 	 	 Update 	 Gamma 	 	 Inner Loss 	 Train Loss 	 Train Acc
[2025/01/17 14:35:00] - 53 	 52.6 	 	 0.1000 	 0.9872  	 0.3421 	 4.1773 	 3.9400 	 0.3502
[2025/01/17 14:35:40] - Test Loss 	 Test Acc 	 PGD Loss 	 PGD Acc
[2025/01/17 14:35:40] - 2.7336 	 	 0.5544 	 3.0830 	 0.3254
[2025/01/17 14:36:33] - Epoch 	 Seconds 	 LR 	 	 Update 	 Gamma 	 	 Inner Loss 	 Train Loss 	 Train Acc
[2025/01/17 14:36:33] - 54 	 52.7 	 	 0.1000 	 0.9898  	 0.3349 	 4.1920 	 3.9471 	 0.3517
[2025/01/17 14:37:12] - Test Loss 	 Test Acc 	 PGD Loss 	 PGD Acc
[2025/01/17 14:37:12] - 2.7496 	 	 0.5538 	 3.0983 	 0.3245
[2025/01/17 14:38:05] - Epoch 	 Seconds 	 LR 	 	 Update 	 Gamma 	 	 Inner Loss 	 Train Loss 	 Train Acc
[2025/01/17 14:38:05] - 55 	 52.9 	 	 0.1000 	 0.9923  	 0.3278 	 4.2043 	 3.9525 	 0.3539
[2025/01/17 14:38:44] - Test Loss 	 Test Acc 	 PGD Loss 	 PGD Acc
[2025/01/17 14:38:44] - 2.7672 	 	 0.5541 	 3.1147 	 0.3261
[2025/01/17 14:39:37] - Epoch 	 Seconds 	 LR 	 	 Update 	 Gamma 	 	 Inner Loss 	 Train Loss 	 Train Acc
[2025/01/17 14:39:37] - 56 	 52.9 	 	 0.1000 	 0.9923  	 0.3207 	 4.2181 	 3.9632 	 0.3515
[2025/01/17 14:40:16] - Test Loss 	 Test Acc 	 PGD Loss 	 PGD Acc
[2025/01/17 14:40:16] - 2.7820 	 	 0.5542 	 3.1286 	 0.3242
[2025/01/17 14:41:09] - Epoch 	 Seconds 	 LR 	 	 Update 	 Gamma 	 	 Inner Loss 	 Train Loss 	 Train Acc
[2025/01/17 14:41:09] - 57 	 52.8 	 	 0.1000 	 0.9898  	 0.3138 	 4.2309 	 3.9687 	 0.3536
[2025/01/17 14:41:48] - Test Loss 	 Test Acc 	 PGD Loss 	 PGD Acc
[2025/01/17 14:41:48] - 2.7944 	 	 0.5532 	 3.1408 	 0.3260
[2025/01/17 14:42:41] - Epoch 	 Seconds 	 LR 	 	 Update 	 Gamma 	 	 Inner Loss 	 Train Loss 	 Train Acc
[2025/01/17 14:42:41] - 58 	 53.0 	 	 0.1000 	 0.9949  	 0.3068 	 4.2437 	 3.9774 	 0.3529
[2025/01/17 14:43:21] - Test Loss 	 Test Acc 	 PGD Loss 	 PGD Acc
[2025/01/17 14:43:21] - 2.8072 	 	 0.5531 	 3.1530 	 0.3269
[2025/01/17 14:44:14] - Epoch 	 Seconds 	 LR 	 	 Update 	 Gamma 	 	 Inner Loss 	 Train Loss 	 Train Acc
[2025/01/17 14:44:14] - 59 	 53.0 	 	 0.1000 	 0.9847  	 0.3000 	 4.2551 	 3.9822 	 0.3550
[2025/01/17 14:44:53] - Test Loss 	 Test Acc 	 PGD Loss 	 PGD Acc
[2025/01/17 14:44:53] - 2.8211 	 	 0.5543 	 3.1664 	 0.3275
[2025/01/17 14:45:46] - Epoch 	 Seconds 	 LR 	 	 Update 	 Gamma 	 	 Inner Loss 	 Train Loss 	 Train Acc
[2025/01/17 14:45:46] - 60 	 52.7 	 	 0.1000 	 0.9974  	 0.2932 	 4.2677 	 3.9894 	 0.3556
[2025/01/17 14:46:25] - Test Loss 	 Test Acc 	 PGD Loss 	 PGD Acc
[2025/01/17 14:46:25] - 2.8357 	 	 0.5548 	 3.1813 	 0.3308
[2025/01/17 14:47:18] - Epoch 	 Seconds 	 LR 	 	 Update 	 Gamma 	 	 Inner Loss 	 Train Loss 	 Train Acc
[2025/01/17 14:47:18] - 61 	 52.8 	 	 0.1000 	 0.9949  	 0.2865 	 4.2818 	 3.9997 	 0.3543
[2025/01/17 14:47:58] - Test Loss 	 Test Acc 	 PGD Loss 	 PGD Acc
[2025/01/17 14:47:58] - 2.8564 	 	 0.5538 	 3.1994 	 0.3325
[2025/01/17 14:48:51] - Epoch 	 Seconds 	 LR 	 	 Update 	 Gamma 	 	 Inner Loss 	 Train Loss 	 Train Acc
[2025/01/17 14:48:51] - 62 	 52.9 	 	 0.1000 	 0.9923  	 0.2798 	 4.2919 	 4.0011 	 0.3582
[2025/01/17 14:49:30] - Test Loss 	 Test Acc 	 PGD Loss 	 PGD Acc
[2025/01/17 14:49:30] - 2.8733 	 	 0.5548 	 3.2158 	 0.3320
[2025/01/17 14:50:23] - Epoch 	 Seconds 	 LR 	 	 Update 	 Gamma 	 	 Inner Loss 	 Train Loss 	 Train Acc
[2025/01/17 14:50:23] - 63 	 53.1 	 	 0.1000 	 0.9872  	 0.2732 	 4.3032 	 4.0087 	 0.3574
[2025/01/17 14:51:02] - Test Loss 	 Test Acc 	 PGD Loss 	 PGD Acc
[2025/01/17 14:51:02] - 2.8941 	 	 0.5545 	 3.2343 	 0.3329
[2025/01/17 14:51:55] - Epoch 	 Seconds 	 LR 	 	 Update 	 Gamma 	 	 Inner Loss 	 Train Loss 	 Train Acc
[2025/01/17 14:51:55] - 64 	 52.8 	 	 0.1000 	 0.9974  	 0.2666 	 4.3144 	 4.0147 	 0.3582
[2025/01/17 14:52:35] - Test Loss 	 Test Acc 	 PGD Loss 	 PGD Acc
[2025/01/17 14:52:35] - 2.9118 	 	 0.5555 	 3.2505 	 0.3316
[2025/01/17 14:53:28] - Epoch 	 Seconds 	 LR 	 	 Update 	 Gamma 	 	 Inner Loss 	 Train Loss 	 Train Acc
[2025/01/17 14:53:28] - 65 	 52.9 	 	 0.1000 	 0.9949  	 0.2601 	 4.3262 	 4.0236 	 0.3565
[2025/01/17 14:54:07] - Test Loss 	 Test Acc 	 PGD Loss 	 PGD Acc
[2025/01/17 14:54:07] - 2.9285 	 	 0.5561 	 3.2656 	 0.3327
[2025/01/17 14:55:00] - Epoch 	 Seconds 	 LR 	 	 Update 	 Gamma 	 	 Inner Loss 	 Train Loss 	 Train Acc
[2025/01/17 14:55:00] - 66 	 52.9 	 	 0.1000 	 0.9847  	 0.2537 	 4.3377 	 4.0299 	 0.3575
[2025/01/17 14:55:39] - Test Loss 	 Test Acc 	 PGD Loss 	 PGD Acc
[2025/01/17 14:55:39] - 2.9506 	 	 0.5556 	 3.2862 	 0.3301
[2025/01/17 14:56:32] - Epoch 	 Seconds 	 LR 	 	 Update 	 Gamma 	 	 Inner Loss 	 Train Loss 	 Train Acc
[2025/01/17 14:56:32] - 67 	 52.8 	 	 0.1000 	 0.9898  	 0.2473 	 4.3477 	 4.0343 	 0.3588
[2025/01/17 14:57:11] - Test Loss 	 Test Acc 	 PGD Loss 	 PGD Acc
[2025/01/17 14:57:11] - 2.9706 	 	 0.5546 	 3.3033 	 0.3325
[2025/01/17 14:58:04] - Epoch 	 Seconds 	 LR 	 	 Update 	 Gamma 	 	 Inner Loss 	 Train Loss 	 Train Acc
[2025/01/17 14:58:04] - 68 	 52.9 	 	 0.1000 	 0.9898  	 0.2409 	 4.3582 	 4.0409 	 0.3585
[2025/01/17 14:58:44] - Test Loss 	 Test Acc 	 PGD Loss 	 PGD Acc
[2025/01/17 14:58:44] - 2.9895 	 	 0.5554 	 3.3198 	 0.3322
[2025/01/17 14:59:36] - Epoch 	 Seconds 	 LR 	 	 Update 	 Gamma 	 	 Inner Loss 	 Train Loss 	 Train Acc
[2025/01/17 14:59:36] - 69 	 52.9 	 	 0.1000 	 0.9898  	 0.2346 	 4.3682 	 4.0430 	 0.3619
[2025/01/17 15:00:16] - Test Loss 	 Test Acc 	 PGD Loss 	 PGD Acc
[2025/01/17 15:00:16] - 3.0107 	 	 0.5554 	 3.3386 	 0.3320
[2025/01/17 15:01:09] - Epoch 	 Seconds 	 LR 	 	 Update 	 Gamma 	 	 Inner Loss 	 Train Loss 	 Train Acc
[2025/01/17 15:01:09] - 70 	 52.9 	 	 0.1000 	 0.9974  	 0.2283 	 4.3786 	 4.0521 	 0.3594
[2025/01/17 15:01:48] - Test Loss 	 Test Acc 	 PGD Loss 	 PGD Acc
[2025/01/17 15:01:48] - 3.0326 	 	 0.5549 	 3.3582 	 0.3331
[2025/01/17 15:02:41] - Epoch 	 Seconds 	 LR 	 	 Update 	 Gamma 	 	 Inner Loss 	 Train Loss 	 Train Acc
[2025/01/17 15:02:41] - 71 	 53.2 	 	 0.1000 	 0.9974  	 0.2221 	 4.3876 	 4.0521 	 0.3641
[2025/01/17 15:03:21] - Test Loss 	 Test Acc 	 PGD Loss 	 PGD Acc
[2025/01/17 15:03:21] - 3.0558 	 	 0.5546 	 3.3792 	 0.3348
[2025/01/17 15:04:14] - Epoch 	 Seconds 	 LR 	 	 Update 	 Gamma 	 	 Inner Loss 	 Train Loss 	 Train Acc
[2025/01/17 15:04:14] - 72 	 52.8 	 	 0.1000 	 0.9898  	 0.2159 	 4.3981 	 4.0606 	 0.3623
[2025/01/17 15:04:53] - Test Loss 	 Test Acc 	 PGD Loss 	 PGD Acc
[2025/01/17 15:04:53] - 3.0792 	 	 0.5536 	 3.4001 	 0.3340
[2025/01/17 15:05:46] - Epoch 	 Seconds 	 LR 	 	 Update 	 Gamma 	 	 Inner Loss 	 Train Loss 	 Train Acc
[2025/01/17 15:05:46] - 73 	 52.8 	 	 0.1000 	 0.9923  	 0.2098 	 4.4074 	 4.0625 	 0.3656
[2025/01/17 15:06:25] - Test Loss 	 Test Acc 	 PGD Loss 	 PGD Acc
[2025/01/17 15:06:25] - 3.1014 	 	 0.5539 	 3.4196 	 0.3348
[2025/01/17 15:07:18] - Epoch 	 Seconds 	 LR 	 	 Update 	 Gamma 	 	 Inner Loss 	 Train Loss 	 Train Acc
[2025/01/17 15:07:18] - 74 	 52.9 	 	 0.1000 	 0.9898  	 0.2037 	 4.4172 	 4.0706 	 0.3636
[2025/01/17 15:07:58] - Test Loss 	 Test Acc 	 PGD Loss 	 PGD Acc
[2025/01/17 15:07:58] - 3.1233 	 	 0.5527 	 3.4382 	 0.3338
[2025/01/17 15:08:50] - Epoch 	 Seconds 	 LR 	 	 Update 	 Gamma 	 	 Inner Loss 	 Train Loss 	 Train Acc
[2025/01/17 15:08:50] - 75 	 52.5 	 	 0.1000 	 0.9744  	 0.1976 	 4.4259 	 4.0730 	 0.3662
[2025/01/17 15:09:30] - Test Loss 	 Test Acc 	 PGD Loss 	 PGD Acc
[2025/01/17 15:09:30] - 3.1469 	 	 0.5525 	 3.4590 	 0.3335
[2025/01/17 15:10:22] - Epoch 	 Seconds 	 LR 	 	 Update 	 Gamma 	 	 Inner Loss 	 Train Loss 	 Train Acc
[2025/01/17 15:10:22] - 76 	 52.8 	 	 0.1000 	 0.9923  	 0.1916 	 4.4345 	 4.0825 	 0.3624
[2025/01/17 15:11:02] - Test Loss 	 Test Acc 	 PGD Loss 	 PGD Acc
[2025/01/17 15:11:02] - 3.1690 	 	 0.5532 	 3.4780 	 0.3341
[2025/01/17 15:11:55] - Epoch 	 Seconds 	 LR 	 	 Update 	 Gamma 	 	 Inner Loss 	 Train Loss 	 Train Acc
[2025/01/17 15:11:55] - 77 	 52.8 	 	 0.1000 	 0.9795  	 0.1856 	 4.4434 	 4.0836 	 0.3661
[2025/01/17 15:12:34] - Test Loss 	 Test Acc 	 PGD Loss 	 PGD Acc
[2025/01/17 15:12:34] - 3.1915 	 	 0.5545 	 3.4977 	 0.3369
[2025/01/17 15:13:27] - Epoch 	 Seconds 	 LR 	 	 Update 	 Gamma 	 	 Inner Loss 	 Train Loss 	 Train Acc
[2025/01/17 15:13:27] - 78 	 52.9 	 	 0.1000 	 0.9847  	 0.1796 	 4.4516 	 4.0888 	 0.3658
[2025/01/17 15:14:06] - Test Loss 	 Test Acc 	 PGD Loss 	 PGD Acc
[2025/01/17 15:14:06] - 3.2165 	 	 0.5526 	 3.5191 	 0.3367
[2025/01/17 15:14:59] - Epoch 	 Seconds 	 LR 	 	 Update 	 Gamma 	 	 Inner Loss 	 Train Loss 	 Train Acc
[2025/01/17 15:14:59] - 79 	 52.8 	 	 0.1000 	 0.9847  	 0.1737 	 4.4600 	 4.0911 	 0.3684
[2025/01/17 15:15:38] - Test Loss 	 Test Acc 	 PGD Loss 	 PGD Acc
[2025/01/17 15:15:38] - 3.2417 	 	 0.5539 	 3.5410 	 0.3374
[2025/01/17 15:16:33] - Epoch 	 Seconds 	 LR 	 	 Update 	 Gamma 	 	 Inner Loss 	 Train Loss 	 Train Acc
[2025/01/17 15:16:33] - 80 	 54.6 	 	 0.1000 	 0.9668  	 0.1678 	 4.4534 	 4.0249 	 0.4188
[2025/01/17 15:17:12] - Test Loss 	 Test Acc 	 PGD Loss 	 PGD Acc
[2025/01/17 15:17:12] - 3.2345 	 	 0.5573 	 3.5426 	 0.3361
[2025/01/17 15:18:05] - Epoch 	 Seconds 	 LR 	 	 Update 	 Gamma 	 	 Inner Loss 	 Train Loss 	 Train Acc
[2025/01/17 15:18:05] - 81 	 53.0 	 	 0.1000 	 1.0000  	 0.1620 	 4.4751 	 4.1251 	 0.3521
[2025/01/17 15:18:45] - Test Loss 	 Test Acc 	 PGD Loss 	 PGD Acc
[2025/01/17 15:18:45] - 3.2818 	 	 0.5528 	 3.5760 	 0.3358
[2025/01/17 15:19:38] - Epoch 	 Seconds 	 LR 	 	 Update 	 Gamma 	 	 Inner Loss 	 Train Loss 	 Train Acc
[2025/01/17 15:19:38] - 82 	 52.9 	 	 0.1000 	 0.9872  	 0.1561 	 4.4812 	 4.0865 	 0.3823
[2025/01/17 15:20:17] - Test Loss 	 Test Acc 	 PGD Loss 	 PGD Acc
[2025/01/17 15:20:17] - 3.3146 	 	 0.5542 	 3.6045 	 0.3366
[2025/01/17 15:21:10] - Epoch 	 Seconds 	 LR 	 	 Update 	 Gamma 	 	 Inner Loss 	 Train Loss 	 Train Acc
[2025/01/17 15:21:10] - 83 	 53.1 	 	 0.1000 	 0.9923  	 0.1503 	 4.4911 	 4.1106 	 0.3681
[2025/01/17 15:21:50] - Test Loss 	 Test Acc 	 PGD Loss 	 PGD Acc
[2025/01/17 15:21:50] - 3.3526 	 	 0.5538 	 3.6345 	 0.3370
[2025/01/17 15:22:43] - Epoch 	 Seconds 	 LR 	 	 Update 	 Gamma 	 	 Inner Loss 	 Train Loss 	 Train Acc
[2025/01/17 15:22:43] - 84 	 53.3 	 	 0.1000 	 0.9821  	 0.1445 	 4.4984 	 4.1100 	 0.3716
[2025/01/17 15:23:22] - Test Loss 	 Test Acc 	 PGD Loss 	 PGD Acc
[2025/01/17 15:23:22] - 3.3902 	 	 0.5528 	 3.6653 	 0.3380
[2025/01/17 15:24:15] - Epoch 	 Seconds 	 LR 	 	 Update 	 Gamma 	 	 Inner Loss 	 Train Loss 	 Train Acc
[2025/01/17 15:24:15] - 85 	 53.0 	 	 0.1000 	 0.9898  	 0.1388 	 4.5057 	 4.1151 	 0.3714
[2025/01/17 15:24:55] - Test Loss 	 Test Acc 	 PGD Loss 	 PGD Acc
[2025/01/17 15:24:55] - 3.4247 	 	 0.5510 	 3.6933 	 0.3363
[2025/01/17 15:25:48] - Epoch 	 Seconds 	 LR 	 	 Update 	 Gamma 	 	 Inner Loss 	 Train Loss 	 Train Acc
[2025/01/17 15:25:48] - 86 	 52.9 	 	 0.1000 	 0.9821  	 0.1330 	 4.5128 	 4.1169 	 0.3732
[2025/01/17 15:26:27] - Test Loss 	 Test Acc 	 PGD Loss 	 PGD Acc
[2025/01/17 15:26:27] - 3.4631 	 	 0.5482 	 3.7239 	 0.3388
[2025/01/17 15:27:20] - Epoch 	 Seconds 	 LR 	 	 Update 	 Gamma 	 	 Inner Loss 	 Train Loss 	 Train Acc
[2025/01/17 15:27:20] - 87 	 52.8 	 	 0.1000 	 0.9770  	 0.1273 	 4.5195 	 4.1217 	 0.3726
[2025/01/17 15:27:59] - Test Loss 	 Test Acc 	 PGD Loss 	 PGD Acc
[2025/01/17 15:27:59] - 3.4988 	 	 0.5492 	 3.7532 	 0.3401
[2025/01/17 15:28:52] - Epoch 	 Seconds 	 LR 	 	 Update 	 Gamma 	 	 Inner Loss 	 Train Loss 	 Train Acc
[2025/01/17 15:28:52] - 88 	 52.9 	 	 0.1000 	 0.9821  	 0.1216 	 4.5261 	 4.1253 	 0.3730
[2025/01/17 15:29:31] - Test Loss 	 Test Acc 	 PGD Loss 	 PGD Acc
[2025/01/17 15:29:31] - 3.5341 	 	 0.5490 	 3.7819 	 0.3399
[2025/01/17 15:30:24] - Epoch 	 Seconds 	 LR 	 	 Update 	 Gamma 	 	 Inner Loss 	 Train Loss 	 Train Acc
[2025/01/17 15:30:24] - 89 	 52.8 	 	 0.1000 	 0.9847  	 0.1160 	 4.5325 	 4.1258 	 0.3758
[2025/01/17 15:31:04] - Test Loss 	 Test Acc 	 PGD Loss 	 PGD Acc
[2025/01/17 15:31:04] - 3.5733 	 	 0.5483 	 3.8130 	 0.3396
[2025/01/17 15:31:56] - Epoch 	 Seconds 	 LR 	 	 Update 	 Gamma 	 	 Inner Loss 	 Train Loss 	 Train Acc
[2025/01/17 15:31:56] - 90 	 52.8 	 	 0.1000 	 0.9872  	 0.1103 	 4.5383 	 4.1286 	 0.3763
[2025/01/17 15:32:36] - Test Loss 	 Test Acc 	 PGD Loss 	 PGD Acc
[2025/01/17 15:32:36] - 3.6120 	 	 0.5472 	 3.8446 	 0.3405
[2025/01/17 15:33:29] - Epoch 	 Seconds 	 LR 	 	 Update 	 Gamma 	 	 Inner Loss 	 Train Loss 	 Train Acc
[2025/01/17 15:33:29] - 91 	 52.7 	 	 0.1000 	 0.9923  	 0.1047 	 4.5446 	 4.1310 	 0.3776
[2025/01/17 15:34:08] - Test Loss 	 Test Acc 	 PGD Loss 	 PGD Acc
[2025/01/17 15:34:08] - 3.6510 	 	 0.5484 	 3.8756 	 0.3424
[2025/01/17 15:35:01] - Epoch 	 Seconds 	 LR 	 	 Update 	 Gamma 	 	 Inner Loss 	 Train Loss 	 Train Acc
[2025/01/17 15:35:01] - 92 	 52.7 	 	 0.1000 	 0.9770  	 0.0991 	 4.5501 	 4.1297 	 0.3815
[2025/01/17 15:35:40] - Test Loss 	 Test Acc 	 PGD Loss 	 PGD Acc
[2025/01/17 15:35:40] - 3.6885 	 	 0.5486 	 3.9056 	 0.3403
[2025/01/17 15:36:33] - Epoch 	 Seconds 	 LR 	 	 Update 	 Gamma 	 	 Inner Loss 	 Train Loss 	 Train Acc
[2025/01/17 15:36:33] - 93 	 52.7 	 	 0.1000 	 0.9770  	 0.0935 	 4.5556 	 4.1312 	 0.3832
[2025/01/17 15:37:12] - Test Loss 	 Test Acc 	 PGD Loss 	 PGD Acc
[2025/01/17 15:37:12] - 3.7265 	 	 0.5451 	 3.9358 	 0.3393
[2025/01/17 15:38:05] - Epoch 	 Seconds 	 LR 	 	 Update 	 Gamma 	 	 Inner Loss 	 Train Loss 	 Train Acc
[2025/01/17 15:38:05] - 94 	 52.7 	 	 0.1000 	 0.9719  	 0.0879 	 4.5609 	 4.1327 	 0.3846
[2025/01/17 15:38:44] - Test Loss 	 Test Acc 	 PGD Loss 	 PGD Acc
[2025/01/17 15:38:44] - 3.7657 	 	 0.5462 	 3.9665 	 0.3412
[2025/01/17 15:39:37] - Epoch 	 Seconds 	 LR 	 	 Update 	 Gamma 	 	 Inner Loss 	 Train Loss 	 Train Acc
[2025/01/17 15:39:37] - 95 	 52.8 	 	 0.1000 	 0.9821  	 0.0823 	 4.5659 	 4.1364 	 0.3840
[2025/01/17 15:40:16] - Test Loss 	 Test Acc 	 PGD Loss 	 PGD Acc
[2025/01/17 15:40:16] - 3.8045 	 	 0.5434 	 3.9970 	 0.3402
[2025/01/17 15:41:09] - Epoch 	 Seconds 	 LR 	 	 Update 	 Gamma 	 	 Inner Loss 	 Train Loss 	 Train Acc
[2025/01/17 15:41:09] - 96 	 52.6 	 	 0.1000 	 0.9719  	 0.0768 	 4.5707 	 4.1330 	 0.3895
[2025/01/17 15:41:48] - Test Loss 	 Test Acc 	 PGD Loss 	 PGD Acc
[2025/01/17 15:41:48] - 3.8423 	 	 0.5443 	 4.0272 	 0.3405
[2025/01/17 15:42:41] - Epoch 	 Seconds 	 LR 	 	 Update 	 Gamma 	 	 Inner Loss 	 Train Loss 	 Train Acc
[2025/01/17 15:42:41] - 97 	 52.7 	 	 0.1000 	 0.9770  	 0.0712 	 4.5751 	 4.1314 	 0.3932
[2025/01/17 15:43:20] - Test Loss 	 Test Acc 	 PGD Loss 	 PGD Acc
[2025/01/17 15:43:20] - 3.8779 	 	 0.5450 	 4.0554 	 0.3419
[2025/01/17 15:44:13] - Epoch 	 Seconds 	 LR 	 	 Update 	 Gamma 	 	 Inner Loss 	 Train Loss 	 Train Acc
[2025/01/17 15:44:13] - 98 	 52.9 	 	 0.1000 	 0.9540  	 0.0657 	 4.5794 	 4.1304 	 0.3964
[2025/01/17 15:44:52] - Test Loss 	 Test Acc 	 PGD Loss 	 PGD Acc
[2025/01/17 15:44:52] - 3.9164 	 	 0.5460 	 4.0859 	 0.3429
[2025/01/17 15:45:45] - Epoch 	 Seconds 	 LR 	 	 Update 	 Gamma 	 	 Inner Loss 	 Train Loss 	 Train Acc
[2025/01/17 15:45:45] - 99 	 52.8 	 	 0.0100 	 0.9744  	 0.0602 	 4.5835 	 4.1294 	 0.3995
[2025/01/17 15:46:25] - Test Loss 	 Test Acc 	 PGD Loss 	 PGD Acc
[2025/01/17 15:46:25] - 3.9542 	 	 0.5447 	 4.1158 	 0.3424
[2025/01/17 15:47:17] - Epoch 	 Seconds 	 LR 	 	 Update 	 Gamma 	 	 Inner Loss 	 Train Loss 	 Train Acc
[2025/01/17 15:47:17] - 100 	 52.3 	 	 0.0100 	 0.8363  	 0.0547 	 4.5852 	 4.0550 	 0.4642
[2025/01/17 15:47:56] - Test Loss 	 Test Acc 	 PGD Loss 	 PGD Acc
[2025/01/17 15:47:56] - 3.9752 	 	 0.5482 	 4.1341 	 0.3442
[2025/01/17 15:48:49] - Epoch 	 Seconds 	 LR 	 	 Update 	 Gamma 	 	 Inner Loss 	 Train Loss 	 Train Acc
[2025/01/17 15:48:49] - 101 	 52.2 	 	 0.0100 	 0.7954  	 0.0500 	 4.5875 	 4.0300 	 0.4870
[2025/01/17 15:49:28] - Test Loss 	 Test Acc 	 PGD Loss 	 PGD Acc
[2025/01/17 15:49:28] - 3.9844 	 	 0.5546 	 4.1441 	 0.3442
[2025/01/17 15:50:20] - Epoch 	 Seconds 	 LR 	 	 Update 	 Gamma 	 	 Inner Loss 	 Train Loss 	 Train Acc
[2025/01/17 15:50:20] - 102 	 52.1 	 	 0.0100 	 0.8031  	 0.0500 	 4.5873 	 4.0200 	 0.4955
[2025/01/17 15:51:00] - Test Loss 	 Test Acc 	 PGD Loss 	 PGD Acc
[2025/01/17 15:51:00] - 3.9853 	 	 0.5620 	 4.1482 	 0.3438
[2025/01/17 15:51:52] - Epoch 	 Seconds 	 LR 	 	 Update 	 Gamma 	 	 Inner Loss 	 Train Loss 	 Train Acc
[2025/01/17 15:51:52] - 103 	 52.0 	 	 0.0100 	 0.7340  	 0.0500 	 4.5872 	 4.0126 	 0.5017
[2025/01/17 15:52:31] - Test Loss 	 Test Acc 	 PGD Loss 	 PGD Acc
[2025/01/17 15:52:31] - 3.9818 	 	 0.5675 	 4.1483 	 0.3469
[2025/01/17 15:53:23] - Epoch 	 Seconds 	 LR 	 	 Update 	 Gamma 	 	 Inner Loss 	 Train Loss 	 Train Acc
[2025/01/17 15:53:23] - 104 	 52.1 	 	 0.0010 	 0.7289  	 0.0500 	 4.5870 	 4.0054 	 0.5079
[2025/01/17 15:54:03] - Test Loss 	 Test Acc 	 PGD Loss 	 PGD Acc
[2025/01/17 15:54:03] - 3.9766 	 	 0.5736 	 4.1473 	 0.3472
[2025/01/17 15:54:55] - Epoch 	 Seconds 	 LR 	 	 Update 	 Gamma 	 	 Inner Loss 	 Train Loss 	 Train Acc
[2025/01/17 15:54:55] - 105 	 52.1 	 	 0.0010 	 0.7187  	 0.0500 	 4.5868 	 3.9946 	 0.5170
[2025/01/17 15:55:34] - Test Loss 	 Test Acc 	 PGD Loss 	 PGD Acc
[2025/01/17 15:55:34] - 3.9701 	 	 0.5776 	 4.1448 	 0.3478
[2025/01/17 15:56:26] - Epoch 	 Seconds 	 LR 	 	 Update 	 Gamma 	 	 Inner Loss 	 Train Loss 	 Train Acc
[2025/01/17 15:56:26] - 106 	 51.8 	 	 0.0010 	 0.6982  	 0.0500 	 4.5867 	 3.9942 	 0.5173
[2025/01/17 15:57:06] - Test Loss 	 Test Acc 	 PGD Loss 	 PGD Acc
[2025/01/17 15:57:06] - 3.9643 	 	 0.5829 	 4.1430 	 0.3479
[2025/01/17 15:57:57] - Epoch 	 Seconds 	 LR 	 	 Update 	 Gamma 	 	 Inner Loss 	 Train Loss 	 Train Acc
[2025/01/17 15:57:57] - 107 	 51.8 	 	 0.0010 	 0.6931  	 0.0500 	 4.5867 	 3.9932 	 0.5181
[2025/01/17 15:58:37] - Test Loss 	 Test Acc 	 PGD Loss 	 PGD Acc
[2025/01/17 15:58:37] - 3.9591 	 	 0.5862 	 4.1413 	 0.3485
[2025/01/17 15:59:29] - Epoch 	 Seconds 	 LR 	 	 Update 	 Gamma 	 	 Inner Loss 	 Train Loss 	 Train Acc
[2025/01/17 15:59:29] - 108 	 51.7 	 	 0.0010 	 0.6471  	 0.0500 	 4.5867 	 3.9903 	 0.5206
[2025/01/17 16:00:08] - Test Loss 	 Test Acc 	 PGD Loss 	 PGD Acc
[2025/01/17 16:00:08] - 3.9551 	 	 0.5876 	 4.1399 	 0.3473
[2025/01/17 16:01:00] - Epoch 	 Seconds 	 LR 	 	 Update 	 Gamma 	 	 Inner Loss 	 Train Loss 	 Train Acc
[2025/01/17 16:01:00] - 109 	 51.6 	 	 0.0010 	 0.7263  	 0.0500 	 4.5867 	 3.9909 	 0.5201
[2025/01/17 16:01:39] - Test Loss 	 Test Acc 	 PGD Loss 	 PGD Acc
[2025/01/17 16:01:39] - 3.9514 	 	 0.5892 	 4.1387 	 0.3478
[2025/01/17 16:01:39] - [0.1, 0.1458, 0.1908, 0.2268, 0.2632, 0.2959, 0.3214, 0.3476, 0.3725, 0.3904, 0.4045, 0.4181, 0.4335, 0.4423, 0.4535, 0.4616, 0.4684, 0.4759, 0.4808, 0.4868, 0.4915, 0.4963, 0.5018, 0.5025, 0.5058, 0.5107, 0.5165, 0.5191, 0.5215, 0.5219, 0.5241, 0.5277, 0.5282, 0.5291, 0.5311, 0.5318, 0.5348, 0.5352, 0.538, 0.5385, 0.5482, 0.5436, 0.5466, 0.5467, 0.5454, 0.5462, 0.5465, 0.5459, 0.55, 0.5509, 0.5532, 0.5537, 0.5534, 0.5544, 0.5538, 0.5541, 0.5542, 0.5532, 0.5531, 0.5543, 0.5548, 0.5538, 0.5548, 0.5545, 0.5555, 0.5561, 0.5556, 0.5546, 0.5554, 0.5554, 0.5549, 0.5546, 0.5536, 0.5539, 0.5527, 0.5525, 0.5532, 0.5545, 0.5526, 0.5539, 0.5573, 0.5528, 0.5542, 0.5538, 0.5528, 0.551, 0.5482, 0.5492, 0.549, 0.5483, 0.5472, 0.5484, 0.5486, 0.5451, 0.5462, 0.5434, 0.5443, 0.545, 0.546, 0.5447, 0.5482, 0.5546, 0.562, 0.5675, 0.5736, 0.5776, 0.5829, 0.5862, 0.5876, 0.5892]
[2025/01/17 16:01:39] - [0.0638, 0.096, 0.1195, 0.138, 0.1593, 0.176, 0.1931, 0.2037, 0.2147, 0.2267, 0.2383, 0.2448, 0.2523, 0.2584, 0.2626, 0.2648, 0.2668, 0.2731, 0.2757, 0.2781, 0.2816, 0.2832, 0.285, 0.2889, 0.2925, 0.2952, 0.2947, 0.2956, 0.2977, 0.2977, 0.3009, 0.3038, 0.306, 0.3069, 0.3084, 0.309, 0.3108, 0.3124, 0.3155, 0.314, 0.3124, 0.3134, 0.3136, 0.3162, 0.3179, 0.3209, 0.3201, 0.3214, 0.3244, 0.3234, 0.3249, 0.3232, 0.3238, 0.3254, 0.3245, 0.3261, 0.3242, 0.326, 0.3269, 0.3275, 0.3308, 0.3325, 0.332, 0.3329, 0.3316, 0.3327, 0.3301, 0.3325, 0.3322, 0.332, 0.3331, 0.3348, 0.334, 0.3348, 0.3338, 0.3335, 0.3341, 0.3369, 0.3367, 0.3374, 0.3361, 0.3358, 0.3366, 0.337, 0.338, 0.3363, 0.3388, 0.3401, 0.3399, 0.3396, 0.3405, 0.3424, 0.3403, 0.3393, 0.3412, 0.3402, 0.3405, 0.3419, 0.3429, 0.3424, 0.3442, 0.3442, 0.3438, 0.3469, 0.3472, 0.3478, 0.3479, 0.3485, 0.3473, 0.3478]
