[2025/01/16 03:31:16] - Namespace(model='ResNet18', batch_size=128, data_dir='CIFAR100', epochs=110, lr_schedule='multistep', milestone1=100, milestone2=105, lr_min=0.0, lr_max=0.1, weight_decay=0.0005, momentum=0.9, seed=0, inner_gamma=0.05, outer_gamma=0.05, beta=0.6, lamda=0.05, batch_m=0.75, epsilon=8, alpha=8, delta_init='random', out_dir='TDAT_CIFAR100', out_path='TDAT', log='output.log')
[2025/01/16 03:31:25] - Epoch 	 Seconds 	 LR 	 Inner Loss 	 Train Loss 	 Train Acc 	 Test Loss 	 Test Acc 	 PGD Loss 	 PGD Acc
[2025/01/16 03:32:09] - 0 	 29.1 	 	 0.1000 	 4.3154 	 	 4.4424 	 0.0432 	 4.0258 	 	 0.0869 	 4.0473 	 0.0583
[2025/01/16 03:32:53] - 1 	 28.0 	 	 0.1000 	 4.0147 	 	 4.1895 	 0.0805 	 3.8051 	 	 0.1241 	 3.8409 	 0.0749
[2025/01/16 03:33:37] - 2 	 28.0 	 	 0.1000 	 3.8433 	 	 4.0671 	 0.1058 	 3.5575 	 	 0.1696 	 3.6185 	 0.1046
[2025/01/16 03:34:20] - 3 	 28.0 	 	 0.1000 	 3.7322 	 	 3.9913 	 0.1289 	 3.4784 	 	 0.1892 	 3.5507 	 0.1128
[2025/01/16 03:35:04] - 4 	 28.1 	 	 0.1000 	 3.6316 	 	 3.9211 	 0.1493 	 3.2596 	 	 0.2366 	 3.3688 	 0.1215
[2025/01/16 03:35:47] - 5 	 28.0 	 	 0.1000 	 3.5496 	 	 3.8651 	 0.1709 	 3.2132 	 	 0.2682 	 3.3317 	 0.1526
[2025/01/16 03:36:31] - 6 	 28.0 	 	 0.1000 	 3.4916 	 	 3.8254 	 0.1881 	 3.0571 	 	 0.2977 	 3.2087 	 0.1571
[2025/01/16 03:37:15] - 7 	 28.1 	 	 0.1000 	 3.4458 	 	 3.7928 	 0.2033 	 2.9647 	 	 0.3097 	 3.1326 	 0.1567
[2025/01/16 03:37:58] - 8 	 28.0 	 	 0.1000 	 3.4140 	 	 3.7694 	 0.2199 	 2.9405 	 	 0.3187 	 3.1129 	 0.1669
[2025/01/16 03:38:42] - 9 	 28.1 	 	 0.1000 	 3.3946 	 	 3.7565 	 0.2316 	 2.8398 	 	 0.3440 	 3.0483 	 0.1660
[2025/01/16 03:39:25] - 10 	 28.0 	 	 0.1000 	 3.3848 	 	 3.7484 	 0.2422 	 2.8253 	 	 0.3531 	 3.0256 	 0.1873
[2025/01/16 03:40:09] - 11 	 28.1 	 	 0.1000 	 3.3871 	 	 3.7502 	 0.2507 	 2.7919 	 	 0.3647 	 3.0025 	 0.1906
[2025/01/16 03:40:53] - 12 	 28.0 	 	 0.1000 	 3.3928 	 	 3.7540 	 0.2600 	 2.8086 	 	 0.3750 	 3.0356 	 0.1835
[2025/01/16 03:41:36] - 13 	 28.0 	 	 0.1000 	 3.4045 	 	 3.7611 	 0.2628 	 2.7730 	 	 0.3844 	 3.0091 	 0.1922
[2025/01/16 03:42:20] - 14 	 28.0 	 	 0.1000 	 3.4132 	 	 3.7672 	 0.2738 	 2.6913 	 	 0.3978 	 2.9367 	 0.1961
[2025/01/16 03:43:03] - 15 	 27.9 	 	 0.1000 	 3.4305 	 	 3.7790 	 0.2772 	 2.7368 	 	 0.3898 	 2.9926 	 0.1846
[2025/01/16 03:43:47] - 16 	 28.0 	 	 0.1000 	 3.4509 	 	 3.7942 	 0.2821 	 2.6570 	 	 0.4112 	 2.9377 	 0.2015
[2025/01/16 03:44:30] - 17 	 28.0 	 	 0.1000 	 3.4652 	 	 3.8025 	 0.2906 	 2.6536 	 	 0.4202 	 2.9410 	 0.2041
[2025/01/16 03:45:14] - 18 	 28.0 	 	 0.1000 	 3.4848 	 	 3.8168 	 0.2936 	 2.6666 	 	 0.4137 	 2.9319 	 0.2065
[2025/01/16 03:45:58] - 19 	 28.1 	 	 0.1000 	 3.5075 	 	 3.8324 	 0.2973 	 2.6338 	 	 0.4331 	 2.9267 	 0.2122
[2025/01/16 03:46:42] - 20 	 28.1 	 	 0.1000 	 3.5252 	 	 3.8448 	 0.3018 	 2.6499 	 	 0.4209 	 2.9312 	 0.2103
[2025/01/16 03:47:25] - 21 	 28.0 	 	 0.1000 	 3.5463 	 	 3.8592 	 0.3038 	 2.6750 	 	 0.4362 	 2.9753 	 0.2066
[2025/01/16 03:48:08] - 22 	 28.0 	 	 0.1000 	 3.5682 	 	 3.8756 	 0.3065 	 2.6961 	 	 0.4263 	 2.9834 	 0.2139
[2025/01/16 03:48:52] - 23 	 27.9 	 	 0.1000 	 3.5873 	 	 3.8872 	 0.3132 	 2.7159 	 	 0.4180 	 3.0011 	 0.2088
[2025/01/16 03:49:35] - 24 	 27.5 	 	 0.1000 	 3.6099 	 	 3.9025 	 0.3135 	 2.6541 	 	 0.4521 	 2.9580 	 0.2223
[2025/01/16 03:50:19] - 25 	 28.2 	 	 0.1000 	 3.6335 	 	 3.9195 	 0.3176 	 2.6855 	 	 0.4340 	 2.9812 	 0.2244
[2025/01/16 03:51:03] - 26 	 28.1 	 	 0.1000 	 3.6547 	 	 3.9333 	 0.3212 	 2.6248 	 	 0.4613 	 2.9460 	 0.2282
[2025/01/16 03:51:46] - 27 	 28.1 	 	 0.1000 	 3.6769 	 	 3.9495 	 0.3220 	 2.6550 	 	 0.4579 	 2.9779 	 0.2187
[2025/01/16 03:52:30] - 28 	 28.0 	 	 0.1000 	 3.6969 	 	 3.9633 	 0.3271 	 2.6671 	 	 0.4545 	 2.9796 	 0.2308
[2025/01/16 03:53:14] - 29 	 28.2 	 	 0.1000 	 3.7180 	 	 3.9782 	 0.3273 	 2.7216 	 	 0.4516 	 3.0267 	 0.2259
[2025/01/16 03:53:57] - 30 	 27.9 	 	 0.1000 	 3.7374 	 	 3.9919 	 0.3290 	 2.7037 	 	 0.4632 	 3.0270 	 0.2345
[2025/01/16 03:54:41] - 31 	 28.1 	 	 0.1000 	 3.7592 	 	 4.0066 	 0.3331 	 2.7320 	 	 0.4481 	 3.0451 	 0.2206
[2025/01/16 03:55:24] - 32 	 28.1 	 	 0.1000 	 3.7818 	 	 4.0226 	 0.3318 	 2.6775 	 	 0.4608 	 3.0070 	 0.2255
[2025/01/16 03:56:08] - 33 	 28.1 	 	 0.1000 	 3.7992 	 	 4.0350 	 0.3373 	 2.6801 	 	 0.4667 	 3.0116 	 0.2312
[2025/01/16 03:56:52] - 34 	 28.0 	 	 0.1000 	 3.8182 	 	 4.0471 	 0.3374 	 2.6927 	 	 0.4743 	 3.0311 	 0.2239
[2025/01/16 03:57:35] - 35 	 28.0 	 	 0.1000 	 3.8394 	 	 4.0629 	 0.3391 	 2.7969 	 	 0.4484 	 3.0952 	 0.2319
[2025/01/16 03:58:19] - 36 	 28.0 	 	 0.1000 	 3.8607 	 	 4.0780 	 0.3393 	 2.7961 	 	 0.4447 	 3.1066 	 0.2180
[2025/01/16 03:59:02] - 37 	 28.0 	 	 0.1000 	 3.8795 	 	 4.0909 	 0.3401 	 2.7297 	 	 0.4719 	 3.0629 	 0.2402
[2025/01/16 03:59:46] - 38 	 28.0 	 	 0.1000 	 3.8987 	 	 4.1038 	 0.3403 	 2.8168 	 	 0.4590 	 3.1314 	 0.2332
[2025/01/16 04:00:29] - 39 	 28.0 	 	 0.1000 	 3.9182 	 	 4.1186 	 0.3409 	 2.7821 	 	 0.4636 	 3.1141 	 0.2336
[2025/01/16 04:01:13] - 40 	 28.0 	 	 0.1000 	 3.9353 	 	 4.1305 	 0.3451 	 2.7929 	 	 0.4723 	 3.1303 	 0.2239
[2025/01/16 04:01:56] - 41 	 28.0 	 	 0.1000 	 3.9530 	 	 4.1430 	 0.3474 	 2.7605 	 	 0.4795 	 3.0923 	 0.2466
[2025/01/16 04:02:40] - 42 	 28.1 	 	 0.1000 	 3.9716 	 	 4.1561 	 0.3474 	 2.8209 	 	 0.4681 	 3.1466 	 0.2278
[2025/01/16 04:03:23] - 43 	 28.0 	 	 0.1000 	 3.9910 	 	 4.1696 	 0.3476 	 2.7726 	 	 0.4772 	 3.1121 	 0.2362
[2025/01/16 04:04:07] - 44 	 28.0 	 	 0.1000 	 4.0062 	 	 4.1807 	 0.3510 	 2.9128 	 	 0.4666 	 3.2479 	 0.2197
[2025/01/16 04:04:50] - 45 	 28.0 	 	 0.1000 	 4.0223 	 	 4.1913 	 0.3528 	 2.8558 	 	 0.4810 	 3.1924 	 0.2422
[2025/01/16 04:05:34] - 46 	 27.9 	 	 0.1000 	 4.0409 	 	 4.2044 	 0.3509 	 2.8300 	 	 0.4705 	 3.1620 	 0.2269
[2025/01/16 04:06:17] - 47 	 27.9 	 	 0.1000 	 4.0563 	 	 4.2161 	 0.3517 	 2.8763 	 	 0.4661 	 3.1932 	 0.2395
[2025/01/16 04:07:01] - 48 	 28.0 	 	 0.1000 	 4.0731 	 	 4.2274 	 0.3538 	 2.8444 	 	 0.4878 	 3.1798 	 0.2374
[2025/01/16 04:07:44] - 49 	 28.1 	 	 0.1000 	 4.0893 	 	 4.2390 	 0.3520 	 2.9141 	 	 0.4713 	 3.2454 	 0.2358
[2025/01/16 04:08:28] - 50 	 28.0 	 	 0.1000 	 4.1046 	 	 4.2497 	 0.3566 	 2.9063 	 	 0.4789 	 3.2456 	 0.2331
[2025/01/16 04:09:11] - 51 	 28.0 	 	 0.1000 	 4.1182 	 	 4.2584 	 0.3577 	 2.9009 	 	 0.4776 	 3.2495 	 0.2348
[2025/01/16 04:09:55] - 52 	 28.1 	 	 0.1000 	 4.1354 	 	 4.2714 	 0.3545 	 2.9283 	 	 0.4748 	 3.2645 	 0.2368
[2025/01/16 04:10:39] - 53 	 28.1 	 	 0.1000 	 4.1500 	 	 4.2818 	 0.3578 	 2.9546 	 	 0.4659 	 3.2705 	 0.2377
[2025/01/16 04:11:22] - 54 	 28.0 	 	 0.1000 	 4.1649 	 	 4.2920 	 0.3580 	 3.0127 	 	 0.4555 	 3.3285 	 0.2162
[2025/01/16 04:12:06] - 55 	 28.1 	 	 0.1000 	 4.1780 	 	 4.3012 	 0.3605 	 2.9110 	 	 0.4874 	 3.2515 	 0.2440
[2025/01/16 04:12:49] - 56 	 28.1 	 	 0.1000 	 4.1914 	 	 4.3100 	 0.3633 	 2.9674 	 	 0.4650 	 3.2903 	 0.2324
[2025/01/16 04:13:33] - 57 	 28.0 	 	 0.1000 	 4.2067 	 	 4.3212 	 0.3600 	 2.9845 	 	 0.4834 	 3.3118 	 0.2398
[2025/01/16 04:14:16] - 58 	 28.0 	 	 0.1000 	 4.2202 	 	 4.3309 	 0.3606 	 2.9996 	 	 0.4819 	 3.3305 	 0.2495
[2025/01/16 04:15:00] - 59 	 28.0 	 	 0.1000 	 4.2332 	 	 4.3399 	 0.3594 	 3.0103 	 	 0.4899 	 3.3494 	 0.2473
[2025/01/16 04:15:43] - 60 	 28.0 	 	 0.1000 	 4.2467 	 	 4.3494 	 0.3605 	 3.0917 	 	 0.4638 	 3.4104 	 0.2230
[2025/01/16 04:16:27] - 61 	 28.1 	 	 0.1000 	 4.2595 	 	 4.3586 	 0.3646 	 3.0563 	 	 0.4801 	 3.3809 	 0.2393
[2025/01/16 04:17:10] - 62 	 27.7 	 	 0.1000 	 4.2714 	 	 4.3667 	 0.3630 	 3.1021 	 	 0.4736 	 3.4121 	 0.2299
[2025/01/16 04:17:54] - 63 	 28.3 	 	 0.1000 	 4.2833 	 	 4.3748 	 0.3651 	 3.1174 	 	 0.4875 	 3.4431 	 0.2370
[2025/01/16 04:18:38] - 64 	 28.1 	 	 0.1000 	 4.2956 	 	 4.3835 	 0.3657 	 3.1075 	 	 0.4784 	 3.4218 	 0.2450
[2025/01/16 04:19:21] - 65 	 27.9 	 	 0.1000 	 4.3083 	 	 4.3927 	 0.3654 	 3.1773 	 	 0.4710 	 3.4877 	 0.2358
[2025/01/16 04:20:05] - 66 	 28.0 	 	 0.1000 	 4.3197 	 	 4.4008 	 0.3666 	 3.1559 	 	 0.4776 	 3.4737 	 0.2424
[2025/01/16 04:20:48] - 67 	 28.1 	 	 0.1000 	 4.3306 	 	 4.4084 	 0.3667 	 3.1734 	 	 0.4766 	 3.4860 	 0.2475
[2025/01/16 04:21:32] - 68 	 28.1 	 	 0.1000 	 4.3411 	 	 4.4154 	 0.3684 	 3.1627 	 	 0.4809 	 3.4863 	 0.2365
[2025/01/16 04:22:16] - 69 	 28.1 	 	 0.1000 	 4.3533 	 	 4.4243 	 0.3652 	 3.1955 	 	 0.4856 	 3.5026 	 0.2501
[2025/01/16 04:22:59] - 70 	 28.2 	 	 0.1000 	 4.3638 	 	 4.4315 	 0.3678 	 3.1676 	 	 0.4857 	 3.4915 	 0.2467
[2025/01/16 04:23:43] - 71 	 28.1 	 	 0.1000 	 4.3740 	 	 4.4384 	 0.3658 	 3.1835 	 	 0.4771 	 3.5066 	 0.2490
[2025/01/16 04:24:26] - 72 	 28.0 	 	 0.1000 	 4.3843 	 	 4.4461 	 0.3694 	 3.2695 	 	 0.4757 	 3.5716 	 0.2420
[2025/01/16 04:25:10] - 73 	 28.0 	 	 0.1000 	 4.3946 	 	 4.4532 	 0.3688 	 3.2821 	 	 0.4734 	 3.5852 	 0.2417
[2025/01/16 04:25:54] - 74 	 28.0 	 	 0.1000 	 4.4045 	 	 4.4600 	 0.3699 	 3.2645 	 	 0.4827 	 3.5753 	 0.2523
[2025/01/16 04:26:37] - 75 	 28.1 	 	 0.1000 	 4.4135 	 	 4.4662 	 0.3732 	 3.3570 	 	 0.4595 	 3.6346 	 0.2397
[2025/01/16 04:27:21] - 76 	 28.0 	 	 0.1000 	 4.4241 	 	 4.4739 	 0.3689 	 3.3308 	 	 0.4814 	 3.6275 	 0.2496
[2025/01/16 04:28:04] - 77 	 28.1 	 	 0.1000 	 4.4322 	 	 4.4794 	 0.3715 	 3.3425 	 	 0.4877 	 3.6383 	 0.2558
[2025/01/16 04:28:48] - 78 	 28.1 	 	 0.1000 	 4.4417 	 	 4.4860 	 0.3694 	 3.3506 	 	 0.4881 	 3.6514 	 0.2543
[2025/01/16 04:29:32] - 79 	 28.0 	 	 0.1000 	 4.4504 	 	 4.4920 	 0.3719 	 3.3938 	 	 0.4682 	 3.6734 	 0.2385
[2025/01/16 04:30:15] - 80 	 28.1 	 	 0.1000 	 4.4587 	 	 4.4978 	 0.3761 	 3.3514 	 	 0.4948 	 3.6467 	 0.2547
[2025/01/16 04:30:59] - 81 	 28.0 	 	 0.1000 	 4.4676 	 	 4.5041 	 0.3732 	 3.4179 	 	 0.4868 	 3.7006 	 0.2574
[2025/01/16 04:31:42] - 82 	 28.1 	 	 0.1000 	 4.4755 	 	 4.5095 	 0.3763 	 3.4393 	 	 0.4802 	 3.7218 	 0.2523
[2025/01/16 04:32:26] - 83 	 28.0 	 	 0.1000 	 4.4836 	 	 4.5152 	 0.3749 	 3.4383 	 	 0.4825 	 3.7189 	 0.2606
[2025/01/16 04:33:10] - 84 	 28.1 	 	 0.1000 	 4.4913 	 	 4.5207 	 0.3770 	 3.4891 	 	 0.4843 	 3.7619 	 0.2552
[2025/01/16 04:33:53] - 85 	 28.2 	 	 0.1000 	 4.4988 	 	 4.5258 	 0.3761 	 3.5100 	 	 0.4894 	 3.7818 	 0.2589
[2025/01/16 04:34:37] - 86 	 28.1 	 	 0.1000 	 4.5061 	 	 4.5310 	 0.3785 	 3.5810 	 	 0.4743 	 3.8322 	 0.2515
[2025/01/16 04:35:20] - 87 	 28.1 	 	 0.1000 	 4.5136 	 	 4.5363 	 0.3801 	 3.5706 	 	 0.4721 	 3.8137 	 0.2562
[2025/01/16 04:36:04] - 88 	 28.0 	 	 0.1000 	 4.5204 	 	 4.5411 	 0.3803 	 3.5594 	 	 0.4966 	 3.8196 	 0.2600
[2025/01/16 04:36:47] - 89 	 28.0 	 	 0.1000 	 4.5270 	 	 4.5457 	 0.3827 	 3.6597 	 	 0.4767 	 3.9051 	 0.2489
[2025/01/16 04:37:31] - 90 	 28.0 	 	 0.1000 	 4.5338 	 	 4.5505 	 0.3795 	 3.6772 	 	 0.4770 	 3.9056 	 0.2574
[2025/01/16 04:38:14] - 91 	 28.1 	 	 0.1000 	 4.5400 	 	 4.5548 	 0.3826 	 3.6638 	 	 0.4796 	 3.9144 	 0.2468
[2025/01/16 04:38:58] - 92 	 28.0 	 	 0.1000 	 4.5461 	 	 4.5591 	 0.3849 	 3.6626 	 	 0.4943 	 3.9178 	 0.2600
[2025/01/16 04:39:41] - 93 	 27.9 	 	 0.1000 	 4.5520 	 	 4.5634 	 0.3837 	 3.7681 	 	 0.4622 	 3.9826 	 0.2458
[2025/01/16 04:40:25] - 94 	 28.0 	 	 0.1000 	 4.5576 	 	 4.5672 	 0.3864 	 3.7971 	 	 0.4798 	 4.0157 	 0.2552
[2025/01/16 04:41:08] - 95 	 28.1 	 	 0.1000 	 4.5629 	 	 4.5711 	 0.3913 	 3.7786 	 	 0.4888 	 4.0036 	 0.2611
[2025/01/16 04:41:52] - 96 	 28.0 	 	 0.1000 	 4.5680 	 	 4.5747 	 0.3921 	 3.8642 	 	 0.4656 	 4.0551 	 0.2462
[2025/01/16 04:42:35] - 97 	 28.1 	 	 0.1000 	 4.5728 	 	 4.5782 	 0.3942 	 3.8687 	 	 0.4896 	 4.0715 	 0.2603
[2025/01/16 04:43:19] - 98 	 28.1 	 	 0.1000 	 4.5775 	 	 4.5816 	 0.3980 	 3.9234 	 	 0.4872 	 4.1106 	 0.2510
[2025/01/16 04:44:03] - 99 	 28.0 	 	 0.1000 	 4.5818 	 	 4.5847 	 0.4016 	 3.9591 	 	 0.4931 	 4.1354 	 0.2692
[2025/01/16 04:44:46] - 100 	 27.8 	 	 0.0100 	 4.5844 	 	 4.5856 	 0.4442 	 3.9006 	 	 0.5537 	 4.0971 	 0.3305
[2025/01/16 04:45:30] - 101 	 28.2 	 	 0.0100 	 4.5861 	 	 4.5861 	 0.4896 	 3.9217 	 	 0.5636 	 4.1148 	 0.3351
[2025/01/16 04:46:14] - 102 	 28.0 	 	 0.0100 	 4.5858 	 	 4.5856 	 0.5008 	 3.9236 	 	 0.5679 	 4.1187 	 0.3362
[2025/01/16 04:46:57] - 103 	 28.1 	 	 0.0100 	 4.5856 	 	 4.5853 	 0.5072 	 3.9129 	 	 0.5668 	 4.1128 	 0.3395
[2025/01/16 04:47:41] - 104 	 28.1 	 	 0.0100 	 4.5854 	 	 4.5850 	 0.5134 	 3.9051 	 	 0.5672 	 4.1064 	 0.3383
[2025/01/16 04:48:25] - 105 	 28.0 	 	 0.0010 	 4.5851 	 	 4.5847 	 0.5189 	 3.9098 	 	 0.5726 	 4.1118 	 0.3397
[2025/01/16 04:49:08] - 106 	 28.0 	 	 0.0010 	 4.5850 	 	 4.5845 	 0.5265 	 3.9085 	 	 0.5715 	 4.1117 	 0.3380
[2025/01/16 04:49:52] - 107 	 28.1 	 	 0.0010 	 4.5849 	 	 4.5844 	 0.5267 	 3.9097 	 	 0.5772 	 4.1130 	 0.3417
[2025/01/16 04:50:36] - 108 	 28.2 	 	 0.0010 	 4.5849 	 	 4.5843 	 0.5280 	 3.9052 	 	 0.5731 	 4.1097 	 0.3390
[2025/01/16 04:51:19] - 109 	 27.9 	 	 0.0010 	 4.5849 	 	 4.5842 	 0.5292 	 3.9053 	 	 0.5723 	 4.1092 	 0.3372
[2025/01/16 04:51:19] - [0.0869, 0.1241, 0.1696, 0.1892, 0.2366, 0.2682, 0.2977, 0.3097, 0.3187, 0.344, 0.3531, 0.3647, 0.375, 0.3844, 0.3978, 0.3898, 0.4112, 0.4202, 0.4137, 0.4331, 0.4209, 0.4362, 0.4263, 0.418, 0.4521, 0.434, 0.4613, 0.4579, 0.4545, 0.4516, 0.4632, 0.4481, 0.4608, 0.4667, 0.4743, 0.4484, 0.4447, 0.4719, 0.459, 0.4636, 0.4723, 0.4795, 0.4681, 0.4772, 0.4666, 0.481, 0.4705, 0.4661, 0.4878, 0.4713, 0.4789, 0.4776, 0.4748, 0.4659, 0.4555, 0.4874, 0.465, 0.4834, 0.4819, 0.4899, 0.4638, 0.4801, 0.4736, 0.4875, 0.4784, 0.471, 0.4776, 0.4766, 0.4809, 0.4856, 0.4857, 0.4771, 0.4757, 0.4734, 0.4827, 0.4595, 0.4814, 0.4877, 0.4881, 0.4682, 0.4948, 0.4868, 0.4802, 0.4825, 0.4843, 0.4894, 0.4743, 0.4721, 0.4966, 0.4767, 0.477, 0.4796, 0.4943, 0.4622, 0.4798, 0.4888, 0.4656, 0.4896, 0.4872, 0.4931, 0.5537, 0.5636, 0.5679, 0.5668, 0.5672, 0.5726, 0.5715, 0.5772, 0.5731, 0.5723]
[2025/01/16 04:51:19] - [0.0583, 0.0749, 0.1046, 0.1128, 0.1215, 0.1526, 0.1571, 0.1567, 0.1669, 0.166, 0.1873, 0.1906, 0.1835, 0.1922, 0.1961, 0.1846, 0.2015, 0.2041, 0.2065, 0.2122, 0.2103, 0.2066, 0.2139, 0.2088, 0.2223, 0.2244, 0.2282, 0.2187, 0.2308, 0.2259, 0.2345, 0.2206, 0.2255, 0.2312, 0.2239, 0.2319, 0.218, 0.2402, 0.2332, 0.2336, 0.2239, 0.2466, 0.2278, 0.2362, 0.2197, 0.2422, 0.2269, 0.2395, 0.2374, 0.2358, 0.2331, 0.2348, 0.2368, 0.2377, 0.2162, 0.244, 0.2324, 0.2398, 0.2495, 0.2473, 0.223, 0.2393, 0.2299, 0.237, 0.245, 0.2358, 0.2424, 0.2475, 0.2365, 0.2501, 0.2467, 0.249, 0.242, 0.2417, 0.2523, 0.2397, 0.2496, 0.2558, 0.2543, 0.2385, 0.2547, 0.2574, 0.2523, 0.2606, 0.2552, 0.2589, 0.2515, 0.2562, 0.26, 0.2489, 0.2574, 0.2468, 0.26, 0.2458, 0.2552, 0.2611, 0.2462, 0.2603, 0.251, 0.2692, 0.3305, 0.3351, 0.3362, 0.3395, 0.3383, 0.3397, 0.338, 0.3417, 0.339, 0.3372]
