[2025/01/14 23:25:15] - Namespace(batch_size=128, data_dir='CIFAR100', epochs=110, epochs_reset=40, lr_schedule='multistep', lr_min=0.0, lr_max=0.1, weight_decay=0.0005, momentum=0.9, model='ResNet18', epsilon=8, alpha=8, delta_init='random', normal_mean=0, normal_std=1, out_dir='FGSM_PGK_CIFAR100', seed=0, early_stop=False, factor=0.8, lamda=1, momentum_decay=0.1, EMA_value=0.9)
[2025/01/14 23:25:22] - ==> Building model..
[2025/01/14 23:26:07] - Epoch 	 Seconds 	 LR 	 	 Train Loss 	 Train Acc
[2025/01/14 23:26:07] - 0 	 26.8 	 	 0.1000 	 4.4824 	 0.0402
[2025/01/14 23:26:07] - ==> Building model..
[2025/01/14 23:26:24] - Test Loss 	 Test Acc 	 PGD Loss 	 PGD Acc
[2025/01/14 23:26:24] - 4.0345 	 	 0.0977 	 4.0555 	 0.0611
[2025/01/14 23:26:54] - Epoch 	 Seconds 	 LR 	 	 Train Loss 	 Train Acc
[2025/01/14 23:26:54] - 1 	 23.7 	 	 0.1000 	 4.3006 	 0.0724
[2025/01/14 23:26:54] - ==> Building model..
[2025/01/14 23:27:12] - Test Loss 	 Test Acc 	 PGD Loss 	 PGD Acc
[2025/01/14 23:27:12] - 3.8289 	 	 0.1476 	 3.8643 	 0.0983
[2025/01/14 23:27:35] - Epoch 	 Seconds 	 LR 	 	 Train Loss 	 Train Acc
[2025/01/14 23:27:35] - 2 	 23.8 	 	 0.1000 	 4.1808 	 0.1001
[2025/01/14 23:27:35] - ==> Building model..
[2025/01/14 23:27:53] - Test Loss 	 Test Acc 	 PGD Loss 	 PGD Acc
[2025/01/14 23:27:53] - 3.6023 	 	 0.1930 	 3.6613 	 0.1196
[2025/01/14 23:28:17] - Epoch 	 Seconds 	 LR 	 	 Train Loss 	 Train Acc
[2025/01/14 23:28:17] - 3 	 24.0 	 	 0.1000 	 4.0994 	 0.1203
[2025/01/14 23:28:17] - ==> Building model..
[2025/01/14 23:28:35] - Test Loss 	 Test Acc 	 PGD Loss 	 PGD Acc
[2025/01/14 23:28:35] - 3.4308 	 	 0.2344 	 3.5141 	 0.1402
[2025/01/14 23:28:59] - Epoch 	 Seconds 	 LR 	 	 Train Loss 	 Train Acc
[2025/01/14 23:28:59] - 4 	 23.9 	 	 0.1000 	 4.0102 	 0.1418
[2025/01/14 23:28:59] - ==> Building model..
[2025/01/14 23:29:17] - Test Loss 	 Test Acc 	 PGD Loss 	 PGD Acc
[2025/01/14 23:29:17] - 3.2817 	 	 0.2733 	 3.3898 	 0.1617
[2025/01/14 23:29:41] - Epoch 	 Seconds 	 LR 	 	 Train Loss 	 Train Acc
[2025/01/14 23:29:41] - 5 	 23.8 	 	 0.1000 	 3.9328 	 0.1635
[2025/01/14 23:29:41] - ==> Building model..
[2025/01/14 23:29:58] - Test Loss 	 Test Acc 	 PGD Loss 	 PGD Acc
[2025/01/14 23:29:58] - 3.1515 	 	 0.3048 	 3.2826 	 0.1775
[2025/01/14 23:30:22] - Epoch 	 Seconds 	 LR 	 	 Train Loss 	 Train Acc
[2025/01/14 23:30:22] - 6 	 23.9 	 	 0.1000 	 3.8561 	 0.1817
[2025/01/14 23:30:22] - ==> Building model..
[2025/01/14 23:30:40] - Test Loss 	 Test Acc 	 PGD Loss 	 PGD Acc
[2025/01/14 23:30:40] - 3.0323 	 	 0.3367 	 3.1868 	 0.1931
[2025/01/14 23:31:04] - Epoch 	 Seconds 	 LR 	 	 Train Loss 	 Train Acc
[2025/01/14 23:31:04] - 7 	 23.8 	 	 0.1000 	 3.7913 	 0.1998
[2025/01/14 23:31:04] - ==> Building model..
[2025/01/14 23:31:21] - Test Loss 	 Test Acc 	 PGD Loss 	 PGD Acc
[2025/01/14 23:31:21] - 2.9346 	 	 0.3633 	 3.1099 	 0.2061
[2025/01/14 23:31:45] - Epoch 	 Seconds 	 LR 	 	 Train Loss 	 Train Acc
[2025/01/14 23:31:45] - 8 	 23.9 	 	 0.1000 	 3.7383 	 0.2162
[2025/01/14 23:31:45] - ==> Building model..
[2025/01/14 23:32:03] - Test Loss 	 Test Acc 	 PGD Loss 	 PGD Acc
[2025/01/14 23:32:03] - 2.8410 	 	 0.3819 	 3.0356 	 0.2163
[2025/01/14 23:32:27] - Epoch 	 Seconds 	 LR 	 	 Train Loss 	 Train Acc
[2025/01/14 23:32:27] - 9 	 23.9 	 	 0.1000 	 3.6970 	 0.2256
[2025/01/14 23:32:27] - ==> Building model..
[2025/01/14 23:32:45] - Test Loss 	 Test Acc 	 PGD Loss 	 PGD Acc
[2025/01/14 23:32:45] - 2.7532 	 	 0.4030 	 2.9647 	 0.2266
[2025/01/14 23:33:08] - Epoch 	 Seconds 	 LR 	 	 Train Loss 	 Train Acc
[2025/01/14 23:33:08] - 10 	 23.7 	 	 0.1000 	 3.6646 	 0.2336
[2025/01/14 23:33:08] - ==> Building model..
[2025/01/14 23:33:26] - Test Loss 	 Test Acc 	 PGD Loss 	 PGD Acc
[2025/01/14 23:33:26] - 2.6635 	 	 0.4232 	 2.8929 	 0.2349
[2025/01/14 23:33:50] - Epoch 	 Seconds 	 LR 	 	 Train Loss 	 Train Acc
[2025/01/14 23:33:50] - 11 	 23.7 	 	 0.1000 	 3.6342 	 0.2438
[2025/01/14 23:33:50] - ==> Building model..
[2025/01/14 23:34:07] - Test Loss 	 Test Acc 	 PGD Loss 	 PGD Acc
[2025/01/14 23:34:07] - 2.5686 	 	 0.4375 	 2.8141 	 0.2422
[2025/01/14 23:34:31] - Epoch 	 Seconds 	 LR 	 	 Train Loss 	 Train Acc
[2025/01/14 23:34:31] - 12 	 23.8 	 	 0.1000 	 3.6099 	 0.2502
[2025/01/14 23:34:31] - ==> Building model..
[2025/01/14 23:34:49] - Test Loss 	 Test Acc 	 PGD Loss 	 PGD Acc
[2025/01/14 23:34:49] - 2.4902 	 	 0.4500 	 2.7494 	 0.2496
[2025/01/14 23:35:13] - Epoch 	 Seconds 	 LR 	 	 Train Loss 	 Train Acc
[2025/01/14 23:35:13] - 13 	 23.8 	 	 0.1000 	 3.5856 	 0.2569
[2025/01/14 23:35:13] - ==> Building model..
[2025/01/14 23:35:30] - Test Loss 	 Test Acc 	 PGD Loss 	 PGD Acc
[2025/01/14 23:35:30] - 2.4281 	 	 0.4623 	 2.7001 	 0.2530
[2025/01/14 23:35:54] - Epoch 	 Seconds 	 LR 	 	 Train Loss 	 Train Acc
[2025/01/14 23:35:54] - 14 	 23.8 	 	 0.1000 	 3.5620 	 0.2634
[2025/01/14 23:35:54] - ==> Building model..
[2025/01/14 23:36:12] - Test Loss 	 Test Acc 	 PGD Loss 	 PGD Acc
[2025/01/14 23:36:12] - 2.3742 	 	 0.4730 	 2.6577 	 0.2566
[2025/01/14 23:36:36] - Epoch 	 Seconds 	 LR 	 	 Train Loss 	 Train Acc
[2025/01/14 23:36:36] - 15 	 23.8 	 	 0.1000 	 3.5447 	 0.2691
[2025/01/14 23:36:36] - ==> Building model..
[2025/01/14 23:36:53] - Test Loss 	 Test Acc 	 PGD Loss 	 PGD Acc
[2025/01/14 23:36:53] - 2.3328 	 	 0.4814 	 2.6248 	 0.2582
[2025/01/14 23:37:17] - Epoch 	 Seconds 	 LR 	 	 Train Loss 	 Train Acc
[2025/01/14 23:37:17] - 16 	 23.8 	 	 0.1000 	 3.5246 	 0.2752
[2025/01/14 23:37:17] - ==> Building model..
[2025/01/14 23:37:35] - Test Loss 	 Test Acc 	 PGD Loss 	 PGD Acc
[2025/01/14 23:37:35] - 2.2969 	 	 0.4865 	 2.5971 	 0.2607
[2025/01/14 23:37:59] - Epoch 	 Seconds 	 LR 	 	 Train Loss 	 Train Acc
[2025/01/14 23:37:59] - 17 	 23.9 	 	 0.1000 	 3.5105 	 0.2801
[2025/01/14 23:37:59] - ==> Building model..
[2025/01/14 23:38:17] - Test Loss 	 Test Acc 	 PGD Loss 	 PGD Acc
[2025/01/14 23:38:17] - 2.2657 	 	 0.4939 	 2.5721 	 0.2659
[2025/01/14 23:38:41] - Epoch 	 Seconds 	 LR 	 	 Train Loss 	 Train Acc
[2025/01/14 23:38:41] - 18 	 23.8 	 	 0.1000 	 3.4974 	 0.2818
[2025/01/14 23:38:41] - ==> Building model..
[2025/01/14 23:38:58] - Test Loss 	 Test Acc 	 PGD Loss 	 PGD Acc
[2025/01/14 23:38:58] - 2.2394 	 	 0.5016 	 2.5529 	 0.2683
[2025/01/14 23:39:22] - Epoch 	 Seconds 	 LR 	 	 Train Loss 	 Train Acc
[2025/01/14 23:39:22] - 19 	 23.8 	 	 0.1000 	 3.4796 	 0.2892
[2025/01/14 23:39:22] - ==> Building model..
[2025/01/14 23:39:40] - Test Loss 	 Test Acc 	 PGD Loss 	 PGD Acc
[2025/01/14 23:39:40] - 2.2178 	 	 0.5037 	 2.5378 	 0.2683
[2025/01/14 23:40:04] - Epoch 	 Seconds 	 LR 	 	 Train Loss 	 Train Acc
[2025/01/14 23:40:04] - 20 	 23.9 	 	 0.1000 	 3.4681 	 0.2914
[2025/01/14 23:40:04] - ==> Building model..
[2025/01/14 23:40:21] - Test Loss 	 Test Acc 	 PGD Loss 	 PGD Acc
[2025/01/14 23:40:21] - 2.1971 	 	 0.5092 	 2.5237 	 0.2726
[2025/01/14 23:40:45] - Epoch 	 Seconds 	 LR 	 	 Train Loss 	 Train Acc
[2025/01/14 23:40:45] - 21 	 23.9 	 	 0.1000 	 3.4580 	 0.2938
[2025/01/14 23:40:45] - ==> Building model..
[2025/01/14 23:41:03] - Test Loss 	 Test Acc 	 PGD Loss 	 PGD Acc
[2025/01/14 23:41:03] - 2.1798 	 	 0.5145 	 2.5100 	 0.2735
[2025/01/14 23:41:27] - Epoch 	 Seconds 	 LR 	 	 Train Loss 	 Train Acc
[2025/01/14 23:41:27] - 22 	 24.0 	 	 0.1000 	 3.4457 	 0.2963
[2025/01/14 23:41:27] - ==> Building model..
[2025/01/14 23:41:45] - Test Loss 	 Test Acc 	 PGD Loss 	 PGD Acc
[2025/01/14 23:41:45] - 2.1587 	 	 0.5197 	 2.4949 	 0.2759
[2025/01/14 23:42:09] - Epoch 	 Seconds 	 LR 	 	 Train Loss 	 Train Acc
[2025/01/14 23:42:09] - 23 	 23.8 	 	 0.1000 	 3.4350 	 0.3011
[2025/01/14 23:42:09] - ==> Building model..
[2025/01/14 23:42:27] - Test Loss 	 Test Acc 	 PGD Loss 	 PGD Acc
[2025/01/14 23:42:27] - 2.1431 	 	 0.5232 	 2.4818 	 0.2779
[2025/01/14 23:42:51] - Epoch 	 Seconds 	 LR 	 	 Train Loss 	 Train Acc
[2025/01/14 23:42:51] - 24 	 23.9 	 	 0.1000 	 3.4230 	 0.3029
[2025/01/14 23:42:51] - ==> Building model..
[2025/01/14 23:43:08] - Test Loss 	 Test Acc 	 PGD Loss 	 PGD Acc
[2025/01/14 23:43:08] - 2.1248 	 	 0.5285 	 2.4691 	 0.2808
[2025/01/14 23:43:32] - Epoch 	 Seconds 	 LR 	 	 Train Loss 	 Train Acc
[2025/01/14 23:43:32] - 25 	 23.8 	 	 0.1000 	 3.4199 	 0.3054
[2025/01/14 23:43:32] - ==> Building model..
[2025/01/14 23:43:50] - Test Loss 	 Test Acc 	 PGD Loss 	 PGD Acc
[2025/01/14 23:43:50] - 2.1141 	 	 0.5313 	 2.4616 	 0.2828
[2025/01/14 23:44:14] - Epoch 	 Seconds 	 LR 	 	 Train Loss 	 Train Acc
[2025/01/14 23:44:14] - 26 	 23.8 	 	 0.1000 	 3.4097 	 0.3070
[2025/01/14 23:44:14] - ==> Building model..
[2025/01/14 23:44:31] - Test Loss 	 Test Acc 	 PGD Loss 	 PGD Acc
[2025/01/14 23:44:31] - 2.0989 	 	 0.5334 	 2.4500 	 0.2867
[2025/01/14 23:44:55] - Epoch 	 Seconds 	 LR 	 	 Train Loss 	 Train Acc
[2025/01/14 23:44:55] - 27 	 23.8 	 	 0.1000 	 3.3996 	 0.3129
[2025/01/14 23:44:55] - ==> Building model..
[2025/01/14 23:45:13] - Test Loss 	 Test Acc 	 PGD Loss 	 PGD Acc
[2025/01/14 23:45:13] - 2.0816 	 	 0.5371 	 2.4352 	 0.2861
[2025/01/14 23:45:37] - Epoch 	 Seconds 	 LR 	 	 Train Loss 	 Train Acc
[2025/01/14 23:45:37] - 28 	 23.8 	 	 0.1000 	 3.3941 	 0.3126
[2025/01/14 23:45:37] - ==> Building model..
[2025/01/14 23:45:54] - Test Loss 	 Test Acc 	 PGD Loss 	 PGD Acc
[2025/01/14 23:45:54] - 2.0686 	 	 0.5404 	 2.4257 	 0.2867
[2025/01/14 23:46:18] - Epoch 	 Seconds 	 LR 	 	 Train Loss 	 Train Acc
[2025/01/14 23:46:18] - 29 	 23.9 	 	 0.1000 	 3.3891 	 0.3146
[2025/01/14 23:46:18] - ==> Building model..
[2025/01/14 23:46:36] - Test Loss 	 Test Acc 	 PGD Loss 	 PGD Acc
[2025/01/14 23:46:36] - 2.0570 	 	 0.5424 	 2.4173 	 0.2873
[2025/01/14 23:47:00] - Epoch 	 Seconds 	 LR 	 	 Train Loss 	 Train Acc
[2025/01/14 23:47:00] - 30 	 23.9 	 	 0.1000 	 3.3828 	 0.3154
[2025/01/14 23:47:00] - ==> Building model..
[2025/01/14 23:47:17] - Test Loss 	 Test Acc 	 PGD Loss 	 PGD Acc
[2025/01/14 23:47:17] - 2.0429 	 	 0.5440 	 2.4070 	 0.2910
[2025/01/14 23:47:41] - Epoch 	 Seconds 	 LR 	 	 Train Loss 	 Train Acc
[2025/01/14 23:47:41] - 31 	 23.9 	 	 0.1000 	 3.3726 	 0.3195
[2025/01/14 23:47:41] - ==> Building model..
[2025/01/14 23:47:59] - Test Loss 	 Test Acc 	 PGD Loss 	 PGD Acc
[2025/01/14 23:47:59] - 2.0311 	 	 0.5459 	 2.3973 	 0.2915
[2025/01/14 23:48:23] - Epoch 	 Seconds 	 LR 	 	 Train Loss 	 Train Acc
[2025/01/14 23:48:23] - 32 	 23.9 	 	 0.1000 	 3.3723 	 0.3161
[2025/01/14 23:48:23] - ==> Building model..
[2025/01/14 23:48:41] - Test Loss 	 Test Acc 	 PGD Loss 	 PGD Acc
[2025/01/14 23:48:41] - 2.0199 	 	 0.5477 	 2.3879 	 0.2934
[2025/01/14 23:49:05] - Epoch 	 Seconds 	 LR 	 	 Train Loss 	 Train Acc
[2025/01/14 23:49:05] - 33 	 23.7 	 	 0.1000 	 3.3590 	 0.3233
[2025/01/14 23:49:05] - ==> Building model..
[2025/01/14 23:49:22] - Test Loss 	 Test Acc 	 PGD Loss 	 PGD Acc
[2025/01/14 23:49:22] - 2.0096 	 	 0.5475 	 2.3809 	 0.2942
[2025/01/14 23:49:46] - Epoch 	 Seconds 	 LR 	 	 Train Loss 	 Train Acc
[2025/01/14 23:49:46] - 34 	 23.9 	 	 0.1000 	 3.3586 	 0.3233
[2025/01/14 23:49:46] - ==> Building model..
[2025/01/14 23:50:04] - Test Loss 	 Test Acc 	 PGD Loss 	 PGD Acc
[2025/01/14 23:50:04] - 2.0029 	 	 0.5479 	 2.3758 	 0.2947
[2025/01/14 23:50:28] - Epoch 	 Seconds 	 LR 	 	 Train Loss 	 Train Acc
[2025/01/14 23:50:28] - 35 	 23.7 	 	 0.1000 	 3.3544 	 0.3235
[2025/01/14 23:50:28] - ==> Building model..
[2025/01/14 23:50:45] - Test Loss 	 Test Acc 	 PGD Loss 	 PGD Acc
[2025/01/14 23:50:45] - 1.9906 	 	 0.5523 	 2.3665 	 0.2958
[2025/01/14 23:51:09] - Epoch 	 Seconds 	 LR 	 	 Train Loss 	 Train Acc
[2025/01/14 23:51:09] - 36 	 23.9 	 	 0.1000 	 3.3498 	 0.3256
[2025/01/14 23:51:09] - ==> Building model..
[2025/01/14 23:51:27] - Test Loss 	 Test Acc 	 PGD Loss 	 PGD Acc
[2025/01/14 23:51:27] - 1.9825 	 	 0.5546 	 2.3599 	 0.2967
[2025/01/14 23:51:51] - Epoch 	 Seconds 	 LR 	 	 Train Loss 	 Train Acc
[2025/01/14 23:51:51] - 37 	 23.9 	 	 0.1000 	 3.3462 	 0.3272
[2025/01/14 23:51:51] - ==> Building model..
[2025/01/14 23:52:08] - Test Loss 	 Test Acc 	 PGD Loss 	 PGD Acc
[2025/01/14 23:52:08] - 1.9735 	 	 0.5563 	 2.3535 	 0.2977
[2025/01/14 23:52:32] - Epoch 	 Seconds 	 LR 	 	 Train Loss 	 Train Acc
[2025/01/14 23:52:32] - 38 	 23.9 	 	 0.1000 	 3.3396 	 0.3292
[2025/01/14 23:52:32] - ==> Building model..
[2025/01/14 23:52:50] - Test Loss 	 Test Acc 	 PGD Loss 	 PGD Acc
[2025/01/14 23:52:50] - 1.9679 	 	 0.5593 	 2.3503 	 0.2961
[2025/01/14 23:53:14] - Epoch 	 Seconds 	 LR 	 	 Train Loss 	 Train Acc
[2025/01/14 23:53:14] - 39 	 23.8 	 	 0.1000 	 3.3384 	 0.3281
[2025/01/14 23:53:14] - ==> Building model..
[2025/01/14 23:53:31] - Test Loss 	 Test Acc 	 PGD Loss 	 PGD Acc
[2025/01/14 23:53:31] - 1.9632 	 	 0.5580 	 2.3466 	 0.2967
[2025/01/14 23:53:57] - Epoch 	 Seconds 	 LR 	 	 Train Loss 	 Train Acc
[2025/01/14 23:53:57] - 40 	 25.5 	 	 0.1000 	 3.1619 	 0.3822
[2025/01/14 23:53:57] - ==> Building model..
[2025/01/14 23:54:14] - Test Loss 	 Test Acc 	 PGD Loss 	 PGD Acc
[2025/01/14 23:54:14] - 1.9147 	 	 0.5657 	 2.3099 	 0.2946
[2025/01/14 23:54:38] - Epoch 	 Seconds 	 LR 	 	 Train Loss 	 Train Acc
[2025/01/14 23:54:38] - 41 	 23.8 	 	 0.1000 	 3.3776 	 0.3187
[2025/01/14 23:54:38] - ==> Building model..
[2025/01/14 23:54:56] - Test Loss 	 Test Acc 	 PGD Loss 	 PGD Acc
[2025/01/14 23:54:56] - 1.9387 	 	 0.5632 	 2.3275 	 0.2962
[2025/01/14 23:55:20] - Epoch 	 Seconds 	 LR 	 	 Train Loss 	 Train Acc
[2025/01/14 23:55:20] - 42 	 23.8 	 	 0.1000 	 3.2899 	 0.3432
[2025/01/14 23:55:20] - ==> Building model..
[2025/01/14 23:55:37] - Test Loss 	 Test Acc 	 PGD Loss 	 PGD Acc
[2025/01/14 23:55:37] - 1.9287 	 	 0.5644 	 2.3190 	 0.2959
[2025/01/14 23:56:01] - Epoch 	 Seconds 	 LR 	 	 Train Loss 	 Train Acc
[2025/01/14 23:56:01] - 43 	 23.9 	 	 0.1000 	 3.3316 	 0.3335
[2025/01/14 23:56:01] - ==> Building model..
[2025/01/14 23:56:19] - Test Loss 	 Test Acc 	 PGD Loss 	 PGD Acc
[2025/01/14 23:56:19] - 1.9324 	 	 0.5641 	 2.3222 	 0.2973
[2025/01/14 23:56:43] - Epoch 	 Seconds 	 LR 	 	 Train Loss 	 Train Acc
[2025/01/14 23:56:43] - 44 	 23.8 	 	 0.1000 	 3.3114 	 0.3346
[2025/01/14 23:56:43] - ==> Building model..
[2025/01/14 23:57:00] - Test Loss 	 Test Acc 	 PGD Loss 	 PGD Acc
[2025/01/14 23:57:00] - 1.9294 	 	 0.5662 	 2.3197 	 0.2994
[2025/01/14 23:57:24] - Epoch 	 Seconds 	 LR 	 	 Train Loss 	 Train Acc
[2025/01/14 23:57:24] - 45 	 23.9 	 	 0.1000 	 3.3149 	 0.3380
[2025/01/14 23:57:24] - ==> Building model..
[2025/01/14 23:57:42] - Test Loss 	 Test Acc 	 PGD Loss 	 PGD Acc
[2025/01/14 23:57:42] - 1.9286 	 	 0.5680 	 2.3196 	 0.2984
[2025/01/14 23:58:05] - Epoch 	 Seconds 	 LR 	 	 Train Loss 	 Train Acc
[2025/01/14 23:58:05] - 46 	 23.7 	 	 0.1000 	 3.3130 	 0.3342
[2025/01/14 23:58:05] - ==> Building model..
[2025/01/14 23:58:23] - Test Loss 	 Test Acc 	 PGD Loss 	 PGD Acc
[2025/01/14 23:58:23] - 1.9264 	 	 0.5687 	 2.3180 	 0.2992
[2025/01/14 23:58:47] - Epoch 	 Seconds 	 LR 	 	 Train Loss 	 Train Acc
[2025/01/14 23:58:47] - 47 	 23.7 	 	 0.1000 	 3.3066 	 0.3385
[2025/01/14 23:58:47] - ==> Building model..
[2025/01/14 23:59:04] - Test Loss 	 Test Acc 	 PGD Loss 	 PGD Acc
[2025/01/14 23:59:04] - 1.9217 	 	 0.5691 	 2.3143 	 0.3023
[2025/01/14 23:59:28] - Epoch 	 Seconds 	 LR 	 	 Train Loss 	 Train Acc
[2025/01/14 23:59:28] - 48 	 23.8 	 	 0.1000 	 3.3080 	 0.3387
[2025/01/14 23:59:28] - ==> Building model..
[2025/01/14 23:59:46] - Test Loss 	 Test Acc 	 PGD Loss 	 PGD Acc
[2025/01/14 23:59:46] - 1.9199 	 	 0.5678 	 2.3128 	 0.3035
[2025/01/15 00:00:10] - Epoch 	 Seconds 	 LR 	 	 Train Loss 	 Train Acc
[2025/01/15 00:00:10] - 49 	 23.9 	 	 0.1000 	 3.3015 	 0.3367
[2025/01/15 00:00:10] - ==> Building model..
[2025/01/15 00:00:27] - Test Loss 	 Test Acc 	 PGD Loss 	 PGD Acc
[2025/01/15 00:00:27] - 1.9148 	 	 0.5684 	 2.3085 	 0.3019
[2025/01/15 00:00:51] - Epoch 	 Seconds 	 LR 	 	 Train Loss 	 Train Acc
[2025/01/15 00:00:51] - 50 	 23.7 	 	 0.1000 	 3.2992 	 0.3410
[2025/01/15 00:00:51] - ==> Building model..
[2025/01/15 00:01:09] - Test Loss 	 Test Acc 	 PGD Loss 	 PGD Acc
[2025/01/15 00:01:09] - 1.9103 	 	 0.5710 	 2.3042 	 0.3031
[2025/01/15 00:01:33] - Epoch 	 Seconds 	 LR 	 	 Train Loss 	 Train Acc
[2025/01/15 00:01:33] - 51 	 24.0 	 	 0.1000 	 3.2981 	 0.3408
[2025/01/15 00:01:33] - ==> Building model..
[2025/01/15 00:01:50] - Test Loss 	 Test Acc 	 PGD Loss 	 PGD Acc
[2025/01/15 00:01:50] - 1.9070 	 	 0.5689 	 2.3029 	 0.3028
[2025/01/15 00:02:14] - Epoch 	 Seconds 	 LR 	 	 Train Loss 	 Train Acc
[2025/01/15 00:02:14] - 52 	 23.8 	 	 0.1000 	 3.2983 	 0.3433
[2025/01/15 00:02:14] - ==> Building model..
[2025/01/15 00:02:32] - Test Loss 	 Test Acc 	 PGD Loss 	 PGD Acc
[2025/01/15 00:02:32] - 1.9007 	 	 0.5710 	 2.2978 	 0.3033
[2025/01/15 00:02:55] - Epoch 	 Seconds 	 LR 	 	 Train Loss 	 Train Acc
[2025/01/15 00:02:55] - 53 	 23.7 	 	 0.1000 	 3.2921 	 0.3398
[2025/01/15 00:02:55] - ==> Building model..
[2025/01/15 00:03:13] - Test Loss 	 Test Acc 	 PGD Loss 	 PGD Acc
[2025/01/15 00:03:13] - 1.8970 	 	 0.5723 	 2.2941 	 0.3035
[2025/01/15 00:03:37] - Epoch 	 Seconds 	 LR 	 	 Train Loss 	 Train Acc
[2025/01/15 00:03:37] - 54 	 23.9 	 	 0.1000 	 3.2895 	 0.3424
[2025/01/15 00:03:37] - ==> Building model..
[2025/01/15 00:03:55] - Test Loss 	 Test Acc 	 PGD Loss 	 PGD Acc
[2025/01/15 00:03:55] - 1.8946 	 	 0.5714 	 2.2921 	 0.3064
[2025/01/15 00:04:19] - Epoch 	 Seconds 	 LR 	 	 Train Loss 	 Train Acc
[2025/01/15 00:04:19] - 55 	 23.7 	 	 0.1000 	 3.2855 	 0.3439
[2025/01/15 00:04:19] - ==> Building model..
[2025/01/15 00:04:36] - Test Loss 	 Test Acc 	 PGD Loss 	 PGD Acc
[2025/01/15 00:04:36] - 1.8908 	 	 0.5725 	 2.2890 	 0.3055
[2025/01/15 00:05:00] - Epoch 	 Seconds 	 LR 	 	 Train Loss 	 Train Acc
[2025/01/15 00:05:00] - 56 	 23.7 	 	 0.1000 	 3.2869 	 0.3439
[2025/01/15 00:05:00] - ==> Building model..
[2025/01/15 00:05:17] - Test Loss 	 Test Acc 	 PGD Loss 	 PGD Acc
[2025/01/15 00:05:17] - 1.8900 	 	 0.5739 	 2.2888 	 0.3052
[2025/01/15 00:05:41] - Epoch 	 Seconds 	 LR 	 	 Train Loss 	 Train Acc
[2025/01/15 00:05:41] - 57 	 23.7 	 	 0.1000 	 3.2825 	 0.3484
[2025/01/15 00:05:41] - ==> Building model..
[2025/01/15 00:05:59] - Test Loss 	 Test Acc 	 PGD Loss 	 PGD Acc
[2025/01/15 00:05:59] - 1.8877 	 	 0.5744 	 2.2878 	 0.3056
[2025/01/15 00:06:22] - Epoch 	 Seconds 	 LR 	 	 Train Loss 	 Train Acc
[2025/01/15 00:06:22] - 58 	 23.7 	 	 0.1000 	 3.2810 	 0.3462
[2025/01/15 00:06:22] - ==> Building model..
[2025/01/15 00:06:40] - Test Loss 	 Test Acc 	 PGD Loss 	 PGD Acc
[2025/01/15 00:06:40] - 1.8852 	 	 0.5752 	 2.2854 	 0.3051
[2025/01/15 00:07:04] - Epoch 	 Seconds 	 LR 	 	 Train Loss 	 Train Acc
[2025/01/15 00:07:04] - 59 	 23.9 	 	 0.1000 	 3.2763 	 0.3493
[2025/01/15 00:07:04] - ==> Building model..
[2025/01/15 00:07:22] - Test Loss 	 Test Acc 	 PGD Loss 	 PGD Acc
[2025/01/15 00:07:22] - 1.8791 	 	 0.5771 	 2.2816 	 0.3061
[2025/01/15 00:07:45] - Epoch 	 Seconds 	 LR 	 	 Train Loss 	 Train Acc
[2025/01/15 00:07:45] - 60 	 23.8 	 	 0.1000 	 3.2768 	 0.3444
[2025/01/15 00:07:45] - ==> Building model..
[2025/01/15 00:08:03] - Test Loss 	 Test Acc 	 PGD Loss 	 PGD Acc
[2025/01/15 00:08:03] - 1.8784 	 	 0.5783 	 2.2811 	 0.3064
[2025/01/15 00:08:27] - Epoch 	 Seconds 	 LR 	 	 Train Loss 	 Train Acc
[2025/01/15 00:08:27] - 61 	 23.8 	 	 0.1000 	 3.2784 	 0.3454
[2025/01/15 00:08:27] - ==> Building model..
[2025/01/15 00:08:45] - Test Loss 	 Test Acc 	 PGD Loss 	 PGD Acc
[2025/01/15 00:08:45] - 1.8770 	 	 0.5767 	 2.2794 	 0.3052
[2025/01/15 00:09:08] - Epoch 	 Seconds 	 LR 	 	 Train Loss 	 Train Acc
[2025/01/15 00:09:08] - 62 	 23.8 	 	 0.1000 	 3.2748 	 0.3474
[2025/01/15 00:09:08] - ==> Building model..
[2025/01/15 00:09:26] - Test Loss 	 Test Acc 	 PGD Loss 	 PGD Acc
[2025/01/15 00:09:26] - 1.8715 	 	 0.5781 	 2.2733 	 0.3052
[2025/01/15 00:09:50] - Epoch 	 Seconds 	 LR 	 	 Train Loss 	 Train Acc
[2025/01/15 00:09:50] - 63 	 24.0 	 	 0.1000 	 3.2683 	 0.3500
[2025/01/15 00:09:50] - ==> Building model..
[2025/01/15 00:10:08] - Test Loss 	 Test Acc 	 PGD Loss 	 PGD Acc
[2025/01/15 00:10:08] - 1.8702 	 	 0.5773 	 2.2741 	 0.3071
[2025/01/15 00:10:32] - Epoch 	 Seconds 	 LR 	 	 Train Loss 	 Train Acc
[2025/01/15 00:10:32] - 64 	 23.9 	 	 0.1000 	 3.2651 	 0.3508
[2025/01/15 00:10:32] - ==> Building model..
[2025/01/15 00:10:50] - Test Loss 	 Test Acc 	 PGD Loss 	 PGD Acc
[2025/01/15 00:10:50] - 1.8686 	 	 0.5789 	 2.2736 	 0.3054
[2025/01/15 00:11:13] - Epoch 	 Seconds 	 LR 	 	 Train Loss 	 Train Acc
[2025/01/15 00:11:13] - 65 	 23.9 	 	 0.1000 	 3.2692 	 0.3488
[2025/01/15 00:11:13] - ==> Building model..
[2025/01/15 00:11:31] - Test Loss 	 Test Acc 	 PGD Loss 	 PGD Acc
[2025/01/15 00:11:31] - 1.8674 	 	 0.5790 	 2.2717 	 0.3054
[2025/01/15 00:11:55] - Epoch 	 Seconds 	 LR 	 	 Train Loss 	 Train Acc
[2025/01/15 00:11:55] - 66 	 23.8 	 	 0.1000 	 3.2654 	 0.3511
[2025/01/15 00:11:55] - ==> Building model..
[2025/01/15 00:12:13] - Test Loss 	 Test Acc 	 PGD Loss 	 PGD Acc
[2025/01/15 00:12:13] - 1.8654 	 	 0.5781 	 2.2704 	 0.3059
[2025/01/15 00:12:36] - Epoch 	 Seconds 	 LR 	 	 Train Loss 	 Train Acc
[2025/01/15 00:12:36] - 67 	 23.9 	 	 0.1000 	 3.2679 	 0.3516
[2025/01/15 00:12:36] - ==> Building model..
[2025/01/15 00:12:54] - Test Loss 	 Test Acc 	 PGD Loss 	 PGD Acc
[2025/01/15 00:12:54] - 1.8651 	 	 0.5782 	 2.2691 	 0.3039
[2025/01/15 00:13:18] - Epoch 	 Seconds 	 LR 	 	 Train Loss 	 Train Acc
[2025/01/15 00:13:18] - 68 	 24.3 	 	 0.1000 	 3.2641 	 0.3496
[2025/01/15 00:13:18] - ==> Building model..
[2025/01/15 00:13:36] - Test Loss 	 Test Acc 	 PGD Loss 	 PGD Acc
[2025/01/15 00:13:36] - 1.8616 	 	 0.5785 	 2.2663 	 0.3049
[2025/01/15 00:14:00] - Epoch 	 Seconds 	 LR 	 	 Train Loss 	 Train Acc
[2025/01/15 00:14:00] - 69 	 23.9 	 	 0.1000 	 3.2641 	 0.3520
[2025/01/15 00:14:00] - ==> Building model..
[2025/01/15 00:14:18] - Test Loss 	 Test Acc 	 PGD Loss 	 PGD Acc
[2025/01/15 00:14:18] - 1.8609 	 	 0.5802 	 2.2672 	 0.3064
[2025/01/15 00:14:42] - Epoch 	 Seconds 	 LR 	 	 Train Loss 	 Train Acc
[2025/01/15 00:14:42] - 70 	 24.0 	 	 0.1000 	 3.2615 	 0.3505
[2025/01/15 00:14:42] - ==> Building model..
[2025/01/15 00:14:59] - Test Loss 	 Test Acc 	 PGD Loss 	 PGD Acc
[2025/01/15 00:14:59] - 1.8582 	 	 0.5818 	 2.2643 	 0.3055
[2025/01/15 00:15:23] - Epoch 	 Seconds 	 LR 	 	 Train Loss 	 Train Acc
[2025/01/15 00:15:23] - 71 	 24.0 	 	 0.1000 	 3.2610 	 0.3489
[2025/01/15 00:15:23] - ==> Building model..
[2025/01/15 00:15:41] - Test Loss 	 Test Acc 	 PGD Loss 	 PGD Acc
[2025/01/15 00:15:41] - 1.8538 	 	 0.5807 	 2.2616 	 0.3044
[2025/01/15 00:16:05] - Epoch 	 Seconds 	 LR 	 	 Train Loss 	 Train Acc
[2025/01/15 00:16:05] - 72 	 24.0 	 	 0.1000 	 3.2562 	 0.3545
[2025/01/15 00:16:05] - ==> Building model..
[2025/01/15 00:16:23] - Test Loss 	 Test Acc 	 PGD Loss 	 PGD Acc
[2025/01/15 00:16:23] - 1.8544 	 	 0.5832 	 2.2631 	 0.3037
[2025/01/15 00:16:47] - Epoch 	 Seconds 	 LR 	 	 Train Loss 	 Train Acc
[2025/01/15 00:16:47] - 73 	 24.0 	 	 0.1000 	 3.2570 	 0.3538
[2025/01/15 00:16:47] - ==> Building model..
[2025/01/15 00:17:04] - Test Loss 	 Test Acc 	 PGD Loss 	 PGD Acc
[2025/01/15 00:17:04] - 1.8511 	 	 0.5830 	 2.2607 	 0.3027
[2025/01/15 00:17:28] - Epoch 	 Seconds 	 LR 	 	 Train Loss 	 Train Acc
[2025/01/15 00:17:28] - 74 	 23.9 	 	 0.1000 	 3.2563 	 0.3530
[2025/01/15 00:17:28] - ==> Building model..
[2025/01/15 00:17:46] - Test Loss 	 Test Acc 	 PGD Loss 	 PGD Acc
[2025/01/15 00:17:46] - 1.8518 	 	 0.5826 	 2.2605 	 0.3044
[2025/01/15 00:18:10] - Epoch 	 Seconds 	 LR 	 	 Train Loss 	 Train Acc
[2025/01/15 00:18:10] - 75 	 24.0 	 	 0.1000 	 3.2539 	 0.3537
[2025/01/15 00:18:10] - ==> Building model..
[2025/01/15 00:18:28] - Test Loss 	 Test Acc 	 PGD Loss 	 PGD Acc
[2025/01/15 00:18:28] - 1.8486 	 	 0.5832 	 2.2585 	 0.3058
[2025/01/15 00:18:51] - Epoch 	 Seconds 	 LR 	 	 Train Loss 	 Train Acc
[2025/01/15 00:18:51] - 76 	 23.7 	 	 0.1000 	 3.2520 	 0.3546
[2025/01/15 00:18:51] - ==> Building model..
[2025/01/15 00:19:09] - Test Loss 	 Test Acc 	 PGD Loss 	 PGD Acc
[2025/01/15 00:19:09] - 1.8461 	 	 0.5837 	 2.2564 	 0.3068
[2025/01/15 00:19:33] - Epoch 	 Seconds 	 LR 	 	 Train Loss 	 Train Acc
[2025/01/15 00:19:33] - 77 	 23.8 	 	 0.1000 	 3.2515 	 0.3539
[2025/01/15 00:19:33] - ==> Building model..
[2025/01/15 00:19:50] - Test Loss 	 Test Acc 	 PGD Loss 	 PGD Acc
[2025/01/15 00:19:50] - 1.8456 	 	 0.5837 	 2.2559 	 0.3054
[2025/01/15 00:20:14] - Epoch 	 Seconds 	 LR 	 	 Train Loss 	 Train Acc
[2025/01/15 00:20:14] - 78 	 23.9 	 	 0.1000 	 3.2476 	 0.3549
[2025/01/15 00:20:14] - ==> Building model..
[2025/01/15 00:20:32] - Test Loss 	 Test Acc 	 PGD Loss 	 PGD Acc
[2025/01/15 00:20:32] - 1.8455 	 	 0.5841 	 2.2566 	 0.3036
[2025/01/15 00:20:56] - Epoch 	 Seconds 	 LR 	 	 Train Loss 	 Train Acc
[2025/01/15 00:20:56] - 79 	 23.9 	 	 0.1000 	 3.2550 	 0.3508
[2025/01/15 00:20:56] - ==> Building model..
[2025/01/15 00:21:13] - Test Loss 	 Test Acc 	 PGD Loss 	 PGD Acc
[2025/01/15 00:21:13] - 1.8462 	 	 0.5849 	 2.2563 	 0.3070
[2025/01/15 00:21:39] - Epoch 	 Seconds 	 LR 	 	 Train Loss 	 Train Acc
[2025/01/15 00:21:39] - 80 	 25.5 	 	 0.1000 	 3.0775 	 0.4093
[2025/01/15 00:21:39] - ==> Building model..
[2025/01/15 00:21:56] - Test Loss 	 Test Acc 	 PGD Loss 	 PGD Acc
[2025/01/15 00:21:56] - 1.8056 	 	 0.5901 	 2.2274 	 0.3025
[2025/01/15 00:22:20] - Epoch 	 Seconds 	 LR 	 	 Train Loss 	 Train Acc
[2025/01/15 00:22:20] - 81 	 23.9 	 	 0.1000 	 3.3004 	 0.3402
[2025/01/15 00:22:20] - ==> Building model..
[2025/01/15 00:22:38] - Test Loss 	 Test Acc 	 PGD Loss 	 PGD Acc
[2025/01/15 00:22:38] - 1.8328 	 	 0.5859 	 2.2478 	 0.3053
[2025/01/15 00:23:02] - Epoch 	 Seconds 	 LR 	 	 Train Loss 	 Train Acc
[2025/01/15 00:23:02] - 82 	 23.9 	 	 0.1000 	 3.2020 	 0.3688
[2025/01/15 00:23:02] - ==> Building model..
[2025/01/15 00:23:19] - Test Loss 	 Test Acc 	 PGD Loss 	 PGD Acc
[2025/01/15 00:23:19] - 1.8253 	 	 0.5899 	 2.2422 	 0.3066
[2025/01/15 00:23:43] - Epoch 	 Seconds 	 LR 	 	 Train Loss 	 Train Acc
[2025/01/15 00:23:43] - 83 	 23.8 	 	 0.1000 	 3.2561 	 0.3538
[2025/01/15 00:23:43] - ==> Building model..
[2025/01/15 00:24:01] - Test Loss 	 Test Acc 	 PGD Loss 	 PGD Acc
[2025/01/15 00:24:01] - 1.8327 	 	 0.5872 	 2.2469 	 0.3060
[2025/01/15 00:24:25] - Epoch 	 Seconds 	 LR 	 	 Train Loss 	 Train Acc
[2025/01/15 00:24:25] - 84 	 24.0 	 	 0.1000 	 3.2415 	 0.3557
[2025/01/15 00:24:25] - ==> Building model..
[2025/01/15 00:24:42] - Test Loss 	 Test Acc 	 PGD Loss 	 PGD Acc
[2025/01/15 00:24:42] - 1.8336 	 	 0.5875 	 2.2483 	 0.3059
[2025/01/15 00:25:06] - Epoch 	 Seconds 	 LR 	 	 Train Loss 	 Train Acc
[2025/01/15 00:25:06] - 85 	 23.8 	 	 0.1000 	 3.2463 	 0.3570
[2025/01/15 00:25:06] - ==> Building model..
[2025/01/15 00:25:24] - Test Loss 	 Test Acc 	 PGD Loss 	 PGD Acc
[2025/01/15 00:25:24] - 1.8362 	 	 0.5868 	 2.2498 	 0.3091
[2025/01/15 00:25:48] - Epoch 	 Seconds 	 LR 	 	 Train Loss 	 Train Acc
[2025/01/15 00:25:48] - 86 	 23.9 	 	 0.1000 	 3.2432 	 0.3583
[2025/01/15 00:25:48] - ==> Building model..
[2025/01/15 00:26:06] - Test Loss 	 Test Acc 	 PGD Loss 	 PGD Acc
[2025/01/15 00:26:06] - 1.8350 	 	 0.5861 	 2.2489 	 0.3095
[2025/01/15 00:26:30] - Epoch 	 Seconds 	 LR 	 	 Train Loss 	 Train Acc
[2025/01/15 00:26:30] - 87 	 23.9 	 	 0.1000 	 3.2453 	 0.3555
[2025/01/15 00:26:30] - ==> Building model..
[2025/01/15 00:26:47] - Test Loss 	 Test Acc 	 PGD Loss 	 PGD Acc
[2025/01/15 00:26:47] - 1.8337 	 	 0.5880 	 2.2479 	 0.3086
[2025/01/15 00:27:11] - Epoch 	 Seconds 	 LR 	 	 Train Loss 	 Train Acc
[2025/01/15 00:27:11] - 88 	 23.8 	 	 0.1000 	 3.2370 	 0.3593
[2025/01/15 00:27:11] - ==> Building model..
[2025/01/15 00:27:29] - Test Loss 	 Test Acc 	 PGD Loss 	 PGD Acc
[2025/01/15 00:27:29] - 1.8331 	 	 0.5872 	 2.2457 	 0.3104
[2025/01/15 00:27:53] - Epoch 	 Seconds 	 LR 	 	 Train Loss 	 Train Acc
[2025/01/15 00:27:53] - 89 	 24.1 	 	 0.1000 	 3.2410 	 0.3566
[2025/01/15 00:27:53] - ==> Building model..
[2025/01/15 00:28:10] - Test Loss 	 Test Acc 	 PGD Loss 	 PGD Acc
[2025/01/15 00:28:10] - 1.8296 	 	 0.5865 	 2.2436 	 0.3105
[2025/01/15 00:28:34] - Epoch 	 Seconds 	 LR 	 	 Train Loss 	 Train Acc
[2025/01/15 00:28:34] - 90 	 23.9 	 	 0.1000 	 3.2374 	 0.3574
[2025/01/15 00:28:34] - ==> Building model..
[2025/01/15 00:28:52] - Test Loss 	 Test Acc 	 PGD Loss 	 PGD Acc
[2025/01/15 00:28:52] - 1.8281 	 	 0.5883 	 2.2414 	 0.3111
[2025/01/15 00:29:16] - Epoch 	 Seconds 	 LR 	 	 Train Loss 	 Train Acc
[2025/01/15 00:29:16] - 91 	 23.9 	 	 0.1000 	 3.2373 	 0.3580
[2025/01/15 00:29:16] - ==> Building model..
[2025/01/15 00:29:34] - Test Loss 	 Test Acc 	 PGD Loss 	 PGD Acc
[2025/01/15 00:29:34] - 1.8280 	 	 0.5866 	 2.2409 	 0.3111
[2025/01/15 00:29:58] - Epoch 	 Seconds 	 LR 	 	 Train Loss 	 Train Acc
[2025/01/15 00:29:58] - 92 	 23.9 	 	 0.1000 	 3.2348 	 0.3583
[2025/01/15 00:29:58] - ==> Building model..
[2025/01/15 00:30:15] - Test Loss 	 Test Acc 	 PGD Loss 	 PGD Acc
[2025/01/15 00:30:15] - 1.8251 	 	 0.5895 	 2.2395 	 0.3096
[2025/01/15 00:30:39] - Epoch 	 Seconds 	 LR 	 	 Train Loss 	 Train Acc
[2025/01/15 00:30:39] - 93 	 23.9 	 	 0.1000 	 3.2340 	 0.3590
[2025/01/15 00:30:39] - ==> Building model..
[2025/01/15 00:30:57] - Test Loss 	 Test Acc 	 PGD Loss 	 PGD Acc
[2025/01/15 00:30:57] - 1.8248 	 	 0.5894 	 2.2382 	 0.3089
[2025/01/15 00:31:21] - Epoch 	 Seconds 	 LR 	 	 Train Loss 	 Train Acc
[2025/01/15 00:31:21] - 94 	 23.8 	 	 0.1000 	 3.2363 	 0.3586
[2025/01/15 00:31:21] - ==> Building model..
[2025/01/15 00:31:38] - Test Loss 	 Test Acc 	 PGD Loss 	 PGD Acc
[2025/01/15 00:31:38] - 1.8238 	 	 0.5903 	 2.2379 	 0.3069
[2025/01/15 00:32:02] - Epoch 	 Seconds 	 LR 	 	 Train Loss 	 Train Acc
[2025/01/15 00:32:02] - 95 	 23.8 	 	 0.1000 	 3.2323 	 0.3605
[2025/01/15 00:32:02] - ==> Building model..
[2025/01/15 00:32:20] - Test Loss 	 Test Acc 	 PGD Loss 	 PGD Acc
[2025/01/15 00:32:20] - 1.8220 	 	 0.5903 	 2.2357 	 0.3065
[2025/01/15 00:32:44] - Epoch 	 Seconds 	 LR 	 	 Train Loss 	 Train Acc
[2025/01/15 00:32:44] - 96 	 24.0 	 	 0.1000 	 3.2288 	 0.3611
[2025/01/15 00:32:44] - ==> Building model..
[2025/01/15 00:33:01] - Test Loss 	 Test Acc 	 PGD Loss 	 PGD Acc
[2025/01/15 00:33:01] - 1.8200 	 	 0.5900 	 2.2358 	 0.3075
[2025/01/15 00:33:25] - Epoch 	 Seconds 	 LR 	 	 Train Loss 	 Train Acc
[2025/01/15 00:33:25] - 97 	 23.8 	 	 0.1000 	 3.2302 	 0.3607
[2025/01/15 00:33:25] - ==> Building model..
[2025/01/15 00:33:43] - Test Loss 	 Test Acc 	 PGD Loss 	 PGD Acc
[2025/01/15 00:33:43] - 1.8215 	 	 0.5903 	 2.2373 	 0.3074
[2025/01/15 00:34:07] - Epoch 	 Seconds 	 LR 	 	 Train Loss 	 Train Acc
[2025/01/15 00:34:07] - 98 	 23.7 	 	 0.1000 	 3.2307 	 0.3585
[2025/01/15 00:34:07] - ==> Building model..
[2025/01/15 00:34:24] - Test Loss 	 Test Acc 	 PGD Loss 	 PGD Acc
[2025/01/15 00:34:24] - 1.8214 	 	 0.5901 	 2.2367 	 0.3059
[2025/01/15 00:34:48] - Epoch 	 Seconds 	 LR 	 	 Train Loss 	 Train Acc
[2025/01/15 00:34:48] - 99 	 24.0 	 	 0.0100 	 3.2289 	 0.3609
[2025/01/15 00:34:48] - ==> Building model..
[2025/01/15 00:35:06] - Test Loss 	 Test Acc 	 PGD Loss 	 PGD Acc
[2025/01/15 00:35:06] - 1.8220 	 	 0.5928 	 2.2381 	 0.3081
[2025/01/15 00:35:30] - Epoch 	 Seconds 	 LR 	 	 Train Loss 	 Train Acc
[2025/01/15 00:35:30] - 100 	 23.8 	 	 0.0100 	 2.9057 	 0.4731
[2025/01/15 00:35:30] - ==> Building model..
[2025/01/15 00:35:47] - Test Loss 	 Test Acc 	 PGD Loss 	 PGD Acc
[2025/01/15 00:35:47] - 1.7897 	 	 0.5950 	 2.2169 	 0.3086
[2025/01/15 00:36:11] - Epoch 	 Seconds 	 LR 	 	 Train Loss 	 Train Acc
[2025/01/15 00:36:11] - 101 	 23.8 	 	 0.0100 	 2.7841 	 0.5157
[2025/01/15 00:36:11] - ==> Building model..
[2025/01/15 00:36:29] - Test Loss 	 Test Acc 	 PGD Loss 	 PGD Acc
[2025/01/15 00:36:29] - 1.7599 	 	 0.6027 	 2.2039 	 0.3096
[2025/01/15 00:36:52] - Epoch 	 Seconds 	 LR 	 	 Train Loss 	 Train Acc
[2025/01/15 00:36:52] - 102 	 23.8 	 	 0.0100 	 2.7324 	 0.5334
[2025/01/15 00:36:52] - ==> Building model..
[2025/01/15 00:37:10] - Test Loss 	 Test Acc 	 PGD Loss 	 PGD Acc
[2025/01/15 00:37:10] - 1.7405 	 	 0.6097 	 2.1971 	 0.3066
[2025/01/15 00:37:34] - Epoch 	 Seconds 	 LR 	 	 Train Loss 	 Train Acc
[2025/01/15 00:37:34] - 103 	 23.9 	 	 0.0100 	 2.6894 	 0.5499
[2025/01/15 00:37:34] - ==> Building model..
[2025/01/15 00:37:52] - Test Loss 	 Test Acc 	 PGD Loss 	 PGD Acc
[2025/01/15 00:37:52] - 1.7261 	 	 0.6140 	 2.1936 	 0.3052
[2025/01/15 00:38:15] - Epoch 	 Seconds 	 LR 	 	 Train Loss 	 Train Acc
[2025/01/15 00:38:15] - 104 	 23.9 	 	 0.0010 	 2.6527 	 0.5622
[2025/01/15 00:38:15] - ==> Building model..
[2025/01/15 00:38:33] - Test Loss 	 Test Acc 	 PGD Loss 	 PGD Acc
[2025/01/15 00:38:33] - 1.7149 	 	 0.6167 	 2.1927 	 0.3019
[2025/01/15 00:38:57] - Epoch 	 Seconds 	 LR 	 	 Train Loss 	 Train Acc
[2025/01/15 00:38:57] - 105 	 24.0 	 	 0.0010 	 2.5728 	 0.5952
[2025/01/15 00:38:57] - ==> Building model..
[2025/01/15 00:39:15] - Test Loss 	 Test Acc 	 PGD Loss 	 PGD Acc
[2025/01/15 00:39:15] - 1.7020 	 	 0.6187 	 2.1871 	 0.2980
[2025/01/15 00:39:39] - Epoch 	 Seconds 	 LR 	 	 Train Loss 	 Train Acc
[2025/01/15 00:39:39] - 106 	 23.9 	 	 0.0010 	 2.5557 	 0.6025
[2025/01/15 00:39:39] - ==> Building model..
[2025/01/15 00:39:56] - Test Loss 	 Test Acc 	 PGD Loss 	 PGD Acc
[2025/01/15 00:39:56] - 1.6894 	 	 0.6229 	 2.1831 	 0.2946
[2025/01/15 00:40:20] - Epoch 	 Seconds 	 LR 	 	 Train Loss 	 Train Acc
[2025/01/15 00:40:20] - 107 	 23.8 	 	 0.0010 	 2.5479 	 0.6038
[2025/01/15 00:40:20] - ==> Building model..
[2025/01/15 00:40:38] - Test Loss 	 Test Acc 	 PGD Loss 	 PGD Acc
[2025/01/15 00:40:38] - 1.6792 	 	 0.6254 	 2.1803 	 0.2927
[2025/01/15 00:41:02] - Epoch 	 Seconds 	 LR 	 	 Train Loss 	 Train Acc
[2025/01/15 00:41:02] - 108 	 23.9 	 	 0.0010 	 2.5396 	 0.6074
[2025/01/15 00:41:02] - ==> Building model..
[2025/01/15 00:41:19] - Test Loss 	 Test Acc 	 PGD Loss 	 PGD Acc
[2025/01/15 00:41:19] - 1.6704 	 	 0.6253 	 2.1775 	 0.2900
[2025/01/15 00:41:43] - Epoch 	 Seconds 	 LR 	 	 Train Loss 	 Train Acc
[2025/01/15 00:41:43] - 109 	 23.8 	 	 0.0010 	 2.5363 	 0.6095
[2025/01/15 00:41:43] - ==> Building model..
[2025/01/15 00:42:01] - Test Loss 	 Test Acc 	 PGD Loss 	 PGD Acc
[2025/01/15 00:42:01] - 1.6639 	 	 0.6275 	 2.1761 	 0.2888
[2025/01/15 00:42:05] - [0.0977, 0.1476, 0.193, 0.2344, 0.2733, 0.3048, 0.3367, 0.3633, 0.3819, 0.403, 0.4232, 0.4375, 0.45, 0.4623, 0.473, 0.4814, 0.4865, 0.4939, 0.5016, 0.5037, 0.5092, 0.5145, 0.5197, 0.5232, 0.5285, 0.5313, 0.5334, 0.5371, 0.5404, 0.5424, 0.544, 0.5459, 0.5477, 0.5475, 0.5479, 0.5523, 0.5546, 0.5563, 0.5593, 0.558, 0.5657, 0.5632, 0.5644, 0.5641, 0.5662, 0.568, 0.5687, 0.5691, 0.5678, 0.5684, 0.571, 0.5689, 0.571, 0.5723, 0.5714, 0.5725, 0.5739, 0.5744, 0.5752, 0.5771, 0.5783, 0.5767, 0.5781, 0.5773, 0.5789, 0.579, 0.5781, 0.5782, 0.5785, 0.5802, 0.5818, 0.5807, 0.5832, 0.583, 0.5826, 0.5832, 0.5837, 0.5837, 0.5841, 0.5849, 0.5901, 0.5859, 0.5899, 0.5872, 0.5875, 0.5868, 0.5861, 0.588, 0.5872, 0.5865, 0.5883, 0.5866, 0.5895, 0.5894, 0.5903, 0.5903, 0.59, 0.5903, 0.5901, 0.5928, 0.595, 0.6027, 0.6097, 0.614, 0.6167, 0.6187, 0.6229, 0.6254, 0.6253, 0.6275]
[2025/01/15 00:42:05] - [0.0611, 0.0983, 0.1196, 0.1402, 0.1617, 0.1775, 0.1931, 0.2061, 0.2163, 0.2266, 0.2349, 0.2422, 0.2496, 0.253, 0.2566, 0.2582, 0.2607, 0.2659, 0.2683, 0.2683, 0.2726, 0.2735, 0.2759, 0.2779, 0.2808, 0.2828, 0.2867, 0.2861, 0.2867, 0.2873, 0.291, 0.2915, 0.2934, 0.2942, 0.2947, 0.2958, 0.2967, 0.2977, 0.2961, 0.2967, 0.2946, 0.2962, 0.2959, 0.2973, 0.2994, 0.2984, 0.2992, 0.3023, 0.3035, 0.3019, 0.3031, 0.3028, 0.3033, 0.3035, 0.3064, 0.3055, 0.3052, 0.3056, 0.3051, 0.3061, 0.3064, 0.3052, 0.3052, 0.3071, 0.3054, 0.3054, 0.3059, 0.3039, 0.3049, 0.3064, 0.3055, 0.3044, 0.3037, 0.3027, 0.3044, 0.3058, 0.3068, 0.3054, 0.3036, 0.307, 0.3025, 0.3053, 0.3066, 0.306, 0.3059, 0.3091, 0.3095, 0.3086, 0.3104, 0.3105, 0.3111, 0.3111, 0.3096, 0.3089, 0.3069, 0.3065, 0.3075, 0.3074, 0.3059, 0.3081, 0.3086, 0.3096, 0.3066, 0.3052, 0.3019, 0.298, 0.2946, 0.2927, 0.29, 0.2888]
[2025/01/15 00:42:05] - [0.04016, 0.07242, 0.10014, 0.12034, 0.14184, 0.16354, 0.1817, 0.19976, 0.21616, 0.22562, 0.23358, 0.24376, 0.25016, 0.25694, 0.2634, 0.2691, 0.27522, 0.28014, 0.28178, 0.2892, 0.29138, 0.2938, 0.29634, 0.3011, 0.3029, 0.3054, 0.30698, 0.31294, 0.31264, 0.31464, 0.3154, 0.31952, 0.31606, 0.32328, 0.32328, 0.32346, 0.32556, 0.32724, 0.32918, 0.32814, 0.38218, 0.31868, 0.34318, 0.33352, 0.3346, 0.338, 0.33422, 0.33854, 0.33868, 0.33674, 0.34098, 0.3408, 0.34326, 0.33978, 0.34244, 0.34392, 0.34394, 0.34838, 0.34618, 0.3493, 0.34438, 0.34544, 0.3474, 0.35002, 0.35082, 0.34876, 0.3511, 0.35164, 0.34964, 0.35196, 0.35054, 0.34888, 0.35452, 0.35382, 0.35296, 0.35374, 0.35462, 0.35394, 0.35486, 0.3508, 0.40926, 0.34016, 0.3688, 0.35378, 0.35572, 0.35704, 0.35832, 0.35546, 0.35932, 0.35662, 0.35736, 0.35804, 0.35832, 0.359, 0.35858, 0.36052, 0.3611, 0.3607, 0.35846, 0.36094, 0.4731, 0.51572, 0.53342, 0.5499, 0.56224, 0.59516, 0.60246, 0.60378, 0.60736, 0.60948]
